travis_fold:start:worker_info[0K[33;1mWorker information[0m
hostname: 3e284b1a-6b48-46b5-b1c0-9cd0e9d17716@1.worker-com-oss-56c8fb7c6b-6sx8x.gce-production-3
version: v6.2.21 https://github.com/travis-ci/worker/tree/cd59585215f5a19c00baad33031b8ed10144ad72
instance: travis-job-26078aa7-fe62-4499-9b74-911f74584cf3 travis-ci-ubuntu-1804-1609168422-6c7eba12 (via amqp)
startup: 6.148361384s
travis_fold:end:worker_info[0Ktravis_time:start:2f49221a[0Ktravis_time:end:2f49221a:start=1611503472770384265,finish=1611503472939783866,duration=169399601,event=no_world_writable_dirs[0Ktravis_time:start:0077dd20[0Ktravis_time:end:0077dd20:start=1611503472942801468,finish=1611503472945961675,duration=3160207,event=setup_filter[0Ktravis_time:start:01331068[0Ktravis_time:end:01331068:start=1611503472949608836,finish=1611503472959639211,duration=10030375,event=agent[0Ktravis_time:start:10bb4720[0Ktravis_time:end:10bb4720:start=1611503472961978685,finish=1611503472963640122,duration=1661437,event=check_unsupported[0Ktravis_time:start:18f5c180[0Ktravis_fold:start:system_info[0K[33;1mBuild system information[0m
Build language: python
Build group: stable
Build dist: bionic
Build id: 214288793
Job id: 474743479
Runtime kernel version: 5.4.0-1032-gcp
travis-build version: 091d532a
[34m[1mBuild image provisioning date and time[0m
Mon Dec 28 15:53:02 UTC 2020
[34m[1mOperating System Details[0m
Distributor ID:	Ubuntu
Description:	Ubuntu 18.04.5 LTS
Release:	18.04
Codename:	bionic
[34m[1mSystemd Version[0m
systemd 237
[34m[1mCookbooks Version[0m
10a7b34 https://github.com/travis-ci/travis-cookbooks/tree/10a7b34
[34m[1mgit version[0m
git version 2.29.2
[34m[1mbash version[0m
GNU bash, version 4.4.20(1)-release (x86_64-pc-linux-gnu)
[34m[1mgcc version[0m
gcc (Ubuntu 7.5.0-3ubuntu1~18.04) 7.5.0
[34m[1mdocker version[0m
Client:
 Version:           18.06.0-ce
 API version:       1.38
 Go version:        go1.10.3
 Git commit:        0ffa825
 Built:             Wed Jul 18 19:09:54 2018
 OS/Arch:           linux/amd64
 Experimental:      false

Server:
 Engine:
  Version:          18.06.0-ce
  API version:      1.38 (minimum version 1.12)
  Go version:       go1.10.3
  Git commit:       0ffa825
  Built:            Wed Jul 18 19:07:56 2018
  OS/Arch:          linux/amd64
  Experimental:     false
[34m[1mclang version[0m
clang version 7.0.0 (tags/RELEASE_700/final)
[34m[1mjq version[0m
jq-1.5
[34m[1mbats version[0m
Bats 0.4.0
[34m[1mshellcheck version[0m
0.7.0
[34m[1mshfmt version[0m
v3.2.1
[34m[1mccache version[0m
3.4.1
[34m[1mcmake version[0m
cmake version 3.12.4
[34m[1mheroku version[0m
heroku/7.47.6 linux-x64 node-v12.16.2
[34m[1mimagemagick version[0m
Version: ImageMagick 6.9.7-4 Q16 x86_64 20170114 http://www.imagemagick.org
[34m[1mmd5deep version[0m
4.4
[34m[1mmercurial version[0m
version 4.8
[34m[1mmysql version[0m
mysql  Ver 14.14 Distrib 5.7.32, for Linux (x86_64) using  EditLine wrapper
[34m[1mopenssl version[0m
OpenSSL 1.1.1  11 Sep 2018
[34m[1mpacker version[0m
1.3.3
[34m[1mpostgresql client version[0m
psql (PostgreSQL) 11.10 (Ubuntu 11.10-1.pgdg18.04+1)
[34m[1mragel version[0m
Ragel State Machine Compiler version 6.10 March 2017
[34m[1msudo version[0m
1.8.21p2
[34m[1mgzip version[0m
gzip 1.6
[34m[1mzip version[0m
Zip 3.0
[34m[1mvim version[0m
VIM - Vi IMproved 8.0 (2016 Sep 12, compiled Oct 13 2020 15:49:09)
[34m[1miptables version[0m
iptables v1.6.1
[34m[1mcurl version[0m
curl 7.58.0 (x86_64-pc-linux-gnu) libcurl/7.58.0 OpenSSL/1.1.1 zlib/1.2.11 libidn2/2.0.4 libpsl/0.19.1 (+libidn2/2.0.4) nghttp2/1.30.0 librtmp/2.3
[34m[1mwget version[0m
GNU Wget 1.19.4 built on linux-gnu.
[34m[1mrsync version[0m
rsync  version 3.1.2  protocol version 31
[34m[1mgimme version[0m
v1.5.4
[34m[1mnvm version[0m
0.37.2
[34m[1mperlbrew version[0m
/home/travis/perl5/perlbrew/bin/perlbrew  - App::perlbrew/0.88
[34m[1mphpenv version[0m
rbenv 1.1.2-40-g62d7798
[34m[1mrvm version[0m
rvm 1.29.10 (latest) by Michal Papis, Piotr Kuczynski, Wayne E. Seguin [https://rvm.io]
[34m[1mdefault ruby version[0m
ruby 2.6.5p114 (2019-10-01 revision 67812) [x86_64-linux]
[34m[1mElasticSearch version[0m
5.5.0
[34m[1mInstalled Firefox version[0m
firefox 63.0.1
[34m[1mMongoDB version[0m
MongoDB 4.0.22
[34m[1mPhantomJS version[0m
2.1.1
[34m[1mPre-installed PostgreSQL versions[0m
9.3.25
9.4.26
9.5.24
9.6.20
[34m[1mRedis version[0m
redis-server 6.0.6
[34m[1mPre-installed Go versions[0m
1.11.1
[34m[1mant version[0m
Apache Ant(TM) version 1.10.5 compiled on March 28 2019
[34m[1mmvn version[0m
Apache Maven 3.6.3 (cecedd343002696d0abb50b32b541b8a6ba2883f)
[34m[1mgradle version[0m
Gradle 5.1.1!
[34m[1mlein version[0m
Leiningen 2.9.5 on Java 11.0.2 OpenJDK 64-Bit Server VM
[34m[1mPre-installed Node.js versions[0m
v10.16.0
v10.23.0
v11.15.0
v12.13.1
v12.20.0
v13.3.0
v14.15.3
v4.9.1
v6.17.1
v8.16.2
v8.17.0
v8.9
[34m[1mphpenv versions[0m
  system
  7.1
  7.1.33
  7.2
* 7.2.27 (set by /home/travis/.phpenv/version)
  7.3
  7.3.14
  7.4
  7.4.2
  hhvm
  hhvm-stable
[34m[1mcomposer --version[0m
Composer version 1.9.2 2020-01-14 16:30:31
[34m[1mPre-installed Ruby versions[0m
ruby-2.4.9
ruby-2.5.3
ruby-2.5.7
ruby-2.6.5
ruby-2.7.0
travis_fold:end:system_info[0K
travis_time:end:18f5c180:start=1611503472966145382,finish=1611503472976065563,duration=9920181,event=show_system_info[0Ktravis_time:start:0c64a5ad[0Ktravis_time:end:0c64a5ad:start=1611503472980245694,finish=1611503473000661473,duration=20415779,event=rm_riak_source[0Ktravis_time:start:1a2fc03c[0Ktravis_time:end:1a2fc03c:start=1611503473004355422,finish=1611503473009618806,duration=5263384,event=fix_rwky_redis[0Ktravis_time:start:0624d980[0Ktravis_time:end:0624d980:start=1611503473015299010,finish=1611503473628542024,duration=613243014,event=wait_for_network[0Ktravis_time:start:0a1bd58c[0Ktravis_time:end:0a1bd58c:start=1611503473632949223,finish=1611503473862189551,duration=229240328,event=update_apt_keys[0Ktravis_time:start:2136fcaf[0Ktravis_time:end:2136fcaf:start=1611503473866180378,finish=1611503473914797567,duration=48617189,event=fix_hhvm_source[0Ktravis_time:start:0a6e3c87[0Ktravis_time:end:0a6e3c87:start=1611503473918924291,finish=1611503473922036704,duration=3112413,event=update_mongo_arch[0Ktravis_time:start:27c78798[0Ktravis_time:end:27c78798:start=1611503473925364480,finish=1611503473962963901,duration=37599421,event=fix_sudo_enabled_trusty[0Ktravis_time:start:014c855a[0Ktravis_time:end:014c855a:start=1611503473966577997,finish=1611503473968851839,duration=2273842,event=update_glibc[0Ktravis_time:start:02cf8146[0Ktravis_time:end:02cf8146:start=1611503473972240878,finish=1611503473979226509,duration=6985631,event=clean_up_path[0Ktravis_time:start:178fbf1e[0Ktravis_time:end:178fbf1e:start=1611503473983219794,finish=1611503473990988685,duration=7768891,event=fix_resolv_conf[0Ktravis_time:start:2d3ea2d8[0Ktravis_time:end:2d3ea2d8:start=1611503473995129494,finish=1611503474010522043,duration=15392549,event=fix_etc_hosts[0Ktravis_time:start:2b92417c[0Ktravis_time:end:2b92417c:start=1611503474016082114,finish=1611503474023524892,duration=7442778,event=fix_mvn_settings_xml[0Ktravis_time:start:04af177d[0Ktravis_time:end:04af177d:start=1611503474027998403,finish=1611503474037090541,duration=9092138,event=no_ipv6_localhost[0Ktravis_time:start:06462a92[0Ktravis_time:end:06462a92:start=1611503474040667396,finish=1611503474042857264,duration=2189868,event=fix_etc_mavenrc[0Ktravis_time:start:06acd886[0Ktravis_time:end:06acd886:start=1611503474047118440,finish=1611503474050041032,duration=2922592,event=fix_wwdr_certificate[0Ktravis_time:start:078327c0[0Ktravis_time:end:078327c0:start=1611503474053522746,finish=1611503474098331383,duration=44808637,event=put_localhost_first[0Ktravis_time:start:0937df8a[0Ktravis_time:end:0937df8a:start=1611503474101788360,finish=1611503474104463061,duration=2674701,event=home_paths[0Ktravis_time:start:22f41e02[0Ktravis_time:end:22f41e02:start=1611503474107848526,finish=1611503474118360054,duration=10511528,event=disable_initramfs[0Ktravis_time:start:0b1db36f[0Ktravis_time:end:0b1db36f:start=1611503474121416219,finish=1611503474239666982,duration=118250763,event=disable_ssh_roaming[0Ktravis_time:start:27c57fc0[0Ktravis_time:end:27c57fc0:start=1611503474243112833,finish=1611503474245800438,duration=2687605,event=debug_tools[0Ktravis_time:start:016b048c[0Ktravis_time:end:016b048c:start=1611503474248982761,finish=1611503474252177683,duration=3194922,event=uninstall_oclint[0Ktravis_time:start:0e145c70[0Ktravis_time:end:0e145c70:start=1611503474255314411,finish=1611503474258431457,duration=3117046,event=rvm_use[0Ktravis_time:start:064686b2[0Ktravis_time:end:064686b2:start=1611503474261549861,finish=1611503474269949577,duration=8399716,event=rm_etc_boto_cfg[0Ktravis_time:start:11611240[0Ktravis_time:end:11611240:start=1611503474272948495,finish=1611503474275929410,duration=2980915,event=rm_oraclejdk8_symlink[0Ktravis_time:start:1664f66e[0Ktravis_time:end:1664f66e:start=1611503474279347890,finish=1611503474361033058,duration=81685168,event=enable_i386[0Ktravis_time:start:076db294[0Ktravis_time:end:076db294:start=1611503474364208813,finish=1611503474368309521,duration=4100708,event=update_rubygems[0Ktravis_time:start:0de05ab7[0Ktravis_time:end:0de05ab7:start=1611503474371807080,finish=1611503475312297661,duration=940490581,event=ensure_path_components[0Ktravis_time:start:38b92204[0Ktravis_time:end:38b92204:start=1611503475316199626,finish=1611503475318355939,duration=2156313,event=redefine_curl[0Ktravis_time:start:28c378ec[0Ktravis_time:end:28c378ec:start=1611503475322016703,finish=1611503475411419971,duration=89403268,event=nonblock_pipe[0Ktravis_time:start:0b094540[0Ktravis_time:end:0b094540:start=1611503475414991771,finish=1611503481447858391,duration=6032866620,event=apt_get_update[0Ktravis_time:start:268f3dc0[0Ktravis_time:end:268f3dc0:start=1611503481451536121,finish=1611503481453522339,duration=1986218,event=deprecate_xcode_64[0Ktravis_time:start:049bb0c8[0Ktravis_time:end:049bb0c8:start=1611503481457183041,finish=1611503484140393354,duration=2683210313,event=update_heroku[0Ktravis_time:start:24f07d4c[0Ktravis_time:end:24f07d4c:start=1611503484145513921,finish=1611503484147720827,duration=2206906,event=shell_session_update[0Ktravis_time:start:13714b24[0Ktravis_fold:start:docker_mtu_and_registry_mirrors[0Ktravis_fold:end:docker_mtu_and_registry_mirrors[0Ktravis_time:end:13714b24:start=1611503484152592414,finish=1611503486498893768,duration=2346301354,event=set_docker_mtu_and_registry_mirrors[0Ktravis_time:start:0f92f44b[0Ktravis_fold:start:resolvconf[0Ktravis_fold:end:resolvconf[0Ktravis_time:end:0f92f44b:start=1611503486502251243,finish=1611503486564854173,duration=62602930,event=resolvconf[0Ktravis_time:start:052e7700[0Ktravis_time:end:052e7700:start=1611503486569980513,finish=1611503486716436392,duration=146455879,event=maven_central_mirror[0Ktravis_time:start:04486156[0Ktravis_time:end:04486156:start=1611503486721676749,finish=1611503486810564923,duration=88888174,event=maven_https[0Ktravis_time:start:19de434f[0Ktravis_fold:start:services[0Ktravis_time:start:00c6d6b7[0K$ sudo systemctl start docker
travis_time:end:00c6d6b7:start=1611503486820941733,finish=1611503486833009148,duration=12067415,event=prepare[0Ktravis_fold:end:services[0Ktravis_time:end:00c6d6b7:start=1611503486820941733,finish=1611503489839663213,duration=3018721480,event=services[0Ktravis_time:start:034c9f7d[0Ktravis_time:end:034c9f7d:start=1611503489844956444,finish=1611503489847602049,duration=2645605,event=fix_ps4[0Ktravis_time:start:0c47a9a4[0K
travis_fold:start:git.checkout[0Ktravis_time:start:230626b3[0K$ git clone --depth=50 --branch=develop https://github.com/precice/systemtests.git precice/systemtests
Cloning into 'precice/systemtests'...
Updating files:  93% (4473/4769)Updating files:  94% (4483/4769)Updating files:  95% (4531/4769)Updating files:  96% (4579/4769)Updating files:  97% (4626/4769)Updating files:  98% (4674/4769)Updating files:  99% (4722/4769)Updating files: 100% (4769/4769)Updating files: 100% (4769/4769), done.
travis_time:end:230626b3:start=1611503489857071470,finish=1611503501096948529,duration=11239877059,event=checkout[0K$ cd precice/systemtests
$ git checkout -qf dae082c35c897a15f206f775c8ebe1399f51b525
travis_fold:end:git.checkout[0K
travis_time:end:230626b3:start=1611503489857071470,finish=1611503501244364145,duration=11387292675,event=checkout[0Ktravis_time:start:04817688[0K
[33;1mSetting environment variables from repository settings[0m
$ export DOCKER_PASSWORD=[secure]
$ export PRECICE_BOT_EMAIL=[secure]
$ export GH_TOKEN=[secure]
$ export DOCKER_USERNAME=precice
$ export TRAVIS_ACCESS_TOKEN=[secure]

travis_time:end:04817688:start=1611503501249651917,finish=1611503501259120070,duration=9468153,event=env[0Ktravis_time:start:0d52a810[0K$ source ~/virtualenv/python3.8/bin/activate
travis_time:end:0d52a810:start=1611503501264659913,finish=1611503501271833902,duration=7173989,event=[0K$ python --version
Python 3.8.1
$ pip --version
pip 20.3.3 from /home/travis/virtualenv/python3.8.1/lib/python3.8/site-packages/pip (python 3.8)
travis_fold:start:install[0Ktravis_time:start:08d35bff[0K$ pip install Jinja2
Collecting Jinja2
  Downloading Jinja2-2.11.2-py2.py3-none-any.whl (125 kB)
Collecting MarkupSafe>=0.23
  Downloading MarkupSafe-1.1.1-cp38-cp38-manylinux1_x86_64.whl (32 kB)
Installing collected packages: MarkupSafe, Jinja2
Successfully installed Jinja2-2.11.2 MarkupSafe-1.1.1
travis_time:end:08d35bff:start=1611503501630230816,finish=1611503502655052579,duration=1024821763,event=install[0Ktravis_fold:end:install[0Ktravis_time:start:07570d94[0K$ python build_precice.py --dockerfile precice/Dockerfile.Arch --docker-username $DOCKER_USERNAME
WARNING! Your password will be stored unencrypted in /home/travis/.docker/config.json.
Configure a credential helper to remove this warning. See
https://docs.docker.com/engine/reference/commandline/login/#credentials-store

Login Succeeded
Sending build context to Docker daemon   5.12kB
Step 1/15 : FROM archlinux/archlinux
latest: Pulling from archlinux/archlinux
2fc32ffe8aa2: Pulling fs layer
079910671b16: Pulling fs layer
079910671b16: Download complete
2fc32ffe8aa2: Verifying Checksum
2fc32ffe8aa2: Download complete
2fc32ffe8aa2: Pull complete
079910671b16: Pull complete
Digest: sha256:4dcf073e54d9d00ec6a79fb18134fc388b7e4f4c4da0479508595f151196cc87
Status: Downloaded newer image for archlinux/archlinux:latest
 ---> 2635ab79ec32
Step 2/15 : RUN pacman -Syu --quiet --noconfirm --needed base-devel boost eigen git cmake openmpi python3 python-numpy
 ---> Running in 459219107c7c
:: Synchronizing package databases...
downloading core.db...
downloading extra.db...
downloading community.db...
[91mwarning: file-5.39-1 is up to date -- skipping
warning: findutils-4.7.0-2 is up to date -- skipping
warning: gawk-5.1.0-1 is up to date -- skipping
warning: gettext-0.21-1 is up to date -- skipping
warning: grep-3.6-1 is up to date -- skipping
warning: gzip-1.10-3 is up to date -- skipping
warning: pacman-5.2.2-1 is up to date -- skipping
warning: sed-4.8-1 is up to date -- skipping
[0m:: There are 16 members in group base-devel:
:: Repository core
   1) autoconf  2) automake  3) binutils  4) bison  5) fakeroot  6) flex  7) gcc  8) groff  9) libtool  10) m4  11) make  12) patch  13) pkgconf  14) sudo  15) texinfo  16) which

Enter a selection (default=all): 
:: Starting full system upgrade...
resolving dependencies...
looking for conflicting packages...

Packages (51) blas-3.9.0-3  boost-libs-1.75.0-2  ca-certificates-mozilla-3.61-1  cblas-3.9.0-3  db-5.3.28-5  diffutils-3.7-3  dnssec-anchors-20190629-3  elfutils-0.182-1  gc-8.0.4-4  gdbm-1.19-1  guile-2.2.6-2  hwloc-2.4.0-1  jsoncpp-1.9.4-1  lapack-3.9.0-3  ldns-1.7.1-2  libedit-20191231_3.1-3  libmicrohttpd-0.9.72-1  libmpc-1.2.1-1  libnsl-1.3.0-1  libpciaccess-0.16-2  libuv-1.40.0-1  openssh-8.4p1-2  perl-5.32.0-3  perl-error-0.17029-2  perl-mailtools-2.21-4  perl-timedate-2.33-2  rhash-1.4.1-1  shared-mime-info-2.0+57+gc1d1c70-1  autoconf-2.70-1  automake-1.16.2-3  binutils-2.35.1-1  bison-3.7.2-1  boost-1.75.0-2  cmake-3.19.3-1  eigen-3.3.9-1  fakeroot-1.25.3-1  flex-2.6.4-3  gcc-10.2.0-4  git-2.30.0-1  groff-1.22.4-3  libtool-2.4.6+42+gb88cebd5-14  m4-1.4.18-3  make-4.3-3  openmpi-4.0.5-2  patch-2.7.6-8  pkgconf-1.7.3-1  python-3.9.1-1  python-numpy-1.19.5-1  sudo-1.9.5.p1-1  texinfo-6.7-3  which-2.21-5

Total Download Size:   145.39 MiB
Total Installed Size:  727.21 MiB
Net Upgrade Size:      726.35 MiB

:: Proceed with installation? [Y/n] 
:: Retrieving packages...
downloading m4-1.4.18-3-x86_64.pkg.tar.xz...
downloading diffutils-3.7-3-x86_64.pkg.tar.xz...
downloading gdbm-1.19-1-x86_64.pkg.tar.zst...
downloading db-5.3.28-5-x86_64.pkg.tar.xz...
downloading perl-5.32.0-3-x86_64.pkg.tar.zst...
downloading autoconf-2.70-1-any.pkg.tar.zst...
downloading automake-1.16.2-3-any.pkg.tar.zst...
downloading libmicrohttpd-0.9.72-1-x86_64.pkg.tar.zst...
downloading ca-certificates-mozilla-3.61-1-x86_64.pkg.tar.zst...
downloading elfutils-0.182-1-x86_64.pkg.tar.zst...
downloading binutils-2.35.1-1-x86_64.pkg.tar.zst...
downloading bison-3.7.2-1-x86_64.pkg.tar.zst...
downloading fakeroot-1.25.3-1-x86_64.pkg.tar.zst...
downloading flex-2.6.4-3-x86_64.pkg.tar.xz...
downloading libmpc-1.2.1-1-x86_64.pkg.tar.zst...
downloading gcc-10.2.0-4-x86_64.pkg.tar.zst...
downloading groff-1.22.4-3-x86_64.pkg.tar.xz...
downloading libtool-2.4.6+42+gb88cebd5-14-x86_64.pkg.tar.zst...
downloading texinfo-6.7-3-x86_64.pkg.tar.zst...
downloading make-4.3-3-x86_64.pkg.tar.zst...
downloading patch-2.7.6-8-x86_64.pkg.tar.xz...
downloading pkgconf-1.7.3-1-x86_64.pkg.tar.zst...
downloading sudo-1.9.5.p1-1-x86_64.pkg.tar.zst...
downloading which-2.21-5-x86_64.pkg.tar.xz...
downloading libnsl-1.3.0-1-x86_64.pkg.tar.zst...
downloading libedit-20191231_3.1-3-x86_64.pkg.tar.zst...
downloading dnssec-anchors-20190629-3-any.pkg.tar.zst...
downloading ldns-1.7.1-2-x86_64.pkg.tar.xz...
downloading openssh-8.4p1-2-x86_64.pkg.tar.zst...
downloading gc-8.0.4-4-x86_64.pkg.tar.zst...
downloading guile-2.2.6-2-x86_64.pkg.tar.zst...
downloading boost-libs-1.75.0-2-x86_64.pkg.tar.zst...
downloading boost-1.75.0-2-x86_64.pkg.tar.zst...
downloading eigen-3.3.9-1-any.pkg.tar.zst...
downloading perl-error-0.17029-2-any.pkg.tar.zst...
downloading perl-timedate-2.33-2-any.pkg.tar.zst...
downloading perl-mailtools-2.21-4-any.pkg.tar.zst...
downloading git-2.30.0-1-x86_64.pkg.tar.zst...
downloading shared-mime-info-2.0+57+gc1d1c70-1-x86_64.pkg.tar.zst...
downloading jsoncpp-1.9.4-1-x86_64.pkg.tar.zst...
downloading libuv-1.40.0-1-x86_64.pkg.tar.zst...
downloading rhash-1.4.1-1-x86_64.pkg.tar.zst...
downloading cmake-3.19.3-1-x86_64.pkg.tar.zst...
downloading libpciaccess-0.16-2-x86_64.pkg.tar.zst...
downloading hwloc-2.4.0-1-x86_64.pkg.tar.zst...
downloading openmpi-4.0.5-2-x86_64.pkg.tar.zst...
downloading python-3.9.1-1-x86_64.pkg.tar.zst...
downloading blas-3.9.0-3-x86_64.pkg.tar.zst...
downloading cblas-3.9.0-3-x86_64.pkg.tar.zst...
downloading lapack-3.9.0-3-x86_64.pkg.tar.zst...
downloading python-numpy-1.19.5-1-x86_64.pkg.tar.zst...
checking keyring...
checking package integrity...
loading package files...
checking for file conflicts...
:: Processing package changes...
installing m4...
installing diffutils...
installing gdbm...
installing db...
installing perl...
installing autoconf...
installing automake...
installing libmicrohttpd...
upgrading ca-certificates-mozilla...
installing elfutils...
installing binutils...
installing bison...
installing fakeroot...
installing flex...
installing libmpc...
installing gcc...
Optional dependencies for gcc
    lib32-gcc-libs: for generating code for 32-bit ABI
installing groff...
Optional dependencies for groff
    netpbm: for use together with man -H command interaction in browsers
    psutils: for use together with man -H command interaction in browsers
    libxaw: for gxditview
    perl-file-homedir: for use with glilypond
installing libtool...
installing texinfo...
installing gc...
installing guile...
installing make...
installing patch...
Optional dependencies for patch
    ed: for patch -e functionality
installing pkgconf...
installing sudo...
installing which...
installing boost-libs...
Optional dependencies for boost-libs
    openmpi: for mpi support [pending]
installing boost...
Optional dependencies for boost
    python: for python bindings [pending]
installing eigen...
installing perl-error...
installing perl-timedate...
installing perl-mailtools...
installing git...
Optional dependencies for git
    tk: gitk and git gui
    perl-libwww: git svn
    perl-term-readkey: git svn and interactive.singlekey setting
    perl-mime-tools: git send-email
    perl-net-smtp-ssl: git send-email TLS support
    perl-authen-sasl: git send-email TLS support
    perl-mediawiki-api: git mediawiki support
    perl-datetime-format-iso8601: git mediawiki support
    perl-lwp-protocol-https: git mediawiki https support
    perl-cgi: gitweb (web interface) support
    python: git svn & git p4 [pending]
    subversion: git svn
    org.freedesktop.secrets: keyring credential helper
    libsecret: libsecret credential helper [installed]
installing shared-mime-info...
installing jsoncpp...
Optional dependencies for jsoncpp
    jsoncpp-doc: documentation
installing libnsl...
installing libuv...
installing rhash...
installing cmake...
Optional dependencies for cmake
    qt5-base: cmake-gui
installing libpciaccess...
installing hwloc...
Optional dependencies for hwloc
    cairo
    libxml2 [installed]
    pciutils [installed]
    libx11
installing libedit...
installing dnssec-anchors...
installing ldns...
Optional dependencies for ldns
    libpcap: ldns-dpa tool [installed]
installing openssh...
Optional dependencies for openssh
    xorg-xauth: X11 forwarding
    x11-ssh-askpass: input passphrase in X
    libfido2: FIDO/U2F support
installing openmpi...
Optional dependencies for openmpi
    gcc-fortran: fortran support
installing python...
Optional dependencies for python
    python-setuptools
    python-pip
    sqlite [installed]
    mpdecimal: for decimal
    xz: for lzma [installed]
    tk: for tkinter
installing blas...
installing cblas...
installing lapack...
installing python-numpy...
Optional dependencies for python-numpy
    python-nose: testsuite
    openblas: faster linear algebra
:: Running post-transaction hooks...
(1/7) Creating system user accounts...
Creating group git with gid 977.
Creating user git (git daemon user) with uid 977 and gid 977.
(2/7) Reloading system manager configuration...
  Skipped: Current root is not booted.
(3/7) Creating temporary files...
/usr/lib/tmpfiles.d/journal-nocow.conf:26: Failed to resolve specifier: uninitialized /etc detected, skipping
All rules containing unresolvable specifiers will be skipped.
(4/7) Arming ConditionNeedsUpdate...
(5/7) Rebuilding certificate stores...
(6/7) Warn about old perl modules
(7/7) Updating the MIME type database...
Removing intermediate container 459219107c7c
 ---> 5cec03d87817
Step 3/15 : ARG petsc_para=no
 ---> Running in 66fb5cb1e0c6
Removing intermediate container 66fb5cb1e0c6
 ---> 64d66199d50f
Step 4/15 : ARG mpi_para=yes
 ---> Running in 347e1eb5eff9
Removing intermediate container 347e1eb5eff9
 ---> 28e09789f749
Step 5/15 : ARG python_para=no
 ---> Running in 817aa8f7b96d
Removing intermediate container 817aa8f7b96d
 ---> 8dd4141238f4
Step 6/15 : RUN useradd -ms /bin/bash precice
 ---> Running in f3b993262c09
Removing intermediate container f3b993262c09
 ---> 126b7599ec5c
Step 7/15 : USER precice
 ---> Running in 3b1ec0d6410e
Removing intermediate container 3b1ec0d6410e
 ---> 33cab3aff138
Step 8/15 : WORKDIR /home/precice
 ---> Running in 1a6cee9e08b3
Removing intermediate container 1a6cee9e08b3
 ---> 45dce275f4bb
Step 9/15 : ARG CACHEBUST
 ---> Running in 014cef6a9d16
Removing intermediate container 014cef6a9d16
 ---> 096729f687ab
Step 10/15 : ARG branch=develop
 ---> Running in 801951ae8216
Removing intermediate container 801951ae8216
 ---> 0d9b42f2853e
Step 11/15 : RUN git clone --depth 1 --branch $branch https://github.com/precice/precice.git /home/precice/precice
 ---> Running in 7c281ea7c73d
[91mCloning into '/home/precice/precice'...
[0mRemoving intermediate container 7c281ea7c73d
 ---> f8f722ccbcd7
Step 12/15 : WORKDIR /home/precice/precice
 ---> Running in f281c8855d71
Removing intermediate container f281c8855d71
 ---> 99ed9cedb9ec
Step 13/15 : RUN mkdir /home/precice/precice-build &&     cd /home/precice/precice-build &&     mkdir /home/precice/precice-install &&     cmake -DBUILD_SHARED_LIBS=ON           -DCMAKE_BUILD_TYPE=Debug           -DPRECICE_CTEST_MPI_FLAGS="--oversubscribe"           -DCMAKE_INSTALL_PREFIX=/home/precice/precice-install           -DPRECICE_PETScMapping=$petsc_para           -DPRECICE_MPICommunication=$mpi_para           -DPRECICE_PythonActions=$python_para           /home/precice/precice &&     make -j$(nproc) &&     make test_base &&     make install &&     rm -r /home/precice/precice-build
 ---> Running in c1727dc6a850
-- The CXX compiler identification is GNU 10.2.0
-- Detecting CXX compiler ABI info
-- Detecting CXX compiler ABI info - done
-- Check for working CXX compiler: /usr/sbin/c++ - skipped
-- Detecting CXX compile features
-- Detecting CXX compile features - done
-- Performing Test CXX11_N2071_N2072
-- Performing Test CXX11_N2071_N2072 - Success
-- === CONFIGURATION ===
-- Library version to build: 2.2.0
-- Build configuration: Debug
-- Build shared libraries: ON
-- Target system: Linux-5.4.0-1032-gcp
-- Host system: Linux-5.4.0-1032-gcp
-- Library architecture: <empty>
-- CXX compiler: /usr/sbin/c++
-- CXX compiler flags: <empty>
-- CXX linker: /usr/sbin/ld
-- Install prefix: /home/precice/precice-install
-- Source directory: /home/precice/precice
-- Binary directory: /home/precice/precice-build
-- Configure package generation: ON
-- Install tests/testfiles: OFF
-- Additional CTest MPI Flags: --oversubscribe
[91m
[0m-- === ENABLED FEATURES ===
 * MPICommunication, Enables the MPI communication back-end.

   This enables the MPI communication back-end which is highly recommended on multi-node systems.
   See the documentation of the CMake module FindMPI to control its functionality.

   This feature can be enabled/disabled by setting the PRECICE_MPICommunication CMake option.

 * CBindings, Enables the native C bindings.

   preCICE provides native bindings for C, which are compiled into the library.
   This feature enables the compilation and installation of the bindings into the library.
   Note that we strongly recommend to compile with C bindings enabled for compatibility reasons.

   This feature can be enabled/disabled by setting the PRECICE_ENABLE_C CMake option.
  
 * FortranBindings, Enables the native Fortran bindings.

   preCICE provides native bindings for Fortran, which are compiled into the library.
   This feature enables the compilation and installation of the bindings into the library.
   Note that we strongly recommend to compile with Fortran bindings enabled for compatibility reasons.

   This feature can be enabled/disabled by setting the PRECICE_ENABLE_FORTRAN CMake option.
  

-- === DISABLED FEATURES ===
 * PETScMapping, Enables the PETSc-powered radial basic function mappings.

   This enables the PETSc-based variant of radial basis function mappings which can run in parallel,
   also across different compute nodes. This is highly recommended for large cases running in parallel.

   This feature can be enabled/disabled by setting the PRECICE_PETScMapping CMake option.
   Requires MPICommunication.
  
 * PythonActions, Enables the support for user-defined python actions.

   preCICE allows to manipulate coupling data at runtime using configurable actions.
   This feature enables the support for user-defined actions written in Python based on numpy.

   This feature can be enabled/disabled by setting the PRECICE_PythonActions CMake option.
  

-- === DEPENDENCIES ===
-- Looking for C++ include pthread.h
-- Looking for C++ include pthread.h - found
-- Performing Test CMAKE_HAVE_LIBC_PTHREAD
-- Performing Test CMAKE_HAVE_LIBC_PTHREAD - Failed
-- Looking for pthread_create in pthreads
-- Looking for pthread_create in pthreads - not found
-- Looking for pthread_create in pthread
-- Looking for pthread_create in pthread - found
-- Found Threads: TRUE  
-- Found Boost: /usr/lib64/cmake/Boost-1.75.0/BoostConfig.cmake (found suitable version "1.75.0", minimum required is "1.65.1") found components: filesystem log log_setup program_options system thread unit_test_framework 
-- Found Eigen3: /usr/include/eigen3 (Required is at least version "3.2") 
-- Validating Eigen
-- Validating Eigen - success
-- Found LibXml2: /usr/lib/libxml2.so (found version "2.9.10") 
-- Validating LibXml2
-- Validating LibXml2 - success
-- Validating JSON
-- Validating JSON - success
-- Validating Prettyprint
-- Validating Prettyprint - success
-- Found MPI_CXX: /usr/lib/openmpi/libmpi_cxx.so (found version "3.1") 
-- Found MPI: TRUE (found version "3.1")  
[91m
[0m-- MPI Version: Open MPI v4.0.5, package: Open MPI builduser@anthraxx-slave-4 Distribution, ident: 4.0.5, repo rev: v4.0.5, Aug 26, 2020
-- PETSc support disabled
-- Python support disabled
-- === TARGETS & PACKAGES ===
-- Including test sources
-- Compressing manpage: /home/precice/precice-build/packaging/man1/binprecice.1
[91mDebian package generator disabled: Install prefix is not "/usr"
[0m-- Compressing changelog
[91m
[0m-- === TESTS ===
-- Looking for a C compiler
-- Looking for a C compiler - /usr/sbin/cc
-- Looking for a Fortran compiler
-- Looking for a Fortran compiler - NOTFOUND
-- Test precice.acceleration
-- Test precice.action
-- Test precice.com
-- Test precice.com.mpiports - skipped (OpenMPI)
-- Test precice.cplscheme
-- Test precice.io
-- Test precice.m2n
-- Test precice.m2n.mpiports - skipped (OpenMPI)
-- Test precice.mapping
-- Test precice.mapping.petrbf - skipped
-- Test precice.math
-- Test precice.mesh
-- Test precice.partition
-- Test precice.interface
-- Test precice.serial
-- Test precice.parallel
-- Test precice.query
-- Test precice.testing
-- Test precice.utils
-- Test precice.xml
-- Test precice.solverdummy.build.cpp
-- Test precice.solverdummy.build.c
-- Test precice.solverdummy.build.fortran - skipped
-- Test precice.solverdummy.run.cpp-cpp
-- Test precice.solverdummy.run.c-c
-- Test precice.solverdummy.run.fortran-fortran - skipped
-- Test precice.solverdummy.run.cpp-c
-- Test precice.solverdummy.run.cpp-fortran - skipped
-- Test precice.solverdummy.run.c-fortran - skipped
-- Configuring done
-- Generating done
-- Build files have been written to: /home/precice/precice-build
Scanning dependencies of target GitRevision
-- Found Git: /usr/sbin/git (found version "2.30.0") 
-- Revision status: Detection failed
[  0%] Built target GitRevision
Scanning dependencies of target precice
[  0%] Building CXX object CMakeFiles/precice.dir/src/precice/impl/versions.cpp.o
[  1%] Building CXX object CMakeFiles/precice.dir/src/acceleration/Acceleration.cpp.o
[  1%] Building CXX object CMakeFiles/precice.dir/src/acceleration/AitkenAcceleration.cpp.o
[  2%] Building CXX object CMakeFiles/precice.dir/src/acceleration/BaseQNAcceleration.cpp.o
[  2%] Building CXX object CMakeFiles/precice.dir/src/acceleration/BroydenAcceleration.cpp.o
[  3%] Building CXX object CMakeFiles/precice.dir/src/acceleration/ConstantRelaxationAcceleration.cpp.o
[  3%] Building CXX object CMakeFiles/precice.dir/src/acceleration/IQNILSAcceleration.cpp.o
[  4%] Building CXX object CMakeFiles/precice.dir/src/acceleration/MVQNAcceleration.cpp.o
[  4%] Building CXX object CMakeFiles/precice.dir/src/acceleration/config/AccelerationConfiguration.cpp.o
[  5%] Building CXX object CMakeFiles/precice.dir/src/acceleration/impl/ConstantPreconditioner.cpp.o
[  5%] Building CXX object CMakeFiles/precice.dir/src/acceleration/impl/ParallelMatrixOperations.cpp.o
[  6%] Building CXX object CMakeFiles/precice.dir/src/acceleration/impl/QRFactorization.cpp.o
[  6%] Building CXX object CMakeFiles/precice.dir/src/acceleration/impl/ResidualPreconditioner.cpp.o
[  7%] Building CXX object CMakeFiles/precice.dir/src/acceleration/impl/ResidualSumPreconditioner.cpp.o
[  7%] Building CXX object CMakeFiles/precice.dir/src/acceleration/impl/SVDFactorization.cpp.o
[  8%] Building CXX object CMakeFiles/precice.dir/src/acceleration/impl/ValuePreconditioner.cpp.o
[  8%] Building CXX object CMakeFiles/precice.dir/src/action/ComputeCurvatureAction.cpp.o
[  9%] Building CXX object CMakeFiles/precice.dir/src/action/PythonAction.cpp.o
[  9%] Building CXX object CMakeFiles/precice.dir/src/action/RecorderAction.cpp.o
[ 10%] Building CXX object CMakeFiles/precice.dir/src/action/ScaleByAreaAction.cpp.o
[ 10%] Building CXX object CMakeFiles/precice.dir/src/action/ScaleByDtAction.cpp.o
[ 11%] Building CXX object CMakeFiles/precice.dir/src/action/SummationAction.cpp.o
[ 11%] Building CXX object CMakeFiles/precice.dir/src/action/config/ActionConfiguration.cpp.o
[ 12%] Building CXX object CMakeFiles/precice.dir/src/com/CommunicateBoundingBox.cpp.o
[ 12%] Building CXX object CMakeFiles/precice.dir/src/com/CommunicateMesh.cpp.o
[ 13%] Building CXX object CMakeFiles/precice.dir/src/com/Communication.cpp.o
[ 13%] Building CXX object CMakeFiles/precice.dir/src/com/ConnectionInfoPublisher.cpp.o
[ 14%] Building CXX object CMakeFiles/precice.dir/src/com/MPICommunication.cpp.o
[ 14%] Building CXX object CMakeFiles/precice.dir/src/com/MPIDirectCommunication.cpp.o
[ 15%] Building CXX object CMakeFiles/precice.dir/src/com/MPIPortsCommunication.cpp.o
[ 15%] Building CXX object CMakeFiles/precice.dir/src/com/MPIPortsCommunicationFactory.cpp.o
[ 16%] Building CXX object CMakeFiles/precice.dir/src/com/MPIRequest.cpp.o
[ 16%] Building CXX object CMakeFiles/precice.dir/src/com/MPISinglePortsCommunication.cpp.o
[ 17%] Building CXX object CMakeFiles/precice.dir/src/com/MPISinglePortsCommunicationFactory.cpp.o
[ 17%] Building CXX object CMakeFiles/precice.dir/src/com/Request.cpp.o
[ 18%] Building CXX object CMakeFiles/precice.dir/src/com/SocketCommunication.cpp.o
[ 18%] Building CXX object CMakeFiles/precice.dir/src/com/SocketCommunicationFactory.cpp.o
[91mIn file included from /usr/include/boost/smart_ptr/detail/sp_thread_sleep.hpp:22,
                 from /usr/include/boost/smart_ptr/detail/yield_k.hpp:23,
                 from /usr/include/boost/smart_ptr/detail/spinlock_gcc_atomic.hpp:14,
                 from /usr/include/boost/smart_ptr/detail/spinlock.hpp:42,
                 from /usr/include/boost/smart_ptr/detail/spinlock_pool.hpp:25,
                 from /usr/include/boost/smart_ptr/shared_ptr.hpp:29,
                 from /usr/include/boost/shared_ptr.hpp:17,
                 from /usr/include/boost/date_time/time_clock.hpp:17,
                 from /usr/include/boost/date_time/posix_time/posix_time_types.hpp:10,
                 from /usr/include/boost/asio/time_traits.hpp:23,
                 from /usr/include/boost/asio/detail/timer_queue_ptime.hpp:22,
                 from /usr/include/boost/asio/detail/deadline_timer_service.hpp:29,
                 from /usr/include/boost/asio/basic_deadline_timer.hpp:25,
                 from /usr/include/boost/asio.hpp:25,
                 from /home/precice/precice/src/com/SocketCommunication.hpp:3,
                 from /home/precice/precice/src/com/SocketCommunication.cpp:1:
/usr/include/boost/bind.hpp:36:1: note: â€˜#pragma message: The practice of declaring the Bind placeholders (_1, _2, ...) in the global namespace is deprecated. Please use <boost/bind/bind.hpp> + using namespace boost::placeholders, or define BOOST_BIND_GLOBAL_PLACEHOLDERS to retain the current behavior.â€™
   36 | BOOST_PRAGMA_MESSAGE(
      | ^~~~~~~~~~~~~~~~~~~~
[0m[ 19%] Building CXX object CMakeFiles/precice.dir/src/com/SocketRequest.cpp.o
[ 19%] Building CXX object CMakeFiles/precice.dir/src/com/SocketSendQueue.cpp.o
[ 20%] Building CXX object CMakeFiles/precice.dir/src/com/config/CommunicationConfiguration.cpp.o
[ 20%] Building CXX object CMakeFiles/precice.dir/src/cplscheme/BaseCouplingScheme.cpp.o
[ 21%] Building CXX object CMakeFiles/precice.dir/src/cplscheme/BiCouplingScheme.cpp.o
[ 21%] Building CXX object CMakeFiles/precice.dir/src/cplscheme/CompositionalCouplingScheme.cpp.o
[ 22%] Building CXX object CMakeFiles/precice.dir/src/cplscheme/Constants.cpp.o
[ 22%] Building CXX object CMakeFiles/precice.dir/src/cplscheme/CouplingScheme.cpp.o
[ 23%] Building CXX object CMakeFiles/precice.dir/src/cplscheme/MultiCouplingScheme.cpp.o
[ 23%] Building CXX object CMakeFiles/precice.dir/src/cplscheme/ParallelCouplingScheme.cpp.o
[ 24%] Building CXX object CMakeFiles/precice.dir/src/cplscheme/SerialCouplingScheme.cpp.o
[ 24%] Building CXX object CMakeFiles/precice.dir/src/cplscheme/config/CouplingSchemeConfiguration.cpp.o
[ 25%] Building CXX object CMakeFiles/precice.dir/src/cplscheme/impl/AbsoluteConvergenceMeasure.cpp.o
[ 25%] Building CXX object CMakeFiles/precice.dir/src/cplscheme/impl/MinIterationConvergenceMeasure.cpp.o
[ 26%] Building CXX object CMakeFiles/precice.dir/src/cplscheme/impl/RelativeConvergenceMeasure.cpp.o
[ 26%] Building CXX object CMakeFiles/precice.dir/src/cplscheme/impl/ResidualRelativeConvergenceMeasure.cpp.o
[ 27%] Building CXX object CMakeFiles/precice.dir/src/io/Constants.cpp.o
[ 27%] Building CXX object CMakeFiles/precice.dir/src/io/ExportVTK.cpp.o
[ 28%] Building CXX object CMakeFiles/precice.dir/src/io/ExportVTKXML.cpp.o
[ 28%] Building CXX object CMakeFiles/precice.dir/src/io/TXTReader.cpp.o
[ 29%] Building CXX object CMakeFiles/precice.dir/src/io/TXTTableWriter.cpp.o
[ 29%] Building CXX object CMakeFiles/precice.dir/src/io/TXTWriter.cpp.o
[ 30%] Building CXX object CMakeFiles/precice.dir/src/io/config/ExportConfiguration.cpp.o
[ 30%] Building CXX object CMakeFiles/precice.dir/src/logging/LogConfiguration.cpp.o
[ 31%] Building CXX object CMakeFiles/precice.dir/src/logging/Logger.cpp.o
[ 31%] Building CXX object CMakeFiles/precice.dir/src/logging/Tracer.cpp.o
[ 32%] Building CXX object CMakeFiles/precice.dir/src/logging/config/LogConfiguration.cpp.o
[ 33%] Building CXX object CMakeFiles/precice.dir/src/m2n/BoundM2N.cpp.o
[ 33%] Building CXX object CMakeFiles/precice.dir/src/m2n/GatherScatterComFactory.cpp.o
[ 34%] Building CXX object CMakeFiles/precice.dir/src/m2n/GatherScatterCommunication.cpp.o
[ 34%] Building CXX object CMakeFiles/precice.dir/src/m2n/M2N.cpp.o
[ 35%] Building CXX object CMakeFiles/precice.dir/src/m2n/PointToPointComFactory.cpp.o
[ 35%] Building CXX object CMakeFiles/precice.dir/src/m2n/PointToPointCommunication.cpp.o
[ 36%] Building CXX object CMakeFiles/precice.dir/src/m2n/config/M2NConfiguration.cpp.o
[ 36%] Building CXX object CMakeFiles/precice.dir/src/mapping/Mapping.cpp.o
[ 37%] Building CXX object CMakeFiles/precice.dir/src/mapping/NearestNeighborMapping.cpp.o
[ 37%] Building CXX object CMakeFiles/precice.dir/src/mapping/NearestProjectionMapping.cpp.o
[ 38%] Building CXX object CMakeFiles/precice.dir/src/mapping/config/MappingConfiguration.cpp.o
[ 38%] Building CXX object CMakeFiles/precice.dir/src/math/barycenter.cpp.o
[ 39%] Building CXX object CMakeFiles/precice.dir/src/math/geometry.cpp.o
[ 39%] Building CXX object CMakeFiles/precice.dir/src/mesh/BoundingBox.cpp.o
[ 40%] Building CXX object CMakeFiles/precice.dir/src/mesh/Data.cpp.o
[ 40%] Building CXX object CMakeFiles/precice.dir/src/mesh/Edge.cpp.o
[ 41%] Building CXX object CMakeFiles/precice.dir/src/mesh/Mesh.cpp.o
[ 41%] Building CXX object CMakeFiles/precice.dir/src/mesh/RTree.cpp.o
[ 42%] Building CXX object CMakeFiles/precice.dir/src/mesh/Triangle.cpp.o
[ 42%] Building CXX object CMakeFiles/precice.dir/src/mesh/Vertex.cpp.o
[ 43%] Building CXX object CMakeFiles/precice.dir/src/mesh/config/DataConfiguration.cpp.o
[ 43%] Building CXX object CMakeFiles/precice.dir/src/mesh/config/MeshConfiguration.cpp.o
[ 44%] Building CXX object CMakeFiles/precice.dir/src/partition/Partition.cpp.o
[ 44%] Building CXX object CMakeFiles/precice.dir/src/partition/ProvidedPartition.cpp.o
[ 45%] Building CXX object CMakeFiles/precice.dir/src/partition/ReceivedPartition.cpp.o
[ 45%] Building CXX object CMakeFiles/precice.dir/src/precice/SolverInterface.cpp.o
[ 46%] Building CXX object CMakeFiles/precice.dir/src/precice/config/Configuration.cpp.o
[ 46%] Building CXX object CMakeFiles/precice.dir/src/precice/config/ParticipantConfiguration.cpp.o
[ 47%] Building CXX object CMakeFiles/precice.dir/src/precice/config/SolverInterfaceConfiguration.cpp.o
[ 47%] Building CXX object CMakeFiles/precice.dir/src/precice/impl/DataContext.cpp.o
[ 48%] Building CXX object CMakeFiles/precice.dir/src/precice/impl/Participant.cpp.o
[ 48%] Building CXX object CMakeFiles/precice.dir/src/precice/impl/SolverInterfaceImpl.cpp.o
[ 49%] Building CXX object CMakeFiles/precice.dir/src/precice/impl/WatchIntegral.cpp.o
[ 49%] Building CXX object CMakeFiles/precice.dir/src/precice/impl/WatchPoint.cpp.o
[ 50%] Building CXX object CMakeFiles/precice.dir/src/query/FindClosest.cpp.o
[ 50%] Building CXX object CMakeFiles/precice.dir/src/query/FindClosestEdge.cpp.o
[ 51%] Building CXX object CMakeFiles/precice.dir/src/query/FindClosestTriangle.cpp.o
[ 51%] Building CXX object CMakeFiles/precice.dir/src/query/FindClosestVertex.cpp.o
[ 52%] Building CXX object CMakeFiles/precice.dir/src/utils/Dimensions.cpp.o
[ 52%] Building CXX object CMakeFiles/precice.dir/src/utils/EigenHelperFunctions.cpp.o
[ 53%] Building CXX object CMakeFiles/precice.dir/src/utils/Event.cpp.o
[ 53%] Building CXX object CMakeFiles/precice.dir/src/utils/EventUtils.cpp.o
[ 54%] Building CXX object CMakeFiles/precice.dir/src/utils/Helpers.cpp.o
[ 54%] Building CXX object CMakeFiles/precice.dir/src/utils/ManageUniqueIDs.cpp.o
[ 55%] Building CXX object CMakeFiles/precice.dir/src/utils/MasterSlave.cpp.o
[ 55%] Building CXX object CMakeFiles/precice.dir/src/utils/Parallel.cpp.o
[ 56%] Building CXX object CMakeFiles/precice.dir/src/utils/Petsc.cpp.o
[ 56%] Building CXX object CMakeFiles/precice.dir/src/utils/String.cpp.o
[ 57%] Building CXX object CMakeFiles/precice.dir/src/utils/TableWriter.cpp.o
[ 57%] Building CXX object CMakeFiles/precice.dir/src/utils/networking.cpp.o
[ 58%] Building CXX object CMakeFiles/precice.dir/src/utils/stacktrace.cpp.o
[ 58%] Building CXX object CMakeFiles/precice.dir/src/xml/ConfigParser.cpp.o
[ 59%] Building CXX object CMakeFiles/precice.dir/src/xml/Printer.cpp.o
[ 59%] Building CXX object CMakeFiles/precice.dir/src/xml/ValueParser.cpp.o
[ 60%] Building CXX object CMakeFiles/precice.dir/src/xml/XMLTag.cpp.o
[ 60%] Building CXX object CMakeFiles/precice.dir/extras/bindings/c/src/SolverInterfaceC.cpp.o
[ 61%] Building CXX object CMakeFiles/precice.dir/extras/bindings/fortran/src/SolverInterfaceFortran.cpp.o
[ 61%] Building CXX object CMakeFiles/precice.dir/extras/bindings/fortran/src/SolverInterfaceFASTEST.cpp.o
[ 62%] Linking CXX shared library libprecice.so
[ 62%] Built target precice
Scanning dependencies of target binprecice
[ 62%] Building CXX object CMakeFiles/binprecice.dir/src/drivers/main.cpp.o
Scanning dependencies of target testprecice
[ 63%] Building CXX object CMakeFiles/testprecice.dir/src/testing/main.cpp.o
[ 63%] Building CXX object CMakeFiles/testprecice.dir/src/acceleration/test/AccelerationMasterSlaveTest.cpp.o
[ 64%] Linking CXX executable binprecice
[ 64%] Built target binprecice
[ 65%] Building CXX object CMakeFiles/testprecice.dir/src/acceleration/test/ParallelMatrixOperationsTest.cpp.o
[ 65%] Building CXX object CMakeFiles/testprecice.dir/src/acceleration/test/PreconditionerTest.cpp.o
[ 66%] Building CXX object CMakeFiles/testprecice.dir/src/acceleration/test/QRFactorizationTest.cpp.o
[ 67%] Building CXX object CMakeFiles/testprecice.dir/src/action/tests/PythonActionTest.cpp.o
[ 67%] Building CXX object CMakeFiles/testprecice.dir/src/action/tests/ScaleActionTest.cpp.o
[ 68%] Building CXX object CMakeFiles/testprecice.dir/src/action/tests/SummationActionTest.cpp.o
[ 68%] Building CXX object CMakeFiles/testprecice.dir/src/com/tests/CommunicateBoundingBoxTest.cpp.o
[ 69%] Building CXX object CMakeFiles/testprecice.dir/src/com/tests/CommunicateMeshTest.cpp.o
[ 69%] Building CXX object CMakeFiles/testprecice.dir/src/com/tests/MPIDirectCommunicationTest.cpp.o
[ 70%] Building CXX object CMakeFiles/testprecice.dir/src/com/tests/MPIPortsCommunicationTest.cpp.o
[ 70%] Building CXX object CMakeFiles/testprecice.dir/src/com/tests/MPISinglePortsCommunicationTest.cpp.o
[ 71%] Building CXX object CMakeFiles/testprecice.dir/src/com/tests/SocketCommunicationTest.cpp.o
[ 71%] Building CXX object CMakeFiles/testprecice.dir/src/cplscheme/tests/AbsoluteConvergenceMeasureTest.cpp.o
[ 72%] Building CXX object CMakeFiles/testprecice.dir/src/cplscheme/tests/CompositionalCouplingSchemeTest.cpp.o
[ 72%] Building CXX object CMakeFiles/testprecice.dir/src/cplscheme/tests/DummyCouplingScheme.cpp.o
[ 73%] Building CXX object CMakeFiles/testprecice.dir/src/cplscheme/tests/ExplicitCouplingSchemeTest.cpp.o
[ 73%] Building CXX object CMakeFiles/testprecice.dir/src/cplscheme/tests/MinIterationConvergenceMeasureTest.cpp.o
[ 74%] Building CXX object CMakeFiles/testprecice.dir/src/cplscheme/tests/ParallelImplicitCouplingSchemeTest.cpp.o
[ 74%] Building CXX object CMakeFiles/testprecice.dir/src/cplscheme/tests/RelativeConvergenceMeasureTest.cpp.o
[ 75%] Building CXX object CMakeFiles/testprecice.dir/src/cplscheme/tests/ResidualRelativeConvergenceMeasureTest.cpp.o
[ 75%] Building CXX object CMakeFiles/testprecice.dir/src/cplscheme/tests/SerialImplicitCouplingSchemeTest.cpp.o
[ 76%] Building CXX object CMakeFiles/testprecice.dir/src/io/tests/ExportConfigurationTest.cpp.o
[ 76%] Building CXX object CMakeFiles/testprecice.dir/src/io/tests/ExportVTKTest.cpp.o
[ 77%] Building CXX object CMakeFiles/testprecice.dir/src/io/tests/ExportVTKXMLTest.cpp.o
[ 77%] Building CXX object CMakeFiles/testprecice.dir/src/io/tests/TXTTableWriterTest.cpp.o
[ 78%] Building CXX object CMakeFiles/testprecice.dir/src/io/tests/TXTWriterReaderTest.cpp.o
[ 78%] Building CXX object CMakeFiles/testprecice.dir/src/m2n/tests/GatherScatterCommunicationTest.cpp.o
[ 79%] Building CXX object CMakeFiles/testprecice.dir/src/m2n/tests/PointToPointCommunicationTest.cpp.o
[ 79%] Building CXX object CMakeFiles/testprecice.dir/src/mapping/tests/MappingConfigurationTest.cpp.o
[ 80%] Building CXX object CMakeFiles/testprecice.dir/src/mapping/tests/NearestNeighborMappingTest.cpp.o
[ 80%] Building CXX object CMakeFiles/testprecice.dir/src/mapping/tests/NearestProjectionMappingTest.cpp.o
[ 81%] Building CXX object CMakeFiles/testprecice.dir/src/mapping/tests/PetRadialBasisFctMappingTest.cpp.o
[ 81%] Building CXX object CMakeFiles/testprecice.dir/src/mapping/tests/RadialBasisFctMappingTest.cpp.o
[ 82%] Building CXX object CMakeFiles/testprecice.dir/src/math/tests/BarycenterTest.cpp.o
[ 82%] Building CXX object CMakeFiles/testprecice.dir/src/math/tests/DifferencesTest.cpp.o
[ 83%] Building CXX object CMakeFiles/testprecice.dir/src/math/tests/GeometryTest.cpp.o
[ 83%] Building CXX object CMakeFiles/testprecice.dir/src/mesh/tests/BoundingBoxTest.cpp.o
[ 84%] Building CXX object CMakeFiles/testprecice.dir/src/mesh/tests/DataConfigurationTest.cpp.o
[ 84%] Building CXX object CMakeFiles/testprecice.dir/src/mesh/tests/EdgeTest.cpp.o
[ 85%] Building CXX object CMakeFiles/testprecice.dir/src/mesh/tests/MeshTest.cpp.o
[ 85%] Building CXX object CMakeFiles/testprecice.dir/src/mesh/tests/RTreeAdapterTests.cpp.o
[ 86%] Building CXX object CMakeFiles/testprecice.dir/src/mesh/tests/RTreeTests.cpp.o
[ 86%] Building CXX object CMakeFiles/testprecice.dir/src/mesh/tests/TriangleTest.cpp.o
[ 87%] Building CXX object CMakeFiles/testprecice.dir/src/mesh/tests/VertexTest.cpp.o
[ 87%] Building CXX object CMakeFiles/testprecice.dir/src/partition/tests/ProvidedPartitionTest.cpp.o
[ 88%] Building CXX object CMakeFiles/testprecice.dir/src/partition/tests/ReceivedPartitionTest.cpp.o
[ 88%] Building CXX object CMakeFiles/testprecice.dir/src/precice/tests/ParallelTests.cpp.o
[ 89%] Building CXX object CMakeFiles/testprecice.dir/src/precice/tests/SerialTests.cpp.o
[ 89%] Building CXX object CMakeFiles/testprecice.dir/src/precice/tests/VersioningTests.cpp.o
[ 90%] Building CXX object CMakeFiles/testprecice.dir/src/precice/tests/WatchIntegralTest.cpp.o
[ 90%] Building CXX object CMakeFiles/testprecice.dir/src/precice/tests/WatchPointTest.cpp.o
[ 91%] Building CXX object CMakeFiles/testprecice.dir/src/query/tests/FindClosestTest.cpp.o
[ 91%] Building CXX object CMakeFiles/testprecice.dir/src/query/tests/FindClosestVertexVisitorTest.cpp.o
[ 92%] Building CXX object CMakeFiles/testprecice.dir/src/testing/TestContext.cpp.o
[ 92%] Building CXX object CMakeFiles/testprecice.dir/src/testing/Testing.cpp.o
[ 93%] Building CXX object CMakeFiles/testprecice.dir/src/testing/tests/ExampleTests.cpp.o
[ 93%] Building CXX object CMakeFiles/testprecice.dir/src/utils/tests/AlgorithmTest.cpp.o
[ 94%] Building CXX object CMakeFiles/testprecice.dir/src/utils/tests/DimensionsTest.cpp.o
[ 94%] Building CXX object CMakeFiles/testprecice.dir/src/utils/tests/EigenHelperFunctionsTest.cpp.o
[ 95%] Building CXX object CMakeFiles/testprecice.dir/src/utils/tests/ManageUniqueIDsTest.cpp.o
[ 95%] Building CXX object CMakeFiles/testprecice.dir/src/utils/tests/MultiLockTest.cpp.o
[ 96%] Building CXX object CMakeFiles/testprecice.dir/src/utils/tests/ParallelTest.cpp.o
[ 96%] Building CXX object CMakeFiles/testprecice.dir/src/utils/tests/PointerVectorTest.cpp.o
[ 97%] Building CXX object CMakeFiles/testprecice.dir/src/utils/tests/StatisticsTest.cpp.o
[ 97%] Building CXX object CMakeFiles/testprecice.dir/src/utils/tests/StringTest.cpp.o
[ 98%] Building CXX object CMakeFiles/testprecice.dir/src/xml/tests/ParserTest.cpp.o
[ 98%] Building CXX object CMakeFiles/testprecice.dir/src/xml/tests/PrinterTest.cpp.o
[ 99%] Building CXX object CMakeFiles/testprecice.dir/src/xml/tests/XMLTest.cpp.o
[100%] Linking CXX executable testprecice
[100%] Built target testprecice
-- Found Git: /usr/sbin/git (found version "2.30.0") 
-- Revision status: Detection failed
[  0%] Built target GitRevision
[ 62%] Built target precice
[100%] Built target testprecice
Scanning dependencies of target test_base
UpdateCTestConfiguration  from :/home/precice/precice-build/DartConfiguration.tcl
UpdateCTestConfiguration  from :/home/precice/precice-build/DartConfiguration.tcl
Test project /home/precice/precice-build
Constructing a list of tests
Done constructing a list of tests
Updating test list for fixtures
Added 0 tests to meet fixture requirements
Checking test dependency graph...
Checking test dependency graph end
test 1
      Start  1: precice.acceleration

1: Test command: /usr/sbin/mpiexec "-n" "4" "--oversubscribe" "/home/precice/precice-build/testprecice" "--run_test=AccelerationTests"
1: Environment variables: 
1:  PRECICE_ROOT=/home/precice/precice
1:  OMPI_MCA_rmaps_base_oversubscribe=1
1: Test timeout computed to be: 20
1: This test suite runs on rank 0 of 4
1: This test suite runs on rank 1 of 4
1: Running 13 test cases...
1: This test suite runs on rank 3 of 4
1: This test suite runs on rank 2 of 4
1: Running 13 test cases...
1: Running 13 test cases...
1: Running 13 test cases...
1: 
1: [1;32;49m*** No errors detected
1: [0;39;49m
1: [1;32;49m*** No errors detected
1: 
1: [1;32;49m*** No errors detected
1: [0;39;49m[0;39;49m
1: [1;32;49m*** No errors detected
1: [0;39;49m
 1/22 Test  #1: precice.acceleration ..............   Passed    0.32 sec
test 2
      Start  2: precice.action

2: Test command: /usr/sbin/mpiexec "-n" "4" "--oversubscribe" "/home/precice/precice-build/testprecice" "--run_test=ActionTests"
2: Environment variables: 
2:  PRECICE_ROOT=/home/precice/precice
2:  OMPI_MCA_rmaps_base_oversubscribe=1
2: Test timeout computed to be: 20
2: This test suite runs on rank 0 of 4
2: This test suite runs on rank 1 of 4
2: Running 7 test cases...
2: This test suite runs on rank 3 of 4
2: This test suite runs on rank 2 of 4
2: Running 7 test cases...
2: Running 7 test cases...
2: Running 7 test cases...
2: 16:01:52.276031||0|config::ActionConfiguration|l302|getTiming|[36mWARNING: [0mRegular-prior action timing is deprecated. Regular-prior will now revert to write-mapping-prior which performs the action before a write mapping and before the coupling update.
2: 16:01:52.289659||0|config::ActionConfiguration|l302|getTiming|[36mWARNING: [0mRegular-prior action timing is deprecated. Regular-prior will now revert to write-mapping-prior which performs the action before a write mapping and before the coupling update.
2: 16:01:52.303068||0|config::ActionConfiguration|l302|getTiming|[36mWARNING: [0mRegular-prior action timing is deprecated. Regular-prior will now revert to write-mapping-prior which performs the action before a write mapping and before the coupling update.
2: 16:01:52.319052||0|config::ActionConfiguration|l302|getTiming|[36mWARNING: [0mRegular-prior action timing is deprecated. Regular-prior will now revert to write-mapping-prior which performs the action before a write mapping and before the coupling update.
2: 
2: 
2: [1;32;49m*** No errors detected
2: [0;39;49m[1;32;49m*** No errors detected
2: [0;39;49m
2: [1;32;49m*** No errors detected
2: [0;39;49m16:01:52.335649||0|config::ActionConfiguration|l302|getTiming|[36mWARNING: [0mRegular-prior action timing is deprecated. Regular-prior will now revert to write-mapping-prior which performs the action before a write mapping and before the coupling update.
2: 
2: [1;32;49m*** No errors detected
2: [0;39;49m
 2/22 Test  #2: precice.action ....................   Passed    0.24 sec
test 3
      Start  3: precice.com

3: Test command: /usr/sbin/mpiexec "-n" "4" "--oversubscribe" "/home/precice/precice-build/testprecice" "--run_test=CommunicationTests:!CommunicationTests/MPIPorts:!CommunicationTests/MPISinglePorts"
3: Environment variables: 
3:  PRECICE_ROOT=/home/precice/precice
3:  OMPI_MCA_rmaps_base_oversubscribe=1
3: Test timeout computed to be: 20
3: This test suite runs on rank 1 of 4
3: This test suite runs on rank 2 of 4
3: This test suite runs on rank 0 of 4
3: Running 15 test cases...
3: This test suite runs on rank 3 of 4
3: Running 15 test cases...
3: Running 15 test cases...
3: Running 15 test cases...
3: 
3: [1;32;49m*** No errors detected
3: [0;39;49m
3: [1;32;49m*** No errors detected
3: [0;39;49m
3: [1;32;49m*** No errors detected
3: [0;39;49m
3: [1;32;49m*** No errors detected
3: [0;39;49m
 3/22 Test  #3: precice.com .......................   Passed    0.39 sec
test 4
      Start  4: precice.cplscheme

4: Test command: /usr/sbin/mpiexec "-n" "4" "--oversubscribe" "/home/precice/precice-build/testprecice" "--run_test=CplSchemeTests"
4: Environment variables: 
4:  PRECICE_ROOT=/home/precice/precice
4:  OMPI_MCA_rmaps_base_oversubscribe=1
4: Test timeout computed to be: 20
4: This test suite runs on rank 0 of 4
4: This test suite runs on rank 3 of 4
4: This test suite runs on rank 2 of 4
4: Running 43 test cases...
4: This test suite runs on rank 1 of 4
4: Running 43 test cases...
4: Running 43 test cases...
4: Running 43 test cases...
4: 
4: [1;32;49m*** No errors detected
4: [0;39;49m
4: [1;32;49m*** No errors detected
4: [0;39;49m
4: [1;32;49m*** No errors detected
4: [0;39;49m
4: [1;32;49m*** No errors detected
4: [0;39;49m
 4/22 Test  #4: precice.cplscheme .................   Passed    2.91 sec
test 5
      Start  5: precice.io

5: Test command: /usr/sbin/mpiexec "-n" "4" "--oversubscribe" "/home/precice/precice-build/testprecice" "--run_test=IOTests"
5: Environment variables: 
5:  PRECICE_ROOT=/home/precice/precice
5:  OMPI_MCA_rmaps_base_oversubscribe=1
5: Test timeout computed to be: 20
5: This test suite runs on rank 3 of 4
5: This test suite runs on rank 0 of 4
5: This test suite runs on rank 1 of 4
5: Running 7 test cases...
5: Running 7 test cases...
5: Running 7 test cases...
5: This test suite runs on rank 2 of 4
5: Running 7 test cases...
5: 
5: [1;32;49m*** No errors detected
5: [0;39;49m
5: [1;32;49m*** No errors detected
5: 
5: [1;32;49m*** No errors detected
5: [0;39;49m[0;39;49m
5: [1;32;49m*** No errors detected
5: [0;39;49m
 5/22 Test  #5: precice.io ........................   Passed    0.24 sec
test 6
      Start  6: precice.m2n

6: Test command: /usr/sbin/mpiexec "-n" "4" "--oversubscribe" "/home/precice/precice-build/testprecice" "--run_test=M2NTests:!M2NTests/MPIPorts:!M2NTets/MPISinglePorts"
6: Environment variables: 
6:  PRECICE_ROOT=/home/precice/precice
6:  OMPI_MCA_rmaps_base_oversubscribe=1
6: Test timeout computed to be: 20
6: This test suite runs on rank 0 of 4
6: This test suite runs on rank 2 of 4
6: This test suite runs on rank 1 of 4
6: Running 8 test cases...
6: Running 8 test cases...
6: Running 8 test cases...
6: This test suite runs on rank 3 of 4
6: Running 8 test cases...
6: 
6: [1;32;49m
6: [1;32;49m*** No errors detected
6: [0;39;49m*** No errors detected
6: [0;39;49m
6: [1;32;49m*** No errors detected
6: [0;39;49m
6: [1;32;49m*** No errors detected
6: [0;39;49m
 6/22 Test  #6: precice.m2n .......................   Passed    0.37 sec
test 7
      Start  7: precice.mapping

7: Test command: /usr/sbin/mpiexec "-n" "4" "--oversubscribe" "/home/precice/precice-build/testprecice" "--run_test=MappingTests:!MappingTests/PetRadialBasisFunctionMapping"
7: Environment variables: 
7:  PRECICE_ROOT=/home/precice/precice
7:  OMPI_MCA_rmaps_base_oversubscribe=1
7: Test timeout computed to be: 20
7: This test suite runs on rank 1 of 4
7: This test suite runs on rank 3 of 4
7: This test suite runs on rank 2 of 4
7: This test suite runs on rank 0 of 4
7: Running 36 test cases...
7: Running 36 test cases...
7: Running 36 test cases...
7: Running 36 test cases...
7: 16:01:56.486477||0|mapping::NearestProjectionMapping|l157|computeMapping|[36mWARNING: [0m3D Mesh "InMesh" does not contain triangles. Nearest projection mapping will map to primitives of lower dimension.
7: 16:01:56.492299||0|mapping::NearestProjectionMapping|l157|computeMapping|[36mWARNING: [0m3D Mesh "InMesh" does not contain triangles. Nearest projection mapping will map to primitives of lower dimension.
7: 
7: [1;32;49m*** No errors detected
7: [0;39;49m
7: [1;32;49m*** No errors detected
7: [0;39;49m
7: [1;32;49m*** No errors detected
7: [0;39;49m
7: [1;32;49m*** No errors detected
7: [0;39;49m
 7/22 Test  #7: precice.mapping ...................   Passed    0.92 sec
test 8
      Start  8: precice.math

8: Test command: /usr/sbin/mpiexec "-n" "4" "--oversubscribe" "/home/precice/precice-build/testprecice" "--run_test=MathTests"
8: Environment variables: 
8:  PRECICE_ROOT=/home/precice/precice
8:  OMPI_MCA_rmaps_base_oversubscribe=1
8: Test timeout computed to be: 20
8: This test suite runs on rank 0 of 4
8: This test suite runs on rank 1 of 4
8: This test suite runs on rank 2 of 4
8: This test suite runs on rank 3 of 4
8: Running 19 test cases...
8: Running 19 test cases...
8: Running 19 test cases...
8: Running 19 test cases...
8: 
8: [1;32;49m*** No errors detected
8: [0;39;49m
8: [1;32;49m*** No errors detected
8: [0;39;49m
8: [1;32;49m*** No errors detected
8: [0;39;49m
8: [1;32;49m*** No errors detected
8: [0;39;49m
 8/22 Test  #8: precice.math ......................   Passed    0.21 sec
test 9
      Start  9: precice.mesh

9: Test command: /usr/sbin/mpiexec "-n" "4" "--oversubscribe" "/home/precice/precice-build/testprecice" "--run_test=MeshTests"
9: Environment variables: 
9:  PRECICE_ROOT=/home/precice/precice
9:  OMPI_MCA_rmaps_base_oversubscribe=1
9: Test timeout computed to be: 20
9: This test suite runs on rank 0 of 4
9: This test suite runs on rank 1 of 4
9: This test suite runs on rank 2 of 4
9: This test suite runs on rank 3 of 4
9: Running 66 test cases...
9: Running 66 test cases...
9: Running 66 test cases...
9: Running 66 test cases...
9: 
9: [1;32;49m*** No errors detected
9: [0;39;49m
9: [1;32;49m*** No errors detected
9: [0;39;49m
9: [1;32;49m*** No errors detected
9: [0;39;49m
9: [1;32;49m*** No errors detected
9: [0;39;49m
 9/22 Test  #9: precice.mesh ......................   Passed    0.26 sec
test 10
      Start 10: precice.partition

10: Test command: /usr/sbin/mpiexec "-n" "4" "--oversubscribe" "/home/precice/precice-build/testprecice" "--run_test=PartitionTests"
10: Environment variables: 
10:  PRECICE_ROOT=/home/precice/precice
10:  OMPI_MCA_rmaps_base_oversubscribe=1
10: Test timeout computed to be: 20
10: This test suite runs on rank 3 of 4
10: This test suite runs on rank 1 of 4
10: This test suite runs on rank 0 of 4
10: Running 17 test cases...
10: This test suite runs on rank 2 of 4
10: Running 17 test cases...
10: Running 17 test cases...
10: Running 17 test cases...
10: 16:01:57.949762||2|partition::ReceivedPartition|l603|createOwnerInformation|[36mWARNING: [0m10 of 15 vertices of mesh mesh have been filtered out since they have no influence on the mapping.
10: 16:01:57.983574||2|partition::ReceivedPartition|l603|createOwnerInformation|[36mWARNING: [0m5 of 10 vertices of mesh mesh have been filtered out since they have no influence on the mapping.
10: 16:01:58.004890||1|partition::ReceivedPartition|l603|createOwnerInformation|[36mWARNING: [0m2 of 6 vertices of mesh SolidzMesh have been filtered out since they have no influence on the mapping.
10: 16:01:58.097471||1|partition::ReceivedPartition|l603|createOwnerInformation|[36mWARNING: [0m1 of 3 vertices of mesh NastinMesh have been filtered out since they have no influence on the mapping.
10: 
10: [1;32;49m*** No errors detected
10: [0;39;49m16:01:58.165959||1|partition::ReceivedPartition|l603|createOwnerInformation|[36mWARNING: [0m2 of 6 vertices of mesh SolidzMesh have been filtered out since they have no influence on the mapping.
10: 
10: [1;32;49m*** No errors detected
10: 
10: [1;32;49m*** No errors detected
10: [0;39;49m[0;39;49m
10: [1;32;49m*** No errors detected
10: [0;39;49m
10/22 Test #10: precice.partition .................   Passed    0.54 sec
test 11
      Start 11: precice.interface

11: Test command: /usr/sbin/mpiexec "-n" "4" "--oversubscribe" "/home/precice/precice-build/testprecice" "--run_test=PreciceTests:!PreciceTests/Serial:!PreciceTests/Parallel"
11: Environment variables: 
11:  PRECICE_ROOT=/home/precice/precice
11:  OMPI_MCA_rmaps_base_oversubscribe=1
11: Test timeout computed to be: 20
11: This test suite runs on rank 1 of 4
11: This test suite runs on rank 3 of 4
11: This test suite runs on rank 0 of 4
11: Running 20 test cases...
11: This test suite runs on rank 2 of 4
11: Running 20 test cases...
11: Running 20 test cases...
11: Running 20 test cases...
11: 16:01:58.350839||0|impl::WatchIntegral|l53|initialize|[36mWARNING: [0mWatch-integral is configured with scaling option on; however, mesh rectangle does not contain connectivity information. Therefore, the integral will be calculated without scaling.
11: 16:01:58.354676||0|impl::WatchIntegral|l53|initialize|[36mWARNING: [0mWatch-integral is configured with scaling option on; however, mesh rectangle does not contain connectivity information. Therefore, the integral will be calculated without scaling.
11: 16:01:58.377477||1|impl::WatchIntegral|l53|initialize|[36mWARNING: [0mWatch-integral is configured with scaling option on; however, mesh rectangle does not contain connectivity information. Therefore, the integral will be calculated without scaling.
11: 16:01:58.377477||3|impl::WatchIntegral|l53|initialize|[36mWARNING: [0mWatch-integral is configured with scaling option on; however, mesh rectangle does not contain connectivity information. Therefore, the integral will be calculated without scaling.
11: 16:01:58.383080||0|impl::WatchIntegral|l53|initialize|[36mWARNING: [0mWatch-integral is configured with scaling option on; however, mesh rectangle does not contain connectivity information. Therefore, the integral will be calculated without scaling.
11: 16:01:58.385681||2|impl::WatchIntegral|l53|initialize|[36mWARNING: [0mWatch-integral is configured with scaling option on; however, mesh rectangle does not contain connectivity information. Therefore, the integral will be calculated without scaling.
11: 16:01:58.390094||3|impl::WatchIntegral|l53|initialize|[36mWARNING: [0mWatch-integral is configured with scaling option on; however, mesh rectangle does not contain connectivity information. Therefore, the integral will be calculated without scaling.
11: 16:01:58.390085||1|impl::WatchIntegral|l53|initialize|[36mWARNING: [0mWatch-integral is configured with scaling option on; however, mesh rectangle does not contain connectivity information. Therefore, the integral will be calculated without scaling.
11: 16:01:58.395251||0|impl::WatchIntegral|l53|initialize|[36mWARNING: [0mWatch-integral is configured with scaling option on; however, mesh rectangle does not contain connectivity information. Therefore, the integral will be calculated without scaling.
11: 16:01:58.397879||2|impl::WatchIntegral|l53|initialize|[36mWARNING: [0mWatch-integral is configured with scaling option on; however, mesh rectangle does not contain connectivity information. Therefore, the integral will be calculated without scaling.
11: 16:01:58.410569||2|impl::WatchIntegral|l53|initialize|[36mWARNING: [0mWatch-integral is configured with scaling option on; however, mesh rectangle does not contain connectivity information. Therefore, the integral will be calculated without scaling.
11: 16:01:58.413352||1|impl::WatchIntegral|l53|initialize|[36mWARNING: [0mWatch-integral is configured with scaling option on; however, mesh rectangle does not contain connectivity information. Therefore, the integral will be calculated without scaling.
11: 16:01:58.418616||1|impl::WatchIntegral|l53|initialize|[36mWARNING: [0mWatch-integral is configured with scaling option on; however, mesh rectangle does not contain connectivity information. Therefore, the integral will be calculated without scaling.
11: 16:01:58.422050||2|impl::WatchIntegral|l53|initialize|[36mWARNING: [0mWatch-integral is configured with scaling option on; however, mesh rectangle does not contain connectivity information. Therefore, the integral will be calculated without scaling.
11: 
11: [1;32;49m*** No errors detected
11: [0;39;49m
11: [1;32;49m*** No errors detected
11: [0;39;49m
11: [1;32;49m*** No errors detected
11: [0;39;49m
11: [1;32;49m*** No errors detected
11: [0;39;49m
11/22 Test #11: precice.interface .................   Passed    0.26 sec
test 12
      Start 12: precice.serial

12: Test command: /usr/sbin/mpiexec "-n" "4" "--oversubscribe" "/home/precice/precice-build/testprecice" "--run_test=PreciceTests/Serial"
12: Environment variables: 
12:  PRECICE_ROOT=/home/precice/precice
12:  OMPI_MCA_rmaps_base_oversubscribe=1
12: Test timeout computed to be: 60
12: This test suite runs on rank 2 of 4
12: This test suite runs on rank 0 of 4
12: Running 46 test cases...
12: This test suite runs on rank 1 of 4
12: Running 46 test cases...
12: Running 46 test cases...
12: This test suite runs on rank 3 of 4
12: Running 46 test cases...
12: 16:01:58.755684|Peano|0|config::ActionConfiguration|l314|getTiming|[36mWARNING: [0mon-exchange-post action timing is deprecated. on-exchange-post will now revert to read-mapping-prior which performs the action before a write mapping and before the coupling update.
12: 16:01:58.871398|Comsol|0|config::ActionConfiguration|l314|getTiming|[36mWARNING: [0mon-exchange-post action timing is deprecated. on-exchange-post will now revert to read-mapping-prior which performs the action before a write mapping and before the coupling update.
12: 16:02:00.122596|SolverTwo|0|m2n::M2NConfiguration|l161|xmlTagCallback|[36mWARNING: [0mpreCICE was compiled with OpenMPI and configured to use <m2n:mpi />, which can cause issues in connection build-up. Consider switching to sockets if you encounter problems.
12: 16:02:00.144121|SolverOne|0|m2n::M2NConfiguration|l161|xmlTagCallback|[36mWARNING: [0mpreCICE was compiled with OpenMPI and configured to use <m2n:mpi />, which can cause issues in connection build-up. Consider switching to sockets if you encounter problems.
12: 16:02:02.547357|SolverTwo|0|config::ActionConfiguration|l314|getTiming|[36mWARNING: [0mon-exchange-post action timing is deprecated. on-exchange-post will now revert to read-mapping-prior which performs the action before a write mapping and before the coupling update.
12: 16:02:02.556197|SolverOne|0|config::ActionConfiguration|l314|getTiming|[36mWARNING: [0mon-exchange-post action timing is deprecated. on-exchange-post will now revert to read-mapping-prior which performs the action before a write mapping and before the coupling update.
12: 16:02:02.563622|SolverTwo|0|config::ActionConfiguration|l314|getTiming|[36mWARNING: [0mon-exchange-post action timing is deprecated. on-exchange-post will now revert to read-mapping-prior which performs the action before a write mapping and before the coupling update.
12: 16:02:02.569361|SolverTwo|0|config::ActionConfiguration|l314|getTiming|[36mWARNING: [0mon-exchange-post action timing is deprecated. on-exchange-post will now revert to read-mapping-prior which performs the action before a write mapping and before the coupling update.
12: 16:02:02.574865|SolverOne|0|config::ActionConfiguration|l314|getTiming|[36mWARNING: [0mon-exchange-post action timing is deprecated. on-exchange-post will now revert to read-mapping-prior which performs the action before a write mapping and before the coupling update.
12: 16:02:02.580916|SolverOne|0|config::ActionConfiguration|l314|getTiming|[36mWARNING: [0mon-exchange-post action timing is deprecated. on-exchange-post will now revert to read-mapping-prior which performs the action before a write mapping and before the coupling update.
12: 16:02:03.998173|Calculix|0|m2n::M2NConfiguration|l161|xmlTagCallback|[36mWARNING: [0mpreCICE was compiled with OpenMPI and configured to use <m2n:mpi />, which can cause issues in connection build-up. Consider switching to sockets if you encounter problems.
12: 16:02:04.002417|Flite|0|m2n::M2NConfiguration|l161|xmlTagCallback|[36mWARNING: [0mpreCICE was compiled with OpenMPI and configured to use <m2n:mpi />, which can cause issues in connection build-up. Consider switching to sockets if you encounter problems.
12: 16:02:08.135758|SolverSourceOne|0|config::ActionConfiguration|l306|getTiming|[36mWARNING: [0mRegular-post action timing is deprecated. Regular-post will now revert to read-mapping-prior which performs the action after the coupling update and before a read mapping.
12: 16:02:08.145146|SolverSourceTwo|0|config::ActionConfiguration|l306|getTiming|[36mWARNING: [0mRegular-post action timing is deprecated. Regular-post will now revert to read-mapping-prior which performs the action after the coupling update and before a read mapping.
12: 16:02:08.151800|SolverTarget|0|config::ActionConfiguration|l306|getTiming|[36mWARNING: [0mRegular-post action timing is deprecated. Regular-post will now revert to read-mapping-prior which performs the action after the coupling update and before a read mapping.
12: 16:02:10.162478|SolverTwo|0|mapping::NearestProjectionMapping|l101|computeMapping|[36mWARNING: [0m2D Mesh "MeshOne" does not contain edges. Nearest projection mapping falls back to nearest neighbor mapping.
12: 16:02:10.386967|SolverTwo|0|mapping::NearestProjectionMapping|l101|computeMapping|[36mWARNING: [0m2D Mesh "MeshOne" does not contain edges. Nearest projection mapping falls back to nearest neighbor mapping.
12: 
12: [1;32;49m*** No errors detected
12: [0;39;49m
12: [1;32;49m*** No errors detected
12: [0;39;49m
12: [1;32;49m*** No errors detected
12: [0;39;49m
12: [1;32;49m*** No errors detected
12: [0;39;49m
12/22 Test #12: precice.serial ....................   Passed   12.65 sec
test 13
      Start 13: precice.parallel

13: Test command: /usr/sbin/mpiexec "-n" "4" "--oversubscribe" "/home/precice/precice-build/testprecice" "--run_test=PreciceTests/Parallel"
13: Environment variables: 
13:  PRECICE_ROOT=/home/precice/precice
13:  OMPI_MCA_rmaps_base_oversubscribe=1
13: Test timeout computed to be: 60
13: This test suite runs on rank 0 of 4
13: This test suite runs on rank 1 of 4
13: Running 23 test cases...
13: Running 23 test cases...
13: This test suite runs on rank 2 of 4
13: This test suite runs on rank 3 of 4
13: Running 23 test cases...
13: Running 23 test cases...
13: 16:02:13.029309|SolverTwo|0|acceleration::QRFactorization|l397|orthogonalize|[36mWARNING: [0mMatrix Q is not sufficiently orthogonal. Failed to rorthogonalize new column after 4 iterations. New column will be discarded. The least-squares system is very bad conditioned and the quasi-Newton will most probably fail to converge.
13: 16:02:13.029313|SolverTwo|1|acceleration::QRFactorization|l397|orthogonalize|[36mWARNING: [0mMatrix Q is not sufficiently orthogonal. Failed to rorthogonalize new column after 4 iterations. New column will be discarded. The least-squares system is very bad conditioned and the quasi-Newton will most probably fail to converge.
13: 16:02:13.045660|SolverTwo|0|acceleration::QRFactorization|l397|orthogonalize|[36mWARNING: [0mMatrix Q is not sufficiently orthogonal. Failed to rorthogonalize new column after 4 iterations. New column will be discarded. The least-squares system is very bad conditioned and the quasi-Newton will most probably fail to converge.
13: 16:02:13.045652|SolverTwo|1|acceleration::QRFactorization|l397|orthogonalize|[36mWARNING: [0mMatrix Q is not sufficiently orthogonal. Failed to rorthogonalize new column after 4 iterations. New column will be discarded. The least-squares system is very bad conditioned and the quasi-Newton will most probably fail to converge.
13: 16:02:13.066276|SolverTwo|0|acceleration::QRFactorization|l397|orthogonalize|[36mWARNING: [0mMatrix Q is not sufficiently orthogonal. Failed to rorthogonalize new column after 4 iterations. New column will be discarded. The least-squares system is very bad conditioned and the quasi-Newton will most probably fail to converge.
13: 16:02:13.066271|SolverTwo|1|acceleration::QRFactorization|l397|orthogonalize|[36mWARNING: [0mMatrix Q is not sufficiently orthogonal. Failed to rorthogonalize new column after 4 iterations. New column will be discarded. The least-squares system is very bad conditioned and the quasi-Newton will most probably fail to converge.
13: 16:02:13.079850|SolverTwo|0|acceleration::QRFactorization|l397|orthogonalize|[36mWARNING: [0mMatrix Q is not sufficiently orthogonal. Failed to rorthogonalize new column after 4 iterations. New column will be discarded. The least-squares system is very bad conditioned and the quasi-Newton will most probably fail to converge.
13: 16:02:13.083236|SolverTwo|1|acceleration::QRFactorization|l397|orthogonalize|[36mWARNING: [0mMatrix Q is not sufficiently orthogonal. Failed to rorthogonalize new column after 4 iterations. New column will be discarded. The least-squares system is very bad conditioned and the quasi-Newton will most probably fail to converge.
13: 16:02:13.100483|SolverTwo|0|acceleration::QRFactorization|l397|orthogonalize|[36mWARNING: [0mMatrix Q is not sufficiently orthogonal. Failed to rorthogonalize new column after 4 iterations. New column will be discarded. The least-squares system is very bad conditioned and the quasi-Newton will most probably fail to converge.
13: 16:02:13.100483|SolverTwo|1|acceleration::QRFactorization|l397|orthogonalize|[36mWARNING: [0mMatrix Q is not sufficiently orthogonal. Failed to rorthogonalize new column after 4 iterations. New column will be discarded. The least-squares system is very bad conditioned and the quasi-Newton will most probably fail to converge.
13: 16:02:13.141012|SolverTwo|0|acceleration::QRFactorization|l397|orthogonalize|[36mWARNING: [0mMatrix Q is not sufficiently orthogonal. Failed to rorthogonalize new column after 4 iterations. New column will be discarded. The least-squares system is very bad conditioned and the quasi-Newton will most probably fail to converge.
13: 16:02:13.143895|SolverTwo|1|acceleration::QRFactorization|l397|orthogonalize|[36mWARNING: [0mMatrix Q is not sufficiently orthogonal. Failed to rorthogonalize new column after 4 iterations. New column will be discarded. The least-squares system is very bad conditioned and the quasi-Newton will most probably fail to converge.
13: 16:02:13.152884|SolverTwo|0|acceleration::QRFactorization|l397|orthogonalize|[36mWARNING: [0mMatrix Q is not sufficiently orthogonal. Failed to rorthogonalize new column after 4 iterations. New column will be discarded. The least-squares system is very bad conditioned and the quasi-Newton will most probably fail to converge.
13: 16:02:13.155890|SolverTwo|1|acceleration::QRFactorization|l397|orthogonalize|[36mWARNING: [0mMatrix Q is not sufficiently orthogonal. Failed to rorthogonalize new column after 4 iterations. New column will be discarded. The least-squares system is very bad conditioned and the quasi-Newton will most probably fail to converge.
13: 16:02:13.173751|SolverTwo|0|acceleration::QRFactorization|l397|orthogonalize|[36mWARNING: [0mMatrix Q is not sufficiently orthogonal. Failed to rorthogonalize new column after 4 iterations. New column will be discarded. The least-squares system is very bad conditioned and the quasi-Newton will most probably fail to converge.
13: 16:02:13.176741|SolverTwo|1|acceleration::QRFactorization|l397|orthogonalize|[36mWARNING: [0mMatrix Q is not sufficiently orthogonal. Failed to rorthogonalize new column after 4 iterations. New column will be discarded. The least-squares system is very bad conditioned and the quasi-Newton will most probably fail to converge.
13: 16:02:13.217202|SolverTwo|0|acceleration::QRFactorization|l397|orthogonalize|[36mWARNING: [0mMatrix Q is not sufficiently orthogonal. Failed to rorthogonalize new column after 4 iterations. New column will be discarded. The least-squares system is very bad conditioned and the quasi-Newton will most probably fail to converge.
13: 16:02:13.220075|SolverTwo|1|acceleration::QRFactorization|l397|orthogonalize|[36mWARNING: [0mMatrix Q is not sufficiently orthogonal. Failed to rorthogonalize new column after 4 iterations. New column will be discarded. The least-squares system is very bad conditioned and the quasi-Newton will most probably fail to converge.
13: 16:02:13.228659|SolverTwo|1|acceleration::QRFactorization|l397|orthogonalize|[36mWARNING: [0mMatrix Q is not sufficiently orthogonal. Failed to rorthogonalize new column after 4 iterations. New column will be discarded. The least-squares system is very bad conditioned and the quasi-Newton will most probably fail to converge.
13: 16:02:13.231644|SolverTwo|0|acceleration::QRFactorization|l397|orthogonalize|[36mWARNING: [0mMatrix Q is not sufficiently orthogonal. Failed to rorthogonalize new column after 4 iterations. New column will be discarded. The least-squares system is very bad conditioned and the quasi-Newton will most probably fail to converge.
13: 16:02:13.249207|SolverTwo|0|acceleration::QRFactorization|l397|orthogonalize|[36mWARNING: [0mMatrix Q is not sufficiently orthogonal. Failed to rorthogonalize new column after 4 iterations. New column will be discarded. The least-squares system is very bad conditioned and the quasi-Newton will most probably fail to converge.
13: 16:02:13.252536|SolverTwo|1|acceleration::QRFactorization|l397|orthogonalize|[36mWARNING: [0mMatrix Q is not sufficiently orthogonal. Failed to rorthogonalize new column after 4 iterations. New column will be discarded. The least-squares system is very bad conditioned and the quasi-Newton will most probably fail to converge.
13: 16:02:13.259138|SolverTwo|0|acceleration::QRFactorization|l397|orthogonalize|[36mWARNING: [0mMatrix Q is not sufficiently orthogonal. Failed to rorthogonalize new column after 4 iterations. New column will be discarded. The least-squares system is very bad conditioned and the quasi-Newton will most probably fail to converge.
13: 16:02:13.259130|SolverTwo|1|acceleration::QRFactorization|l397|orthogonalize|[36mWARNING: [0mMatrix Q is not sufficiently orthogonal. Failed to rorthogonalize new column after 4 iterations. New column will be discarded. The least-squares system is very bad conditioned and the quasi-Newton will most probably fail to converge.
13: 16:02:13.513743|SolverTwo|0|acceleration::BaseQNAcceleration|l216|updateDifferenceMatrices|[36mWARNING: [0mThe number of columns in the least squares system exceeded half the number of unknowns at the interface. The system will probably become bad or ill-conditioned and the quasi-Newton acceleration may not converge. Maybe the number of allowed columns ("max-used-iterations") should be limited.
13: 16:02:13.513740|SolverTwo|1|acceleration::BaseQNAcceleration|l216|updateDifferenceMatrices|[36mWARNING: [0mThe number of columns in the least squares system exceeded half the number of unknowns at the interface. The system will probably become bad or ill-conditioned and the quasi-Newton acceleration may not converge. Maybe the number of allowed columns ("max-used-iterations") should be limited.
13: 16:02:13.530015|SolverTwo|0|acceleration::QRFactorization|l397|orthogonalize|[36mWARNING: [0mMatrix Q is not sufficiently orthogonal. Failed to rorthogonalize new column after 4 iterations. New column will be discarded. The least-squares system is very bad conditioned and the quasi-Newton will most probably fail to converge.
13: 16:02:13.532591|SolverTwo|1|acceleration::QRFactorization|l397|orthogonalize|[36mWARNING: [0mMatrix Q is not sufficiently orthogonal. Failed to rorthogonalize new column after 4 iterations. New column will be discarded. The least-squares system is very bad conditioned and the quasi-Newton will most probably fail to converge.
13: 16:02:13.546763|SolverTwo|0|acceleration::BaseQNAcceleration|l216|updateDifferenceMatrices|[36mWARNING: [0mThe number of columns in the least squares system exceeded half the number of unknowns at the interface. The system will probably become bad or ill-conditioned and the quasi-Newton acceleration may not converge. Maybe the number of allowed columns ("max-used-iterations") should be limited.
13: 16:02:13.546765|SolverTwo|1|acceleration::BaseQNAcceleration|l216|updateDifferenceMatrices|[36mWARNING: [0mThe number of columns in the least squares system exceeded half the number of unknowns at the interface. The system will probably become bad or ill-conditioned and the quasi-Newton acceleration may not converge. Maybe the number of allowed columns ("max-used-iterations") should be limited.
13: 16:02:13.557453|SolverTwo|0|acceleration::QRFactorization|l397|orthogonalize|[36mWARNING: [0mMatrix Q is not sufficiently orthogonal. Failed to rorthogonalize new column after 4 iterations. New column will be discarded. The least-squares system is very bad conditioned and the quasi-Newton will most probably fail to converge.
13: 16:02:13.560127|SolverTwo|1|acceleration::QRFactorization|l397|orthogonalize|[36mWARNING: [0mMatrix Q is not sufficiently orthogonal. Failed to rorthogonalize new column after 4 iterations. New column will be discarded. The least-squares system is very bad conditioned and the quasi-Newton will most probably fail to converge.
13: 16:02:13.572248|SolverTwo|0|acceleration::QRFactorization|l397|orthogonalize|[36mWARNING: [0mMatrix Q is not sufficiently orthogonal. Failed to rorthogonalize new column after 4 iterations. New column will be discarded. The least-squares system is very bad conditioned and the quasi-Newton will most probably fail to converge.
13: 16:02:13.572244|SolverTwo|1|acceleration::QRFactorization|l397|orthogonalize|[36mWARNING: [0mMatrix Q is not sufficiently orthogonal. Failed to rorthogonalize new column after 4 iterations. New column will be discarded. The least-squares system is very bad conditioned and the quasi-Newton will most probably fail to converge.
13: 16:02:13.585928|SolverTwo|0|acceleration::BaseQNAcceleration|l216|updateDifferenceMatrices|[36mWARNING: [0mThe number of columns in the least squares system exceeded half the number of unknowns at the interface. The system will probably become bad or ill-conditioned and the quasi-Newton acceleration may not converge. Maybe the number of allowed columns ("max-used-iterations") should be limited.
13: 16:02:13.589031|SolverTwo|1|acceleration::BaseQNAcceleration|l216|updateDifferenceMatrices|[36mWARNING: [0mThe number of columns in the least squares system exceeded half the number of unknowns at the interface. The system will probably become bad or ill-conditioned and the quasi-Newton acceleration may not converge. Maybe the number of allowed columns ("max-used-iterations") should be limited.
13: 16:02:13.598840|SolverTwo|0|acceleration::QRFactorization|l397|orthogonalize|[36mWARNING: [0mMatrix Q is not sufficiently orthogonal. Failed to rorthogonalize new column after 4 iterations. New column will be discarded. The least-squares system is very bad conditioned and the quasi-Newton will most probably fail to converge.
13: 16:02:13.601238|SolverTwo|1|acceleration::QRFactorization|l397|orthogonalize|[36mWARNING: [0mMatrix Q is not sufficiently orthogonal. Failed to rorthogonalize new column after 4 iterations. New column will be discarded. The least-squares system is very bad conditioned and the quasi-Newton will most probably fail to converge.
13: 16:02:13.608964|SolverTwo|0|acceleration::QRFactorization|l397|orthogonalize|[36mWARNING: [0mMatrix Q is not sufficiently orthogonal. Failed to rorthogonalize new column after 4 iterations. New column will be discarded. The least-squares system is very bad conditioned and the quasi-Newton will most probably fail to converge.
13: 16:02:13.608964|SolverTwo|1|acceleration::QRFactorization|l397|orthogonalize|[36mWARNING: [0mMatrix Q is not sufficiently orthogonal. Failed to rorthogonalize new column after 4 iterations. New column will be discarded. The least-squares system is very bad conditioned and the quasi-Newton will most probably fail to converge.
13: 16:02:13.621996|SolverTwo|0|acceleration::BaseQNAcceleration|l216|updateDifferenceMatrices|[36mWARNING: [0mThe number of columns in the least squares system exceeded half the number of unknowns at the interface. The system will probably become bad or ill-conditioned and the quasi-Newton acceleration may not converge. Maybe the number of allowed columns ("max-used-iterations") should be limited.
13: 16:02:13.621992|SolverTwo|1|acceleration::BaseQNAcceleration|l216|updateDifferenceMatrices|[36mWARNING: [0mThe number of columns in the least squares system exceeded half the number of unknowns at the interface. The system will probably become bad or ill-conditioned and the quasi-Newton acceleration may not converge. Maybe the number of allowed columns ("max-used-iterations") should be limited.
13: 16:02:13.631316|SolverTwo|0|acceleration::QRFactorization|l397|orthogonalize|[36mWARNING: [0mMatrix Q is not sufficiently orthogonal. Failed to rorthogonalize new column after 4 iterations. New column will be discarded. The least-squares system is very bad conditioned and the quasi-Newton will most probably fail to converge.
13: 16:02:13.631577|SolverTwo|1|acceleration::QRFactorization|l397|orthogonalize|[36mWARNING: [0mMatrix Q is not sufficiently orthogonal. Failed to rorthogonalize new column after 4 iterations. New column will be discarded. The least-squares system is very bad conditioned and the quasi-Newton will most probably fail to converge.
13: 16:02:13.653603|SolverTwo|0|acceleration::BaseQNAcceleration|l216|updateDifferenceMatrices|[36mWARNING: [0mThe number of columns in the least squares system exceeded half the number of unknowns at the interface. The system will probably become bad or ill-conditioned and the quasi-Newton acceleration may not converge. Maybe the number of allowed columns ("max-used-iterations") should be limited.
13: 16:02:13.653606|SolverTwo|1|acceleration::BaseQNAcceleration|l216|updateDifferenceMatrices|[36mWARNING: [0mThe number of columns in the least squares system exceeded half the number of unknowns at the interface. The system will probably become bad or ill-conditioned and the quasi-Newton acceleration may not converge. Maybe the number of allowed columns ("max-used-iterations") should be limited.
13: 16:02:13.671799|SolverTwo|0|acceleration::QRFactorization|l397|orthogonalize|[36mWARNING: [0mMatrix Q is not sufficiently orthogonal. Failed to rorthogonalize new column after 4 iterations. New column will be discarded. The least-squares system is very bad conditioned and the quasi-Newton will most probably fail to converge.
13: 16:02:13.671792|SolverTwo|1|acceleration::QRFactorization|l397|orthogonalize|[36mWARNING: [0mMatrix Q is not sufficiently orthogonal. Failed to rorthogonalize new column after 4 iterations. New column will be discarded. The least-squares system is very bad conditioned and the quasi-Newton will most probably fail to converge.
13: 16:02:13.687262|SolverTwo|0|acceleration::BaseQNAcceleration|l216|updateDifferenceMatrices|[36mWARNING: [0mThe number of columns in the least squares system exceeded half the number of unknowns at the interface. The system will probably become bad or ill-conditioned and the quasi-Newton acceleration may not converge. Maybe the number of allowed columns ("max-used-iterations") should be limited.
13: 16:02:13.687263|SolverTwo|1|acceleration::BaseQNAcceleration|l216|updateDifferenceMatrices|[36mWARNING: [0mThe number of columns in the least squares system exceeded half the number of unknowns at the interface. The system will probably become bad or ill-conditioned and the quasi-Newton acceleration may not converge. Maybe the number of allowed columns ("max-used-iterations") should be limited.
13: 16:02:13.711951|SolverTwo|0|acceleration::BaseQNAcceleration|l216|updateDifferenceMatrices|[36mWARNING: [0mThe number of columns in the least squares system exceeded half the number of unknowns at the interface. The system will probably become bad or ill-conditioned and the quasi-Newton acceleration may not converge. Maybe the number of allowed columns ("max-used-iterations") should be limited.
13: 16:02:13.712235|SolverTwo|1|acceleration::BaseQNAcceleration|l216|updateDifferenceMatrices|[36mWARNING: [0mThe number of columns in the least squares system exceeded half the number of unknowns at the interface. The system will probably become bad or ill-conditioned and the quasi-Newton acceleration may not converge. Maybe the number of allowed columns ("max-used-iterations") should be limited.
13: 16:02:13.730706|SolverTwo|0|acceleration::QRFactorization|l397|orthogonalize|[36mWARNING: [0mMatrix Q is not sufficiently orthogonal. Failed to rorthogonalize new column after 4 iterations. New column will be discarded. The least-squares system is very bad conditioned and the quasi-Newton will most probably fail to converge.
13: 16:02:13.730949|SolverTwo|1|acceleration::QRFactorization|l397|orthogonalize|[36mWARNING: [0mMatrix Q is not sufficiently orthogonal. Failed to rorthogonalize new column after 4 iterations. New column will be discarded. The least-squares system is very bad conditioned and the quasi-Newton will most probably fail to converge.
13: 16:02:13.744230|SolverTwo|0|acceleration::BaseQNAcceleration|l216|updateDifferenceMatrices|[36mWARNING: [0mThe number of columns in the least squares system exceeded half the number of unknowns at the interface. The system will probably become bad or ill-conditioned and the quasi-Newton acceleration may not converge. Maybe the number of allowed columns ("max-used-iterations") should be limited.
13: 16:02:13.744231|SolverTwo|1|acceleration::BaseQNAcceleration|l216|updateDifferenceMatrices|[36mWARNING: [0mThe number of columns in the least squares system exceeded half the number of unknowns at the interface. The system will probably become bad or ill-conditioned and the quasi-Newton acceleration may not converge. Maybe the number of allowed columns ("max-used-iterations") should be limited.
13: 16:02:13.756387|SolverTwo|0|acceleration::QRFactorization|l397|orthogonalize|[36mWARNING: [0mMatrix Q is not sufficiently orthogonal. Failed to rorthogonalize new column after 4 iterations. New column will be discarded. The least-squares system is very bad conditioned and the quasi-Newton will most probably fail to converge.
13: 16:02:13.756387|SolverTwo|1|acceleration::QRFactorization|l397|orthogonalize|[36mWARNING: [0mMatrix Q is not sufficiently orthogonal. Failed to rorthogonalize new column after 4 iterations. New column will be discarded. The least-squares system is very bad conditioned and the quasi-Newton will most probably fail to converge.
13: 16:02:13.780336|SolverTwo|0|acceleration::QRFactorization|l397|orthogonalize|[36mWARNING: [0mMatrix Q is not sufficiently orthogonal. Failed to rorthogonalize new column after 4 iterations. New column will be discarded. The least-squares system is very bad conditioned and the quasi-Newton will most probably fail to converge.
13: 16:02:13.780330|SolverTwo|1|acceleration::QRFactorization|l397|orthogonalize|[36mWARNING: [0mMatrix Q is not sufficiently orthogonal. Failed to rorthogonalize new column after 4 iterations. New column will be discarded. The least-squares system is very bad conditioned and the quasi-Newton will most probably fail to converge.
13: 16:02:13.800490|SolverTwo|0|acceleration::BaseQNAcceleration|l216|updateDifferenceMatrices|[36mWARNING: [0mThe number of columns in the least squares system exceeded half the number of unknowns at the interface. The system will probably become bad or ill-conditioned and the quasi-Newton acceleration may not converge. Maybe the number of allowed columns ("max-used-iterations") should be limited.
13: 16:02:13.805820|SolverTwo|1|acceleration::BaseQNAcceleration|l216|updateDifferenceMatrices|[36mWARNING: [0mThe number of columns in the least squares system exceeded half the number of unknowns at the interface. The system will probably become bad or ill-conditioned and the quasi-Newton acceleration may not converge. Maybe the number of allowed columns ("max-used-iterations") should be limited.
13: 16:02:13.815154|SolverTwo|0|acceleration::QRFactorization|l397|orthogonalize|[36mWARNING: [0mMatrix Q is not sufficiently orthogonal. Failed to rorthogonalize new column after 4 iterations. New column will be discarded. The least-squares system is very bad conditioned and the quasi-Newton will most probably fail to converge.
13: 16:02:13.817849|SolverTwo|1|acceleration::QRFactorization|l397|orthogonalize|[36mWARNING: [0mMatrix Q is not sufficiently orthogonal. Failed to rorthogonalize new column after 4 iterations. New column will be discarded. The least-squares system is very bad conditioned and the quasi-Newton will most probably fail to converge.
13: 16:02:13.830813|SolverTwo|0|acceleration::QRFactorization|l397|orthogonalize|[36mWARNING: [0mMatrix Q is not sufficiently orthogonal. Failed to rorthogonalize new column after 4 iterations. New column will be discarded. The least-squares system is very bad conditioned and the quasi-Newton will most probably fail to converge.
13: 16:02:13.831563|SolverTwo|1|acceleration::QRFactorization|l397|orthogonalize|[36mWARNING: [0mMatrix Q is not sufficiently orthogonal. Failed to rorthogonalize new column after 4 iterations. New column will be discarded. The least-squares system is very bad conditioned and the quasi-Newton will most probably fail to converge.
13: 16:02:13.852938|SolverTwo|1|acceleration::BaseQNAcceleration|l216|updateDifferenceMatrices|[36mWARNING: [0mThe number of columns in the least squares system exceeded half the number of unknowns at the interface. The system will probably become bad or ill-conditioned and the quasi-Newton acceleration may not converge. Maybe the number of allowed columns ("max-used-iterations") should be limited.
13: 16:02:13.853304|SolverTwo|0|acceleration::BaseQNAcceleration|l216|updateDifferenceMatrices|[36mWARNING: [0mThe number of columns in the least squares system exceeded half the number of unknowns at the interface. The system will probably become bad or ill-conditioned and the quasi-Newton acceleration may not converge. Maybe the number of allowed columns ("max-used-iterations") should be limited.
13: 16:02:13.862250|SolverTwo|0|acceleration::QRFactorization|l397|orthogonalize|[36mWARNING: [0mMatrix Q is not sufficiently orthogonal. Failed to rorthogonalize new column after 4 iterations. New column will be discarded. The least-squares system is very bad conditioned and the quasi-Newton will most probably fail to converge.
13: 16:02:13.863097|SolverTwo|1|acceleration::QRFactorization|l397|orthogonalize|[36mWARNING: [0mMatrix Q is not sufficiently orthogonal. Failed to rorthogonalize new column after 4 iterations. New column will be discarded. The least-squares system is very bad conditioned and the quasi-Newton will most probably fail to converge.
13: 16:02:13.891431|SolverTwo|0|acceleration::BaseQNAcceleration|l216|updateDifferenceMatrices|[36mWARNING: [0mThe number of columns in the least squares system exceeded half the number of unknowns at the interface. The system will probably become bad or ill-conditioned and the quasi-Newton acceleration may not converge. Maybe the number of allowed columns ("max-used-iterations") should be limited.
13: 16:02:13.896932|SolverTwo|1|acceleration::BaseQNAcceleration|l216|updateDifferenceMatrices|[36mWARNING: [0mThe number of columns in the least squares system exceeded half the number of unknowns at the interface. The system will probably become bad or ill-conditioned and the quasi-Newton acceleration may not converge. Maybe the number of allowed columns ("max-used-iterations") should be limited.
13: 16:02:14.184351|SolverTwo|0|acceleration::QRFactorization|l397|orthogonalize|[36mWARNING: [0mMatrix Q is not sufficiently orthogonal. Failed to rorthogonalize new column after 4 iterations. New column will be discarded. The least-squares system is very bad conditioned and the quasi-Newton will most probably fail to converge.
13: 16:02:14.184542|SolverTwo|1|acceleration::QRFactorization|l397|orthogonalize|[36mWARNING: [0mMatrix Q is not sufficiently orthogonal. Failed to rorthogonalize new column after 4 iterations. New column will be discarded. The least-squares system is very bad conditioned and the quasi-Newton will most probably fail to converge.
13: 16:02:14.197520|SolverTwo|0|acceleration::QRFactorization|l397|orthogonalize|[36mWARNING: [0mMatrix Q is not sufficiently orthogonal. Failed to rorthogonalize new column after 4 iterations. New column will be discarded. The least-squares system is very bad conditioned and the quasi-Newton will most probably fail to converge.
13: 16:02:14.197528|SolverTwo|1|acceleration::QRFactorization|l397|orthogonalize|[36mWARNING: [0mMatrix Q is not sufficiently orthogonal. Failed to rorthogonalize new column after 4 iterations. New column will be discarded. The least-squares system is very bad conditioned and the quasi-Newton will most probably fail to converge.
13: 16:02:14.220410|SolverTwo|0|acceleration::QRFactorization|l397|orthogonalize|[36mWARNING: [0mMatrix Q is not sufficiently orthogonal. Failed to rorthogonalize new column after 4 iterations. New column will be discarded. The least-squares system is very bad conditioned and the quasi-Newton will most probably fail to converge.
13: 16:02:14.220410|SolverTwo|1|acceleration::QRFactorization|l397|orthogonalize|[36mWARNING: [0mMatrix Q is not sufficiently orthogonal. Failed to rorthogonalize new column after 4 iterations. New column will be discarded. The least-squares system is very bad conditioned and the quasi-Newton will most probably fail to converge.
13: 16:02:14.238698|SolverTwo|0|acceleration::QRFactorization|l397|orthogonalize|[36mWARNING: [0mMatrix Q is not sufficiently orthogonal. Failed to rorthogonalize new column after 4 iterations. New column will be discarded. The least-squares system is very bad conditioned and the quasi-Newton will most probably fail to converge.
13: 16:02:14.238709|SolverTwo|1|acceleration::QRFactorization|l397|orthogonalize|[36mWARNING: [0mMatrix Q is not sufficiently orthogonal. Failed to rorthogonalize new column after 4 iterations. New column will be discarded. The least-squares system is very bad conditioned and the quasi-Newton will most probably fail to converge.
13: 16:02:14.262271|SolverTwo|0|acceleration::QRFactorization|l397|orthogonalize|[36mWARNING: [0mMatrix Q is not sufficiently orthogonal. Failed to rorthogonalize new column after 4 iterations. New column will be discarded. The least-squares system is very bad conditioned and the quasi-Newton will most probably fail to converge.
13: 16:02:14.262273|SolverTwo|1|acceleration::QRFactorization|l397|orthogonalize|[36mWARNING: [0mMatrix Q is not sufficiently orthogonal. Failed to rorthogonalize new column after 4 iterations. New column will be discarded. The least-squares system is very bad conditioned and the quasi-Newton will most probably fail to converge.
13: 16:02:14.292468|SolverTwo|0|acceleration::QRFactorization|l397|orthogonalize|[36mWARNING: [0mMatrix Q is not sufficiently orthogonal. Failed to rorthogonalize new column after 4 iterations. New column will be discarded. The least-squares system is very bad conditioned and the quasi-Newton will most probably fail to converge.
13: 16:02:14.292583|SolverTwo|1|acceleration::QRFactorization|l397|orthogonalize|[36mWARNING: [0mMatrix Q is not sufficiently orthogonal. Failed to rorthogonalize new column after 4 iterations. New column will be discarded. The least-squares system is very bad conditioned and the quasi-Newton will most probably fail to converge.
13: 16:02:14.327436|SolverTwo|0|acceleration::QRFactorization|l397|orthogonalize|[36mWARNING: [0mMatrix Q is not sufficiently orthogonal. Failed to rorthogonalize new column after 4 iterations. New column will be discarded. The least-squares system is very bad conditioned and the quasi-Newton will most probably fail to converge.
13: 16:02:14.330843|SolverTwo|1|acceleration::QRFactorization|l397|orthogonalize|[36mWARNING: [0mMatrix Q is not sufficiently orthogonal. Failed to rorthogonalize new column after 4 iterations. New column will be discarded. The least-squares system is very bad conditioned and the quasi-Newton will most probably fail to converge.
13: 16:02:14.363333|SolverTwo|0|acceleration::QRFactorization|l397|orthogonalize|[36mWARNING: [0mMatrix Q is not sufficiently orthogonal. Failed to rorthogonalize new column after 4 iterations. New column will be discarded. The least-squares system is very bad conditioned and the quasi-Newton will most probably fail to converge.
13: 16:02:14.367049|SolverTwo|1|acceleration::QRFactorization|l397|orthogonalize|[36mWARNING: [0mMatrix Q is not sufficiently orthogonal. Failed to rorthogonalize new column after 4 iterations. New column will be discarded. The least-squares system is very bad conditioned and the quasi-Newton will most probably fail to converge.
13: 16:02:14.398197|SolverTwo|0|acceleration::QRFactorization|l397|orthogonalize|[36mWARNING: [0mMatrix Q is not sufficiently orthogonal. Failed to rorthogonalize new column after 4 iterations. New column will be discarded. The least-squares system is very bad conditioned and the quasi-Newton will most probably fail to converge.
13: 16:02:14.401832|SolverTwo|1|acceleration::QRFactorization|l397|orthogonalize|[36mWARNING: [0mMatrix Q is not sufficiently orthogonal. Failed to rorthogonalize new column after 4 iterations. New column will be discarded. The least-squares system is very bad conditioned and the quasi-Newton will most probably fail to converge.
13: 16:02:14.709959|SolverTwo|1|acceleration::BaseQNAcceleration|l216|updateDifferenceMatrices|[36mWARNING: [0mThe number of columns in the least squares system exceeded half the number of unknowns at the interface. The system will probably become bad or ill-conditioned and the quasi-Newton acceleration may not converge. Maybe the number of allowed columns ("max-used-iterations") should be limited.
13: 16:02:14.710212|SolverTwo|0|acceleration::BaseQNAcceleration|l216|updateDifferenceMatrices|[36mWARNING: [0mThe number of columns in the least squares system exceeded half the number of unknowns at the interface. The system will probably become bad or ill-conditioned and the quasi-Newton acceleration may not converge. Maybe the number of allowed columns ("max-used-iterations") should be limited.
13: 16:02:14.723393|SolverTwo|1|acceleration::QRFactorization|l397|orthogonalize|[36mWARNING: [0mMatrix Q is not sufficiently orthogonal. Failed to rorthogonalize new column after 4 iterations. New column will be discarded. The least-squares system is very bad conditioned and the quasi-Newton will most probably fail to converge.
13: 16:02:14.723393|SolverTwo|0|acceleration::QRFactorization|l397|orthogonalize|[36mWARNING: [0mMatrix Q is not sufficiently orthogonal. Failed to rorthogonalize new column after 4 iterations. New column will be discarded. The least-squares system is very bad conditioned and the quasi-Newton will most probably fail to converge.
13: 16:02:14.740536|SolverTwo|1|acceleration::QRFactorization|l397|orthogonalize|[36mWARNING: [0mMatrix Q is not sufficiently orthogonal. Failed to rorthogonalize new column after 4 iterations. New column will be discarded. The least-squares system is very bad conditioned and the quasi-Newton will most probably fail to converge.
13: 16:02:14.740536|SolverTwo|0|acceleration::QRFactorization|l397|orthogonalize|[36mWARNING: [0mMatrix Q is not sufficiently orthogonal. Failed to rorthogonalize new column after 4 iterations. New column will be discarded. The least-squares system is very bad conditioned and the quasi-Newton will most probably fail to converge.
13: 16:02:14.757899|SolverTwo|1|acceleration::BaseQNAcceleration|l216|updateDifferenceMatrices|[36mWARNING: [0mThe number of columns in the least squares system exceeded half the number of unknowns at the interface. The system will probably become bad or ill-conditioned and the quasi-Newton acceleration may not converge. Maybe the number of allowed columns ("max-used-iterations") should be limited.
13: 16:02:14.757919|SolverTwo|0|acceleration::BaseQNAcceleration|l216|updateDifferenceMatrices|[36mWARNING: [0mThe number of columns in the least squares system exceeded half the number of unknowns at the interface. The system will probably become bad or ill-conditioned and the quasi-Newton acceleration may not converge. Maybe the number of allowed columns ("max-used-iterations") should be limited.
13: 16:02:14.772112|SolverTwo|0|acceleration::QRFactorization|l397|orthogonalize|[36mWARNING: [0mMatrix Q is not sufficiently orthogonal. Failed to rorthogonalize new column after 4 iterations. New column will be discarded. The least-squares system is very bad conditioned and the quasi-Newton will most probably fail to converge.
13: 16:02:14.774695|SolverTwo|1|acceleration::QRFactorization|l397|orthogonalize|[36mWARNING: [0mMatrix Q is not sufficiently orthogonal. Failed to rorthogonalize new column after 4 iterations. New column will be discarded. The least-squares system is very bad conditioned and the quasi-Newton will most probably fail to converge.
13: 16:02:14.791878|SolverTwo|0|acceleration::QRFactorization|l397|orthogonalize|[36mWARNING: [0mMatrix Q is not sufficiently orthogonal. Failed to rorthogonalize new column after 4 iterations. New column will be discarded. The least-squares system is very bad conditioned and the quasi-Newton will most probably fail to converge.
13: 16:02:14.791873|SolverTwo|1|acceleration::QRFactorization|l397|orthogonalize|[36mWARNING: [0mMatrix Q is not sufficiently orthogonal. Failed to rorthogonalize new column after 4 iterations. New column will be discarded. The least-squares system is very bad conditioned and the quasi-Newton will most probably fail to converge.
13: 16:02:14.810037|SolverTwo|1|acceleration::BaseQNAcceleration|l216|updateDifferenceMatrices|[36mWARNING: [0mThe number of columns in the least squares system exceeded half the number of unknowns at the interface. The system will probably become bad or ill-conditioned and the quasi-Newton acceleration may not converge. Maybe the number of allowed columns ("max-used-iterations") should be limited.
13: 16:02:14.810057|SolverTwo|0|acceleration::BaseQNAcceleration|l216|updateDifferenceMatrices|[36mWARNING: [0mThe number of columns in the least squares system exceeded half the number of unknowns at the interface. The system will probably become bad or ill-conditioned and the quasi-Newton acceleration may not converge. Maybe the number of allowed columns ("max-used-iterations") should be limited.
13: 16:02:14.823788|SolverTwo|0|acceleration::QRFactorization|l397|orthogonalize|[36mWARNING: [0mMatrix Q is not sufficiently orthogonal. Failed to rorthogonalize new column after 4 iterations. New column will be discarded. The least-squares system is very bad conditioned and the quasi-Newton will most probably fail to converge.
13: 16:02:14.826465|SolverTwo|1|acceleration::QRFactorization|l397|orthogonalize|[36mWARNING: [0mMatrix Q is not sufficiently orthogonal. Failed to rorthogonalize new column after 4 iterations. New column will be discarded. The least-squares system is very bad conditioned and the quasi-Newton will most probably fail to converge.
13: 16:02:14.850552|SolverTwo|0|acceleration::BaseQNAcceleration|l216|updateDifferenceMatrices|[36mWARNING: [0mThe number of columns in the least squares system exceeded half the number of unknowns at the interface. The system will probably become bad or ill-conditioned and the quasi-Newton acceleration may not converge. Maybe the number of allowed columns ("max-used-iterations") should be limited.
13: 16:02:14.853928|SolverTwo|1|acceleration::BaseQNAcceleration|l216|updateDifferenceMatrices|[36mWARNING: [0mThe number of columns in the least squares system exceeded half the number of unknowns at the interface. The system will probably become bad or ill-conditioned and the quasi-Newton acceleration may not converge. Maybe the number of allowed columns ("max-used-iterations") should be limited.
13: 16:02:14.862403|SolverTwo|0|acceleration::QRFactorization|l397|orthogonalize|[36mWARNING: [0mMatrix Q is not sufficiently orthogonal. Failed to rorthogonalize new column after 4 iterations. New column will be discarded. The least-squares system is very bad conditioned and the quasi-Newton will most probably fail to converge.
13: 16:02:14.864941|SolverTwo|1|acceleration::QRFactorization|l397|orthogonalize|[36mWARNING: [0mMatrix Q is not sufficiently orthogonal. Failed to rorthogonalize new column after 4 iterations. New column will be discarded. The least-squares system is very bad conditioned and the quasi-Newton will most probably fail to converge.
13: 16:02:14.889948|SolverTwo|1|acceleration::BaseQNAcceleration|l216|updateDifferenceMatrices|[36mWARNING: [0mThe number of columns in the least squares system exceeded half the number of unknowns at the interface. The system will probably become bad or ill-conditioned and the quasi-Newton acceleration may not converge. Maybe the number of allowed columns ("max-used-iterations") should be limited.
13: 16:02:14.889972|SolverTwo|0|acceleration::BaseQNAcceleration|l216|updateDifferenceMatrices|[36mWARNING: [0mThe number of columns in the least squares system exceeded half the number of unknowns at the interface. The system will probably become bad or ill-conditioned and the quasi-Newton acceleration may not converge. Maybe the number of allowed columns ("max-used-iterations") should be limited.
13: 16:02:14.904231|SolverTwo|1|acceleration::QRFactorization|l397|orthogonalize|[36mWARNING: [0mMatrix Q is not sufficiently orthogonal. Failed to rorthogonalize new column after 4 iterations. New column will be discarded. The least-squares system is very bad conditioned and the quasi-Newton will most probably fail to converge.
13: 16:02:14.904231|SolverTwo|0|acceleration::QRFactorization|l397|orthogonalize|[36mWARNING: [0mMatrix Q is not sufficiently orthogonal. Failed to rorthogonalize new column after 4 iterations. New column will be discarded. The least-squares system is very bad conditioned and the quasi-Newton will most probably fail to converge.
13: 16:02:14.939870|SolverTwo|1|acceleration::BaseQNAcceleration|l216|updateDifferenceMatrices|[36mWARNING: [0mThe number of columns in the least squares system exceeded half the number of unknowns at the interface. The system will probably become bad or ill-conditioned and the quasi-Newton acceleration may not converge. Maybe the number of allowed columns ("max-used-iterations") should be limited.
13: 16:02:14.939868|SolverTwo|0|acceleration::BaseQNAcceleration|l216|updateDifferenceMatrices|[36mWARNING: [0mThe number of columns in the least squares system exceeded half the number of unknowns at the interface. The system will probably become bad or ill-conditioned and the quasi-Newton acceleration may not converge. Maybe the number of allowed columns ("max-used-iterations") should be limited.
13: 16:02:14.960288|SolverTwo|1|acceleration::QRFactorization|l397|orthogonalize|[36mWARNING: [0mMatrix Q is not sufficiently orthogonal. Failed to rorthogonalize new column after 4 iterations. New column will be discarded. The least-squares system is very bad conditioned and the quasi-Newton will most probably fail to converge.
13: 16:02:14.960546|SolverTwo|0|acceleration::QRFactorization|l397|orthogonalize|[36mWARNING: [0mMatrix Q is not sufficiently orthogonal. Failed to rorthogonalize new column after 4 iterations. New column will be discarded. The least-squares system is very bad conditioned and the quasi-Newton will most probably fail to converge.
13: 16:02:14.994597|SolverTwo|1|acceleration::BaseQNAcceleration|l216|updateDifferenceMatrices|[36mWARNING: [0mThe number of columns in the least squares system exceeded half the number of unknowns at the interface. The system will probably become bad or ill-conditioned and the quasi-Newton acceleration may not converge. Maybe the number of allowed columns ("max-used-iterations") should be limited.
13: 16:02:14.994595|SolverTwo|0|acceleration::BaseQNAcceleration|l216|updateDifferenceMatrices|[36mWARNING: [0mThe number of columns in the least squares system exceeded half the number of unknowns at the interface. The system will probably become bad or ill-conditioned and the quasi-Newton acceleration may not converge. Maybe the number of allowed columns ("max-used-iterations") should be limited.
13: 16:02:15.014240|SolverTwo|1|acceleration::QRFactorization|l397|orthogonalize|[36mWARNING: [0mMatrix Q is not sufficiently orthogonal. Failed to rorthogonalize new column after 4 iterations. New column will be discarded. The least-squares system is very bad conditioned and the quasi-Newton will most probably fail to converge.
13: 16:02:15.018443|SolverTwo|0|acceleration::QRFactorization|l397|orthogonalize|[36mWARNING: [0mMatrix Q is not sufficiently orthogonal. Failed to rorthogonalize new column after 4 iterations. New column will be discarded. The least-squares system is very bad conditioned and the quasi-Newton will most probably fail to converge.
13: 16:02:15.402728|SolverTwo|1|acceleration::QRFactorization|l397|orthogonalize|[36mWARNING: [0mMatrix Q is not sufficiently orthogonal. Failed to rorthogonalize new column after 4 iterations. New column will be discarded. The least-squares system is very bad conditioned and the quasi-Newton will most probably fail to converge.
13: 16:02:15.402728|SolverTwo|0|acceleration::QRFactorization|l397|orthogonalize|[36mWARNING: [0mMatrix Q is not sufficiently orthogonal. Failed to rorthogonalize new column after 4 iterations. New column will be discarded. The least-squares system is very bad conditioned and the quasi-Newton will most probably fail to converge.
13: 16:02:15.428753|SolverTwo|1|acceleration::QRFactorization|l397|orthogonalize|[36mWARNING: [0mMatrix Q is not sufficiently orthogonal. Failed to rorthogonalize new column after 4 iterations. New column will be discarded. The least-squares system is very bad conditioned and the quasi-Newton will most probably fail to converge.
13: 16:02:15.428753|SolverTwo|0|acceleration::QRFactorization|l397|orthogonalize|[36mWARNING: [0mMatrix Q is not sufficiently orthogonal. Failed to rorthogonalize new column after 4 iterations. New column will be discarded. The least-squares system is very bad conditioned and the quasi-Newton will most probably fail to converge.
13: 16:02:15.459119|SolverTwo|1|acceleration::QRFactorization|l397|orthogonalize|[36mWARNING: [0mMatrix Q is not sufficiently orthogonal. Failed to rorthogonalize new column after 4 iterations. New column will be discarded. The least-squares system is very bad conditioned and the quasi-Newton will most probably fail to converge.
13: 16:02:15.459126|SolverTwo|0|acceleration::QRFactorization|l397|orthogonalize|[36mWARNING: [0mMatrix Q is not sufficiently orthogonal. Failed to rorthogonalize new column after 4 iterations. New column will be discarded. The least-squares system is very bad conditioned and the quasi-Newton will most probably fail to converge.
13: 16:02:15.497606|SolverTwo|0|acceleration::QRFactorization|l397|orthogonalize|[36mWARNING: [0mMatrix Q is not sufficiently orthogonal. Failed to rorthogonalize new column after 4 iterations. New column will be discarded. The least-squares system is very bad conditioned and the quasi-Newton will most probably fail to converge.
13: 16:02:15.497893|SolverTwo|1|acceleration::QRFactorization|l397|orthogonalize|[36mWARNING: [0mMatrix Q is not sufficiently orthogonal. Failed to rorthogonalize new column after 4 iterations. New column will be discarded. The least-squares system is very bad conditioned and the quasi-Newton will most probably fail to converge.
13: 16:02:15.523209|SolverTwo|0|acceleration::QRFactorization|l397|orthogonalize|[36mWARNING: [0mMatrix Q is not sufficiently orthogonal. Failed to rorthogonalize new column after 4 iterations. New column will be discarded. The least-squares system is very bad conditioned and the quasi-Newton will most probably fail to converge.
13: 16:02:15.526595|SolverTwo|1|acceleration::QRFactorization|l397|orthogonalize|[36mWARNING: [0mMatrix Q is not sufficiently orthogonal. Failed to rorthogonalize new column after 4 iterations. New column will be discarded. The least-squares system is very bad conditioned and the quasi-Newton will most probably fail to converge.
13: 16:02:15.541674|SolverTwo|0|acceleration::QRFactorization|l397|orthogonalize|[36mWARNING: [0mMatrix Q is not sufficiently orthogonal. Failed to rorthogonalize new column after 4 iterations. New column will be discarded. The least-squares system is very bad conditioned and the quasi-Newton will most probably fail to converge.
13: 16:02:15.541674|SolverTwo|1|acceleration::QRFactorization|l397|orthogonalize|[36mWARNING: [0mMatrix Q is not sufficiently orthogonal. Failed to rorthogonalize new column after 4 iterations. New column will be discarded. The least-squares system is very bad conditioned and the quasi-Newton will most probably fail to converge.
13: 16:02:15.616153|SolverTwo|0|acceleration::QRFactorization|l397|orthogonalize|[36mWARNING: [0mMatrix Q is not sufficiently orthogonal. Failed to rorthogonalize new column after 4 iterations. New column will be discarded. The least-squares system is very bad conditioned and the quasi-Newton will most probably fail to converge.
13: 16:02:15.616148|SolverTwo|1|acceleration::QRFactorization|l397|orthogonalize|[36mWARNING: [0mMatrix Q is not sufficiently orthogonal. Failed to rorthogonalize new column after 4 iterations. New column will be discarded. The least-squares system is very bad conditioned and the quasi-Newton will most probably fail to converge.
13: 16:02:15.650188|SolverTwo|0|acceleration::QRFactorization|l397|orthogonalize|[36mWARNING: [0mMatrix Q is not sufficiently orthogonal. Failed to rorthogonalize new column after 4 iterations. New column will be discarded. The least-squares system is very bad conditioned and the quasi-Newton will most probably fail to converge.
13: 16:02:15.651002|SolverTwo|1|acceleration::QRFactorization|l397|orthogonalize|[36mWARNING: [0mMatrix Q is not sufficiently orthogonal. Failed to rorthogonalize new column after 4 iterations. New column will be discarded. The least-squares system is very bad conditioned and the quasi-Newton will most probably fail to converge.
13: 16:02:15.668314|SolverTwo|0|acceleration::QRFactorization|l397|orthogonalize|[36mWARNING: [0mMatrix Q is not sufficiently orthogonal. Failed to rorthogonalize new column after 4 iterations. New column will be discarded. The least-squares system is very bad conditioned and the quasi-Newton will most probably fail to converge.
13: 16:02:15.669439|SolverTwo|1|acceleration::QRFactorization|l397|orthogonalize|[36mWARNING: [0mMatrix Q is not sufficiently orthogonal. Failed to rorthogonalize new column after 4 iterations. New column will be discarded. The least-squares system is very bad conditioned and the quasi-Newton will most probably fail to converge.
13: 16:02:15.702250|SolverTwo|0|acceleration::QRFactorization|l397|orthogonalize|[36mWARNING: [0mMatrix Q is not sufficiently orthogonal. Failed to rorthogonalize new column after 4 iterations. New column will be discarded. The least-squares system is very bad conditioned and the quasi-Newton will most probably fail to converge.
13: 16:02:15.703390|SolverTwo|1|acceleration::QRFactorization|l397|orthogonalize|[36mWARNING: [0mMatrix Q is not sufficiently orthogonal. Failed to rorthogonalize new column after 4 iterations. New column will be discarded. The least-squares system is very bad conditioned and the quasi-Newton will most probably fail to converge.
13: 16:02:15.736799|SolverTwo|0|acceleration::QRFactorization|l397|orthogonalize|[36mWARNING: [0mMatrix Q is not sufficiently orthogonal. Failed to rorthogonalize new column after 4 iterations. New column will be discarded. The least-squares system is very bad conditioned and the quasi-Newton will most probably fail to converge.
13: 16:02:15.737619|SolverTwo|1|acceleration::QRFactorization|l397|orthogonalize|[36mWARNING: [0mMatrix Q is not sufficiently orthogonal. Failed to rorthogonalize new column after 4 iterations. New column will be discarded. The least-squares system is very bad conditioned and the quasi-Newton will most probably fail to converge.
13: 16:02:15.784117|SolverTwo|0|acceleration::QRFactorization|l397|orthogonalize|[36mWARNING: [0mMatrix Q is not sufficiently orthogonal. Failed to rorthogonalize new column after 4 iterations. New column will be discarded. The least-squares system is very bad conditioned and the quasi-Newton will most probably fail to converge.
13: 16:02:15.785446|SolverTwo|1|acceleration::QRFactorization|l397|orthogonalize|[36mWARNING: [0mMatrix Q is not sufficiently orthogonal. Failed to rorthogonalize new column after 4 iterations. New column will be discarded. The least-squares system is very bad conditioned and the quasi-Newton will most probably fail to converge.
13: 16:02:16.080685|SolverTwo|0|acceleration::BaseQNAcceleration|l216|updateDifferenceMatrices|[36mWARNING: [0mThe number of columns in the least squares system exceeded half the number of unknowns at the interface. The system will probably become bad or ill-conditioned and the quasi-Newton acceleration may not converge. Maybe the number of allowed columns ("max-used-iterations") should be limited.
13: 16:02:16.081308|SolverTwo|1|acceleration::BaseQNAcceleration|l216|updateDifferenceMatrices|[36mWARNING: [0mThe number of columns in the least squares system exceeded half the number of unknowns at the interface. The system will probably become bad or ill-conditioned and the quasi-Newton acceleration may not converge. Maybe the number of allowed columns ("max-used-iterations") should be limited.
13: 16:02:16.085509|SolverTwo|0|acceleration::QRFactorization|l397|orthogonalize|[36mWARNING: [0mMatrix Q is not sufficiently orthogonal. Failed to rorthogonalize new column after 4 iterations. New column will be discarded. The least-squares system is very bad conditioned and the quasi-Newton will most probably fail to converge.
13: 16:02:16.085950|SolverTwo|1|acceleration::QRFactorization|l397|orthogonalize|[36mWARNING: [0mMatrix Q is not sufficiently orthogonal. Failed to rorthogonalize new column after 4 iterations. New column will be discarded. The least-squares system is very bad conditioned and the quasi-Newton will most probably fail to converge.
13: 16:02:16.093043|SolverTwo|1|acceleration::QRFactorization|l397|orthogonalize|[36mWARNING: [0mMatrix Q is not sufficiently orthogonal. Failed to rorthogonalize new column after 4 iterations. New column will be discarded. The least-squares system is very bad conditioned and the quasi-Newton will most probably fail to converge.
13: 16:02:16.093962|SolverTwo|0|acceleration::QRFactorization|l397|orthogonalize|[36mWARNING: [0mMatrix Q is not sufficiently orthogonal. Failed to rorthogonalize new column after 4 iterations. New column will be discarded. The least-squares system is very bad conditioned and the quasi-Newton will most probably fail to converge.
13: 16:02:16.129048|SolverTwo|0|acceleration::BaseQNAcceleration|l216|updateDifferenceMatrices|[36mWARNING: [0mThe number of columns in the least squares system exceeded half the number of unknowns at the interface. The system will probably become bad or ill-conditioned and the quasi-Newton acceleration may not converge. Maybe the number of allowed columns ("max-used-iterations") should be limited.
13: 16:02:16.129353|SolverTwo|1|acceleration::BaseQNAcceleration|l216|updateDifferenceMatrices|[36mWARNING: [0mThe number of columns in the least squares system exceeded half the number of unknowns at the interface. The system will probably become bad or ill-conditioned and the quasi-Newton acceleration may not converge. Maybe the number of allowed columns ("max-used-iterations") should be limited.
13: 16:02:16.140693|SolverTwo|0|acceleration::QRFactorization|l397|orthogonalize|[36mWARNING: [0mMatrix Q is not sufficiently orthogonal. Failed to rorthogonalize new column after 4 iterations. New column will be discarded. The least-squares system is very bad conditioned and the quasi-Newton will most probably fail to converge.
13: 16:02:16.140720|SolverTwo|1|acceleration::QRFactorization|l397|orthogonalize|[36mWARNING: [0mMatrix Q is not sufficiently orthogonal. Failed to rorthogonalize new column after 4 iterations. New column will be discarded. The least-squares system is very bad conditioned and the quasi-Newton will most probably fail to converge.
13: 16:02:16.160159|SolverTwo|0|acceleration::QRFactorization|l397|orthogonalize|[36mWARNING: [0mMatrix Q is not sufficiently orthogonal. Failed to rorthogonalize new column after 4 iterations. New column will be discarded. The least-squares system is very bad conditioned and the quasi-Newton will most probably fail to converge.
13: 16:02:16.160194|SolverTwo|1|acceleration::QRFactorization|l397|orthogonalize|[36mWARNING: [0mMatrix Q is not sufficiently orthogonal. Failed to rorthogonalize new column after 4 iterations. New column will be discarded. The least-squares system is very bad conditioned and the quasi-Newton will most probably fail to converge.
13: 16:02:16.186331|SolverTwo|1|acceleration::BaseQNAcceleration|l216|updateDifferenceMatrices|[36mWARNING: [0mThe number of columns in the least squares system exceeded half the number of unknowns at the interface. The system will probably become bad or ill-conditioned and the quasi-Newton acceleration may not converge. Maybe the number of allowed columns ("max-used-iterations") should be limited.
13: 16:02:16.186838|SolverTwo|0|acceleration::BaseQNAcceleration|l216|updateDifferenceMatrices|[36mWARNING: [0mThe number of columns in the least squares system exceeded half the number of unknowns at the interface. The system will probably become bad or ill-conditioned and the quasi-Newton acceleration may not converge. Maybe the number of allowed columns ("max-used-iterations") should be limited.
13: 16:02:16.191546|SolverTwo|0|acceleration::QRFactorization|l397|orthogonalize|[36mWARNING: [0mMatrix Q is not sufficiently orthogonal. Failed to rorthogonalize new column after 4 iterations. New column will be discarded. The least-squares system is very bad conditioned and the quasi-Newton will most probably fail to converge.
13: 16:02:16.192011|SolverTwo|1|acceleration::QRFactorization|l397|orthogonalize|[36mWARNING: [0mMatrix Q is not sufficiently orthogonal. Failed to rorthogonalize new column after 4 iterations. New column will be discarded. The least-squares system is very bad conditioned and the quasi-Newton will most probably fail to converge.
13: 16:02:16.202503|SolverTwo|1|acceleration::QRFactorization|l397|orthogonalize|[36mWARNING: [0mMatrix Q is not sufficiently orthogonal. Failed to rorthogonalize new column after 4 iterations. New column will be discarded. The least-squares system is very bad conditioned and the quasi-Newton will most probably fail to converge.
13: 16:02:16.202933|SolverTwo|0|acceleration::QRFactorization|l397|orthogonalize|[36mWARNING: [0mMatrix Q is not sufficiently orthogonal. Failed to rorthogonalize new column after 4 iterations. New column will be discarded. The least-squares system is very bad conditioned and the quasi-Newton will most probably fail to converge.
13: 16:02:16.246845|SolverTwo|0|acceleration::BaseQNAcceleration|l216|updateDifferenceMatrices|[36mWARNING: [0mThe number of columns in the least squares system exceeded half the number of unknowns at the interface. The system will probably become bad or ill-conditioned and the quasi-Newton acceleration may not converge. Maybe the number of allowed columns ("max-used-iterations") should be limited.
13: 16:02:16.247300|SolverTwo|1|acceleration::BaseQNAcceleration|l216|updateDifferenceMatrices|[36mWARNING: [0mThe number of columns in the least squares system exceeded half the number of unknowns at the interface. The system will probably become bad or ill-conditioned and the quasi-Newton acceleration may not converge. Maybe the number of allowed columns ("max-used-iterations") should be limited.
13: 16:02:16.255224|SolverTwo|1|acceleration::QRFactorization|l397|orthogonalize|[36mWARNING: [0mMatrix Q is not sufficiently orthogonal. Failed to rorthogonalize new column after 4 iterations. New column will be discarded. The least-squares system is very bad conditioned and the quasi-Newton will most probably fail to converge.
13: 16:02:16.255995|SolverTwo|0|acceleration::QRFactorization|l397|orthogonalize|[36mWARNING: [0mMatrix Q is not sufficiently orthogonal. Failed to rorthogonalize new column after 4 iterations. New column will be discarded. The least-squares system is very bad conditioned and the quasi-Newton will most probably fail to converge.
13: 16:02:16.272902|SolverTwo|0|acceleration::QRFactorization|l397|orthogonalize|[36mWARNING: [0mMatrix Q is not sufficiently orthogonal. Failed to rorthogonalize new column after 4 iterations. New column will be discarded. The least-squares system is very bad conditioned and the quasi-Newton will most probably fail to converge.
13: 16:02:16.273405|SolverTwo|1|acceleration::QRFactorization|l397|orthogonalize|[36mWARNING: [0mMatrix Q is not sufficiently orthogonal. Failed to rorthogonalize new column after 4 iterations. New column will be discarded. The least-squares system is very bad conditioned and the quasi-Newton will most probably fail to converge.
13: 16:02:16.291157|SolverTwo|1|acceleration::BaseQNAcceleration|l216|updateDifferenceMatrices|[36mWARNING: [0mThe number of columns in the least squares system exceeded half the number of unknowns at the interface. The system will probably become bad or ill-conditioned and the quasi-Newton acceleration may not converge. Maybe the number of allowed columns ("max-used-iterations") should be limited.
13: 16:02:16.291912|SolverTwo|0|acceleration::BaseQNAcceleration|l216|updateDifferenceMatrices|[36mWARNING: [0mThe number of columns in the least squares system exceeded half the number of unknowns at the interface. The system will probably become bad or ill-conditioned and the quasi-Newton acceleration may not converge. Maybe the number of allowed columns ("max-used-iterations") should be limited.
13: 16:02:16.348169|SolverTwo|0|acceleration::BaseQNAcceleration|l216|updateDifferenceMatrices|[36mWARNING: [0mThe number of columns in the least squares system exceeded half the number of unknowns at the interface. The system will probably become bad or ill-conditioned and the quasi-Newton acceleration may not converge. Maybe the number of allowed columns ("max-used-iterations") should be limited.
13: 16:02:16.348828|SolverTwo|1|acceleration::BaseQNAcceleration|l216|updateDifferenceMatrices|[36mWARNING: [0mThe number of columns in the least squares system exceeded half the number of unknowns at the interface. The system will probably become bad or ill-conditioned and the quasi-Newton acceleration may not converge. Maybe the number of allowed columns ("max-used-iterations") should be limited.
13: 16:02:16.384800|SolverTwo|0|acceleration::QRFactorization|l397|orthogonalize|[36mWARNING: [0mMatrix Q is not sufficiently orthogonal. Failed to rorthogonalize new column after 4 iterations. New column will be discarded. The least-squares system is very bad conditioned and the quasi-Newton will most probably fail to converge.
13: 16:02:16.384807|SolverTwo|1|acceleration::QRFactorization|l397|orthogonalize|[36mWARNING: [0mMatrix Q is not sufficiently orthogonal. Failed to rorthogonalize new column after 4 iterations. New column will be discarded. The least-squares system is very bad conditioned and the quasi-Newton will most probably fail to converge.
13: 16:02:16.400763|SolverTwo|0|acceleration::BaseQNAcceleration|l216|updateDifferenceMatrices|[36mWARNING: [0mThe number of columns in the least squares system exceeded half the number of unknowns at the interface. The system will probably become bad or ill-conditioned and the quasi-Newton acceleration may not converge. Maybe the number of allowed columns ("max-used-iterations") should be limited.
13: 16:02:16.400786|SolverTwo|1|acceleration::BaseQNAcceleration|l216|updateDifferenceMatrices|[36mWARNING: [0mThe number of columns in the least squares system exceeded half the number of unknowns at the interface. The system will probably become bad or ill-conditioned and the quasi-Newton acceleration may not converge. Maybe the number of allowed columns ("max-used-iterations") should be limited.
13: 16:02:16.424275|SolverTwo|0|acceleration::BaseQNAcceleration|l216|updateDifferenceMatrices|[36mWARNING: [0mThe number of columns in the least squares system exceeded half the number of unknowns at the interface. The system will probably become bad or ill-conditioned and the quasi-Newton acceleration may not converge. Maybe the number of allowed columns ("max-used-iterations") should be limited.
13: 16:02:16.424295|SolverTwo|1|acceleration::BaseQNAcceleration|l216|updateDifferenceMatrices|[36mWARNING: [0mThe number of columns in the least squares system exceeded half the number of unknowns at the interface. The system will probably become bad or ill-conditioned and the quasi-Newton acceleration may not converge. Maybe the number of allowed columns ("max-used-iterations") should be limited.
13: 16:02:16.448303|SolverTwo|0|acceleration::BaseQNAcceleration|l216|updateDifferenceMatrices|[36mWARNING: [0mThe number of columns in the least squares system exceeded half the number of unknowns at the interface. The system will probably become bad or ill-conditioned and the quasi-Newton acceleration may not converge. Maybe the number of allowed columns ("max-used-iterations") should be limited.
13: 16:02:16.448323|SolverTwo|1|acceleration::BaseQNAcceleration|l216|updateDifferenceMatrices|[36mWARNING: [0mThe number of columns in the least squares system exceeded half the number of unknowns at the interface. The system will probably become bad or ill-conditioned and the quasi-Newton acceleration may not converge. Maybe the number of allowed columns ("max-used-iterations") should be limited.
13: 16:02:16.459220|SolverTwo|0|acceleration::QRFactorization|l397|orthogonalize|[36mWARNING: [0mMatrix Q is not sufficiently orthogonal. Failed to rorthogonalize new column after 4 iterations. New column will be discarded. The least-squares system is very bad conditioned and the quasi-Newton will most probably fail to converge.
13: 16:02:16.459220|SolverTwo|1|acceleration::QRFactorization|l397|orthogonalize|[36mWARNING: [0mMatrix Q is not sufficiently orthogonal. Failed to rorthogonalize new column after 4 iterations. New column will be discarded. The least-squares system is very bad conditioned and the quasi-Newton will most probably fail to converge.
13: 16:02:16.471594|SolverTwo|0|acceleration::QRFactorization|l397|orthogonalize|[36mWARNING: [0mMatrix Q is not sufficiently orthogonal. Failed to rorthogonalize new column after 4 iterations. New column will be discarded. The least-squares system is very bad conditioned and the quasi-Newton will most probably fail to converge.
13: 16:02:16.471596|SolverTwo|1|acceleration::QRFactorization|l397|orthogonalize|[36mWARNING: [0mMatrix Q is not sufficiently orthogonal. Failed to rorthogonalize new column after 4 iterations. New column will be discarded. The least-squares system is very bad conditioned and the quasi-Newton will most probably fail to converge.
13: 16:02:16.487258|SolverTwo|0|acceleration::BaseQNAcceleration|l216|updateDifferenceMatrices|[36mWARNING: [0mThe number of columns in the least squares system exceeded half the number of unknowns at the interface. The system will probably become bad or ill-conditioned and the quasi-Newton acceleration may not converge. Maybe the number of allowed columns ("max-used-iterations") should be limited.
13: 16:02:16.487277|SolverTwo|1|acceleration::BaseQNAcceleration|l216|updateDifferenceMatrices|[36mWARNING: [0mThe number of columns in the least squares system exceeded half the number of unknowns at the interface. The system will probably become bad or ill-conditioned and the quasi-Newton acceleration may not converge. Maybe the number of allowed columns ("max-used-iterations") should be limited.
13: 16:02:16.498395|SolverTwo|1|acceleration::QRFactorization|l397|orthogonalize|[36mWARNING: [0mMatrix Q is not sufficiently orthogonal. Failed to rorthogonalize new column after 4 iterations. New column will be discarded. The least-squares system is very bad conditioned and the quasi-Newton will most probably fail to converge.
13: 16:02:16.502803|SolverTwo|0|acceleration::QRFactorization|l397|orthogonalize|[36mWARNING: [0mMatrix Q is not sufficiently orthogonal. Failed to rorthogonalize new column after 4 iterations. New column will be discarded. The least-squares system is very bad conditioned and the quasi-Newton will most probably fail to converge.
13: 16:02:16.863274|Structure|0|m2n::M2NConfiguration|l161|xmlTagCallback|[36mWARNING: [0mpreCICE was compiled with OpenMPI and configured to use <m2n:mpi />, which can cause issues in connection build-up. Consider switching to sockets if you encounter problems.
13: 16:02:16.867122|Fluid|0|m2n::M2NConfiguration|l161|xmlTagCallback|[36mWARNING: [0mpreCICE was compiled with OpenMPI and configured to use <m2n:mpi />, which can cause issues in connection build-up. Consider switching to sockets if you encounter problems.
13: 16:02:16.879771|Fluid|1|m2n::M2NConfiguration|l161|xmlTagCallback|[36mWARNING: [0mpreCICE was compiled with OpenMPI and configured to use <m2n:mpi />, which can cause issues in connection build-up. Consider switching to sockets if you encounter problems.
13: 16:02:16.883317|Structure|1|m2n::M2NConfiguration|l161|xmlTagCallback|[36mWARNING: [0mpreCICE was compiled with OpenMPI and configured to use <m2n:mpi />, which can cause issues in connection build-up. Consider switching to sockets if you encounter problems.
13: 16:02:17.092936|Fluid|1|m2n::M2NConfiguration|l161|xmlTagCallback|[36mWARNING: [0mpreCICE was compiled with OpenMPI and configured to use <m2n:mpi />, which can cause issues in connection build-up. Consider switching to sockets if you encounter problems.
13: 16:02:17.096180|Structure|1|m2n::M2NConfiguration|l161|xmlTagCallback|[36mWARNING: [0mpreCICE was compiled with OpenMPI and configured to use <m2n:mpi />, which can cause issues in connection build-up. Consider switching to sockets if you encounter problems.
13: 16:02:17.099647|Fluid|0|m2n::M2NConfiguration|l161|xmlTagCallback|[36mWARNING: [0mpreCICE was compiled with OpenMPI and configured to use <m2n:mpi />, which can cause issues in connection build-up. Consider switching to sockets if you encounter problems.
13: 16:02:17.106904|Structure|0|m2n::M2NConfiguration|l161|xmlTagCallback|[36mWARNING: [0mpreCICE was compiled with OpenMPI and configured to use <m2n:mpi />, which can cause issues in connection build-up. Consider switching to sockets if you encounter problems.
13: 16:02:17.338829|Structure|1|impl::SolverInterfaceImpl|l56|preConnectSlaves|[36mWARNING: [0mTwo-level initialization is still in beta testing. Several edge cases are known to fail. Please report problems nevertheless.
13: 16:02:17.339454|Structure|0|impl::SolverInterfaceImpl|l56|preConnectSlaves|[36mWARNING: [0mTwo-level initialization is still in beta testing. Several edge cases are known to fail. Please report problems nevertheless.
13: 16:02:17.345584|Fluid|0|impl::SolverInterfaceImpl|l56|preConnectSlaves|[36mWARNING: [0mTwo-level initialization is still in beta testing. Several edge cases are known to fail. Please report problems nevertheless.
13: 16:02:17.345617|Fluid|1|impl::SolverInterfaceImpl|l56|preConnectSlaves|[36mWARNING: [0mTwo-level initialization is still in beta testing. Several edge cases are known to fail. Please report problems nevertheless.
13: 16:02:17.522950|Fluid|1|impl::SolverInterfaceImpl|l56|preConnectSlaves|[36mWARNING: [0mTwo-level initialization is still in beta testing. Several edge cases are known to fail. Please report problems nevertheless.
13: 16:02:17.526276|Fluid|0|impl::SolverInterfaceImpl|l56|preConnectSlaves|[36mWARNING: [0mTwo-level initialization is still in beta testing. Several edge cases are known to fail. Please report problems nevertheless.
13: 16:02:17.529339|Structure|0|impl::SolverInterfaceImpl|l56|preConnectSlaves|[36mWARNING: [0mTwo-level initialization is still in beta testing. Several edge cases are known to fail. Please report problems nevertheless.
13: 16:02:17.529396|Structure|1|impl::SolverInterfaceImpl|l56|preConnectSlaves|[36mWARNING: [0mTwo-level initialization is still in beta testing. Several edge cases are known to fail. Please report problems nevertheless.
13: 16:02:17.785813|FluidSolver|0|partition::ReceivedPartition|l603|createOwnerInformation|[36mWARNING: [0m17 of 34 vertices of mesh Nodes have been filtered out since they have no influence on the mapping.
13: 
13: [1;32;49m*** No errors detected
13: [0;39;49m
13: 
13: [1;32;49m*** No errors detected
13: [0;39;49m[1;32;49m*** No errors detected
13: [0;39;49m
13: [1;32;49m*** No errors detected
13: [0;39;49m
13/22 Test #13: precice.parallel ..................   Passed    7.17 sec
test 14
      Start 14: precice.query

14: Test command: /usr/sbin/mpiexec "-n" "4" "--oversubscribe" "/home/precice/precice-build/testprecice" "--run_test=QueryTests"
14: Environment variables: 
14:  PRECICE_ROOT=/home/precice/precice
14:  OMPI_MCA_rmaps_base_oversubscribe=1
14: Test timeout computed to be: 20
14: This test suite runs on rank 0 of 4
14: This test suite runs on rank 1 of 4
14: This test suite runs on rank 2 of 4
14: Running 13 test cases...
14: Running 13 test cases...
14: Running 13 test cases...
14: This test suite runs on rank 3 of 4
14: Running 13 test cases...
14: 
14: [1;32;49m*** No errors detected
14: [0;39;49m
14: [1;32;49m*** No errors detected
14: [0;39;49m
14: [1;32;49m*** No errors detected
14: [0;39;49m
14: [1;32;49m*** No errors detected
14: [0;39;49m
14/22 Test #14: precice.query .....................   Passed    0.23 sec
test 15
      Start 15: precice.testing

15: Test command: /usr/sbin/mpiexec "-n" "4" "--oversubscribe" "/home/precice/precice-build/testprecice" "--run_test=TestingTests"
15: Environment variables: 
15:  PRECICE_ROOT=/home/precice/precice
15:  OMPI_MCA_rmaps_base_oversubscribe=1
15: Test timeout computed to be: 20
15: This test suite runs on rank 0 of 4
15: This test suite runs on rank 1 of 4
15: Running 9 test cases...
15: This test suite runs on rank 3 of 4
15: This test suite runs on rank 2 of 4
15: Running 9 test cases...
15: Running 9 test cases...
15: Running 9 test cases...
15: 
15: 
15: [1;32;49m*** No errors detected
15: [0;39;49m[1;32;49m*** No errors detected
15: [0;39;49m
15: [1;32;49m*** No errors detected
15: [0;39;49m
15: [1;32;49m*** No errors detected
15: [0;39;49m
15/22 Test #15: precice.testing ...................   Passed    0.20 sec
test 16
      Start 16: precice.utils

16: Test command: /usr/sbin/mpiexec "-n" "4" "--oversubscribe" "/home/precice/precice-build/testprecice" "--run_test=UtilsTests"
16: Environment variables: 
16:  PRECICE_ROOT=/home/precice/precice
16:  OMPI_MCA_rmaps_base_oversubscribe=1
16: Test timeout computed to be: 20
16: This test suite runs on rank 0 of 4
16: This test suite runs on rank 1 of 4
16: Running 29 test cases...
16: Running 29 test cases...
16: This test suite runs on rank 3 of 4
16: This test suite runs on rank 2 of 4
16: Running 29 test cases...
16: Running 29 test cases...
16: 
16: [1;32;49m*** No errors detected
16: [0;39;49m
16: [1;32;49m*** No errors detected
16: [0;39;49m
16: 
16: [1;32;49m*** No errors detected
16: [0;39;49m[1;32;49m*** No errors detected
16: [0;39;49m
16/22 Test #16: precice.utils .....................   Passed    0.23 sec
test 17
      Start 17: precice.xml

17: Test command: /usr/sbin/mpiexec "-n" "4" "--oversubscribe" "/home/precice/precice-build/testprecice" "--run_test=XML"
17: Environment variables: 
17:  PRECICE_ROOT=/home/precice/precice
17:  OMPI_MCA_rmaps_base_oversubscribe=1
17: Test timeout computed to be: 20
17: This test suite runs on rank 0 of 4
17: This test suite runs on rank 3 of 4
17: This test suite runs on rank 2 of 4
17: This test suite runs on rank 1 of 4
17: Running 10 test cases...
17: Running 10 test cases...
17: Running 10 test cases...
17: Running 10 test cases...
17: 
17: [1;32;49m*** No errors detected
17: [0;39;49m
17: [1;32;49m*** No errors detected
17: [0;39;49m
17: [1;32;49m*** No errors detected
17: [0;39;49m
17: [1;32;49m*** No errors detected
17: [0;39;49m
17/22 Test #17: precice.xml .......................   Passed    1.21 sec
test 18
      Start 18: precice.solverdummy.build.cpp

18: Test command: /usr/bin/ctest "--build-and-test" "/home/precice/precice/examples/solverdummies/cpp" "/home/precice/precice-build/Solverdummies/cpp" "--build-generator" "Unix Makefiles" "--build-options" "-Dprecice_DIR=/home/precice/precice-build" "-DCMAKE_BUILD_TYPE=Debug" "-DCMAKE_CXX_COMPILER=/usr/sbin/c++" "-DCMAKE_C_COMPILER=/usr/sbin/cc" "-DCMAKE_Fortran_COMPILER=NOTFOUND"
18: Test timeout computed to be: 20
18: Internal cmake changing into directory: /home/precice/precice-build/Solverdummies/cpp
18: ======== CMake output     ======
18: The CXX compiler identification is GNU 10.2.0
18: Detecting CXX compiler ABI info
18: Detecting CXX compiler ABI info - done
18: Check for working CXX compiler: /usr/sbin/c++ - skipped
18: Detecting CXX compile features
18: Detecting CXX compile features - done
18: Looking for C++ include pthread.h
18: Looking for C++ include pthread.h - found
18: Performing Test CMAKE_HAVE_LIBC_PTHREAD
18: Performing Test CMAKE_HAVE_LIBC_PTHREAD - Failed
18: Looking for pthread_create in pthreads
18: Looking for pthread_create in pthreads - not found
18: Looking for pthread_create in pthread
18: Looking for pthread_create in pthread - found
18: Found Threads: TRUE  
18: Configuring done
18: Generating done
18: CMake Warning:
18:   Manually-specified variables were not used by the project:
18: 
18:     CMAKE_C_COMPILER
18:     CMAKE_Fortran_COMPILER
18: 
18: 
18: Build files have been written to: /home/precice/precice-build/Solverdummies/cpp
18: ======== End CMake output ======
18: Change Dir: /home/precice/precice-build/Solverdummies/cpp
18: 
18: Run Clean Command:/usr/sbin/make clean
18: make[4]: Entering directory '/home/precice/precice-build/Solverdummies/cpp'
18: make[5]: Entering directory '/home/precice/precice-build/Solverdummies/cpp'
18: make[6]: Entering directory '/home/precice/precice-build/Solverdummies/cpp'
18: make[6]: Leaving directory '/home/precice/precice-build/Solverdummies/cpp'
18: make[5]: Leaving directory '/home/precice/precice-build/Solverdummies/cpp'
18: make[4]: Leaving directory '/home/precice/precice-build/Solverdummies/cpp'
18: 
18: Run Build Command(s):/usr/sbin/make && make[4]: Entering directory '/home/precice/precice-build/Solverdummies/cpp'
18: make[5]: Entering directory '/home/precice/precice-build/Solverdummies/cpp'
18: make[6]: Entering directory '/home/precice/precice-build/Solverdummies/cpp'
18: Scanning dependencies of target solverdummy
18: make[6]: Leaving directory '/home/precice/precice-build/Solverdummies/cpp'
18: make[6]: Entering directory '/home/precice/precice-build/Solverdummies/cpp'
18: [ 50%] Building CXX object CMakeFiles/solverdummy.dir/solverdummy.cpp.o
18: [100%] Linking CXX executable solverdummy
18: make[6]: Leaving directory '/home/precice/precice-build/Solverdummies/cpp'
18: [100%] Built target solverdummy
18: make[5]: Leaving directory '/home/precice/precice-build/Solverdummies/cpp'
18: make[4]: Leaving directory '/home/precice/precice-build/Solverdummies/cpp'
18: 
18/22 Test #18: precice.solverdummy.build.cpp .....   Passed    1.24 sec
test 19
      Start 19: precice.solverdummy.build.c

19: Test command: /usr/bin/ctest "--build-and-test" "/home/precice/precice/examples/solverdummies/c" "/home/precice/precice-build/Solverdummies/c" "--build-generator" "Unix Makefiles" "--build-options" "-Dprecice_DIR=/home/precice/precice-build" "-DCMAKE_BUILD_TYPE=Debug" "-DCMAKE_CXX_COMPILER=/usr/sbin/c++" "-DCMAKE_C_COMPILER=/usr/sbin/cc" "-DCMAKE_Fortran_COMPILER=NOTFOUND"
19: Test timeout computed to be: 20
19: Internal cmake changing into directory: /home/precice/precice-build/Solverdummies/c
19: ======== CMake output     ======
19: The C compiler identification is GNU 10.2.0
19: Detecting C compiler ABI info
19: Detecting C compiler ABI info - done
19: Check for working C compiler: /usr/sbin/cc - skipped
19: Detecting C compile features
19: Detecting C compile features - done
19: Looking for pthread.h
19: Looking for pthread.h - found
19: Performing Test CMAKE_HAVE_LIBC_PTHREAD
19: Performing Test CMAKE_HAVE_LIBC_PTHREAD - Failed
19: Looking for pthread_create in pthreads
19: Looking for pthread_create in pthreads - not found
19: Looking for pthread_create in pthread
19: Looking for pthread_create in pthread - found
19: Found Threads: TRUE  
19: Configuring done
19: Generating done
19: CMake Warning:
19:   Manually-specified variables were not used by the project:
19: 
19:     CMAKE_CXX_COMPILER
19:     CMAKE_Fortran_COMPILER
19: 
19: 
19: Build files have been written to: /home/precice/precice-build/Solverdummies/c
19: ======== End CMake output ======
19: Change Dir: /home/precice/precice-build/Solverdummies/c
19: 
19: Run Clean Command:/usr/sbin/make clean
19: make[4]: Entering directory '/home/precice/precice-build/Solverdummies/c'
19: make[5]: Entering directory '/home/precice/precice-build/Solverdummies/c'
19: make[6]: Entering directory '/home/precice/precice-build/Solverdummies/c'
19: make[6]: Leaving directory '/home/precice/precice-build/Solverdummies/c'
19: make[5]: Leaving directory '/home/precice/precice-build/Solverdummies/c'
19: make[4]: Leaving directory '/home/precice/precice-build/Solverdummies/c'
19: 
19: Run Build Command(s):/usr/sbin/make && make[4]: Entering directory '/home/precice/precice-build/Solverdummies/c'
19: make[5]: Entering directory '/home/precice/precice-build/Solverdummies/c'
19: make[6]: Entering directory '/home/precice/precice-build/Solverdummies/c'
19: Scanning dependencies of target solverdummy
19: make[6]: Leaving directory '/home/precice/precice-build/Solverdummies/c'
19: make[6]: Entering directory '/home/precice/precice-build/Solverdummies/c'
19: [ 50%] Building C object CMakeFiles/solverdummy.dir/solverdummy.c.o
19: [100%] Linking C executable solverdummy
19: make[6]: Leaving directory '/home/precice/precice-build/Solverdummies/c'
19: [100%] Built target solverdummy
19: make[5]: Leaving directory '/home/precice/precice-build/Solverdummies/c'
19: make[4]: Leaving directory '/home/precice/precice-build/Solverdummies/c'
19: 
19/22 Test #19: precice.solverdummy.build.c .......   Passed    0.63 sec
test 20
      Start 20: precice.solverdummy.run.cpp-cpp

20: Test command: /usr/bin/cmake "-D" "WRAPPER=/home/precice/precice/cmake/runsolverdummies.sh" "-D" "DUMMY_A=/home/precice/precice-build/Solverdummies/cpp/solverdummy" "-D" "DUMMY_B=/home/precice/precice-build/Solverdummies/cpp/solverdummy" "-D" "DUMMY_RUN_DIR=/home/precice/precice-build/TestOutput/solverdummy.run.cpp-cpp" "-D" "DUMMY_CONFIG=/home/precice/precice/examples/solverdummies/precice-config.xml" "-P" "/home/precice/precice/cmake/runsolverdummies.cmake"
20: Test timeout computed to be: 60
20: DUMMY: Running solver dummy with preCICE config file "/home/precice/precice/examples/solverdummies/precice-config.xml", participant name "SolverOne", and mesh name "MeshOne".
20: preCICE:[0m This is preCICE version 2.2.0
20: preCICE:[0m Revision info: no-info [Git failed/Not a repository]
20: preCICE:[0m Configuration: Debug
20: preCICE:[0m Configuring preCICE with configuration "/home/precice/precice/examples/solverdummies/precice-config.xml"
20: preCICE:[0m I am participant "SolverOne"
20: DUMMY: Running solver dummy with preCICE config file "/home/precice/precice/examples/solverdummies/precice-config.xml", participant name "SolverTwo", and mesh name "MeshTwo".
20: preCICE:[0m This is preCICE version 2.2.0
20: preCICE:[0m Revision info: no-info [Git failed/Not a repository]
20: preCICE:[0m Configuration: Debug
20: preCICE:[0m Configuring preCICE with configuration "/home/precice/precice/examples/solverdummies/precice-config.xml"
20: preCICE:[0m I am participant "SolverTwo"
20: preCICE:[0m Setting up master communication to coupling partner/s
20: preCICE:[0m Setting up master communication to coupling partner/s
20: preCICE:[0m Masters are connected
20: preCICE:[0m Setting up preliminary slaves communication to coupling partner/s
20: preCICE:[0m Prepare partition for mesh MeshOne
20: preCICE:[0m Gather mesh MeshOne
20: preCICE:[0m Send global mesh MeshOne
20: preCICE:[0m Masters are connected
20: preCICE:[0m Setting up preliminary slaves communication to coupling partner/s
20: preCICE:[0m Setting up slaves communication to coupling partner/s
20: preCICE:[0m Receive global mesh MeshOne
20: preCICE:[0m Prepare partition for mesh MeshTwo
20: preCICE:[0m Setting up slaves communication to coupling partner/s
20: preCICE:[0m Slaves are connected
20: preCICE:[0m Slaves are connected
20: preCICE:[0m iteration: 1 of 2, time-window: 1 of 2, time: 0, time-window-size: 1, max-timestep-length: 1, ongoing: yes, time-window-complete: no, write-iteration-checkpoint 
20: preCICE:[0m Compute read mapping from mesh "MeshOne" to mesh "MeshTwo".
20: preCICE:[0m Mapping distance min:0 max:0 avg: 0 var: 0 cnt: 3
20: preCICE:[0m iteration: 1 of 2, time-window: 1 of 2, time: 0, time-window-size: 1, max-timestep-length: 1, ongoing: yes, time-window-complete: no, write-iteration-checkpoint 
20: DUMMY: Writing iteration checkpoint
20: preCICE:[0m Compute write mapping from mesh "MeshTwo" to mesh "MeshOne".
20: preCICE:[0m Mapping distance min:0 max:0 avg: 0 var: 0 cnt: 3
20: preCICE:[0m min iteration convergence measure: #it = 1 of 5, conv = false
20: DUMMY: Writing iteration checkpoint
20: preCICE:[0m iteration: 2 of 2, time-window: 1 of 2, time: 0, time-window-size: 1, max-timestep-length: 1, ongoing: yes, time-window-complete: no, read-iteration-checkpoint 
20: preCICE:[0m iteration: 2 of 2, time-window: 1 of 2, time: 0, time-window-size: 1, max-timestep-length: 1, ongoing: yes, time-window-complete: no, read-iteration-checkpoint 
20: DUMMY: Reading iteration checkpoint
20: preCICE:[0m min iteration convergence measure: #it = 2 of 5, conv = false
20: DUMMY: Reading iteration checkpoint
20: preCICE:[0m Time window completed
20: preCICE:[0m iteration: 1 of 2, time-window: 2 of 2, time: 1, time-window-size: 1, max-timestep-length: 1, ongoing: yes, time-window-complete: yes, write-iteration-checkpoint 
20: preCICE:[0m Time window completed
20: preCICE:[0m iteration: 1 of 2, time-window: 2 of 2, time: 1, time-window-size: 1, max-timestep-length: 1, ongoing: yes, time-window-complete: yes, write-iteration-checkpoint 
20: DUMMY: Advancing in time
20: DUMMY: Writing iteration checkpoint
20: preCICE:[0m min iteration convergence measure: #it = 1 of 5, conv = false
20: DUMMY: Advancing in time
20: DUMMY: Writing iteration checkpoint
20: preCICE:[0m iteration: 2 of 2, time-window: 2 of 2, time: 1, time-window-size: 1, max-timestep-length: 1, ongoing: yes, time-window-complete: no, read-iteration-checkpoint 
20: preCICE:[0m iteration: 2 of 2, time-window: 2 of 2, time: 1, time-window-size: 1, max-timestep-length: 1, ongoing: yes, time-window-complete: no, read-iteration-checkpoint 
20: DUMMY: Reading iteration checkpoint
20: preCICE:[0m min iteration convergence measure: #it = 2 of 5, conv = false
20: DUMMY: Reading iteration checkpoint
20: preCICE:[0m Time window completed
20: preCICE:[0m iteration: 1 of 2, time-window: 3 of 2, time: 2, time-window-size: 1, max-timestep-length: 1, ongoing: no, time-window-complete: yes, 
20: preCICE:[0m Time window completed
20: preCICE:[0m iteration: 1 of 2, time-window: 3 of 2, time: 2, time-window-size: 1, max-timestep-length: 1, ongoing: no, time-window-complete: yes, 
20: DUMMY: Advancing in time
20: DUMMY: Closing C++ solver dummy...
20: DUMMY: Advancing in time
20: DUMMY: Closing C++ solver dummy...
20/22 Test #20: precice.solverdummy.run.cpp-cpp ...   Passed    0.29 sec
test 21
      Start 21: precice.solverdummy.run.c-c

21: Test command: /usr/bin/cmake "-D" "WRAPPER=/home/precice/precice/cmake/runsolverdummies.sh" "-D" "DUMMY_A=/home/precice/precice-build/Solverdummies/c/solverdummy" "-D" "DUMMY_B=/home/precice/precice-build/Solverdummies/c/solverdummy" "-D" "DUMMY_RUN_DIR=/home/precice/precice-build/TestOutput/solverdummy.run.c-c" "-D" "DUMMY_CONFIG=/home/precice/precice/examples/solverdummies/precice-config.xml" "-P" "/home/precice/precice/cmake/runsolverdummies.cmake"
21: Test timeout computed to be: 60
21: DUMMY: Running solver dummy with preCICE config file "/home/precice/precice/examples/solverdummies/precice-config.xml", participant name "SolverOne", and mesh name "MeshOne".
21: preCICE:[0m This is preCICE version 2.2.0
21: preCICE:[0m Revision info: no-info [Git failed/Not a repository]
21: preCICE:[0m Configuration: Debug
21: preCICE:[0m Configuring preCICE with configuration "/home/precice/precice/examples/solverdummies/precice-config.xml"
21: preCICE:[0m I am participant "SolverOne"
21: preCICE:[0m Setting up master communication to coupling partner/s
21: DUMMY: Running solver dummy with preCICE config file "/home/precice/precice/examples/solverdummies/precice-config.xml", participant name "SolverTwo", and mesh name "MeshTwo".
21: preCICE:[0m This is preCICE version 2.2.0
21: preCICE:[0m Revision info: no-info [Git failed/Not a repository]
21: preCICE:[0m Configuration: Debug
21: preCICE:[0m Configuring preCICE with configuration "/home/precice/precice/examples/solverdummies/precice-config.xml"
21: preCICE:[0m I am participant "SolverTwo"
21: preCICE:[0m Setting up master communication to coupling partner/s
21: preCICE:[0m Masters are connected
21: preCICE:[0m Masters are connected
21: preCICE:[0m Setting up preliminary slaves communication to coupling partner/s
21: preCICE:[0m Receive global mesh MeshOne
21: preCICE:[0m Setting up preliminary slaves communication to coupling partner/s
21: preCICE:[0m Prepare partition for mesh MeshOne
21: preCICE:[0m Gather mesh MeshOne
21: preCICE:[0m Send global mesh MeshOne
21: preCICE:[0m Prepare partition for mesh MeshTwo
21: preCICE:[0m Setting up slaves communication to coupling partner/s
21: preCICE:[0m Setting up slaves communication to coupling partner/s
21: preCICE:[0m Slaves are connected
21: preCICE:[0m Slaves are connected
21: preCICE:[0m iteration: 1 of 2, time-window: 1 of 2, time: 0, time-window-size: 1, max-timestep-length: 1, ongoing: yes, time-window-complete: no, write-iteration-checkpoint 
21: preCICE:[0m Compute read mapping from mesh "MeshOne" to mesh "MeshTwo".
21: preCICE:[0m Mapping distance min:0 max:0 avg: 0 var: 0 cnt: 3
21: preCICE:[0m iteration: 1 of 2, time-window: 1 of 2, time: 0, time-window-size: 1, max-timestep-length: 1, ongoing: yes, time-window-complete: no, write-iteration-checkpoint 
21: DUMMY: Writing iteration checkpoint 
21: preCICE:[0m Compute write mapping from mesh "MeshTwo" to mesh "MeshOne".
21: preCICE:[0m Mapping distance min:0 max:0 avg: 0 var: 0 cnt: 3
21: preCICE:[0m min iteration convergence measure: #it = 1 of 5, conv = false
21: DUMMY: Writing iteration checkpoint 
21: preCICE:[0m iteration: 2 of 2, time-window: 1 of 2, time: 0, time-window-size: 1, max-timestep-length: 1, ongoing: yes, time-window-complete: no, read-iteration-checkpoint 
21: preCICE:[0m iteration: 2 of 2, time-window: 1 of 2, time: 0, time-window-size: 1, max-timestep-length: 1, ongoing: yes, time-window-complete: no, read-iteration-checkpoint 
21: DUMMY: Reading iteration checkpoint 
21: preCICE:[0m min iteration convergence measure: #it = 2 of 5, conv = false
21: DUMMY: Reading iteration checkpoint 
21: preCICE:[0m Time window completed
21: preCICE:[0m iteration: 1 of 2, time-window: 2 of 2, time: 1, time-window-size: 1, max-timestep-length: 1, ongoing: yes, time-window-complete: yes, write-iteration-checkpoint 
21: preCICE:[0m Time window completed
21: preCICE:[0m iteration: 1 of 2, time-window: 2 of 2, time: 1, time-window-size: 1, max-timestep-length: 1, ongoing: yes, time-window-complete: yes, write-iteration-checkpoint 
21: DUMMY: Advancing in time 
21: DUMMY: Writing iteration checkpoint 
21: preCICE:[0m min iteration convergence measure: #it = 1 of 5, conv = false
21: DUMMY: Advancing in time 
21: DUMMY: Writing iteration checkpoint 
21: preCICE:[0m iteration: 2 of 2, time-window: 2 of 2, time: 1, time-window-size: 1, max-timestep-length: 1, ongoing: yes, time-window-complete: no, read-iteration-checkpoint 
21: preCICE:[0m iteration: 2 of 2, time-window: 2 of 2, time: 1, time-window-size: 1, max-timestep-length: 1, ongoing: yes, time-window-complete: no, read-iteration-checkpoint 
21: DUMMY: Reading iteration checkpoint 
21: preCICE:[0m min iteration convergence measure: #it = 2 of 5, conv = false
21: DUMMY: Reading iteration checkpoint 
21: preCICE:[0m Time window completed
21: preCICE:[0m iteration: 1 of 2, time-window: 3 of 2, time: 2, time-window-size: 1, max-timestep-length: 1, ongoing: no, time-window-complete: yes, 
21: preCICE:[0m Time window completed
21: preCICE:[0m iteration: 1 of 2, time-window: 3 of 2, time: 2, time-window-size: 1, max-timestep-length: 1, ongoing: no, time-window-complete: yes, 
21: DUMMY: Advancing in time 
21: DUMMY: Closing C solver dummy... 
21: DUMMY: Advancing in time 
21: DUMMY: Closing C solver dummy... 
21/22 Test #21: precice.solverdummy.run.c-c .......   Passed    0.29 sec
test 22
      Start 22: precice.solverdummy.run.cpp-c

22: Test command: /usr/bin/cmake "-D" "WRAPPER=/home/precice/precice/cmake/runsolverdummies.sh" "-D" "DUMMY_A=/home/precice/precice-build/Solverdummies/cpp/solverdummy" "-D" "DUMMY_B=/home/precice/precice-build/Solverdummies/c/solverdummy" "-D" "DUMMY_RUN_DIR=/home/precice/precice-build/TestOutput/solverdummy.run.cpp-c" "-D" "DUMMY_CONFIG=/home/precice/precice/examples/solverdummies/precice-config.xml" "-P" "/home/precice/precice/cmake/runsolverdummies.cmake"
22: Test timeout computed to be: 60
22: DUMMY: Running solver dummy with preCICE config file "/home/precice/precice/examples/solverdummies/precice-config.xml", participant name "SolverOne", and mesh name "MeshOne".
22: preCICE:[0m This is preCICE version 2.2.0
22: preCICE:[0m Revision info: no-info [Git failed/Not a repository]
22: preCICE:[0m Configuration: Debug
22: preCICE:[0m Configuring preCICE with configuration "/home/precice/precice/examples/solverdummies/precice-config.xml"
22: preCICE:[0m I am participant "SolverOne"
22: preCICE:[0m Setting up master communication to coupling partner/s
22: DUMMY: Running solver dummy with preCICE config file "/home/precice/precice/examples/solverdummies/precice-config.xml", participant name "SolverTwo", and mesh name "MeshTwo".
22: preCICE:[0m This is preCICE version 2.2.0
22: preCICE:[0m Revision info: no-info [Git failed/Not a repository]
22: preCICE:[0m Configuration: Debug
22: preCICE:[0m Configuring preCICE with configuration "/home/precice/precice/examples/solverdummies/precice-config.xml"
22: preCICE:[0m I am participant "SolverTwo"
22: preCICE:[0m Setting up master communication to coupling partner/s
22: preCICE:[0m Masters are connected
22: preCICE:[0m Masters are connected
22: preCICE:[0m Setting up preliminary slaves communication to coupling partner/s
22: preCICE:[0m Receive global mesh MeshOne
22: preCICE:[0m Setting up preliminary slaves communication to coupling partner/s
22: preCICE:[0m Prepare partition for mesh MeshOne
22: preCICE:[0m Gather mesh MeshOne
22: preCICE:[0m Send global mesh MeshOne
22: preCICE:[0m Prepare partition for mesh MeshTwo
22: preCICE:[0m Setting up slaves communication to coupling partner/s
22: preCICE:[0m Setting up slaves communication to coupling partner/s
22: preCICE:[0m Slaves are connected
22: preCICE:[0m Slaves are connected
22: preCICE:[0m iteration: 1 of 2, time-window: 1 of 2, time: 0, time-window-size: 1, max-timestep-length: 1, ongoing: yes, time-window-complete: no, write-iteration-checkpoint 
22: preCICE:[0m Compute read mapping from mesh "MeshOne" to mesh "MeshTwo".
22: preCICE:[0m Mapping distance min:0 max:0 avg: 0 var: 0 cnt: 3
22: preCICE:[0m iteration: 1 of 2, time-window: 1 of 2, time: 0, time-window-size: 1, max-timestep-length: 1, ongoing: yes, time-window-complete: no, write-iteration-checkpoint 
22: DUMMY: Writing iteration checkpoint 
22: preCICE:[0m Compute write mapping from mesh "MeshTwo" to mesh "MeshOne".
22: preCICE:[0m Mapping distance min:0 max:0 avg: 0 var: 0 cnt: 3
22: preCICE:[0m min iteration convergence measure: #it = 1 of 5, conv = false
22: DUMMY: Writing iteration checkpoint
22: preCICE:[0m iteration: 2 of 2, time-window: 1 of 2, time: 0, time-window-size: 1, max-timestep-length: 1, ongoing: yes, time-window-complete: no, read-iteration-checkpoint 
22: preCICE:[0m iteration: 2 of 2, time-window: 1 of 2, time: 0, time-window-size: 1, max-timestep-length: 1, ongoing: yes, time-window-complete: no, read-iteration-checkpoint 
22: DUMMY: Reading iteration checkpoint 
22: preCICE:[0m min iteration convergence measure: #it = 2 of 5, conv = false
22: DUMMY: Reading iteration checkpoint
22: preCICE:[0m Time window completed
22: preCICE:[0m iteration: 1 of 2, time-window: 2 of 2, time: 1, time-window-size: 1, max-timestep-length: 1, ongoing: yes, time-window-complete: yes, write-iteration-checkpoint 
22: preCICE:[0m Time window completed
22: preCICE:[0m iteration: 1 of 2, time-window: 2 of 2, time: 1, time-window-size: 1, max-timestep-length: 1, ongoing: yes, time-window-complete: yes, write-iteration-checkpoint 
22: DUMMY: Advancing in time 
22: DUMMY: Writing iteration checkpoint 
22: preCICE:[0m min iteration convergence measure: #it = 1 of 5, conv = false
22: DUMMY: Advancing in time
22: DUMMY: Writing iteration checkpoint
22: preCICE:[0m iteration: 2 of 2, time-window: 2 of 2, time: 1, time-window-size: 1, max-timestep-length: 1, ongoing: yes, time-window-complete: no, read-iteration-checkpoint 
22: preCICE:[0m iteration: 2 of 2, time-window: 2 of 2, time: 1, time-window-size: 1, max-timestep-length: 1, ongoing: yes, time-window-complete: no, read-iteration-checkpoint 
22: DUMMY: Reading iteration checkpoint 
22: preCICE:[0m min iteration convergence measure: #it = 2 of 5, conv = false
22: DUMMY: Reading iteration checkpoint
22: preCICE:[0m Time window completed
22: preCICE:[0m iteration: 1 of 2, time-window: 3 of 2, time: 2, time-window-size: 1, max-timestep-length: 1, ongoing: no, time-window-complete: yes, 
22: preCICE:[0m Time window completed
22: preCICE:[0m iteration: 1 of 2, time-window: 3 of 2, time: 2, time-window-size: 1, max-timestep-length: 1, ongoing: no, time-window-complete: yes, 
22: DUMMY: Advancing in time
22: DUMMY: Closing C++ solver dummy...
22: DUMMY: Advancing in time 
22: DUMMY: Closing C solver dummy... 
22/22 Test #22: precice.solverdummy.run.cpp-c .....   Passed    0.27 sec

100% tests passed, 0 tests failed out of 22

Label Time Summary:
Solverdummy    =   2.72 sec*proc (5 tests)

Total Test time (real) =  31.10 sec
[100%] Built target test_base
-- Found Git: /usr/sbin/git (found version "2.30.0") 
-- Revision status: Detection failed
[  0%] Built target GitRevision
[ 62%] Built target precice
[ 63%] Built target binprecice
[100%] Built target testprecice
Install the project...
-- Install configuration: "Debug"
-- Installing: /home/precice/precice-install/lib/libprecice.so.2.2.0
-- Installing: /home/precice/precice-install/lib/libprecice.so.2
-- Set runtime path of "/home/precice/precice-install/lib/libprecice.so.2.2.0" to ""
-- Installing: /home/precice/precice-install/lib/libprecice.so
-- Installing: /home/precice/precice-install/include/precice/SolverInterface.hpp
-- Installing: /home/precice/precice-install/include/precice/SolverInterfaceC.h
-- Installing: /home/precice/precice-install/include/precice/SolverInterfaceFortran.hpp
-- Installing: /home/precice/precice-install/include/precice/SolverInterfaceFASTEST.hpp
-- Installing: /home/precice/precice-install/bin/binprecice
-- Set runtime path of "/home/precice/precice-install/bin/binprecice" to ""
-- Installing: /home/precice/precice-install/share/precice/examples
-- Installing: /home/precice/precice-install/share/precice/examples/solverdummies
-- Installing: /home/precice/precice-install/share/precice/examples/solverdummies/solverdummies.doxys
-- Installing: /home/precice/precice-install/share/precice/examples/solverdummies/c
-- Installing: /home/precice/precice-install/share/precice/examples/solverdummies/c/solverdummy.c
-- Installing: /home/precice/precice-install/share/precice/examples/solverdummies/c/CMakeLists.txt
-- Installing: /home/precice/precice-install/share/precice/examples/solverdummies/c/README.md
-- Installing: /home/precice/precice-install/share/precice/examples/solverdummies/precice-config.xml
-- Installing: /home/precice/precice-install/share/precice/examples/solverdummies/fortran
-- Installing: /home/precice/precice-install/share/precice/examples/solverdummies/fortran/CMakeLists.txt
-- Installing: /home/precice/precice-install/share/precice/examples/solverdummies/fortran/solverdummy.f90
-- Installing: /home/precice/precice-install/share/precice/examples/solverdummies/fortran/README.md
-- Installing: /home/precice/precice-install/share/precice/examples/solverdummies/README.md
-- Installing: /home/precice/precice-install/share/precice/examples/solverdummies/cpp
-- Installing: /home/precice/precice-install/share/precice/examples/solverdummies/cpp/CMakeLists.txt
-- Installing: /home/precice/precice-install/share/precice/examples/solverdummies/cpp/test.cmake
-- Installing: /home/precice/precice-install/share/precice/examples/solverdummies/cpp/README.md
-- Installing: /home/precice/precice-install/share/precice/examples/solverdummies/cpp/solverdummy.cpp
-- Installing: /home/precice/precice-install/lib/cmake/precice/preciceTargets.cmake
-- Installing: /home/precice/precice-install/lib/cmake/precice/preciceTargets-debug.cmake
-- Installing: /home/precice/precice-install/lib/cmake/precice/preciceConfig.cmake
-- Installing: /home/precice/precice-install/lib/cmake/precice/preciceConfigVersion.cmake
-- Installing: /home/precice/precice-install/share/man/man1
-- Installing: /home/precice/precice-install/share/man/man1/binprecice.1.gz
-- Installing: /home/precice/precice-install/lib/pkgconfig
-- Installing: /home/precice/precice-install/lib/pkgconfig/libprecice.pc
-- Installing: /home/precice/precice-install/share/doc/libprecice2/copyright
-- Installing: /home/precice/precice-install/share/lintian/overrides/libprecice2
-- Installing: /home/precice/precice-install/share/doc/libprecice2/changelog.gz
Removing intermediate container c1727dc6a850
 ---> 5f297b296492
Step 14/15 : ENV PRECICE_ROOT="/precice"
 ---> Running in 01829ad8a1bd
Removing intermediate container 01829ad8a1bd
 ---> 33a037285193
Step 15/15 : ENV LD_LIBRARY_PATH="$PRECICE_ROOT/build/last:${LD_LIBRARY_PATH}"     PKG_CONFIG_PATH="/precice/precice-install/lib/pkgconfig"     LIBRARY_PATH="$PRECICE_ROOT/build/last:${LIBRARY_PATH}"     CPATH="$PRECICE_ROOT/src:${CPATH}"     CPLUS_INCLUDE_PATH="$PRECICE_ROOT/src:${CPLUS_INCLUDE_PATH}"
 ---> Running in babfcc66bf6f
Removing intermediate container babfcc66bf6f
 ---> 1b5305aa9611
Successfully built 1b5305aa9611
Successfully tagged precice/precice-arch-develop:latest
Building preCICE image with the following features: {'os': 'Arch'}
EXECUTING: echo $DOCKER_PASSWORD | docker login -u $DOCKER_USERNAME --password-stdin && docker build --network=host --file precice/Dockerfile.Arch --tag precice/precice-arch-develop:latest --build-arg branch=develop --build-arg petsc_para=no .
travis_time:end:07570d94:start=1611503502661112867,finish=1611504145371375308,duration=642710262441,event=script[0K[32;1mThe command "python build_precice.py --dockerfile precice/Dockerfile.Arch --docker-username $DOCKER_USERNAME" exited with 0.[0m
travis_time:start:00a1870e[0K$ python push_precice.py --dockerfile precice/Dockerfile.Arch --docker-username $DOCKER_USERNAME
WARNING! Your password will be stored unencrypted in /home/travis/.docker/config.json.
Configure a credential helper to remove this warning. See
https://docs.docker.com/engine/reference/commandline/login/#credentials-store

Login Succeeded
The push refers to repository [docker.io/precice/precice-arch-develop]
461bf54bfa50: Preparing
a4e11f461124: Preparing
ef96b9ff7a6e: Preparing
0d4f35acbc4b: Preparing
30417adb18e9: Preparing
e3cc4206497e: Preparing
e3cc4206497e: Waiting
30417adb18e9: Mounted from archlinux/archlinux
ef96b9ff7a6e: Pushed
e3cc4206497e: Mounted from archlinux/archlinux
a4e11f461124: Pushed
461bf54bfa50: Pushed
0d4f35acbc4b: Pushed
latest: digest: sha256:038a90d966bebcea0adbe5b2497537a72e8e6bc1e6364436383e881553c2ae99 size: 1582
EXECUTING: echo $DOCKER_PASSWORD | docker login -u $DOCKER_USERNAME --password-stdin && docker push precice/precice-arch-develop:latest
travis_time:end:00a1870e:start=1611504145377494566,finish=1611504189758632871,duration=44381138305,event=script[0K[32;1mThe command "python push_precice.py --dockerfile precice/Dockerfile.Arch --docker-username $DOCKER_USERNAME" exited with 0.[0m
travis_time:start:2d85d4ff[0K$ python push.py
Cloning into 'precice_st_output'...
Updating files:  16% (7202/42388)Updating files:  17% (7206/42388)Updating files:  18% (7630/42388)Updating files:  19% (8054/42388)Updating files:  20% (8478/42388)Updating files:  21% (8902/42388)Updating files:  22% (9326/42388)Updating files:  23% (9750/42388)Updating files:  24% (10174/42388)Updating files:  25% (10597/42388)Updating files:  26% (11021/42388)Updating files:  27% (11445/42388)Updating files:  28% (11869/42388)Updating files:  29% (12293/42388)Updating files:  30% (12717/42388)Updating files:  31% (13141/42388)Updating files:  32% (13565/42388)Updating files:  33% (13989/42388)Updating files:  33% (14005/42388)Updating files:  34% (14412/42388)Updating files:  35% (14836/42388)Updating files:  36% (15260/42388)Updating files:  37% (15684/42388)Updating files:  38% (16108/42388)Updating files:  39% (16532/42388)Updating files:  40% (16956/42388)Updating files:  41% (17380/42388)Updating files:  42% (17803/42388)Updating files:  43% (18227/42388)Updating files:  44% (18651/42388)Updating files:  45% (19075/42388)Updating files:  45% (19368/42388)Updating files:  46% (19499/42388)Updating files:  47% (19923/42388)Updating files:  48% (20347/42388)Updating files:  49% (20771/42388)Updating files:  50% (21194/42388)Updating files:  51% (21618/42388)Updating files:  52% (22042/42388)Updating files:  53% (22466/42388)Updating files:  54% (22890/42388)Updating files:  55% (23314/42388)Updating files:  56% (23738/42388)Updating files:  56% (23921/42388)Updating files:  57% (24162/42388)Updating files:  58% (24586/42388)Updating files:  59% (25009/42388)Updating files:  60% (25433/42388)Updating files:  61% (25857/42388)Updating files:  62% (26281/42388)Updating files:  63% (26705/42388)Updating files:  64% (27129/42388)Updating files:  65% (27553/42388)Updating files:  66% (27977/42388)Updating files:  67% (28400/42388)Updating files:  67% (28706/42388)Updating files:  68% (28824/42388)Updating files:  69% (29248/42388)Updating files:  69% (29349/42388)Updating files:  70% (29672/42388)Updating files:  70% (29986/42388)Updating files:  71% (30096/42388)Updating files:  72% (30520/42388)Updating files:  73% (30944/42388)Updating files:  74% (31368/42388)Updating files:  75% (31791/42388)Updating files:  76% (32215/42388)Updating files:  77% (32639/42388)Updating files:  78% (33063/42388)Updating files:  78% (33477/42388)Updating files:  79% (33487/42388)Updating files:  80% (33911/42388)Updating files:  80% (34302/42388)Updating files:  81% (34335/42388)Updating files:  81% (34571/42388)Updating files:  82% (34759/42388)Updating files:  82% (34771/42388)Updating files:  82% (34942/42388)Updating files:  82% (35079/42388)Updating files:  82% (35158/42388)Updating files:  82% (35159/42388)Updating files:  83% (35183/42388)Updating files:  83% (35280/42388)Updating files:  83% (35348/42388)Updating files:  83% (35420/42388)Updating files:  83% (35457/42388)Updating files:  83% (35544/42388)Updating files:  84% (35606/42388)Updating files:  84% (35626/42388)Updating files:  84% (35682/42388)Updating files:  84% (35763/42388)Updating files:  84% (35844/42388)Updating files:  84% (35879/42388)Updating files:  84% (35966/42388)Updating files:  85% (36030/42388)Updating files:  85% (36044/42388)Updating files:  85% (36114/42388)Updating files:  85% (36155/42388)Updating files:  85% (36237/42388)Updating files:  85% (36322/42388)Updating files:  85% (36408/42388)Updating files:  86% (36454/42388)Updating files:  86% (36481/42388)Updating files:  86% (36551/42388)Updating files:  86% (36595/42388)Updating files:  86% (36675/42388)Updating files:  86% (36750/42388)Updating files:  86% (36849/42388)Updating files:  87% (36878/42388)Updating files:  87% (36930/42388)Updating files:  87% (36932/42388)Updating files:  87% (37011/42388)Updating files:  87% (37094/42388)Updating files:  87% (37209/42388)Updating files:  87% (37294/42388)Updating files:  88% (37302/42388)Updating files:  88% (37389/42388)Updating files:  88% (37457/42388)Updating files:  88% (37551/42388)Updating files:  88% (37647/42388)Updating files:  89% (37726/42388)Updating files:  89% (37728/42388)Updating files:  89% (37763/42388)Updating files:  89% (37939/42388)Updating files:  89% (38022/42388)Updating files:  89% (38077/42388)Updating files:  90% (38150/42388)Updating files:  91% (38574/42388)Updating files:  92% (38997/42388)Updating files:  92% (39258/42388)Updating files:  92% (39346/42388)Updating files:  93% (39421/42388)Updating files:  93% (39462/42388)Updating files:  93% (39539/42388)Updating files:  93% (39630/42388)Updating files:  93% (39717/42388)Updating files:  93% (39806/42388)Updating files:  94% (39845/42388)Updating files:  94% (39890/42388)Updating files:  94% (39966/42388)Updating files:  94% (40050/42388)Updating files:  94% (40137/42388)Updating files:  94% (40151/42388)Updating files:  94% (40238/42388)Updating files:  95% (40269/42388)Updating files:  95% (40341/42388)Updating files:  95% (40473/42388)Updating files:  95% (40567/42388)Updating files:  95% (40586/42388)Updating files:  96% (40693/42388)Updating files:  96% (40757/42388)Updating files:  96% (40852/42388)Updating files:  96% (40968/42388)Updating files:  96% (41092/42388)Updating files:  96% (41099/42388)Updating files:  97% (41117/42388)Updating files:  97% (41289/42388)Updating files:  97% (41373/42388)Updating files:  97% (41458/42388)Updating files:  98% (41541/42388)Updating files:  98% (41548/42388)Updating files:  98% (41626/42388)Updating files:  98% (41714/42388)Updating files:  98% (41793/42388)Updating files:  98% (41840/42388)Updating files:  98% (41924/42388)Updating files:  98% (41929/42388)Updating files:  99% (41965/42388)Updating files:  99% (42094/42388)Updating files:  99% (42196/42388)Updating files:  99% (42278/42388)