travis_fold:start:worker_info[0K[33;1mWorker information[0m
hostname: a7fca348-29fb-4c86-b253-770e8467407a@1.worker-org-cfdfb76bd-9cd48.gce-production-4
version: v6.2.20-1-g3a987d6 https://github.com/travis-ci/worker/tree/3a987d61ed169c9539ad435d1a9b5f2d8c6ce4a6
instance: travis-job-53cebe23-e58a-47a4-b845-a779e11fd62a travis-ci-garnet-trusty-1512502259-986baf0 (via amqp)
startup: 6.007444063s
travis_fold:end:worker_info[0Ktravis_time:start:011df004[0Ktravis_time:end:011df004:start=1605096789285455700,finish=1605096789438087189,duration=152631489,event=no_world_writable_dirs[0Ktravis_time:start:19ac8326[0Ktravis_time:end:19ac8326:start=1605096789440624578,finish=1605096789446681630,duration=6057052,event=setup_filter[0Ktravis_time:start:0915a2ed[0Ktravis_time:end:0915a2ed:start=1605096789450011016,finish=1605096789459450715,duration=9439699,event=agent[0Ktravis_time:start:048d48e0[0Ktravis_time:end:048d48e0:start=1605096789461953719,finish=1605096789463729696,duration=1775977,event=check_unsupported[0Ktravis_time:start:00ffc2c0[0Ktravis_fold:start:system_info[0K[33;1mBuild system information[0m
Build language: python
Build group: stable
Build dist: trusty
Build id: 742918362
Job id: 742918371
Runtime kernel version: 4.4.0-101-generic
travis-build version: 07c42db3
[34m[1mBuild image provisioning date and time[0m
Tue Dec  5 19:58:13 UTC 2017
[34m[1mOperating System Details[0m
Distributor ID:	Ubuntu
Description:	Ubuntu 14.04.5 LTS
Release:	14.04
Codename:	trusty
[34m[1mCookbooks Version[0m
7c2c6a6 https://github.com/travis-ci/travis-cookbooks/tree/7c2c6a6
[34m[1mgit version[0m
git version 2.15.1
[34m[1mbash version[0m
GNU bash, version 4.3.11(1)-release (x86_64-pc-linux-gnu)
[34m[1mgcc version[0m
gcc (Ubuntu 4.8.4-2ubuntu1~14.04.3) 4.8.4
Copyright (C) 2013 Free Software Foundation, Inc.
This is free software; see the source for copying conditions.  There is NO
warranty; not even for MERCHANTABILITY or FITNESS FOR A PARTICULAR PURPOSE.

[34m[1mdocker version[0m
Client:
 Version:      17.09.0-ce
 API version:  1.32
 Go version:   go1.8.3
 Git commit:   afdb6d4
 Built:        Tue Sep 26 22:42:38 2017
 OS/Arch:      linux/amd64

Server:
 Version:      17.09.0-ce
 API version:  1.32 (minimum version 1.12)
 Go version:   go1.8.3
 Git commit:   afdb6d4
 Built:        Tue Sep 26 22:41:20 2017
 OS/Arch:      linux/amd64
 Experimental: false
[34m[1mclang version[0m
clang version 5.0.0 (tags/RELEASE_500/final)
Target: x86_64-unknown-linux-gnu
Thread model: posix
InstalledDir: /usr/local/clang-5.0.0/bin
[34m[1mjq version[0m
jq-1.5
[34m[1mbats version[0m
Bats 0.4.0
[34m[1mshellcheck version[0m
0.4.6
[34m[1mshfmt version[0m
v2.0.0
[34m[1mccache version[0m
ccache version 3.1.9

Copyright (C) 2002-2007 Andrew Tridgell
Copyright (C) 2009-2011 Joel Rosdahl

This program is free software; you can redistribute it and/or modify it under
the terms of the GNU General Public License as published by the Free Software
Foundation; either version 3 of the License, or (at your option) any later
version.
[34m[1mcmake version[0m
cmake version 3.9.2

CMake suite maintained and supported by Kitware (kitware.com/cmake).
[34m[1mheroku version[0m
heroku-cli/6.14.39-addc925 (linux-x64) node-v9.2.0
[34m[1mimagemagick version[0m
Version: ImageMagick 6.7.7-10 2017-07-31 Q16 http://www.imagemagick.org
[34m[1mmd5deep version[0m
4.2
[34m[1mmercurial version[0m
Mercurial Distributed SCM (version 4.2.2)
(see https://mercurial-scm.org for more information)

Copyright (C) 2005-2017 Matt Mackall and others
This is free software; see the source for copying conditions. There is NO
warranty; not even for MERCHANTABILITY or FITNESS FOR A PARTICULAR PURPOSE.
[34m[1mmysql version[0m
mysql  Ver 14.14 Distrib 5.6.33, for debian-linux-gnu (x86_64) using  EditLine wrapper
[34m[1mopenssl version[0m
OpenSSL 1.0.1f 6 Jan 2014
[34m[1mpacker version[0m
Packer v1.0.2

Your version of Packer is out of date! The latest version
is 1.1.2. You can update by downloading from www.packer.io
[34m[1mpostgresql client version[0m
psql (PostgreSQL) 9.6.6
[34m[1mragel version[0m
Ragel State Machine Compiler version 6.8 Feb 2013
Copyright (c) 2001-2009 by Adrian Thurston
[34m[1msubversion version[0m
svn, version 1.8.8 (r1568071)
   compiled Aug 10 2017, 17:20:39 on x86_64-pc-linux-gnu

Copyright (C) 2013 The Apache Software Foundation.
This software consists of contributions made by many people;
see the NOTICE file for more information.
Subversion is open source software, see http://subversion.apache.org/

The following repository access (RA) modules are available:

* ra_svn : Module for accessing a repository using the svn network protocol.
  - with Cyrus SASL authentication
  - handles 'svn' scheme
* ra_local : Module for accessing a repository on local disk.
  - handles 'file' scheme
* ra_serf : Module for accessing a repository via WebDAV protocol using serf.
  - using serf 1.3.3
  - handles 'http' scheme
  - handles 'https' scheme

[34m[1msudo version[0m
Sudo version 1.8.9p5
Configure options: --prefix=/usr -v --with-all-insults --with-pam --with-fqdn --with-logging=syslog --with-logfac=authpriv --with-env-editor --with-editor=/usr/bin/editor --with-timeout=15 --with-password-timeout=0 --with-passprompt=[sudo] password for %p:  --without-lecture --with-tty-tickets --disable-root-mailer --enable-admin-flag --with-sendmail=/usr/sbin/sendmail --with-timedir=/var/lib/sudo --mandir=/usr/share/man --libexecdir=/usr/lib/sudo --with-sssd --with-sssd-lib=/usr/lib/x86_64-linux-gnu --with-selinux
Sudoers policy plugin version 1.8.9p5
Sudoers file grammar version 43

Sudoers path: /etc/sudoers
Authentication methods: 'pam'
Syslog facility if syslog is being used for logging: authpriv
Syslog priority to use when user authenticates successfully: notice
Syslog priority to use when user authenticates unsuccessfully: alert
Send mail if the user is not in sudoers
Use a separate timestamp for each user/tty combo
Lecture user the first time they run sudo
Root may run sudo
Allow some information gathering to give useful error messages
Require fully-qualified hostnames in the sudoers file
Visudo will honor the EDITOR environment variable
Set the LOGNAME and USER environment variables
Length at which to wrap log file lines (0 for no wrap): 80
Authentication timestamp timeout: 15.0 minutes
Password prompt timeout: 0.0 minutes
Number of tries to enter a password: 3
Umask to use or 0777 to use user's: 022
Path to mail program: /usr/sbin/sendmail
Flags for mail program: -t
Address to send mail to: root
Subject line for mail messages: *** SECURITY information for %h ***
Incorrect password message: Sorry, try again.
Path to authentication timestamp dir: /var/lib/sudo
Default password prompt: [sudo] password for %p: 
Default user to run commands as: root
Value to override user's $PATH with: /usr/local/sbin:/usr/local/bin:/usr/sbin:/usr/bin:/sbin:/bin:/snap/bin
Path to the editor for use by visudo: /usr/bin/editor
When to require a password for 'list' pseudocommand: any
When to require a password for 'verify' pseudocommand: all
File descriptors >= 3 will be closed before executing a command
Environment variables to check for sanity:
	TZ
	TERM
	LINGUAS
	LC_*
	LANGUAGE
	LANG
	COLORTERM
Environment variables to remove:
	RUBYOPT
	RUBYLIB
	PYTHONUSERBASE
	PYTHONINSPECT
	PYTHONPATH
	PYTHONHOME
	TMPPREFIX
	ZDOTDIR
	READNULLCMD
	NULLCMD
	FPATH
	PERL5DB
	PERL5OPT
	PERL5LIB
	PERLLIB
	PERLIO_DEBUG 
	JAVA_TOOL_OPTIONS
	SHELLOPTS
	GLOBIGNORE
	PS4
	BASH_ENV
	ENV
	TERMCAP
	TERMPATH
	TERMINFO_DIRS
	TERMINFO
	_RLD*
	LD_*
	PATH_LOCALE
	NLSPATH
	HOSTALIASES
	RES_OPTIONS
	LOCALDOMAIN
	CDPATH
	IFS
Environment variables to preserve:
	JAVA_HOME
	TRAVIS
	CI
	DEBIAN_FRONTEND
	XAUTHORIZATION
	XAUTHORITY
	PS2
	PS1
	PATH
	LS_COLORS
	KRB5CCNAME
	HOSTNAME
	HOME
	DISPLAY
	COLORS
Locale to use while parsing sudoers: C
Directory in which to store input/output logs: /var/log/sudo-io
File in which to store the input/output log: %{seq}
Add an entry to the utmp/utmpx file when allocating a pty
PAM service name to use
PAM service name to use for login shells
Create a new PAM session for the command to run in
Maximum I/O log sequence number: 0

Local IP address and netmask pairs:
	10.240.0.28/255.255.255.255
	172.17.0.1/255.255.0.0

Sudoers I/O plugin version 1.8.9p5
[34m[1mgzip version[0m
gzip 1.6
Copyright (C) 2007, 2010, 2011 Free Software Foundation, Inc.
Copyright (C) 1993 Jean-loup Gailly.
This is free software.  You may redistribute copies of it under the terms of
the GNU General Public License <http://www.gnu.org/licenses/gpl.html>.
There is NO WARRANTY, to the extent permitted by law.

Written by Jean-loup Gailly.
[34m[1mzip version[0m
Copyright (c) 1990-2008 Info-ZIP - Type 'zip "-L"' for software license.
This is Zip 3.0 (July 5th 2008), by Info-ZIP.
Currently maintained by E. Gordon.  Please send bug reports to
the authors using the web page at www.info-zip.org; see README for details.

Latest sources and executables are at ftp://ftp.info-zip.org/pub/infozip,
as of above date; see http://www.info-zip.org/ for other sites.

Compiled with gcc 4.8.2 for Unix (Linux ELF) on Oct 21 2013.

Zip special compilation options:
	USE_EF_UT_TIME       (store Universal Time)
	BZIP2_SUPPORT        (bzip2 library version 1.0.6, 6-Sept-2010)
	    bzip2 code and library copyright (c) Julian R Seward
	    (See the bzip2 license for terms of use)
	SYMLINK_SUPPORT      (symbolic links supported)
	LARGE_FILE_SUPPORT   (can read and write large files on file system)
	ZIP64_SUPPORT        (use Zip64 to store large files in archives)
	UNICODE_SUPPORT      (store and read UTF-8 Unicode paths)
	STORE_UNIX_UIDs_GIDs (store UID/GID sizes/values using new extra field)
	UIDGID_NOT_16BIT     (old Unix 16-bit UID/GID extra field not used)
	[encryption, version 2.91 of 05 Jan 2007] (modified for Zip 3)

Encryption notice:
	The encryption code of this program is not copyrighted and is
	put in the public domain.  It was originally written in Europe
	and, to the best of our knowledge, can be freely distributed
	in both source and object forms from any country, including
	the USA under License Exception TSU of the U.S. Export
	Administration Regulations (section 740.13(e)) of 6 June 2002.

Zip environment options:
             ZIP:  [none]
          ZIPOPT:  [none]
[34m[1mvim version[0m
VIM - Vi IMproved 7.4 (2013 Aug 10, compiled Nov 24 2016 16:43:18)
Included patches: 1-52
Extra patches: 8.0.0056
Modified by pkg-vim-maintainers@lists.alioth.debian.org
Compiled by buildd@
Huge version without GUI.  Features included (+) or not (-):
+acl             +farsi           +mouse_netterm   +syntax
+arabic          +file_in_path    +mouse_sgr       +tag_binary
+autocmd         +find_in_path    -mouse_sysmouse  +tag_old_static
-balloon_eval    +float           +mouse_urxvt     -tag_any_white
-browse          +folding         +mouse_xterm     -tcl
++builtin_terms  -footer          +multi_byte      +terminfo
+byte_offset     +fork()          +multi_lang      +termresponse
+cindent         +gettext         -mzscheme        +textobjects
-clientserver    -hangul_input    +netbeans_intg   +title
-clipboard       +iconv           +path_extra      -toolbar
+cmdline_compl   +insert_expand   -perl            +user_commands
+cmdline_hist    +jumplist        +persistent_undo +vertsplit
+cmdline_info    +keymap          +postscript      +virtualedit
+comments        +langmap         +printer         +visual
+conceal         +libcall         +profile         +visualextra
+cryptv          +linebreak       +python          +viminfo
+cscope          +lispindent      -python3         +vreplace
+cursorbind      +listcmds        +quickfix        +wildignore
+cursorshape     +localmap        +reltime         +wildmenu
+dialog_con      -lua             +rightleft       +windows
+diff            +menu            -ruby            +writebackup
+digraphs        +mksession       +scrollbind      -X11
-dnd             +modify_fname    +signs           -xfontset
-ebcdic          +mouse           +smartindent     -xim
+emacs_tags      -mouseshape      -sniff           -xsmp
+eval            +mouse_dec       +startuptime     -xterm_clipboard
+ex_extra        +mouse_gpm       +statusline      -xterm_save
+extra_search    -mouse_jsbterm   -sun_workshop    -xpm
   system vimrc file: "$VIM/vimrc"
     user vimrc file: "$HOME/.vimrc"
 2nd user vimrc file: "~/.vim/vimrc"
      user exrc file: "$HOME/.exrc"
  fall-back for $VIM: "/usr/share/vim"
Compilation: gcc -c -I. -Iproto -DHAVE_CONFIG_H     -g -O2 -fstack-protector --param=ssp-buffer-size=4 -Wformat -Werror=format-security -U_FORTIFY_SOURCE -D_FORTIFY_SOURCE=1      
Linking: gcc   -Wl,-Bsymbolic-functions -Wl,-z,relro -Wl,--as-needed -o vim        -lm -ltinfo -lnsl  -lselinux  -lacl -lattr -lgpm -ldl    -L/usr/lib/python2.7/config-x86_64-linux-gnu -lpython2.7 -lpthread -ldl -lutil -lm -Xlinker -export-dynamic -Wl,-O1 -Wl,-Bsymbolic-functions      
[34m[1miptables version[0m
iptables v1.4.21
[34m[1mcurl version[0m
curl 7.35.0 (x86_64-pc-linux-gnu) libcurl/7.35.0 OpenSSL/1.0.1f zlib/1.2.8 libidn/1.28 librtmp/2.3
[34m[1mwget version[0m
GNU Wget 1.15 built on linux-gnu.
[34m[1mrsync version[0m
rsync  version 3.1.0  protocol version 31
[34m[1mgimme version[0m
v1.2.0
[34m[1mnvm version[0m
0.33.6
[34m[1mperlbrew version[0m
/home/travis/perl5/perlbrew/bin/perlbrew  - App::perlbrew/0.80
[34m[1mphpenv version[0m
rbenv 1.1.1-25-g6aa70b6
[34m[1mrvm version[0m
rvm 1.29.3 (latest) by Michal Papis, Piotr Kuczynski, Wayne E. Seguin [https://rvm.io]
[34m[1mdefault ruby version[0m
ruby 2.4.1p111 (2017-03-22 revision 58053) [x86_64-linux]
[34m[1mCouchDB version[0m
couchdb 1.6.1
[34m[1mElasticSearch version[0m
5.5.0
[34m[1mInstalled Firefox version[0m
firefox 56.0.2
[34m[1mMongoDB version[0m
MongoDB 3.4.10
[34m[1mPhantomJS version[0m
2.1.1
[34m[1mPre-installed PostgreSQL versions[0m
9.2.24
9.3.20
9.4.15
9.5.10
9.6.6
[34m[1mRabbitMQ Version[0m
3.6.14
[34m[1mRedis version[0m
redis-server 4.0.6
[34m[1mriak version[0m
2.2.3
[34m[1mPre-installed Go versions[0m
1.7.4
[34m[1mant version[0m
Apache Ant(TM) version 1.9.3 compiled on April 8 2014
[34m[1mmvn version[0m
Apache Maven 3.5.2 (138edd61fd100ec658bfa2d307c43b76940a5d7d; 2017-10-18T07:58:13Z)
Maven home: /usr/local/maven-3.5.2
Java version: 1.8.0_151, vendor: Oracle Corporation
Java home: /usr/lib/jvm/java-8-oracle/jre
Default locale: en_US, platform encoding: UTF-8
OS name: "linux", version: "4.4.0-98-generic", arch: "amd64", family: "unix"
[34m[1mgradle version[0m

------------------------------------------------------------
Gradle 4.0.1
------------------------------------------------------------

Build time:   2017-07-07 14:02:41 UTC
Revision:     38e5dc0f772daecca1d2681885d3d85414eb6826

Groovy:       2.4.11
Ant:          Apache Ant(TM) version 1.9.6 compiled on June 29 2015
JVM:          1.8.0_151 (Oracle Corporation 25.151-b12)
OS:           Linux 4.4.0-98-generic amd64

[34m[1mlein version[0m
Leiningen 2.8.1 on Java 1.8.0_151 Java HotSpot(TM) 64-Bit Server VM
[34m[1mPre-installed Node.js versions[0m
v4.8.6
v6.12.0
v6.12.1
v8.9
v8.9.1
[34m[1mphpenv versions[0m
  system
  5.6
* 5.6.32 (set by /home/travis/.phpenv/version)
  7.0
  7.0.25
  7.1
  7.1.11
  hhvm
  hhvm-stable
[34m[1mcomposer --version[0m
Composer version 1.5.2 2017-09-11 16:59:25
[34m[1mPre-installed Ruby versions[0m
ruby-2.2.7
ruby-2.3.4
ruby-2.4.1
travis_fold:end:system_info[0K
travis_time:end:00ffc2c0:start=1605096789466030062,finish=1605096789471170611,duration=5140549,event=show_system_info[0Ktravis_time:start:04e6abe0[0Ktravis_time:end:04e6abe0:start=1605096789473553095,finish=1605096789498172082,duration=24618987,event=rm_riak_source[0Ktravis_time:start:0460d00c[0Ktravis_time:end:0460d00c:start=1605096789501082130,finish=1605096789505799609,duration=4717479,event=fix_rwky_redis[0Ktravis_time:start:0525eced[0Ktravis_time:end:0525eced:start=1605096789510543638,finish=1605096790054627756,duration=544084118,event=wait_for_network[0Ktravis_time:start:0520c441[0Ktravis_time:end:0520c441:start=1605096790058662459,finish=1605096791616512865,duration=1557850406,event=update_apt_keys[0Ktravis_time:start:01f6a5a0[0Ktravis_time:end:01f6a5a0:start=1605096791620942608,finish=1605096792568175264,duration=947232656,event=fix_hhvm_source[0Ktravis_time:start:11f1441c[0Ktravis_time:end:11f1441c:start=1605096792572346598,finish=1605096792581156751,duration=8810153,event=update_mongo_arch[0Ktravis_time:start:1f46c0b8[0Ktravis_time:end:1f46c0b8:start=1605096792584702760,finish=1605096792619845428,duration=35142668,event=fix_sudo_enabled_trusty[0Ktravis_time:start:034923c0[0Ktravis_time:end:034923c0:start=1605096792623931077,finish=1605096792626286417,duration=2355340,event=update_glibc[0Ktravis_time:start:07b8c3a6[0Ktravis_time:end:07b8c3a6:start=1605096792630003330,finish=1605096792638478318,duration=8474988,event=clean_up_path[0Ktravis_time:start:341ae0b0[0Ktravis_time:end:341ae0b0:start=1605096792644850246,finish=1605096792652147103,duration=7296857,event=fix_resolv_conf[0Ktravis_time:start:01249c56[0Ktravis_time:end:01249c56:start=1605096792656493006,finish=1605096792664257576,duration=7764570,event=fix_etc_hosts[0Ktravis_time:start:2bea3020[0Ktravis_time:end:2bea3020:start=1605096792671335010,finish=1605096792679129599,duration=7794589,event=fix_mvn_settings_xml[0Ktravis_time:start:18f470dc[0Ktravis_time:end:18f470dc:start=1605096792682923686,finish=1605096792692357797,duration=9434111,event=no_ipv6_localhost[0Ktravis_time:start:11af3750[0Ktravis_time:end:11af3750:start=1605096792696345108,finish=1605096792698606021,duration=2260913,event=fix_etc_mavenrc[0Ktravis_time:start:333e9da8[0Ktravis_time:end:333e9da8:start=1605096792702580222,finish=1605096792705719125,duration=3138903,event=fix_wwdr_certificate[0Ktravis_time:start:0183e06c[0Ktravis_time:end:0183e06c:start=1605096792709169425,finish=1605096792732468645,duration=23299220,event=put_localhost_first[0Ktravis_time:start:12618dc8[0Ktravis_time:end:12618dc8:start=1605096792736537077,finish=1605096792739378242,duration=2841165,event=home_paths[0Ktravis_time:start:2e26ee67[0Ktravis_time:end:2e26ee67:start=1605096792743327218,finish=1605096792753518315,duration=10191097,event=disable_initramfs[0Ktravis_time:start:00d9d040[0Ktravis_time:end:00d9d040:start=1605096792757526174,finish=1605096793045633146,duration=288106972,event=disable_ssh_roaming[0Ktravis_time:start:352f3bc6[0Ktravis_time:end:352f3bc6:start=1605096793049415940,finish=1605096793051809441,duration=2393501,event=debug_tools[0Ktravis_time:start:0e0a1ee7[0Ktravis_time:end:0e0a1ee7:start=1605096793055696399,finish=1605096793058514642,duration=2818243,event=uninstall_oclint[0Ktravis_time:start:04179a56[0Ktravis_time:end:04179a56:start=1605096793062050525,finish=1605096793064769954,duration=2719429,event=rvm_use[0Ktravis_time:start:0e944980[0Ktravis_time:end:0e944980:start=1605096793068405786,finish=1605096793076990981,duration=8585195,event=rm_etc_boto_cfg[0Ktravis_time:start:0b02b69a[0Ktravis_time:end:0b02b69a:start=1605096793080715010,finish=1605096793083169881,duration=2454871,event=rm_oraclejdk8_symlink[0Ktravis_time:start:02b37f70[0Ktravis_time:end:02b37f70:start=1605096793086633480,finish=1605096793134718235,duration=48084755,event=enable_i386[0Ktravis_time:start:0f766a78[0Ktravis_time:end:0f766a78:start=1605096793138531446,finish=1605096793142095128,duration=3563682,event=update_rubygems[0Ktravis_time:start:1f17b930[0Ktravis_time:end:1f17b930:start=1605096793145875082,finish=1605096794075359392,duration=929484310,event=ensure_path_components[0Ktravis_time:start:09b0d756[0Ktravis_time:end:09b0d756:start=1605096794079355477,finish=1605096794082139768,duration=2784291,event=redefine_curl[0Ktravis_time:start:13a12b8c[0Ktravis_time:end:13a12b8c:start=1605096794085667559,finish=1605096794133235320,duration=47567761,event=nonblock_pipe[0Ktravis_time:start:04314252[0Ktravis_time:end:04314252:start=1605096794141720089,finish=1605096800171042355,duration=6029322266,event=apt_get_update[0Ktravis_time:start:0020e848[0Ktravis_time:end:0020e848:start=1605096800174883641,finish=1605096800177459239,duration=2575598,event=deprecate_xcode_64[0Ktravis_time:start:0f5b0c23[0Ktravis_time:end:0f5b0c23:start=1605096800181134982,finish=1605096805012110603,duration=4830975621,event=update_heroku[0Ktravis_time:start:057c94a0[0Ktravis_time:end:057c94a0:start=1605096805016539578,finish=1605096805019146429,duration=2606851,event=shell_session_update[0Ktravis_time:start:010a04c0[0Ktravis_fold:start:docker_mtu_and_registry_mirrors[0Kdocker stop/waiting
docker start/running, process 3877
travis_fold:end:docker_mtu_and_registry_mirrors[0Ktravis_time:end:010a04c0:start=1605096805022817637,finish=1605096806265268146,duration=1242450509,event=set_docker_mtu_and_registry_mirrors[0Ktravis_time:start:02bd01a0[0Ktravis_fold:start:resolvconf[0Kresolvconf stop/waiting
resolvconf start/running
travis_fold:end:resolvconf[0Ktravis_time:end:02bd01a0:start=1605096806269423079,finish=1605096806325872237,duration=56449158,event=resolvconf[0Ktravis_time:start:0da554da[0Ktravis_time:end:0da554da:start=1605096806329791023,finish=1605096806418206184,duration=88415161,event=maven_central_mirror[0Ktravis_time:start:20e00e30[0Ktravis_time:end:20e00e30:start=1605096806422595815,finish=1605096806495425222,duration=72829407,event=maven_https[0Ktravis_time:start:063c0dfe[0Ktravis_fold:start:services[0Ktravis_time:start:281077b0[0K$ sudo service docker start
start: Job is already running: docker
travis_time:end:281077b0:start=1605096806505506339,finish=1605096806519226410,duration=13720071,event=prepare[0Ktravis_fold:end:services[0Ktravis_time:end:281077b0:start=1605096806505506339,finish=1605096809524104805,duration=3018598466,event=services[0Ktravis_time:start:0f6ef12d[0Ktravis_time:end:0f6ef12d:start=1605096809527056669,finish=1605096809529110369,duration=2053700,event=fix_ps4[0Ktravis_time:start:10724cb8[0K
travis_fold:start:git.checkout[0Ktravis_time:start:13a1ff14[0K$ git clone --depth=50 --branch=master https://github.com/precice/systemtests.git precice/systemtests
Cloning into 'precice/systemtests'...
travis_time:end:13a1ff14:start=1605096809536351860,finish=1605096816636512105,duration=7100160245,event=checkout[0K$ cd precice/systemtests
$ git checkout -qf ec9636f89e457cda9a9b9cc42be0838c3f8621ed
travis_fold:end:git.checkout[0K
travis_time:end:13a1ff14:start=1605096809536351860,finish=1605096817299308355,duration=7762956495,event=checkout[0Ktravis_time:start:366b83a7[0K
[33;1mSetting environment variables from repository settings[0m
$ export DOCKER_PASSWORD=[secure]
$ export PRECICE_BOT_EMAIL=[secure]
$ export GH_TOKEN=[secure]
$ export TRAVIS_ACCESS_TOKEN=[secure]
$ export DOCKER_USERNAME=precice

travis_time:end:366b83a7:start=1605096817303931961,finish=1605096817314754610,duration=10822649,event=env[0Ktravis_time:start:2c234e78[0K$ source ~/virtualenv/python3.6/bin/activate
travis_time:end:2c234e78:start=1605096817319141510,finish=1605096817328452119,duration=9310609,event=[0K$ python --version
Python 3.6.3
$ pip --version
pip 9.0.1 from /home/travis/virtualenv/python3.6.3/lib/python3.6/site-packages (python 3.6)
travis_fold:start:install[0Ktravis_time:start:043bf9e8[0K$ pip install Jinja2
Collecting Jinja2
  Downloading https://files.pythonhosted.org/packages/30/9e/f663a2aa66a09d838042ae1a2c5659828bb9b41ea3a6efa20a20fd92b121/Jinja2-2.11.2-py2.py3-none-any.whl (125kB)
Collecting MarkupSafe>=0.23 (from Jinja2)
  Downloading https://files.pythonhosted.org/packages/b2/5f/23e0023be6bb885d00ffbefad2942bc51a620328ee910f64abe5a8d18dd1/MarkupSafe-1.1.1-cp36-cp36m-manylinux1_x86_64.whl
Installing collected packages: MarkupSafe, Jinja2
Successfully installed Jinja2-2.11.2 MarkupSafe-1.1.1
travis_time:end:043bf9e8:start=1605096818151374451,finish=1605096819106763334,duration=955388883,event=install[0Ktravis_fold:end:install[0Ktravis_time:start:17de7ab7[0K$ python build_precice.py --dockerfile precice/Dockerfile.Ubuntu1804.sudo.mpich --docker-username $DOCKER_USERNAME
Sending build context to Docker daemon   5.12kB
Step 1/22 : FROM ubuntu:18.04
18.04: Pulling from library/ubuntu
171857c49d0f: Pulling fs layer
419640447d26: Pulling fs layer
61e52f862619: Pulling fs layer
61e52f862619: Verifying Checksum
61e52f862619: Download complete
419640447d26: Verifying Checksum
419640447d26: Download complete
171857c49d0f: Verifying Checksum
171857c49d0f: Download complete
171857c49d0f: Pull complete
419640447d26: Pull complete
61e52f862619: Pull complete
Digest: sha256:646942475da61b4ce9cc5b3fadb42642ea90e5d0de46111458e100ff2c7031e6
Status: Downloaded newer image for ubuntu:18.04
 ---> 56def654ec22
Step 2/22 : RUN apt-get -qq update && apt-get -qq install     build-essential     locales     libboost-all-dev     libeigen3-dev     libxml2-dev     petsc-dev     git     python-numpy     python-dev     wget     bzip2     mpich     cmake &&     rm -rf /var/lib/apt/lists/*
 ---> Running in 6258e95c4da0
[91mdebconf: delaying package configuration, since apt-utils is not installed
[0m(Reading database ... (Reading database ... 5%(Reading database ... 10%(Reading database ... 15%(Reading database ... 20%(Reading database ... 25%(Reading database ... 30%(Reading database ... 35%(Reading database ... 40%(Reading database ... 45%(Reading database ... 50%(Reading database ... 55%(Reading database ... 60%(Reading database ... 65%(Reading database ... 70%(Reading database ... 75%(Reading database ... 80%(Reading database ... 85%(Reading database ... 90%(Reading database ... 95%(Reading database ... 100%(Reading database ... 4045 files and directories currently installed.)
Preparing to unpack .../perl-base_5.26.1-6ubuntu0.5_amd64.deb ...
Unpacking perl-base (5.26.1-6ubuntu0.5) over (5.26.1-6ubuntu0.3) ...
Setting up perl-base (5.26.1-6ubuntu0.5) ...
(Reading database ... (Reading database ... 5%(Reading database ... 10%(Reading database ... 15%(Reading database ... 20%(Reading database ... 25%(Reading database ... 30%(Reading database ... 35%(Reading database ... 40%(Reading database ... 45%(Reading database ... 50%(Reading database ... 55%(Reading database ... 60%(Reading database ... 65%(Reading database ... 70%(Reading database ... 75%(Reading database ... 80%(Reading database ... 85%(Reading database ... 90%(Reading database ... 95%(Reading database ... 100%(Reading database ... 4045 files and directories currently installed.)
Preparing to unpack .../libc6_2.27-3ubuntu1.3_amd64.deb ...
debconf: unable to initialize frontend: Dialog
debconf: (TERM is not set, so the dialog frontend is not usable.)
debconf: falling back to frontend: Readline
debconf: unable to initialize frontend: Readline
debconf: (Can't locate Term/ReadLine.pm in @INC (you may need to install the Term::ReadLine module) (@INC contains: /etc/perl /usr/local/lib/x86_64-linux-gnu/perl/5.26.1 /usr/local/share/perl/5.26.1 /usr/lib/x86_64-linux-gnu/perl5/5.26 /usr/share/perl5 /usr/lib/x86_64-linux-gnu/perl/5.26 /usr/share/perl/5.26 /usr/local/lib/site_perl /usr/lib/x86_64-linux-gnu/perl-base) at /usr/share/perl5/Debconf/FrontEnd/Readline.pm line 7.)
debconf: falling back to frontend: Teletype
Unpacking libc6:amd64 (2.27-3ubuntu1.3) over (2.27-3ubuntu1.2) ...
Setting up libc6:amd64 (2.27-3ubuntu1.3) ...
debconf: unable to initialize frontend: Dialog
debconf: (TERM is not set, so the dialog frontend is not usable.)
debconf: falling back to frontend: Readline
debconf: unable to initialize frontend: Readline
debconf: (Can't locate Term/ReadLine.pm in @INC (you may need to install the Term::ReadLine module) (@INC contains: /etc/perl /usr/local/lib/x86_64-linux-gnu/perl/5.26.1 /usr/local/share/perl/5.26.1 /usr/lib/x86_64-linux-gnu/perl5/5.26 /usr/share/perl5 /usr/lib/x86_64-linux-gnu/perl/5.26 /usr/share/perl/5.26 /usr/local/lib/site_perl /usr/lib/x86_64-linux-gnu/perl-base) at /usr/share/perl5/Debconf/FrontEnd/Readline.pm line 7.)
debconf: falling back to frontend: Teletype
Selecting previously unselected package liblocale-gettext-perl.
(Reading database ... (Reading database ... 5%(Reading database ... 10%(Reading database ... 15%(Reading database ... 20%(Reading database ... 25%(Reading database ... 30%(Reading database ... 35%(Reading database ... 40%(Reading database ... 45%(Reading database ... 50%(Reading database ... 55%(Reading database ... 60%(Reading database ... 65%(Reading database ... 70%(Reading database ... 75%(Reading database ... 80%(Reading database ... 85%(Reading database ... 90%(Reading database ... 95%(Reading database ... 100%(Reading database ... 4045 files and directories currently installed.)
Preparing to unpack .../liblocale-gettext-perl_1.07-3build2_amd64.deb ...
Unpacking liblocale-gettext-perl (1.07-3build2) ...
Selecting previously unselected package libssl1.1:amd64.
Preparing to unpack .../libssl1.1_1.1.1-1ubuntu2.1~18.04.6_amd64.deb ...
Unpacking libssl1.1:amd64 (1.1.1-1ubuntu2.1~18.04.6) ...
Selecting previously unselected package libpython3.6-minimal:amd64.
Preparing to unpack .../libpython3.6-minimal_3.6.9-1~18.04ubuntu1.3_amd64.deb ...
Unpacking libpython3.6-minimal:amd64 (3.6.9-1~18.04ubuntu1.3) ...
Selecting previously unselected package libexpat1:amd64.
Preparing to unpack .../libexpat1_2.2.5-3ubuntu0.2_amd64.deb ...
Unpacking libexpat1:amd64 (2.2.5-3ubuntu0.2) ...
Selecting previously unselected package python3.6-minimal.
Preparing to unpack .../python3.6-minimal_3.6.9-1~18.04ubuntu1.3_amd64.deb ...
Unpacking python3.6-minimal (3.6.9-1~18.04ubuntu1.3) ...
Setting up libssl1.1:amd64 (1.1.1-1ubuntu2.1~18.04.6) ...
debconf: unable to initialize frontend: Dialog
debconf: (TERM is not set, so the dialog frontend is not usable.)
debconf: falling back to frontend: Readline
debconf: unable to initialize frontend: Readline
debconf: (Can't locate Term/ReadLine.pm in @INC (you may need to install the Term::ReadLine module) (@INC contains: /etc/perl /usr/local/lib/x86_64-linux-gnu/perl/5.26.1 /usr/local/share/perl/5.26.1 /usr/lib/x86_64-linux-gnu/perl5/5.26 /usr/share/perl5 /usr/lib/x86_64-linux-gnu/perl/5.26 /usr/share/perl/5.26 /usr/local/lib/site_perl /usr/lib/x86_64-linux-gnu/perl-base) at /usr/share/perl5/Debconf/FrontEnd/Readline.pm line 7.)
debconf: falling back to frontend: Teletype
Setting up libpython3.6-minimal:amd64 (3.6.9-1~18.04ubuntu1.3) ...
Setting up libexpat1:amd64 (2.2.5-3ubuntu0.2) ...
Setting up python3.6-minimal (3.6.9-1~18.04ubuntu1.3) ...
Selecting previously unselected package python3-minimal.
(Reading database ... (Reading database ... 5%(Reading database ... 10%(Reading database ... 15%(Reading database ... 20%(Reading database ... 25%(Reading database ... 30%(Reading database ... 35%(Reading database ... 40%(Reading database ... 45%(Reading database ... 50%(Reading database ... 55%(Reading database ... 60%(Reading database ... 65%(Reading database ... 70%(Reading database ... 75%(Reading database ... 80%(Reading database ... 85%(Reading database ... 90%(Reading database ... 95%(Reading database ... 100%(Reading database ... 4316 files and directories currently installed.)
Preparing to unpack .../0-python3-minimal_3.6.7-1~18.04_amd64.deb ...
Unpacking python3-minimal (3.6.7-1~18.04) ...
Selecting previously unselected package mime-support.
Preparing to unpack .../1-mime-support_3.60ubuntu1_all.deb ...
Unpacking mime-support (3.60ubuntu1) ...
Selecting previously unselected package libmpdec2:amd64.
Preparing to unpack .../2-libmpdec2_2.4.2-1ubuntu1_amd64.deb ...
Unpacking libmpdec2:amd64 (2.4.2-1ubuntu1) ...
Selecting previously unselected package readline-common.
Preparing to unpack .../3-readline-common_7.0-3_all.deb ...
Unpacking readline-common (7.0-3) ...
Selecting previously unselected package libreadline7:amd64.
Preparing to unpack .../4-libreadline7_7.0-3_amd64.deb ...
Unpacking libreadline7:amd64 (7.0-3) ...
Selecting previously unselected package libsqlite3-0:amd64.
Preparing to unpack .../5-libsqlite3-0_3.22.0-1ubuntu0.4_amd64.deb ...
Unpacking libsqlite3-0:amd64 (3.22.0-1ubuntu0.4) ...
Selecting previously unselected package libpython3.6-stdlib:amd64.
Preparing to unpack .../6-libpython3.6-stdlib_3.6.9-1~18.04ubuntu1.3_amd64.deb ...
Unpacking libpython3.6-stdlib:amd64 (3.6.9-1~18.04ubuntu1.3) ...
Selecting previously unselected package python3.6.
Preparing to unpack .../7-python3.6_3.6.9-1~18.04ubuntu1.3_amd64.deb ...
Unpacking python3.6 (3.6.9-1~18.04ubuntu1.3) ...
Selecting previously unselected package libpython3-stdlib:amd64.
Preparing to unpack .../8-libpython3-stdlib_3.6.7-1~18.04_amd64.deb ...
Unpacking libpython3-stdlib:amd64 (3.6.7-1~18.04) ...
Setting up python3-minimal (3.6.7-1~18.04) ...
Selecting previously unselected package python3.
(Reading database ... (Reading database ... 5%(Reading database ... 10%(Reading database ... 15%(Reading database ... 20%(Reading database ... 25%(Reading database ... 30%(Reading database ... 35%(Reading database ... 40%(Reading database ... 45%(Reading database ... 50%(Reading database ... 55%(Reading database ... 60%(Reading database ... 65%(Reading database ... 70%(Reading database ... 75%(Reading database ... 80%(Reading database ... 85%(Reading database ... 90%(Reading database ... 95%(Reading database ... 100%(Reading database ... 4774 files and directories currently installed.)
Preparing to unpack .../0-python3_3.6.7-1~18.04_amd64.deb ...
Unpacking python3 (3.6.7-1~18.04) ...
Selecting previously unselected package multiarch-support.
Preparing to unpack .../1-multiarch-support_2.27-3ubuntu1.3_amd64.deb ...
Unpacking multiarch-support (2.27-3ubuntu1.3) ...
Selecting previously unselected package libxau6:amd64.
Preparing to unpack .../2-libxau6_1%3a1.0.8-1ubuntu1_amd64.deb ...
Unpacking libxau6:amd64 (1:1.0.8-1ubuntu1) ...
Selecting previously unselected package libbsd0:amd64.
Preparing to unpack .../3-libbsd0_0.8.7-1ubuntu0.1_amd64.deb ...
Unpacking libbsd0:amd64 (0.8.7-1ubuntu0.1) ...
Selecting previously unselected package libxdmcp6:amd64.
Preparing to unpack .../4-libxdmcp6_1%3a1.1.2-3_amd64.deb ...
Unpacking libxdmcp6:amd64 (1:1.1.2-3) ...
Selecting previously unselected package libxcb1:amd64.
Preparing to unpack .../5-libxcb1_1.13-2~ubuntu18.04_amd64.deb ...
Unpacking libxcb1:amd64 (1.13-2~ubuntu18.04) ...
Selecting previously unselected package libx11-data.
Preparing to unpack .../6-libx11-data_2%3a1.6.4-3ubuntu0.3_all.deb ...
Unpacking libx11-data (2:1.6.4-3ubuntu0.3) ...
Selecting previously unselected package libx11-6:amd64.
Preparing to unpack .../7-libx11-6_2%3a1.6.4-3ubuntu0.3_amd64.deb ...
Unpacking libx11-6:amd64 (2:1.6.4-3ubuntu0.3) ...
Setting up multiarch-support (2.27-3ubuntu1.3) ...
Selecting previously unselected package libxext6:amd64.
(Reading database ... (Reading database ... 5%(Reading database ... 10%(Reading database ... 15%(Reading database ... 20%(Reading database ... 25%(Reading database ... 30%(Reading database ... 35%(Reading database ... 40%(Reading database ... 45%(Reading database ... 50%(Reading database ... 55%(Reading database ... 60%(Reading database ... 65%(Reading database ... 70%(Reading database ... 75%(Reading database ... 80%(Reading database ... 85%(Reading database ... 90%(Reading database ... 95%(Reading database ... 100%(Reading database ... 5098 files and directories currently installed.)
Preparing to unpack .../00-libxext6_2%3a1.3.3-1_amd64.deb ...
Unpacking libxext6:amd64 (2:1.3.3-1) ...
Selecting previously unselected package libjpeg-turbo8:amd64.
Preparing to unpack .../01-libjpeg-turbo8_1.5.2-0ubuntu5.18.04.4_amd64.deb ...
Unpacking libjpeg-turbo8:amd64 (1.5.2-0ubuntu5.18.04.4) ...
Selecting previously unselected package liblzo2-2:amd64.
Preparing to unpack .../02-liblzo2-2_2.08-1.2_amd64.deb ...
Unpacking liblzo2-2:amd64 (2.08-1.2) ...
Selecting previously unselected package perl-modules-5.26.
Preparing to unpack .../03-perl-modules-5.26_5.26.1-6ubuntu0.5_all.deb ...
Unpacking perl-modules-5.26 (5.26.1-6ubuntu0.5) ...
Selecting previously unselected package libgdbm5:amd64.
Preparing to unpack .../04-libgdbm5_1.14.1-6_amd64.deb ...
Unpacking libgdbm5:amd64 (1.14.1-6) ...
Selecting previously unselected package libgdbm-compat4:amd64.
Preparing to unpack .../05-libgdbm-compat4_1.14.1-6_amd64.deb ...
Unpacking libgdbm-compat4:amd64 (1.14.1-6) ...
Selecting previously unselected package libperl5.26:amd64.
Preparing to unpack .../06-libperl5.26_5.26.1-6ubuntu0.5_amd64.deb ...
Unpacking libperl5.26:amd64 (5.26.1-6ubuntu0.5) ...
Selecting previously unselected package perl.
Preparing to unpack .../07-perl_5.26.1-6ubuntu0.5_amd64.deb ...
Unpacking perl (5.26.1-6ubuntu0.5) ...
Selecting previously unselected package libpython2.7-minimal:amd64.
Preparing to unpack .../08-libpython2.7-minimal_2.7.17-1~18.04ubuntu1.2_amd64.deb ...
Unpacking libpython2.7-minimal:amd64 (2.7.17-1~18.04ubuntu1.2) ...
Selecting previously unselected package python2.7-minimal.
Preparing to unpack .../09-python2.7-minimal_2.7.17-1~18.04ubuntu1.2_amd64.deb ...
Unpacking python2.7-minimal (2.7.17-1~18.04ubuntu1.2) ...
Selecting previously unselected package python-minimal.
Preparing to unpack .../10-python-minimal_2.7.15~rc1-1_amd64.deb ...
Unpacking python-minimal (2.7.15~rc1-1) ...
Selecting previously unselected package libpython2.7-stdlib:amd64.
Preparing to unpack .../11-libpython2.7-stdlib_2.7.17-1~18.04ubuntu1.2_amd64.deb ...
Unpacking libpython2.7-stdlib:amd64 (2.7.17-1~18.04ubuntu1.2) ...
Selecting previously unselected package python2.7.
Preparing to unpack .../12-python2.7_2.7.17-1~18.04ubuntu1.2_amd64.deb ...
Unpacking python2.7 (2.7.17-1~18.04ubuntu1.2) ...
Selecting previously unselected package libpython-stdlib:amd64.
Preparing to unpack .../13-libpython-stdlib_2.7.15~rc1-1_amd64.deb ...
Unpacking libpython-stdlib:amd64 (2.7.15~rc1-1) ...
Setting up libpython2.7-minimal:amd64 (2.7.17-1~18.04ubuntu1.2) ...
Setting up python2.7-minimal (2.7.17-1~18.04ubuntu1.2) ...
Linking and byte-compiling packages for runtime python2.7...
Setting up python-minimal (2.7.15~rc1-1) ...
Selecting previously unselected package python.
(Reading database ... (Reading database ... 5%(Reading database ... 10%(Reading database ... 15%(Reading database ... 20%(Reading database ... 25%(Reading database ... 30%(Reading database ... 35%(Reading database ... 40%(Reading database ... 45%(Reading database ... 50%(Reading database ... 55%(Reading database ... 60%(Reading database ... 65%(Reading database ... 70%(Reading database ... 75%(Reading database ... 80%(Reading database ... 85%(Reading database ... 90%(Reading database ... 95%(Reading database ... 100%(Reading database ... 7777 files and directories currently installed.)
Preparing to unpack .../000-python_2.7.15~rc1-1_amd64.deb ...
Unpacking python (2.7.15~rc1-1) ...
Selecting previously unselected package openssl.
Preparing to unpack .../001-openssl_1.1.1-1ubuntu2.1~18.04.6_amd64.deb ...
Unpacking openssl (1.1.1-1ubuntu2.1~18.04.6) ...
Selecting previously unselected package ca-certificates.
Preparing to unpack .../002-ca-certificates_20201027ubuntu0.18.04.1_all.deb ...
Unpacking ca-certificates (20201027ubuntu0.18.04.1) ...
Selecting previously unselected package libmagic-mgc.
Preparing to unpack .../003-libmagic-mgc_1%3a5.32-2ubuntu0.4_amd64.deb ...
Unpacking libmagic-mgc (1:5.32-2ubuntu0.4) ...
Selecting previously unselected package libmagic1:amd64.
Preparing to unpack .../004-libmagic1_1%3a5.32-2ubuntu0.4_amd64.deb ...
Unpacking libmagic1:amd64 (1:5.32-2ubuntu0.4) ...
Selecting previously unselected package file.
Preparing to unpack .../005-file_1%3a5.32-2ubuntu0.4_amd64.deb ...
Unpacking file (1:5.32-2ubuntu0.4) ...
Selecting previously unselected package libglib2.0-0:amd64.
Preparing to unpack .../006-libglib2.0-0_2.56.4-0ubuntu0.18.04.6_amd64.deb ...
Unpacking libglib2.0-0:amd64 (2.56.4-0ubuntu0.18.04.6) ...
Selecting previously unselected package libgirepository-1.0-1:amd64.
Preparing to unpack .../007-libgirepository-1.0-1_1.56.1-1_amd64.deb ...
Unpacking libgirepository-1.0-1:amd64 (1.56.1-1) ...
Selecting previously unselected package gir1.2-glib-2.0:amd64.
Preparing to unpack .../008-gir1.2-glib-2.0_1.56.1-1_amd64.deb ...
Unpacking gir1.2-glib-2.0:amd64 (1.56.1-1) ...
Selecting previously unselected package less.
Preparing to unpack .../009-less_487-0.1_amd64.deb ...
Unpacking less (487-0.1) ...
Selecting previously unselected package libelf1:amd64.
Preparing to unpack .../010-libelf1_0.170-0.4ubuntu0.1_amd64.deb ...
Unpacking libelf1:amd64 (0.170-0.4ubuntu0.1) ...
Selecting previously unselected package libglib2.0-data.
Preparing to unpack .../011-libglib2.0-data_2.56.4-0ubuntu0.18.04.6_all.deb ...
Unpacking libglib2.0-data (2.56.4-0ubuntu0.18.04.6) ...
Selecting previously unselected package libicu60:amd64.
Preparing to unpack .../012-libicu60_60.2-3ubuntu3.1_amd64.deb ...
Unpacking libicu60:amd64 (60.2-3ubuntu3.1) ...
Selecting previously unselected package libxml2:amd64.
Preparing to unpack .../013-libxml2_2.9.4+dfsg1-6.1ubuntu1.3_amd64.deb ...
Unpacking libxml2:amd64 (2.9.4+dfsg1-6.1ubuntu1.3) ...
Selecting previously unselected package locales.
Preparing to unpack .../014-locales_2.27-3ubuntu1.3_all.deb ...
Unpacking locales (2.27-3ubuntu1.3) ...
Selecting previously unselected package netbase.
Preparing to unpack .../015-netbase_5.4_all.deb ...
Unpacking netbase (5.4) ...
Selecting previously unselected package shared-mime-info.
Preparing to unpack .../016-shared-mime-info_1.9-2_amd64.deb ...
Unpacking shared-mime-info (1.9-2) ...
Selecting previously unselected package xdg-user-dirs.
Preparing to unpack .../017-xdg-user-dirs_0.17-1ubuntu1_amd64.deb ...
Unpacking xdg-user-dirs (0.17-1ubuntu1) ...
Selecting previously unselected package xz-utils.
Preparing to unpack .../018-xz-utils_5.2.2-1.3_amd64.deb ...
Unpacking xz-utils (5.2.2-1.3) ...
Selecting previously unselected package krb5-locales.
Preparing to unpack .../019-krb5-locales_1.16-2ubuntu0.1_all.deb ...
Unpacking krb5-locales (1.16-2ubuntu0.1) ...
Selecting previously unselected package libedit2:amd64.
Preparing to unpack .../020-libedit2_3.1-20170329-1_amd64.deb ...
Unpacking libedit2:amd64 (3.1-20170329-1) ...
Selecting previously unselected package libkrb5support0:amd64.
Preparing to unpack .../021-libkrb5support0_1.16-2ubuntu0.1_amd64.deb ...
Unpacking libkrb5support0:amd64 (1.16-2ubuntu0.1) ...
Selecting previously unselected package libk5crypto3:amd64.
Preparing to unpack .../022-libk5crypto3_1.16-2ubuntu0.1_amd64.deb ...
Unpacking libk5crypto3:amd64 (1.16-2ubuntu0.1) ...
Selecting previously unselected package libkeyutils1:amd64.
Preparing to unpack .../023-libkeyutils1_1.5.9-9.2ubuntu2_amd64.deb ...
Unpacking libkeyutils1:amd64 (1.5.9-9.2ubuntu2) ...
Selecting previously unselected package libkrb5-3:amd64.
Preparing to unpack .../024-libkrb5-3_1.16-2ubuntu0.1_amd64.deb ...
Unpacking libkrb5-3:amd64 (1.16-2ubuntu0.1) ...
Selecting previously unselected package libgssapi-krb5-2:amd64.
Preparing to unpack .../025-libgssapi-krb5-2_1.16-2ubuntu0.1_amd64.deb ...
Unpacking libgssapi-krb5-2:amd64 (1.16-2ubuntu0.1) ...
Selecting previously unselected package libnuma1:amd64.
Preparing to unpack .../026-libnuma1_2.0.11-2.1ubuntu0.1_amd64.deb ...
Unpacking libnuma1:amd64 (2.0.11-2.1ubuntu0.1) ...
Selecting previously unselected package libpipeline1:amd64.
Preparing to unpack .../027-libpipeline1_1.5.0-1_amd64.deb ...
Unpacking libpipeline1:amd64 (1.5.0-1) ...
Selecting previously unselected package libpng16-16:amd64.
Preparing to unpack .../028-libpng16-16_1.6.34-1ubuntu0.18.04.2_amd64.deb ...
Unpacking libpng16-16:amd64 (1.6.34-1ubuntu0.18.04.2) ...
Selecting previously unselected package libpsl5:amd64.
Preparing to unpack .../029-libpsl5_0.19.1-5build1_amd64.deb ...
Unpacking libpsl5:amd64 (0.19.1-5build1) ...
Selecting previously unselected package libssl1.0.0:amd64.
Preparing to unpack .../030-libssl1.0.0_1.0.2n-1ubuntu5.4_amd64.deb ...
Unpacking libssl1.0.0:amd64 (1.0.2n-1ubuntu5.4) ...
Selecting previously unselected package libxmuu1:amd64.
Preparing to unpack .../031-libxmuu1_2%3a1.1.2-2_amd64.deb ...
Unpacking libxmuu1:amd64 (2:1.1.2-2) ...
Selecting previously unselected package manpages.
Preparing to unpack .../032-manpages_4.15-1_all.deb ...
Unpacking manpages (4.15-1) ...
Selecting previously unselected package openssh-client.
Preparing to unpack .../033-openssh-client_1%3a7.6p1-4ubuntu0.3_amd64.deb ...
Unpacking openssh-client (1:7.6p1-4ubuntu0.3) ...
Selecting previously unselected package publicsuffix.
Preparing to unpack .../034-publicsuffix_20180223.1310-1_all.deb ...
Unpacking publicsuffix (20180223.1310-1) ...
Selecting previously unselected package wget.
Preparing to unpack .../035-wget_1.19.4-1ubuntu2.2_amd64.deb ...
Unpacking wget (1.19.4-1ubuntu2.2) ...
Selecting previously unselected package xauth.
Preparing to unpack .../036-xauth_1%3a1.0.10-1_amd64.deb ...
Unpacking xauth (1:1.0.10-1) ...
Selecting previously unselected package autotools-dev.
Preparing to unpack .../037-autotools-dev_20180224.1_all.deb ...
Unpacking autotools-dev (20180224.1) ...
Selecting previously unselected package binfmt-support.
Preparing to unpack .../038-binfmt-support_2.1.8-2_amd64.deb ...
Unpacking binfmt-support (2.1.8-2) ...
Selecting previously unselected package binutils-common:amd64.
Preparing to unpack .../039-binutils-common_2.30-21ubuntu1~18.04.4_amd64.deb ...
Unpacking binutils-common:amd64 (2.30-21ubuntu1~18.04.4) ...
Selecting previously unselected package libbinutils:amd64.
Preparing to unpack .../040-libbinutils_2.30-21ubuntu1~18.04.4_amd64.deb ...
Unpacking libbinutils:amd64 (2.30-21ubuntu1~18.04.4) ...
Selecting previously unselected package binutils-x86-64-linux-gnu.
Preparing to unpack .../041-binutils-x86-64-linux-gnu_2.30-21ubuntu1~18.04.4_amd64.deb ...
Unpacking binutils-x86-64-linux-gnu (2.30-21ubuntu1~18.04.4) ...
Selecting previously unselected package binutils.
Preparing to unpack .../042-binutils_2.30-21ubuntu1~18.04.4_amd64.deb ...
Unpacking binutils (2.30-21ubuntu1~18.04.4) ...
Selecting previously unselected package libc-dev-bin.
Preparing to unpack .../043-libc-dev-bin_2.27-3ubuntu1.3_amd64.deb ...
Unpacking libc-dev-bin (2.27-3ubuntu1.3) ...
Selecting previously unselected package linux-libc-dev:amd64.
Preparing to unpack .../044-linux-libc-dev_4.15.0-123.126_amd64.deb ...
Unpacking linux-libc-dev:amd64 (4.15.0-123.126) ...
Selecting previously unselected package libc6-dev:amd64.
Preparing to unpack .../045-libc6-dev_2.27-3ubuntu1.3_amd64.deb ...
Unpacking libc6-dev:amd64 (2.27-3ubuntu1.3) ...
Selecting previously unselected package gcc-7-base:amd64.
Preparing to unpack .../046-gcc-7-base_7.5.0-3ubuntu1~18.04_amd64.deb ...
Unpacking gcc-7-base:amd64 (7.5.0-3ubuntu1~18.04) ...
Selecting previously unselected package libisl19:amd64.
Preparing to unpack .../047-libisl19_0.19-1_amd64.deb ...
Unpacking libisl19:amd64 (0.19-1) ...
Selecting previously unselected package libmpfr6:amd64.
Preparing to unpack .../048-libmpfr6_4.0.1-1_amd64.deb ...
Unpacking libmpfr6:amd64 (4.0.1-1) ...
Selecting previously unselected package libmpc3:amd64.
Preparing to unpack .../049-libmpc3_1.1.0-1_amd64.deb ...
Unpacking libmpc3:amd64 (1.1.0-1) ...
Selecting previously unselected package cpp-7.
Preparing to unpack .../050-cpp-7_7.5.0-3ubuntu1~18.04_amd64.deb ...
Unpacking cpp-7 (7.5.0-3ubuntu1~18.04) ...
Selecting previously unselected package cpp.
Preparing to unpack .../051-cpp_4%3a7.4.0-1ubuntu2.3_amd64.deb ...
Unpacking cpp (4:7.4.0-1ubuntu2.3) ...
Selecting previously unselected package libcc1-0:amd64.
Preparing to unpack .../052-libcc1-0_8.4.0-1ubuntu1~18.04_amd64.deb ...
Unpacking libcc1-0:amd64 (8.4.0-1ubuntu1~18.04) ...
Selecting previously unselected package libgomp1:amd64.
Preparing to unpack .../053-libgomp1_8.4.0-1ubuntu1~18.04_amd64.deb ...
Unpacking libgomp1:amd64 (8.4.0-1ubuntu1~18.04) ...
Selecting previously unselected package libitm1:amd64.
Preparing to unpack .../054-libitm1_8.4.0-1ubuntu1~18.04_amd64.deb ...
Unpacking libitm1:amd64 (8.4.0-1ubuntu1~18.04) ...
Selecting previously unselected package libatomic1:amd64.
Preparing to unpack .../055-libatomic1_8.4.0-1ubuntu1~18.04_amd64.deb ...
Unpacking libatomic1:amd64 (8.4.0-1ubuntu1~18.04) ...
Selecting previously unselected package libasan4:amd64.
Preparing to unpack .../056-libasan4_7.5.0-3ubuntu1~18.04_amd64.deb ...
Unpacking libasan4:amd64 (7.5.0-3ubuntu1~18.04) ...
Selecting previously unselected package liblsan0:amd64.
Preparing to unpack .../057-liblsan0_8.4.0-1ubuntu1~18.04_amd64.deb ...
Unpacking liblsan0:amd64 (8.4.0-1ubuntu1~18.04) ...
Selecting previously unselected package libtsan0:amd64.
Preparing to unpack .../058-libtsan0_8.4.0-1ubuntu1~18.04_amd64.deb ...
Unpacking libtsan0:amd64 (8.4.0-1ubuntu1~18.04) ...
Selecting previously unselected package libubsan0:amd64.
Preparing to unpack .../059-libubsan0_7.5.0-3ubuntu1~18.04_amd64.deb ...
Unpacking libubsan0:amd64 (7.5.0-3ubuntu1~18.04) ...
Selecting previously unselected package libcilkrts5:amd64.
Preparing to unpack .../060-libcilkrts5_7.5.0-3ubuntu1~18.04_amd64.deb ...
Unpacking libcilkrts5:amd64 (7.5.0-3ubuntu1~18.04) ...
Selecting previously unselected package libmpx2:amd64.
Preparing to unpack .../061-libmpx2_8.4.0-1ubuntu1~18.04_amd64.deb ...
Unpacking libmpx2:amd64 (8.4.0-1ubuntu1~18.04) ...
Selecting previously unselected package libquadmath0:amd64.
Preparing to unpack .../062-libquadmath0_8.4.0-1ubuntu1~18.04_amd64.deb ...
Unpacking libquadmath0:amd64 (8.4.0-1ubuntu1~18.04) ...
Selecting previously unselected package libgcc-7-dev:amd64.
Preparing to unpack .../063-libgcc-7-dev_7.5.0-3ubuntu1~18.04_amd64.deb ...
Unpacking libgcc-7-dev:amd64 (7.5.0-3ubuntu1~18.04) ...
Selecting previously unselected package gcc-7.
Preparing to unpack .../064-gcc-7_7.5.0-3ubuntu1~18.04_amd64.deb ...
Unpacking gcc-7 (7.5.0-3ubuntu1~18.04) ...
Selecting previously unselected package gcc.
Preparing to unpack .../065-gcc_4%3a7.4.0-1ubuntu2.3_amd64.deb ...
Unpacking gcc (4:7.4.0-1ubuntu2.3) ...
Selecting previously unselected package libstdc++-7-dev:amd64.
Preparing to unpack .../066-libstdc++-7-dev_7.5.0-3ubuntu1~18.04_amd64.deb ...
Unpacking libstdc++-7-dev:amd64 (7.5.0-3ubuntu1~18.04) ...
Selecting previously unselected package g++-7.
Preparing to unpack .../067-g++-7_7.5.0-3ubuntu1~18.04_amd64.deb ...
Unpacking g++-7 (7.5.0-3ubuntu1~18.04) ...
Selecting previously unselected package g++.
Preparing to unpack .../068-g++_4%3a7.4.0-1ubuntu2.3_amd64.deb ...
Unpacking g++ (4:7.4.0-1ubuntu2.3) ...
Selecting previously unselected package make.
Preparing to unpack .../069-make_4.1-9.1ubuntu1_amd64.deb ...
Unpacking make (4.1-9.1ubuntu1) ...
Selecting previously unselected package libdpkg-perl.
Preparing to unpack .../070-libdpkg-perl_1.19.0.5ubuntu2.3_all.deb ...
Unpacking libdpkg-perl (1.19.0.5ubuntu2.3) ...
Selecting previously unselected package patch.
Preparing to unpack .../071-patch_2.7.6-2ubuntu1.1_amd64.deb ...
Unpacking patch (2.7.6-2ubuntu1.1) ...
Selecting previously unselected package dpkg-dev.
Preparing to unpack .../072-dpkg-dev_1.19.0.5ubuntu2.3_all.deb ...
Unpacking dpkg-dev (1.19.0.5ubuntu2.3) ...
Selecting previously unselected package build-essential.
Preparing to unpack .../073-build-essential_12.4ubuntu1_amd64.deb ...
Unpacking build-essential (12.4ubuntu1) ...
Selecting previously unselected package cmake-data.
Preparing to unpack .../074-cmake-data_3.10.2-1ubuntu2.18.04.1_all.deb ...
Unpacking cmake-data (3.10.2-1ubuntu2.18.04.1) ...
Selecting previously unselected package libarchive13:amd64.
Preparing to unpack .../075-libarchive13_3.2.2-3.1ubuntu0.6_amd64.deb ...
Unpacking libarchive13:amd64 (3.2.2-3.1ubuntu0.6) ...
Selecting previously unselected package libroken18-heimdal:amd64.
Preparing to unpack .../076-libroken18-heimdal_7.5.0+dfsg-1_amd64.deb ...
Unpacking libroken18-heimdal:amd64 (7.5.0+dfsg-1) ...
Selecting previously unselected package libasn1-8-heimdal:amd64.
Preparing to unpack .../077-libasn1-8-heimdal_7.5.0+dfsg-1_amd64.deb ...
Unpacking libasn1-8-heimdal:amd64 (7.5.0+dfsg-1) ...
Selecting previously unselected package libheimbase1-heimdal:amd64.
Preparing to unpack .../078-libheimbase1-heimdal_7.5.0+dfsg-1_amd64.deb ...
Unpacking libheimbase1-heimdal:amd64 (7.5.0+dfsg-1) ...
Selecting previously unselected package libhcrypto4-heimdal:amd64.
Preparing to unpack .../079-libhcrypto4-heimdal_7.5.0+dfsg-1_amd64.deb ...
Unpacking libhcrypto4-heimdal:amd64 (7.5.0+dfsg-1) ...
Selecting previously unselected package libwind0-heimdal:amd64.
Preparing to unpack .../080-libwind0-heimdal_7.5.0+dfsg-1_amd64.deb ...
Unpacking libwind0-heimdal:amd64 (7.5.0+dfsg-1) ...
Selecting previously unselected package libhx509-5-heimdal:amd64.
Preparing to unpack .../081-libhx509-5-heimdal_7.5.0+dfsg-1_amd64.deb ...
Unpacking libhx509-5-heimdal:amd64 (7.5.0+dfsg-1) ...
Selecting previously unselected package libkrb5-26-heimdal:amd64.
Preparing to unpack .../082-libkrb5-26-heimdal_7.5.0+dfsg-1_amd64.deb ...
Unpacking libkrb5-26-heimdal:amd64 (7.5.0+dfsg-1) ...
Selecting previously unselected package libheimntlm0-heimdal:amd64.
Preparing to unpack .../083-libheimntlm0-heimdal_7.5.0+dfsg-1_amd64.deb ...
Unpacking libheimntlm0-heimdal:amd64 (7.5.0+dfsg-1) ...
Selecting previously unselected package libgssapi3-heimdal:amd64.
Preparing to unpack .../084-libgssapi3-heimdal_7.5.0+dfsg-1_amd64.deb ...
Unpacking libgssapi3-heimdal:amd64 (7.5.0+dfsg-1) ...
Selecting previously unselected package libsasl2-modules-db:amd64.
Preparing to unpack .../085-libsasl2-modules-db_2.1.27~101-g0780600+dfsg-3ubuntu2.1_amd64.deb ...
Unpacking libsasl2-modules-db:amd64 (2.1.27~101-g0780600+dfsg-3ubuntu2.1) ...
Selecting previously unselected package libsasl2-2:amd64.
Preparing to unpack .../086-libsasl2-2_2.1.27~101-g0780600+dfsg-3ubuntu2.1_amd64.deb ...
Unpacking libsasl2-2:amd64 (2.1.27~101-g0780600+dfsg-3ubuntu2.1) ...
Selecting previously unselected package libldap-common.
Preparing to unpack .../087-libldap-common_2.4.45+dfsg-1ubuntu1.7_all.deb ...
Unpacking libldap-common (2.4.45+dfsg-1ubuntu1.7) ...
Selecting previously unselected package libldap-2.4-2:amd64.
Preparing to unpack .../088-libldap-2.4-2_2.4.45+dfsg-1ubuntu1.7_amd64.deb ...
Unpacking libldap-2.4-2:amd64 (2.4.45+dfsg-1ubuntu1.7) ...
Selecting previously unselected package libnghttp2-14:amd64.
Preparing to unpack .../089-libnghttp2-14_1.30.0-1ubuntu1_amd64.deb ...
Unpacking libnghttp2-14:amd64 (1.30.0-1ubuntu1) ...
Selecting previously unselected package librtmp1:amd64.
Preparing to unpack .../090-librtmp1_2.4+20151223.gitfa8646d.1-1_amd64.deb ...
Unpacking librtmp1:amd64 (2.4+20151223.gitfa8646d.1-1) ...
Selecting previously unselected package libcurl4:amd64.
Preparing to unpack .../091-libcurl4_7.58.0-2ubuntu3.10_amd64.deb ...
Unpacking libcurl4:amd64 (7.58.0-2ubuntu3.10) ...
Selecting previously unselected package libjsoncpp1:amd64.
Preparing to unpack .../092-libjsoncpp1_1.7.4-3_amd64.deb ...
Unpacking libjsoncpp1:amd64 (1.7.4-3) ...
Selecting previously unselected package librhash0:amd64.
Preparing to unpack .../093-librhash0_1.3.6-2_amd64.deb ...
Unpacking librhash0:amd64 (1.3.6-2) ...
Selecting previously unselected package libuv1:amd64.
Preparing to unpack .../094-libuv1_1.18.0-3_amd64.deb ...
Unpacking libuv1:amd64 (1.18.0-3) ...
Selecting previously unselected package cmake.
Preparing to unpack .../095-cmake_3.10.2-1ubuntu2.18.04.1_amd64.deb ...
Unpacking cmake (3.10.2-1ubuntu2.18.04.1) ...
Selecting previously unselected package python3-lib2to3.
Preparing to unpack .../096-python3-lib2to3_3.6.9-1~18.04_all.deb ...
Unpacking python3-lib2to3 (3.6.9-1~18.04) ...
Selecting previously unselected package python3-distutils.
Preparing to unpack .../097-python3-distutils_3.6.9-1~18.04_all.deb ...
Unpacking python3-distutils (3.6.9-1~18.04) ...
Selecting previously unselected package dh-python.
Preparing to unpack .../098-dh-python_3.20180325ubuntu2_all.deb ...
Unpacking dh-python (3.20180325ubuntu2) ...
Selecting previously unselected package libassuan0:amd64.
Preparing to unpack .../099-libassuan0_2.5.1-2_amd64.deb ...
Unpacking libassuan0:amd64 (2.5.1-2) ...
Selecting previously unselected package gpgconf.
Preparing to unpack .../100-gpgconf_2.2.4-1ubuntu1.3_amd64.deb ...
Unpacking gpgconf (2.2.4-1ubuntu1.3) ...
Selecting previously unselected package libksba8:amd64.
Preparing to unpack .../101-libksba8_1.3.5-2_amd64.deb ...
Unpacking libksba8:amd64 (1.3.5-2) ...
Selecting previously unselected package libnpth0:amd64.
Preparing to unpack .../102-libnpth0_1.5-3_amd64.deb ...
Unpacking libnpth0:amd64 (1.5-3) ...
Selecting previously unselected package dirmngr.
Preparing to unpack .../103-dirmngr_2.2.4-1ubuntu1.3_amd64.deb ...
Unpacking dirmngr (2.2.4-1ubuntu1.3) ...
Selecting previously unselected package libfakeroot:amd64.
Preparing to unpack .../104-libfakeroot_1.22-2ubuntu1_amd64.deb ...
Unpacking libfakeroot:amd64 (1.22-2ubuntu1) ...
Selecting previously unselected package fakeroot.
Preparing to unpack .../105-fakeroot_1.22-2ubuntu1_amd64.deb ...
Unpacking fakeroot (1.22-2ubuntu1) ...
Selecting previously unselected package libgfortran4:amd64.
Preparing to unpack .../106-libgfortran4_7.5.0-3ubuntu1~18.04_amd64.deb ...
Unpacking libgfortran4:amd64 (7.5.0-3ubuntu1~18.04) ...
Selecting previously unselected package libgfortran-7-dev:amd64.
Preparing to unpack .../107-libgfortran-7-dev_7.5.0-3ubuntu1~18.04_amd64.deb ...
Unpacking libgfortran-7-dev:amd64 (7.5.0-3ubuntu1~18.04) ...
Selecting previously unselected package gfortran-7.
Preparing to unpack .../108-gfortran-7_7.5.0-3ubuntu1~18.04_amd64.deb ...
Unpacking gfortran-7 (7.5.0-3ubuntu1~18.04) ...
Selecting previously unselected package gfortran.
Preparing to unpack .../109-gfortran_4%3a7.4.0-1ubuntu2.3_amd64.deb ...
Unpacking gfortran (4:7.4.0-1ubuntu2.3) ...
Selecting previously unselected package libfreetype6:amd64.
Preparing to unpack .../110-libfreetype6_2.8.1-2ubuntu2.1_amd64.deb ...
Unpacking libfreetype6:amd64 (2.8.1-2ubuntu2.1) ...
Selecting previously unselected package libgraphite2-3:amd64.
Preparing to unpack .../111-libgraphite2-3_1.3.11-2_amd64.deb ...
Unpacking libgraphite2-3:amd64 (1.3.11-2) ...
Selecting previously unselected package libharfbuzz0b:amd64.
Preparing to unpack .../112-libharfbuzz0b_1.7.2-1ubuntu1_amd64.deb ...
Unpacking libharfbuzz0b:amd64 (1.7.2-1ubuntu1) ...
Selecting previously unselected package gir1.2-harfbuzz-0.0:amd64.
Preparing to unpack .../113-gir1.2-harfbuzz-0.0_1.7.2-1ubuntu1_amd64.deb ...
Unpacking gir1.2-harfbuzz-0.0:amd64 (1.7.2-1ubuntu1) ...
Selecting previously unselected package libcurl3-gnutls:amd64.
Preparing to unpack .../114-libcurl3-gnutls_7.58.0-2ubuntu3.10_amd64.deb ...
Unpacking libcurl3-gnutls:amd64 (7.58.0-2ubuntu3.10) ...
Selecting previously unselected package liberror-perl.
Preparing to unpack .../115-liberror-perl_0.17025-1_all.deb ...
Unpacking liberror-perl (0.17025-1) ...
Selecting previously unselected package git-man.
Preparing to unpack .../116-git-man_1%3a2.17.1-1ubuntu0.7_all.deb ...
Unpacking git-man (1:2.17.1-1ubuntu0.7) ...
Selecting previously unselected package git.
Preparing to unpack .../117-git_1%3a2.17.1-1ubuntu0.7_amd64.deb ...
Unpacking git (1:2.17.1-1ubuntu0.7) ...
Selecting previously unselected package gnupg-l10n.
Preparing to unpack .../118-gnupg-l10n_2.2.4-1ubuntu1.3_all.deb ...
Unpacking gnupg-l10n (2.2.4-1ubuntu1.3) ...
Selecting previously unselected package gnupg-utils.
Preparing to unpack .../119-gnupg-utils_2.2.4-1ubuntu1.3_amd64.deb ...
Unpacking gnupg-utils (2.2.4-1ubuntu1.3) ...
Selecting previously unselected package gpg.
Preparing to unpack .../120-gpg_2.2.4-1ubuntu1.3_amd64.deb ...
Unpacking gpg (2.2.4-1ubuntu1.3) ...
Selecting previously unselected package pinentry-curses.
Preparing to unpack .../121-pinentry-curses_1.1.0-1_amd64.deb ...
Unpacking pinentry-curses (1.1.0-1) ...
Selecting previously unselected package gpg-agent.
Preparing to unpack .../122-gpg-agent_2.2.4-1ubuntu1.3_amd64.deb ...
Unpacking gpg-agent (2.2.4-1ubuntu1.3) ...
Selecting previously unselected package gpg-wks-client.
Preparing to unpack .../123-gpg-wks-client_2.2.4-1ubuntu1.3_amd64.deb ...
Unpacking gpg-wks-client (2.2.4-1ubuntu1.3) ...
Selecting previously unselected package gpg-wks-server.
Preparing to unpack .../124-gpg-wks-server_2.2.4-1ubuntu1.3_amd64.deb ...
Unpacking gpg-wks-server (2.2.4-1ubuntu1.3) ...
Selecting previously unselected package gpgsm.
Preparing to unpack .../125-gpgsm_2.2.4-1ubuntu1.3_amd64.deb ...
Unpacking gpgsm (2.2.4-1ubuntu1.3) ...
Selecting previously unselected package gnupg.
Preparing to unpack .../126-gnupg_2.2.4-1ubuntu1.3_amd64.deb ...
Unpacking gnupg (2.2.4-1ubuntu1.3) ...
Selecting previously unselected package libnl-3-200:amd64.
Preparing to unpack .../127-libnl-3-200_3.2.29-0ubuntu3_amd64.deb ...
Unpacking libnl-3-200:amd64 (3.2.29-0ubuntu3) ...
Selecting previously unselected package libnl-route-3-200:amd64.
Preparing to unpack .../128-libnl-route-3-200_3.2.29-0ubuntu3_amd64.deb ...
Unpacking libnl-route-3-200:amd64 (3.2.29-0ubuntu3) ...
Selecting previously unselected package libibverbs1:amd64.
Preparing to unpack .../129-libibverbs1_17.1-1ubuntu0.2_amd64.deb ...
Unpacking libibverbs1:amd64 (17.1-1ubuntu0.2) ...
Selecting previously unselected package ibverbs-providers:amd64.
Preparing to unpack .../130-ibverbs-providers_17.1-1ubuntu0.2_amd64.deb ...
Unpacking ibverbs-providers:amd64 (17.1-1ubuntu0.2) ...
Selecting previously unselected package icu-devtools.
Preparing to unpack .../131-icu-devtools_60.2-3ubuntu3.1_amd64.deb ...
Unpacking icu-devtools (60.2-3ubuntu3.1) ...
Selecting previously unselected package ksh.
Preparing to unpack .../132-ksh_93u+20120801-3.1ubuntu1_amd64.deb ...
Unpacking ksh (93u+20120801-3.1ubuntu1) ...
Selecting previously unselected package libaec0:amd64.
Preparing to unpack .../133-libaec0_0.3.2-2_amd64.deb ...
Unpacking libaec0:amd64 (0.3.2-2) ...
Selecting previously unselected package libalgorithm-diff-perl.
Preparing to unpack .../134-libalgorithm-diff-perl_1.19.03-1_all.deb ...
Unpacking libalgorithm-diff-perl (1.19.03-1) ...
Selecting previously unselected package libalgorithm-diff-xs-perl.
Preparing to unpack .../135-libalgorithm-diff-xs-perl_0.04-5_amd64.deb ...
Unpacking libalgorithm-diff-xs-perl (0.04-5) ...
Selecting previously unselected package libalgorithm-merge-perl.
Preparing to unpack .../136-libalgorithm-merge-perl_0.08-3_all.deb ...
Unpacking libalgorithm-merge-perl (0.08-3) ...
Selecting previously unselected package libsuitesparseconfig5:amd64.
Preparing to unpack .../137-libsuitesparseconfig5_1%3a5.1.2-2_amd64.deb ...
Unpacking libsuitesparseconfig5:amd64 (1:5.1.2-2) ...
Selecting previously unselected package libamd2:amd64.
Preparing to unpack .../138-libamd2_1%3a5.1.2-2_amd64.deb ...
Unpacking libamd2:amd64 (1:5.1.2-2) ...
Selecting previously unselected package libblas3:amd64.
Preparing to unpack .../139-libblas3_3.7.1-4ubuntu1_amd64.deb ...
Unpacking libblas3:amd64 (3.7.1-4ubuntu1) ...
Selecting previously unselected package libblas-dev:amd64.
Preparing to unpack .../140-libblas-dev_3.7.1-4ubuntu1_amd64.deb ...
Unpacking libblas-dev:amd64 (3.7.1-4ubuntu1) ...
Selecting previously unselected package libboost1.65-dev:amd64.
Preparing to unpack .../141-libboost1.65-dev_1.65.1+dfsg-0ubuntu5_amd64.deb ...
Unpacking libboost1.65-dev:amd64 (1.65.1+dfsg-0ubuntu5) ...
Selecting previously unselected package libboost-dev:amd64.
Preparing to unpack .../142-libboost-dev_1.65.1.0ubuntu1_amd64.deb ...
Unpacking libboost-dev:amd64 (1.65.1.0ubuntu1) ...
Selecting previously unselected package libboost1.65-tools-dev.
Preparing to unpack .../143-libboost1.65-tools-dev_1.65.1+dfsg-0ubuntu5_amd64.deb ...
Unpacking libboost1.65-tools-dev (1.65.1+dfsg-0ubuntu5) ...
Selecting previously unselected package libboost-tools-dev.
Preparing to unpack .../144-libboost-tools-dev_1.65.1.0ubuntu1_amd64.deb ...
Unpacking libboost-tools-dev (1.65.1.0ubuntu1) ...
Selecting previously unselected package libboost-atomic1.65.1:amd64.
Preparing to unpack .../145-libboost-atomic1.65.1_1.65.1+dfsg-0ubuntu5_amd64.deb ...
Unpacking libboost-atomic1.65.1:amd64 (1.65.1+dfsg-0ubuntu5) ...
Selecting previously unselected package libboost-atomic1.65-dev:amd64.
Preparing to unpack .../146-libboost-atomic1.65-dev_1.65.1+dfsg-0ubuntu5_amd64.deb ...
Unpacking libboost-atomic1.65-dev:amd64 (1.65.1+dfsg-0ubuntu5) ...
Selecting previously unselected package libboost-atomic-dev:amd64.
Preparing to unpack .../147-libboost-atomic-dev_1.65.1.0ubuntu1_amd64.deb ...
Unpacking libboost-atomic-dev:amd64 (1.65.1.0ubuntu1) ...
Selecting previously unselected package libboost-system1.65.1:amd64.
Preparing to unpack .../148-libboost-system1.65.1_1.65.1+dfsg-0ubuntu5_amd64.deb ...
Unpacking libboost-system1.65.1:amd64 (1.65.1+dfsg-0ubuntu5) ...
Selecting previously unselected package libboost-chrono1.65.1:amd64.
Preparing to unpack .../149-libboost-chrono1.65.1_1.65.1+dfsg-0ubuntu5_amd64.deb ...
Unpacking libboost-chrono1.65.1:amd64 (1.65.1+dfsg-0ubuntu5) ...
Selecting previously unselected package libboost-chrono1.65-dev:amd64.
Preparing to unpack .../150-libboost-chrono1.65-dev_1.65.1+dfsg-0ubuntu5_amd64.deb ...
Unpacking libboost-chrono1.65-dev:amd64 (1.65.1+dfsg-0ubuntu5) ...
Selecting previously unselected package libboost-chrono-dev:amd64.
Preparing to unpack .../151-libboost-chrono-dev_1.65.1.0ubuntu1_amd64.deb ...
Unpacking libboost-chrono-dev:amd64 (1.65.1.0ubuntu1) ...
Selecting previously unselected package libboost-container1.65.1:amd64.
Preparing to unpack .../152-libboost-container1.65.1_1.65.1+dfsg-0ubuntu5_amd64.deb ...
Unpacking libboost-container1.65.1:amd64 (1.65.1+dfsg-0ubuntu5) ...
Selecting previously unselected package libboost-container1.65-dev:amd64.
Preparing to unpack .../153-libboost-container1.65-dev_1.65.1+dfsg-0ubuntu5_amd64.deb ...
Unpacking libboost-container1.65-dev:amd64 (1.65.1+dfsg-0ubuntu5) ...
Selecting previously unselected package libboost-container-dev:amd64.
Preparing to unpack .../154-libboost-container-dev_1.65.1.0ubuntu1_amd64.deb ...
Unpacking libboost-container-dev:amd64 (1.65.1.0ubuntu1) ...
Selecting previously unselected package libboost-context1.65.1:amd64.
Preparing to unpack .../155-libboost-context1.65.1_1.65.1+dfsg-0ubuntu5_amd64.deb ...
Unpacking libboost-context1.65.1:amd64 (1.65.1+dfsg-0ubuntu5) ...
Selecting previously unselected package libboost-context1.65-dev:amd64.
Preparing to unpack .../156-libboost-context1.65-dev_1.65.1+dfsg-0ubuntu5_amd64.deb ...
Unpacking libboost-context1.65-dev:amd64 (1.65.1+dfsg-0ubuntu5) ...
Selecting previously unselected package libboost-context-dev:amd64.
Preparing to unpack .../157-libboost-context-dev_1.65.1.0ubuntu1_amd64.deb ...
Unpacking libboost-context-dev:amd64 (1.65.1.0ubuntu1) ...
Selecting previously unselected package libboost-thread1.65.1:amd64.
Preparing to unpack .../158-libboost-thread1.65.1_1.65.1+dfsg-0ubuntu5_amd64.deb ...
Unpacking libboost-thread1.65.1:amd64 (1.65.1+dfsg-0ubuntu5) ...
Selecting previously unselected package libboost-coroutine1.65.1:amd64.
Preparing to unpack .../159-libboost-coroutine1.65.1_1.65.1+dfsg-0ubuntu5_amd64.deb ...
Unpacking libboost-coroutine1.65.1:amd64 (1.65.1+dfsg-0ubuntu5) ...
Selecting previously unselected package libboost-coroutine1.65-dev:amd64.
Preparing to unpack .../160-libboost-coroutine1.65-dev_1.65.1+dfsg-0ubuntu5_amd64.deb ...
Unpacking libboost-coroutine1.65-dev:amd64 (1.65.1+dfsg-0ubuntu5) ...
Selecting previously unselected package libboost-coroutine-dev:amd64.
Preparing to unpack .../161-libboost-coroutine-dev_1.65.1.0ubuntu1_amd64.deb ...
Unpacking libboost-coroutine-dev:amd64 (1.65.1.0ubuntu1) ...
Selecting previously unselected package libboost-date-time1.65.1:amd64.
Preparing to unpack .../162-libboost-date-time1.65.1_1.65.1+dfsg-0ubuntu5_amd64.deb ...
Unpacking libboost-date-time1.65.1:amd64 (1.65.1+dfsg-0ubuntu5) ...
Selecting previously unselected package libboost-serialization1.65.1:amd64.
Preparing to unpack .../163-libboost-serialization1.65.1_1.65.1+dfsg-0ubuntu5_amd64.deb ...
Unpacking libboost-serialization1.65.1:amd64 (1.65.1+dfsg-0ubuntu5) ...
Selecting previously unselected package libboost-serialization1.65-dev:amd64.
Preparing to unpack .../164-libboost-serialization1.65-dev_1.65.1+dfsg-0ubuntu5_amd64.deb ...
Unpacking libboost-serialization1.65-dev:amd64 (1.65.1+dfsg-0ubuntu5) ...
Selecting previously unselected package libboost-date-time1.65-dev:amd64.
Preparing to unpack .../165-libboost-date-time1.65-dev_1.65.1+dfsg-0ubuntu5_amd64.deb ...
Unpacking libboost-date-time1.65-dev:amd64 (1.65.1+dfsg-0ubuntu5) ...
Selecting previously unselected package libboost-date-time-dev:amd64.
Preparing to unpack .../166-libboost-date-time-dev_1.65.1.0ubuntu1_amd64.deb ...
Unpacking libboost-date-time-dev:amd64 (1.65.1.0ubuntu1) ...
Selecting previously unselected package libboost-exception1.65-dev:amd64.
Preparing to unpack .../167-libboost-exception1.65-dev_1.65.1+dfsg-0ubuntu5_amd64.deb ...
Unpacking libboost-exception1.65-dev:amd64 (1.65.1+dfsg-0ubuntu5) ...
Selecting previously unselected package libboost-exception-dev:amd64.
Preparing to unpack .../168-libboost-exception-dev_1.65.1.0ubuntu1_amd64.deb ...
Unpacking libboost-exception-dev:amd64 (1.65.1.0ubuntu1) ...
Selecting previously unselected package libboost-filesystem1.65.1:amd64.
Preparing to unpack .../169-libboost-filesystem1.65.1_1.65.1+dfsg-0ubuntu5_amd64.deb ...
Unpacking libboost-filesystem1.65.1:amd64 (1.65.1+dfsg-0ubuntu5) ...
Selecting previously unselected package libboost-fiber1.65.1:amd64.
Preparing to unpack .../170-libboost-fiber1.65.1_1.65.1+dfsg-0ubuntu5_amd64.deb ...
Unpacking libboost-fiber1.65.1:amd64 (1.65.1+dfsg-0ubuntu5) ...
Selecting previously unselected package libboost-fiber1.65-dev:amd64.
Preparing to unpack .../171-libboost-fiber1.65-dev_1.65.1+dfsg-0ubuntu5_amd64.deb ...
Unpacking libboost-fiber1.65-dev:amd64 (1.65.1+dfsg-0ubuntu5) ...
Selecting previously unselected package libboost-fiber-dev:amd64.
Preparing to unpack .../172-libboost-fiber-dev_1.65.1.0ubuntu1_amd64.deb ...
Unpacking libboost-fiber-dev:amd64 (1.65.1.0ubuntu1) ...
Selecting previously unselected package libboost-system1.65-dev:amd64.
Preparing to unpack .../173-libboost-system1.65-dev_1.65.1+dfsg-0ubuntu5_amd64.deb ...
Unpacking libboost-system1.65-dev:amd64 (1.65.1+dfsg-0ubuntu5) ...
Selecting previously unselected package libboost-filesystem1.65-dev:amd64.
Preparing to unpack .../174-libboost-filesystem1.65-dev_1.65.1+dfsg-0ubuntu5_amd64.deb ...
Unpacking libboost-filesystem1.65-dev:amd64 (1.65.1+dfsg-0ubuntu5) ...
Selecting previously unselected package libboost-filesystem-dev:amd64.
Preparing to unpack .../175-libboost-filesystem-dev_1.65.1.0ubuntu1_amd64.deb ...
Unpacking libboost-filesystem-dev:amd64 (1.65.1.0ubuntu1) ...
Selecting previously unselected package libboost-regex1.65.1:amd64.
Preparing to unpack .../176-libboost-regex1.65.1_1.65.1+dfsg-0ubuntu5_amd64.deb ...
Unpacking libboost-regex1.65.1:amd64 (1.65.1+dfsg-0ubuntu5) ...
Selecting previously unselected package libboost-graph1.65.1:amd64.
Preparing to unpack .../177-libboost-graph1.65.1_1.65.1+dfsg-0ubuntu5_amd64.deb ...
Unpacking libboost-graph1.65.1:amd64 (1.65.1+dfsg-0ubuntu5) ...
Selecting previously unselected package libboost-test1.65.1:amd64.
Preparing to unpack .../178-libboost-test1.65.1_1.65.1+dfsg-0ubuntu5_amd64.deb ...
Unpacking libboost-test1.65.1:amd64 (1.65.1+dfsg-0ubuntu5) ...
Selecting previously unselected package libboost-test1.65-dev:amd64.
Preparing to unpack .../179-libboost-test1.65-dev_1.65.1+dfsg-0ubuntu5_amd64.deb ...
Unpacking libboost-test1.65-dev:amd64 (1.65.1+dfsg-0ubuntu5) ...
Selecting previously unselected package libboost-graph1.65-dev:amd64.
Preparing to unpack .../180-libboost-graph1.65-dev_1.65.1+dfsg-0ubuntu5_amd64.deb ...
Unpacking libboost-graph1.65-dev:amd64 (1.65.1+dfsg-0ubuntu5) ...
Selecting previously unselected package libboost-graph-dev:amd64.
Preparing to unpack .../181-libboost-graph-dev_1.65.1.0ubuntu1_amd64.deb ...
Unpacking libboost-graph-dev:amd64 (1.65.1.0ubuntu1) ...
Selecting previously unselected package libpsm-infinipath1.
Preparing to unpack .../182-libpsm-infinipath1_3.3+20.604758e7-5_amd64.deb ...
Unpacking libpsm-infinipath1 (3.3+20.604758e7-5) ...
Selecting previously unselected package librdmacm1:amd64.
Preparing to unpack .../183-librdmacm1_17.1-1ubuntu0.2_amd64.deb ...
Unpacking librdmacm1:amd64 (17.1-1ubuntu0.2) ...
Selecting previously unselected package libfabric1.
Preparing to unpack .../184-libfabric1_1.5.3-1_amd64.deb ...
Unpacking libfabric1 (1.5.3-1) ...
Selecting previously unselected package libltdl7:amd64.
Preparing to unpack .../185-libltdl7_2.4.6-2_amd64.deb ...
Unpacking libltdl7:amd64 (2.4.6-2) ...
Selecting previously unselected package libhwloc5:amd64.
Preparing to unpack .../186-libhwloc5_1.11.9-1_amd64.deb ...
Unpacking libhwloc5:amd64 (1.11.9-1) ...
Selecting previously unselected package libpciaccess0:amd64.
Preparing to unpack .../187-libpciaccess0_0.14-1_amd64.deb ...
Unpacking libpciaccess0:amd64 (0.14-1) ...
Selecting previously unselected package ocl-icd-libopencl1:amd64.
Preparing to unpack .../188-ocl-icd-libopencl1_2.2.11-1ubuntu1_amd64.deb ...
Unpacking ocl-icd-libopencl1:amd64 (2.2.11-1ubuntu1) ...
Selecting previously unselected package libhwloc-plugins.
Preparing to unpack .../189-libhwloc-plugins_1.11.9-1_amd64.deb ...
Unpacking libhwloc-plugins (1.11.9-1) ...
Selecting previously unselected package libopenmpi2:amd64.
Preparing to unpack .../190-libopenmpi2_2.1.1-8_amd64.deb ...
Unpacking libopenmpi2:amd64 (2.1.1-8) ...
Selecting previously unselected package libboost-mpi1.65.1.
Preparing to unpack .../191-libboost-mpi1.65.1_1.65.1+dfsg-0ubuntu5_amd64.deb ...
Unpacking libboost-mpi1.65.1 (1.65.1+dfsg-0ubuntu5) ...
Selecting previously unselected package libboost-graph-parallel1.65.1.
Preparing to unpack .../192-libboost-graph-parallel1.65.1_1.65.1+dfsg-0ubuntu5_amd64.deb ...
Unpacking libboost-graph-parallel1.65.1 (1.65.1+dfsg-0ubuntu5) ...
Selecting previously unselected package libboost-graph-parallel1.65-dev.
Preparing to unpack .../193-libboost-graph-parallel1.65-dev_1.65.1+dfsg-0ubuntu5_amd64.deb ...
Unpacking libboost-graph-parallel1.65-dev (1.65.1+dfsg-0ubuntu5) ...
Selecting previously unselected package libboost-graph-parallel-dev.
Preparing to unpack .../194-libboost-graph-parallel-dev_1.65.1.0ubuntu1_amd64.deb ...
Unpacking libboost-graph-parallel-dev (1.65.1.0ubuntu1) ...
Selecting previously unselected package libicu-le-hb0:amd64.
Preparing to unpack .../195-libicu-le-hb0_1.0.3+git161113-4_amd64.deb ...
Unpacking libicu-le-hb0:amd64 (1.0.3+git161113-4) ...
Selecting previously unselected package libiculx60:amd64.
Preparing to unpack .../196-libiculx60_60.2-3ubuntu3.1_amd64.deb ...
Unpacking libiculx60:amd64 (60.2-3ubuntu3.1) ...
Selecting previously unselected package libharfbuzz-icu0:amd64.
Preparing to unpack .../197-libharfbuzz-icu0_1.7.2-1ubuntu1_amd64.deb ...
Unpacking libharfbuzz-icu0:amd64 (1.7.2-1ubuntu1) ...
Selecting previously unselected package libharfbuzz-gobject0:amd64.
Preparing to unpack .../198-libharfbuzz-gobject0_1.7.2-1ubuntu1_amd64.deb ...
Unpacking libharfbuzz-gobject0:amd64 (1.7.2-1ubuntu1) ...
Selecting previously unselected package libglib2.0-bin.
Preparing to unpack .../199-libglib2.0-bin_2.56.4-0ubuntu0.18.04.6_amd64.deb ...
Unpacking libglib2.0-bin (2.56.4-0ubuntu0.18.04.6) ...
Selecting previously unselected package libglib2.0-dev-bin.
Preparing to unpack .../200-libglib2.0-dev-bin_2.56.4-0ubuntu0.18.04.6_amd64.deb ...
Unpacking libglib2.0-dev-bin (2.56.4-0ubuntu0.18.04.6) ...
Selecting previously unselected package libpcre16-3:amd64.
Preparing to unpack .../201-libpcre16-3_2%3a8.39-9_amd64.deb ...
Unpacking libpcre16-3:amd64 (2:8.39-9) ...
Selecting previously unselected package libpcre32-3:amd64.
Preparing to unpack .../202-libpcre32-3_2%3a8.39-9_amd64.deb ...
Unpacking libpcre32-3:amd64 (2:8.39-9) ...
Selecting previously unselected package libpcrecpp0v5:amd64.
Preparing to unpack .../203-libpcrecpp0v5_2%3a8.39-9_amd64.deb ...
Unpacking libpcrecpp0v5:amd64 (2:8.39-9) ...
Selecting previously unselected package libpcre3-dev:amd64.
Preparing to unpack .../204-libpcre3-dev_2%3a8.39-9_amd64.deb ...
Unpacking libpcre3-dev:amd64 (2:8.39-9) ...
Selecting previously unselected package pkg-config.
Preparing to unpack .../205-pkg-config_0.29.1-0ubuntu2_amd64.deb ...
Unpacking pkg-config (0.29.1-0ubuntu2) ...
Selecting previously unselected package zlib1g-dev:amd64.
Preparing to unpack .../206-zlib1g-dev_1%3a1.2.11.dfsg-0ubuntu2_amd64.deb ...
Unpacking zlib1g-dev:amd64 (1:1.2.11.dfsg-0ubuntu2) ...
Selecting previously unselected package libglib2.0-dev:amd64.
Preparing to unpack .../207-libglib2.0-dev_2.56.4-0ubuntu0.18.04.6_amd64.deb ...
Unpacking libglib2.0-dev:amd64 (2.56.4-0ubuntu0.18.04.6) ...
Selecting previously unselected package libgraphite2-dev:amd64.
Preparing to unpack .../208-libgraphite2-dev_1.3.11-2_amd64.deb ...
Unpacking libgraphite2-dev:amd64 (1.3.11-2) ...
Selecting previously unselected package libharfbuzz-dev:amd64.
Preparing to unpack .../209-libharfbuzz-dev_1.7.2-1ubuntu1_amd64.deb ...
Unpacking libharfbuzz-dev:amd64 (1.7.2-1ubuntu1) ...
Selecting previously unselected package libicu-le-hb-dev:amd64.
Preparing to unpack .../210-libicu-le-hb-dev_1.0.3+git161113-4_amd64.deb ...
Unpacking libicu-le-hb-dev:amd64 (1.0.3+git161113-4) ...
Selecting previously unselected package libicu-dev.
Preparing to unpack .../211-libicu-dev_60.2-3ubuntu3.1_amd64.deb ...
Unpacking libicu-dev (60.2-3ubuntu3.1) ...
Selecting previously unselected package libboost-regex1.65-dev:amd64.
Preparing to unpack .../212-libboost-regex1.65-dev_1.65.1+dfsg-0ubuntu5_amd64.deb ...
Unpacking libboost-regex1.65-dev:amd64 (1.65.1+dfsg-0ubuntu5) ...
Selecting previously unselected package libboost-iostreams1.65.1:amd64.
Preparing to unpack .../213-libboost-iostreams1.65.1_1.65.1+dfsg-0ubuntu5_amd64.deb ...
Unpacking libboost-iostreams1.65.1:amd64 (1.65.1+dfsg-0ubuntu5) ...
Selecting previously unselected package libboost-iostreams1.65-dev:amd64.
Preparing to unpack .../214-libboost-iostreams1.65-dev_1.65.1+dfsg-0ubuntu5_amd64.deb ...
Unpacking libboost-iostreams1.65-dev:amd64 (1.65.1+dfsg-0ubuntu5) ...
Selecting previously unselected package libboost-iostreams-dev:amd64.
Preparing to unpack .../215-libboost-iostreams-dev_1.65.1.0ubuntu1_amd64.deb ...
Unpacking libboost-iostreams-dev:amd64 (1.65.1.0ubuntu1) ...
Selecting previously unselected package libboost-locale1.65.1:amd64.
Preparing to unpack .../216-libboost-locale1.65.1_1.65.1+dfsg-0ubuntu5_amd64.deb ...
Unpacking libboost-locale1.65.1:amd64 (1.65.1+dfsg-0ubuntu5) ...
Selecting previously unselected package libboost-locale1.65-dev:amd64.
Preparing to unpack .../217-libboost-locale1.65-dev_1.65.1+dfsg-0ubuntu5_amd64.deb ...
Unpacking libboost-locale1.65-dev:amd64 (1.65.1+dfsg-0ubuntu5) ...
Selecting previously unselected package libboost-locale-dev:amd64.
Preparing to unpack .../218-libboost-locale-dev_1.65.1.0ubuntu1_amd64.deb ...
Unpacking libboost-locale-dev:amd64 (1.65.1.0ubuntu1) ...
Selecting previously unselected package libboost-log1.65.1.
Preparing to unpack .../219-libboost-log1.65.1_1.65.1+dfsg-0ubuntu5_amd64.deb ...
Unpacking libboost-log1.65.1 (1.65.1+dfsg-0ubuntu5) ...
Selecting previously unselected package libboost-thread1.65-dev:amd64.
Preparing to unpack .../220-libboost-thread1.65-dev_1.65.1+dfsg-0ubuntu5_amd64.deb ...
Unpacking libboost-thread1.65-dev:amd64 (1.65.1+dfsg-0ubuntu5) ...
Selecting previously unselected package libboost-log1.65-dev.
Preparing to unpack .../221-libboost-log1.65-dev_1.65.1+dfsg-0ubuntu5_amd64.deb ...
Unpacking libboost-log1.65-dev (1.65.1+dfsg-0ubuntu5) ...
Selecting previously unselected package libboost-log-dev.
Preparing to unpack .../222-libboost-log-dev_1.65.1.0ubuntu1_amd64.deb ...
Unpacking libboost-log-dev (1.65.1.0ubuntu1) ...
Selecting previously unselected package libboost-math1.65.1:amd64.
Preparing to unpack .../223-libboost-math1.65.1_1.65.1+dfsg-0ubuntu5_amd64.deb ...
Unpacking libboost-math1.65.1:amd64 (1.65.1+dfsg-0ubuntu5) ...
Selecting previously unselected package libboost-math1.65-dev:amd64.
Preparing to unpack .../224-libboost-math1.65-dev_1.65.1+dfsg-0ubuntu5_amd64.deb ...
Unpacking libboost-math1.65-dev:amd64 (1.65.1+dfsg-0ubuntu5) ...
Selecting previously unselected package libboost-math-dev:amd64.
Preparing to unpack .../225-libboost-math-dev_1.65.1.0ubuntu1_amd64.deb ...
Unpacking libboost-math-dev:amd64 (1.65.1.0ubuntu1) ...
Selecting previously unselected package openmpi-common.
Preparing to unpack .../226-openmpi-common_2.1.1-8_all.deb ...
Unpacking openmpi-common (2.1.1-8) ...
Selecting previously unselected package libibverbs-dev:amd64.
Preparing to unpack .../227-libibverbs-dev_17.1-1ubuntu0.2_amd64.deb ...
Unpacking libibverbs-dev:amd64 (17.1-1ubuntu0.2) ...
Selecting previously unselected package libnuma-dev:amd64.
Preparing to unpack .../228-libnuma-dev_2.0.11-2.1ubuntu0.1_amd64.deb ...
Unpacking libnuma-dev:amd64 (2.0.11-2.1ubuntu0.1) ...
Selecting previously unselected package libltdl-dev:amd64.
Preparing to unpack .../229-libltdl-dev_2.4.6-2_amd64.deb ...
Unpacking libltdl-dev:amd64 (2.4.6-2) ...
Selecting previously unselected package libhwloc-dev:amd64.
Preparing to unpack .../230-libhwloc-dev_1.11.9-1_amd64.deb ...
Unpacking libhwloc-dev:amd64 (1.11.9-1) ...
Selecting previously unselected package libopenmpi-dev.
Preparing to unpack .../231-libopenmpi-dev_2.1.1-8_amd64.deb ...
Unpacking libopenmpi-dev (2.1.1-8) ...
Selecting previously unselected package mpi-default-dev.
Preparing to unpack .../232-mpi-default-dev_1.10_amd64.deb ...
Unpacking mpi-default-dev (1.10) ...
Selecting previously unselected package libboost-mpi1.65-dev.
Preparing to unpack .../233-libboost-mpi1.65-dev_1.65.1+dfsg-0ubuntu5_amd64.deb ...
Unpacking libboost-mpi1.65-dev (1.65.1+dfsg-0ubuntu5) ...
Selecting previously unselected package libboost-mpi-dev.
Preparing to unpack .../234-libboost-mpi-dev_1.65.1.0ubuntu1_amd64.deb ...
Unpacking libboost-mpi-dev (1.65.1.0ubuntu1) ...
Selecting previously unselected package libboost-python1.65.1.
Preparing to unpack .../235-libboost-python1.65.1_1.65.1+dfsg-0ubuntu5_amd64.deb ...
Unpacking libboost-python1.65.1 (1.65.1+dfsg-0ubuntu5) ...
Selecting previously unselected package openmpi-bin.
Preparing to unpack .../236-openmpi-bin_2.1.1-8_amd64.deb ...
Unpacking openmpi-bin (2.1.1-8) ...
Selecting previously unselected package mpi-default-bin.
Preparing to unpack .../237-mpi-default-bin_1.10_amd64.deb ...
Unpacking mpi-default-bin (1.10) ...
Selecting previously unselected package libboost-mpi-python1.65.1.
Preparing to unpack .../238-libboost-mpi-python1.65.1_1.65.1+dfsg-0ubuntu5_amd64.deb ...
Unpacking libboost-mpi-python1.65.1 (1.65.1+dfsg-0ubuntu5) ...
Selecting previously unselected package libboost-mpi-python1.65-dev.
Preparing to unpack .../239-libboost-mpi-python1.65-dev_1.65.1+dfsg-0ubuntu5_amd64.deb ...
Unpacking libboost-mpi-python1.65-dev (1.65.1+dfsg-0ubuntu5) ...
Selecting previously unselected package libboost-mpi-python-dev.
Preparing to unpack .../240-libboost-mpi-python-dev_1.65.1.0ubuntu1_amd64.deb ...
Unpacking libboost-mpi-python-dev (1.65.1.0ubuntu1) ...
Selecting previously unselected package libboost-numpy1.65.1.
Preparing to unpack .../241-libboost-numpy1.65.1_1.65.1+dfsg-0ubuntu5_amd64.deb ...
Unpacking libboost-numpy1.65.1 (1.65.1+dfsg-0ubuntu5) ...
Selecting previously unselected package libboost-numpy1.65-dev.
Preparing to unpack .../242-libboost-numpy1.65-dev_1.65.1+dfsg-0ubuntu5_amd64.deb ...
Unpacking libboost-numpy1.65-dev (1.65.1+dfsg-0ubuntu5) ...
Selecting previously unselected package libboost-numpy-dev.
Preparing to unpack .../243-libboost-numpy-dev_1.65.1.0ubuntu1_amd64.deb ...
Unpacking libboost-numpy-dev (1.65.1.0ubuntu1) ...
Selecting previously unselected package libboost-program-options1.65.1:amd64.
Preparing to unpack .../244-libboost-program-options1.65.1_1.65.1+dfsg-0ubuntu5_amd64.deb ...
Unpacking libboost-program-options1.65.1:amd64 (1.65.1+dfsg-0ubuntu5) ...
Selecting previously unselected package libboost-program-options1.65-dev:amd64.
Preparing to unpack .../245-libboost-program-options1.65-dev_1.65.1+dfsg-0ubuntu5_amd64.deb ...
Unpacking libboost-program-options1.65-dev:amd64 (1.65.1+dfsg-0ubuntu5) ...
Selecting previously unselected package libboost-program-options-dev:amd64.
Preparing to unpack .../246-libboost-program-options-dev_1.65.1.0ubuntu1_amd64.deb ...
Unpacking libboost-program-options-dev:amd64 (1.65.1.0ubuntu1) ...
Selecting previously unselected package libpython2.7:amd64.
Preparing to unpack .../247-libpython2.7_2.7.17-1~18.04ubuntu1.2_amd64.deb ...
Unpacking libpython2.7:amd64 (2.7.17-1~18.04ubuntu1.2) ...
Selecting previously unselected package libexpat1-dev:amd64.
Preparing to unpack .../248-libexpat1-dev_2.2.5-3ubuntu0.2_amd64.deb ...
Unpacking libexpat1-dev:amd64 (2.2.5-3ubuntu0.2) ...
Selecting previously unselected package libpython2.7-dev:amd64.
Preparing to unpack .../249-libpython2.7-dev_2.7.17-1~18.04ubuntu1.2_amd64.deb ...
Unpacking libpython2.7-dev:amd64 (2.7.17-1~18.04ubuntu1.2) ...
Selecting previously unselected package libpython-dev:amd64.
Preparing to unpack .../250-libpython-dev_2.7.15~rc1-1_amd64.deb ...
Unpacking libpython-dev:amd64 (2.7.15~rc1-1) ...
Selecting previously unselected package python2.7-dev.
Preparing to unpack .../251-python2.7-dev_2.7.17-1~18.04ubuntu1.2_amd64.deb ...
Unpacking python2.7-dev (2.7.17-1~18.04ubuntu1.2) ...
Selecting previously unselected package python-dev.
Preparing to unpack .../252-python-dev_2.7.15~rc1-1_amd64.deb ...
Unpacking python-dev (2.7.15~rc1-1) ...
Selecting previously unselected package libpython3.6:amd64.
Preparing to unpack .../253-libpython3.6_3.6.9-1~18.04ubuntu1.3_amd64.deb ...
Unpacking libpython3.6:amd64 (3.6.9-1~18.04ubuntu1.3) ...
Selecting previously unselected package libpython3.6-dev:amd64.
Preparing to unpack .../254-libpython3.6-dev_3.6.9-1~18.04ubuntu1.3_amd64.deb ...
Unpacking libpython3.6-dev:amd64 (3.6.9-1~18.04ubuntu1.3) ...
Selecting previously unselected package libpython3-dev:amd64.
Preparing to unpack .../255-libpython3-dev_3.6.7-1~18.04_amd64.deb ...
Unpacking libpython3-dev:amd64 (3.6.7-1~18.04) ...
Selecting previously unselected package python3.6-dev.
Preparing to unpack .../256-python3.6-dev_3.6.9-1~18.04ubuntu1.3_amd64.deb ...
Unpacking python3.6-dev (3.6.9-1~18.04ubuntu1.3) ...
Selecting previously unselected package python3-dev.
Preparing to unpack .../257-python3-dev_3.6.7-1~18.04_amd64.deb ...
Unpacking python3-dev (3.6.7-1~18.04) ...
Selecting previously unselected package libboost-python1.65-dev.
Preparing to unpack .../258-libboost-python1.65-dev_1.65.1+dfsg-0ubuntu5_amd64.deb ...
Unpacking libboost-python1.65-dev (1.65.1+dfsg-0ubuntu5) ...
Selecting previously unselected package libboost-python-dev.
Preparing to unpack .../259-libboost-python-dev_1.65.1.0ubuntu1_amd64.deb ...
Unpacking libboost-python-dev (1.65.1.0ubuntu1) ...
Selecting previously unselected package libboost-random1.65.1:amd64.
Preparing to unpack .../260-libboost-random1.65.1_1.65.1+dfsg-0ubuntu5_amd64.deb ...
Unpacking libboost-random1.65.1:amd64 (1.65.1+dfsg-0ubuntu5) ...
Selecting previously unselected package libboost-random1.65-dev:amd64.
Preparing to unpack .../261-libboost-random1.65-dev_1.65.1+dfsg-0ubuntu5_amd64.deb ...
Unpacking libboost-random1.65-dev:amd64 (1.65.1+dfsg-0ubuntu5) ...
Selecting previously unselected package libboost-random-dev:amd64.
Preparing to unpack .../262-libboost-random-dev_1.65.1.0ubuntu1_amd64.deb ...
Unpacking libboost-random-dev:amd64 (1.65.1.0ubuntu1) ...
Selecting previously unselected package libboost-regex-dev:amd64.
Preparing to unpack .../263-libboost-regex-dev_1.65.1.0ubuntu1_amd64.deb ...
Unpacking libboost-regex-dev:amd64 (1.65.1.0ubuntu1) ...
Selecting previously unselected package libboost-serialization-dev:amd64.
Preparing to unpack .../264-libboost-serialization-dev_1.65.1.0ubuntu1_amd64.deb ...
Unpacking libboost-serialization-dev:amd64 (1.65.1.0ubuntu1) ...
Selecting previously unselected package libboost-signals1.65.1:amd64.
Preparing to unpack .../265-libboost-signals1.65.1_1.65.1+dfsg-0ubuntu5_amd64.deb ...
Unpacking libboost-signals1.65.1:amd64 (1.65.1+dfsg-0ubuntu5) ...
Selecting previously unselected package libboost-signals1.65-dev:amd64.
Preparing to unpack .../266-libboost-signals1.65-dev_1.65.1+dfsg-0ubuntu5_amd64.deb ...
Unpacking libboost-signals1.65-dev:amd64 (1.65.1+dfsg-0ubuntu5) ...
Selecting previously unselected package libboost-signals-dev:amd64.
Preparing to unpack .../267-libboost-signals-dev_1.65.1.0ubuntu1_amd64.deb ...
Unpacking libboost-signals-dev:amd64 (1.65.1.0ubuntu1) ...
Selecting previously unselected package libboost-stacktrace1.65.1:amd64.
Preparing to unpack .../268-libboost-stacktrace1.65.1_1.65.1+dfsg-0ubuntu5_amd64.deb ...
Unpacking libboost-stacktrace1.65.1:amd64 (1.65.1+dfsg-0ubuntu5) ...
Selecting previously unselected package libboost-stacktrace1.65-dev:amd64.
Preparing to unpack .../269-libboost-stacktrace1.65-dev_1.65.1+dfsg-0ubuntu5_amd64.deb ...
Unpacking libboost-stacktrace1.65-dev:amd64 (1.65.1+dfsg-0ubuntu5) ...
Selecting previously unselected package libboost-stacktrace-dev:amd64.
Preparing to unpack .../270-libboost-stacktrace-dev_1.65.1.0ubuntu1_amd64.deb ...
Unpacking libboost-stacktrace-dev:amd64 (1.65.1.0ubuntu1) ...
Selecting previously unselected package libboost-system-dev:amd64.
Preparing to unpack .../271-libboost-system-dev_1.65.1.0ubuntu1_amd64.deb ...
Unpacking libboost-system-dev:amd64 (1.65.1.0ubuntu1) ...
Selecting previously unselected package libboost-test-dev:amd64.
Preparing to unpack .../272-libboost-test-dev_1.65.1.0ubuntu1_amd64.deb ...
Unpacking libboost-test-dev:amd64 (1.65.1.0ubuntu1) ...
Selecting previously unselected package libboost-thread-dev:amd64.
Preparing to unpack .../273-libboost-thread-dev_1.65.1.0ubuntu1_amd64.deb ...
Unpacking libboost-thread-dev:amd64 (1.65.1.0ubuntu1) ...
Selecting previously unselected package libboost-timer1.65.1:amd64.
Preparing to unpack .../274-libboost-timer1.65.1_1.65.1+dfsg-0ubuntu5_amd64.deb ...
Unpacking libboost-timer1.65.1:amd64 (1.65.1+dfsg-0ubuntu5) ...
Selecting previously unselected package libboost-timer1.65-dev:amd64.
Preparing to unpack .../275-libboost-timer1.65-dev_1.65.1+dfsg-0ubuntu5_amd64.deb ...
Unpacking libboost-timer1.65-dev:amd64 (1.65.1+dfsg-0ubuntu5) ...
Selecting previously unselected package libboost-timer-dev:amd64.
Preparing to unpack .../276-libboost-timer-dev_1.65.1.0ubuntu1_amd64.deb ...
Unpacking libboost-timer-dev:amd64 (1.65.1.0ubuntu1) ...
Selecting previously unselected package libboost-type-erasure1.65.1:amd64.
Preparing to unpack .../277-libboost-type-erasure1.65.1_1.65.1+dfsg-0ubuntu5_amd64.deb ...
Unpacking libboost-type-erasure1.65.1:amd64 (1.65.1+dfsg-0ubuntu5) ...
Selecting previously unselected package libboost-type-erasure1.65-dev:amd64.
Preparing to unpack .../278-libboost-type-erasure1.65-dev_1.65.1+dfsg-0ubuntu5_amd64.deb ...
Unpacking libboost-type-erasure1.65-dev:amd64 (1.65.1+dfsg-0ubuntu5) ...
Selecting previously unselected package libboost-type-erasure-dev:amd64.
Preparing to unpack .../279-libboost-type-erasure-dev_1.65.1.0ubuntu1_amd64.deb ...
Unpacking libboost-type-erasure-dev:amd64 (1.65.1.0ubuntu1) ...
Selecting previously unselected package libboost-wave1.65.1:amd64.
Preparing to unpack .../280-libboost-wave1.65.1_1.65.1+dfsg-0ubuntu5_amd64.deb ...
Unpacking libboost-wave1.65.1:amd64 (1.65.1+dfsg-0ubuntu5) ...
Selecting previously unselected package libboost-wave1.65-dev:amd64.
Preparing to unpack .../281-libboost-wave1.65-dev_1.65.1+dfsg-0ubuntu5_amd64.deb ...
Unpacking libboost-wave1.65-dev:amd64 (1.65.1+dfsg-0ubuntu5) ...
Selecting previously unselected package libboost-wave-dev:amd64.
Preparing to unpack .../282-libboost-wave-dev_1.65.1.0ubuntu1_amd64.deb ...
Unpacking libboost-wave-dev:amd64 (1.65.1.0ubuntu1) ...
Selecting previously unselected package libboost-all-dev.
Preparing to unpack .../283-libboost-all-dev_1.65.1.0ubuntu1_amd64.deb ...
Unpacking libboost-all-dev (1.65.1.0ubuntu1) ...
Selecting previously unselected package libbtf1:amd64.
Preparing to unpack .../284-libbtf1_1%3a5.1.2-2_amd64.deb ...
Unpacking libbtf1:amd64 (1:5.1.2-2) ...
Selecting previously unselected package libcamd2:amd64.
Preparing to unpack .../285-libcamd2_1%3a5.1.2-2_amd64.deb ...
Unpacking libcamd2:amd64 (1:5.1.2-2) ...
Selecting previously unselected package libccolamd2:amd64.
Preparing to unpack .../286-libccolamd2_1%3a5.1.2-2_amd64.deb ...
Unpacking libccolamd2:amd64 (1:5.1.2-2) ...
Selecting previously unselected package libcolamd2:amd64.
Preparing to unpack .../287-libcolamd2_1%3a5.1.2-2_amd64.deb ...
Unpacking libcolamd2:amd64 (1:5.1.2-2) ...
Selecting previously unselected package liblapack3:amd64.
Preparing to unpack .../288-liblapack3_3.7.1-4ubuntu1_amd64.deb ...
Unpacking liblapack3:amd64 (3.7.1-4ubuntu1) ...
Selecting previously unselected package libmetis5:amd64.
Preparing to unpack .../289-libmetis5_5.1.0.dfsg-5_amd64.deb ...
Unpacking libmetis5:amd64 (5.1.0.dfsg-5) ...
Selecting previously unselected package libcholmod3:amd64.
Preparing to unpack .../290-libcholmod3_1%3a5.1.2-2_amd64.deb ...
Unpacking libcholmod3:amd64 (1:5.1.2-2) ...
Selecting previously unselected package libcr0.
Preparing to unpack .../291-libcr0_0.8.5-2.3_amd64.deb ...
Unpacking libcr0 (0.8.5-2.3) ...
Selecting previously unselected package libcr-dev.
Preparing to unpack .../292-libcr-dev_0.8.5-2.3_amd64.deb ...
Unpacking libcr-dev (0.8.5-2.3) ...
Selecting previously unselected package libcxsparse3:amd64.
Preparing to unpack .../293-libcxsparse3_1%3a5.1.2-2_amd64.deb ...
Unpacking libcxsparse3:amd64 (1:5.1.2-2) ...
Selecting previously unselected package libfftw3-double3:amd64.
Preparing to unpack .../294-libfftw3-double3_3.3.7-1_amd64.deb ...
Unpacking libfftw3-double3:amd64 (3.3.7-1) ...
Selecting previously unselected package libfftw3-long3:amd64.
Preparing to unpack .../295-libfftw3-long3_3.3.7-1_amd64.deb ...
Unpacking libfftw3-long3:amd64 (3.3.7-1) ...
Selecting previously unselected package libfftw3-quad3:amd64.
Preparing to unpack .../296-libfftw3-quad3_3.3.7-1_amd64.deb ...
Unpacking libfftw3-quad3:amd64 (3.3.7-1) ...
Selecting previously unselected package libfftw3-single3:amd64.
Preparing to unpack .../297-libfftw3-single3_3.3.7-1_amd64.deb ...
Unpacking libfftw3-single3:amd64 (3.3.7-1) ...
Selecting previously unselected package libfftw3-bin.
Preparing to unpack .../298-libfftw3-bin_3.3.7-1_amd64.deb ...
Unpacking libfftw3-bin (3.3.7-1) ...
Selecting previously unselected package libfftw3-dev:amd64.
Preparing to unpack .../299-libfftw3-dev_3.3.7-1_amd64.deb ...
Unpacking libfftw3-dev:amd64 (3.3.7-1) ...
Selecting previously unselected package libfftw3-mpi3:amd64.
Preparing to unpack .../300-libfftw3-mpi3_3.3.7-1_amd64.deb ...
Unpacking libfftw3-mpi3:amd64 (3.3.7-1) ...
Selecting previously unselected package libfftw3-mpi-dev:amd64.
Preparing to unpack .../301-libfftw3-mpi-dev_3.3.7-1_amd64.deb ...
Unpacking libfftw3-mpi-dev:amd64 (3.3.7-1) ...
Selecting previously unselected package libfile-fcntllock-perl.
Preparing to unpack .../302-libfile-fcntllock-perl_0.22-3build2_amd64.deb ...
Unpacking libfile-fcntllock-perl (0.22-3build2) ...
Selecting previously unselected package libgraphblas1:amd64.
Preparing to unpack .../303-libgraphblas1_1%3a5.1.2-2_amd64.deb ...
Unpacking libgraphblas1:amd64 (1:5.1.2-2) ...
Selecting previously unselected package libscotch-6.0.
Preparing to unpack .../304-libscotch-6.0_6.0.4.dfsg1-8_amd64.deb ...
Unpacking libscotch-6.0 (6.0.4.dfsg1-8) ...
Selecting previously unselected package libptscotch-6.0.
Preparing to unpack .../305-libptscotch-6.0_6.0.4.dfsg1-8_amd64.deb ...
Unpacking libptscotch-6.0 (6.0.4.dfsg1-8) ...
Selecting previously unselected package libsuperlu-dist5.
Preparing to unpack .../306-libsuperlu-dist5_5.3.0+dfsg1-1_amd64.deb ...
Unpacking libsuperlu-dist5 (5.3.0+dfsg1-1) ...
Selecting previously unselected package libsuperlu5:amd64.
Preparing to unpack .../307-libsuperlu5_5.2.1+dfsg1-3_amd64.deb ...
Unpacking libsuperlu5:amd64 (5.2.1+dfsg1-3) ...
Selecting previously unselected package libhypre-2.13.0:amd64.
Preparing to unpack .../308-libhypre-2.13.0_2.13.0-2_amd64.deb ...
Unpacking libhypre-2.13.0:amd64 (2.13.0-2) ...
Selecting previously unselected package libjpeg-turbo8-dev:amd64.
Preparing to unpack .../309-libjpeg-turbo8-dev_1.5.2-0ubuntu5.18.04.4_amd64.deb ...
Unpacking libjpeg-turbo8-dev:amd64 (1.5.2-0ubuntu5.18.04.4) ...
Selecting previously unselected package libjpeg8:amd64.
Preparing to unpack .../310-libjpeg8_8c-2ubuntu8_amd64.deb ...
Unpacking libjpeg8:amd64 (8c-2ubuntu8) ...
Selecting previously unselected package libjpeg8-dev:amd64.
Preparing to unpack .../311-libjpeg8-dev_8c-2ubuntu8_amd64.deb ...
Unpacking libjpeg8-dev:amd64 (8c-2ubuntu8) ...
Selecting previously unselected package libjpeg-dev:amd64.
Preparing to unpack .../312-libjpeg-dev_8c-2ubuntu8_amd64.deb ...
Unpacking libjpeg-dev:amd64 (8c-2ubuntu8) ...
Selecting previously unselected package libklu1:amd64.
Preparing to unpack .../313-libklu1_1%3a5.1.2-2_amd64.deb ...
Unpacking libklu1:amd64 (1:5.1.2-2) ...
Selecting previously unselected package liblapack-dev:amd64.
Preparing to unpack .../314-liblapack-dev_3.7.1-4ubuntu1_amd64.deb ...
Unpacking liblapack-dev:amd64 (3.7.1-4ubuntu1) ...
Selecting previously unselected package libldl2:amd64.
Preparing to unpack .../315-libldl2_1%3a5.1.2-2_amd64.deb ...
Unpacking libldl2:amd64 (1:5.1.2-2) ...
Selecting previously unselected package libscalapack-openmpi2.0.
Preparing to unpack .../316-libscalapack-openmpi2.0_2.0.2-4_amd64.deb ...
Unpacking libscalapack-openmpi2.0 (2.0.2-4) ...
Selecting previously unselected package libmumps-5.1.2:amd64.
Preparing to unpack .../317-libmumps-5.1.2_5.1.2-4_amd64.deb ...
Unpacking libmumps-5.1.2:amd64 (5.1.2-4) ...
Selecting previously unselected package libsz2:amd64.
Preparing to unpack .../318-libsz2_0.3.2-2_amd64.deb ...
Unpacking libsz2:amd64 (0.3.2-2) ...
Selecting previously unselected package libhdf5-openmpi-100:amd64.
Preparing to unpack .../319-libhdf5-openmpi-100_1.10.0-patch1+docs-4_amd64.deb ...
Unpacking libhdf5-openmpi-100:amd64 (1.10.0-patch1+docs-4) ...
Selecting previously unselected package libumfpack5:amd64.
Preparing to unpack .../320-libumfpack5_1%3a5.1.2-2_amd64.deb ...
Unpacking libumfpack5:amd64 (1:5.1.2-2) ...
Selecting previously unselected package libpetsc3.7.7:amd64.
Preparing to unpack .../321-libpetsc3.7.7_3.7.7+dfsg1-2build5_amd64.deb ...
Unpacking libpetsc3.7.7:amd64 (3.7.7+dfsg1-2build5) ...
Selecting previously unselected package librbio2:amd64.
Preparing to unpack .../322-librbio2_1%3a5.1.2-2_amd64.deb ...
Unpacking librbio2:amd64 (1:5.1.2-2) ...
Selecting previously unselected package libspqr2:amd64.
Preparing to unpack .../323-libspqr2_1%3a5.1.2-2_amd64.deb ...
Unpacking libspqr2:amd64 (1:5.1.2-2) ...
Selecting previously unselected package libsuitesparse-dev:amd64.
Preparing to unpack .../324-libsuitesparse-dev_1%3a5.1.2-2_amd64.deb ...
Unpacking libsuitesparse-dev:amd64 (1:5.1.2-2) ...
Selecting previously unselected package libspooles2.2:amd64.
Preparing to unpack .../325-libspooles2.2_2.2-12build1_amd64.deb ...
Unpacking libspooles2.2:amd64 (2.2-12build1) ...
Selecting previously unselected package libspooles-dev:amd64.
Preparing to unpack .../326-libspooles-dev_2.2-12build1_amd64.deb ...
Unpacking libspooles-dev:amd64 (2.2-12build1) ...
Selecting previously unselected package libsuperlu-dev:amd64.
Preparing to unpack .../327-libsuperlu-dev_5.2.1+dfsg1-3_amd64.deb ...
Unpacking libsuperlu-dev:amd64 (5.2.1+dfsg1-3) ...
Selecting previously unselected package libhypre-dev:amd64.
Preparing to unpack .../328-libhypre-dev_2.13.0-2_amd64.deb ...
Unpacking libhypre-dev:amd64 (2.13.0-2) ...
Selecting previously unselected package libscotch-dev.
Preparing to unpack .../329-libscotch-dev_6.0.4.dfsg1-8_amd64.deb ...
Unpacking libscotch-dev (6.0.4.dfsg1-8) ...
Selecting previously unselected package libptscotch-dev.
Preparing to unpack .../330-libptscotch-dev_6.0.4.dfsg1-8_amd64.deb ...
Unpacking libptscotch-dev (6.0.4.dfsg1-8) ...
Selecting previously unselected package libscalapack-openmpi-dev.
Preparing to unpack .../331-libscalapack-openmpi-dev_2.0.2-4_amd64.deb ...
Unpacking libscalapack-openmpi-dev (2.0.2-4) ...
Selecting previously unselected package libscalapack-mpi-dev.
Preparing to unpack .../332-libscalapack-mpi-dev_2.0.2-4_amd64.deb ...
Unpacking libscalapack-mpi-dev (2.0.2-4) ...
Selecting previously unselected package libmumps-dev:amd64.
Preparing to unpack .../333-libmumps-dev_5.1.2-4_amd64.deb ...
Unpacking libmumps-dev:amd64 (5.1.2-4) ...
Selecting previously unselected package libssl-dev:amd64.
Preparing to unpack .../334-libssl-dev_1.1.1-1ubuntu2.1~18.04.6_amd64.deb ...
Unpacking libssl-dev:amd64 (1.1.1-1ubuntu2.1~18.04.6) ...
Selecting previously unselected package libaec-dev:amd64.
Preparing to unpack .../335-libaec-dev_0.3.2-2_amd64.deb ...
Unpacking libaec-dev:amd64 (0.3.2-2) ...
Selecting previously unselected package libhdf5-openmpi-dev.
Preparing to unpack .../336-libhdf5-openmpi-dev_1.10.0-patch1+docs-4_amd64.deb ...
Unpacking libhdf5-openmpi-dev (1.10.0-patch1+docs-4) ...
Selecting previously unselected package libhdf5-mpi-dev.
Preparing to unpack .../337-libhdf5-mpi-dev_1.10.0-patch1+docs-4_amd64.deb ...
Unpacking libhdf5-mpi-dev (1.10.0-patch1+docs-4) ...
Selecting previously unselected package libpetsc3.7.7-dev:amd64.
Preparing to unpack .../338-libpetsc3.7.7-dev_3.7.7+dfsg1-2build5_amd64.deb ...
Unpacking libpetsc3.7.7-dev:amd64 (3.7.7+dfsg1-2build5) ...
Selecting previously unselected package libsasl2-modules:amd64.
Preparing to unpack .../339-libsasl2-modules_2.1.27~101-g0780600+dfsg-3ubuntu2.1_amd64.deb ...
Unpacking libsasl2-modules:amd64 (2.1.27~101-g0780600+dfsg-3ubuntu2.1) ...
Selecting previously unselected package libtool.
Preparing to unpack .../340-libtool_2.4.6-2_all.deb ...
Unpacking libtool (2.4.6-2) ...
Selecting previously unselected package libxml2-dev:amd64.
Preparing to unpack .../341-libxml2-dev_2.9.4+dfsg1-6.1ubuntu1.3_amd64.deb ...
Unpacking libxml2-dev:amd64 (2.9.4+dfsg1-6.1ubuntu1.3) ...
Selecting previously unselected package manpages-dev.
Preparing to unpack .../342-manpages-dev_4.15-1_all.deb ...
Unpacking manpages-dev (4.15-1) ...
Selecting previously unselected package python-numpy.
Preparing to unpack .../343-python-numpy_1%3a1.13.3-2ubuntu1_amd64.deb ...
Unpacking python-numpy (1:1.13.3-2ubuntu1) ...
Selecting previously unselected package tcsh.
Preparing to unpack .../344-tcsh_6.20.00-7_amd64.deb ...
Unpacking tcsh (6.20.00-7) ...
Selecting previously unselected package hwloc-nox.
Preparing to unpack .../345-hwloc-nox_1.11.9-1_amd64.deb ...
Unpacking hwloc-nox (1.11.9-1) ...
Selecting previously unselected package libeigen3-dev.
Preparing to unpack .../346-libeigen3-dev_3.3.4-4_all.deb ...
Unpacking libeigen3-dev (3.3.4-4) ...
Selecting previously unselected package libmpich12:amd64.
Preparing to unpack .../347-libmpich12_3.3~a2-4_amd64.deb ...
Unpacking libmpich12:amd64 (3.3~a2-4) ...
Selecting previously unselected package libmpich-dev.
Preparing to unpack .../348-libmpich-dev_3.3~a2-4_amd64.deb ...
Unpacking libmpich-dev (3.3~a2-4) ...
Selecting previously unselected package libpetsc3.7-dev:amd64.
Preparing to unpack .../349-libpetsc3.7-dev_3.7.7+dfsg1-2build5_amd64.deb ...
Unpacking libpetsc3.7-dev:amd64 (3.7.7+dfsg1-2build5) ...
Selecting previously unselected package mpich.
Preparing to unpack .../350-mpich_3.3~a2-4_amd64.deb ...
Unpacking mpich (3.3~a2-4) ...
Selecting previously unselected package petsc-dev.
Preparing to unpack .../351-petsc-dev_3.7.7+dfsg1-2build5_all.deb ...
Unpacking petsc-dev (3.7.7+dfsg1-2build5) ...
Setting up libquadmath0:amd64 (8.4.0-1ubuntu1~18.04) ...
Setting up libnpth0:amd64 (1.5-3) ...
Setting up libbtf1:amd64 (1:5.1.2-2) ...
Setting up libedit2:amd64 (3.1-20170329-1) ...
Setting up libldl2:amd64 (1:5.1.2-2) ...
Setting up libgomp1:amd64 (8.4.0-1ubuntu1~18.04) ...
Setting up libatomic1:amd64 (8.4.0-1ubuntu1~18.04) ...
Setting up readline-common (7.0-3) ...
Setting up libscotch-6.0 (6.0.4.dfsg1-8) ...
Setting up libboost-container1.65.1:amd64 (1.65.1+dfsg-0ubuntu5) ...
Setting up manpages (4.15-1) ...
Setting up libboost-date-time1.65.1:amd64 (1.65.1+dfsg-0ubuntu5) ...
Setting up libcxsparse3:amd64 (1:5.1.2-2) ...
Setting up git-man (1:2.17.1-1ubuntu0.7) ...
Setting up libaec0:amd64 (0.3.2-2) ...
Setting up libicu60:amd64 (60.2-3ubuntu3.1) ...
Setting up libcc1-0:amd64 (8.4.0-1ubuntu1~18.04) ...
Setting up less (487-0.1) ...
debconf: unable to initialize frontend: Dialog
debconf: (TERM is not set, so the dialog frontend is not usable.)
debconf: falling back to frontend: Readline
Setting up make (4.1-9.1ubuntu1) ...
Setting up libboost-iostreams1.65.1:amd64 (1.65.1+dfsg-0ubuntu5) ...
Setting up libboost-stacktrace1.65.1:amd64 (1.65.1+dfsg-0ubuntu5) ...
Setting up libboost-python1.65.1 (1.65.1+dfsg-0ubuntu5) ...
Setting up libssl1.0.0:amd64 (1.0.2n-1ubuntu5.4) ...
debconf: unable to initialize frontend: Dialog
debconf: (TERM is not set, so the dialog frontend is not usable.)
debconf: falling back to frontend: Readline
Setting up libnghttp2-14:amd64 (1.30.0-1ubuntu1) ...
Setting up libcr0 (0.8.5-2.3) ...
Setting up mime-support (3.60ubuntu1) ...
Setting up libpng16-16:amd64 (1.6.34-1ubuntu0.18.04.2) ...
Setting up libldap-common (2.4.45+dfsg-1ubuntu1.7) ...
Setting up libuv1:amd64 (1.18.0-3) ...
Setting up libreadline7:amd64 (7.0-3) ...
Setting up libpsl5:amd64 (0.19.1-5build1) ...
Setting up libnuma1:amd64 (2.0.11-2.1ubuntu0.1) ...
Setting up libelf1:amd64 (0.170-0.4ubuntu0.1) ...
Setting up libtsan0:amd64 (8.4.0-1ubuntu1~18.04) ...
Setting up libssl-dev:amd64 (1.1.1-1ubuntu2.1~18.04.6) ...
Setting up libgraphblas1:amd64 (1:5.1.2-2) ...
Setting up libglib2.0-0:amd64 (2.56.4-0ubuntu0.18.04.6) ...
No schema files found: doing nothing.
Setting up libboost-atomic1.65.1:amd64 (1.65.1+dfsg-0ubuntu5) ...
Setting up libsasl2-modules-db:amd64 (2.1.27~101-g0780600+dfsg-3ubuntu2.1) ...
Setting up linux-libc-dev:amd64 (4.15.0-123.126) ...
Setting up libmpfr6:amd64 (4.0.1-1) ...
Setting up libsasl2-2:amd64 (2.1.27~101-g0780600+dfsg-3ubuntu2.1) ...
Setting up cmake-data (3.10.2-1ubuntu2.18.04.1) ...
Setting up libjpeg-turbo8:amd64 (1.5.2-0ubuntu5.18.04.4) ...
Setting up libpipeline1:amd64 (1.5.0-1) ...
Setting up libroken18-heimdal:amd64 (7.5.0+dfsg-1) ...
Setting up libksba8:amd64 (1.3.5-2) ...
Setting up librtmp1:amd64 (2.4+20151223.gitfa8646d.1-1) ...
Setting up perl-modules-5.26 (5.26.1-6ubuntu0.5) ...
Setting up libgdbm5:amd64 (1.14.1-6) ...
Setting up libfftw3-double3:amd64 (3.3.7-1) ...
Setting up libboost-signals1.65.1:amd64 (1.65.1+dfsg-0ubuntu5) ...
Setting up libbsd0:amd64 (0.8.7-1ubuntu0.1) ...
Setting up libkrb5support0:amd64 (1.16-2ubuntu0.1) ...
Setting up libboost-serialization1.65.1:amd64 (1.65.1+dfsg-0ubuntu5) ...
Setting up libgirepository-1.0-1:amd64 (1.56.1-1) ...
Setting up libxml2:amd64 (2.9.4+dfsg1-6.1ubuntu1.3) ...
Setting up libfreetype6:amd64 (2.8.1-2ubuntu2.1) ...
Setting up libmagic-mgc (1:5.32-2ubuntu0.4) ...
Setting up gnupg-l10n (2.2.4-1ubuntu1.3) ...
Setting up libmagic1:amd64 (1:5.32-2ubuntu0.4) ...
Setting up libgraphite2-3:amd64 (1.3.11-2) ...
Setting up librhash0:amd64 (1.3.6-2) ...
Setting up liblsan0:amd64 (8.4.0-1ubuntu1~18.04) ...
Setting up libpsm-infinipath1 (3.3+20.604758e7-5) ...
update-alternatives: using /usr/lib/libpsm1/libpsm_infinipath.so.1.16 to provide /usr/lib/x86_64-linux-gnu/libpsm_infinipath.so.1 (libpsm_infinipath.so.1) in auto mode
Setting up libboost-system1.65.1:amd64 (1.65.1+dfsg-0ubuntu5) ...
Setting up gcc-7-base:amd64 (7.5.0-3ubuntu1~18.04) ...
Setting up libfftw3-quad3:amd64 (3.3.7-1) ...
Setting up binutils-common:amd64 (2.30-21ubuntu1~18.04.4) ...
Setting up tcsh (6.20.00-7) ...
update-alternatives: using /bin/tcsh to provide /bin/csh (csh) in auto mode
update-alternatives: warning: skip creation of /usr/share/man/man1/csh.1.gz because associated file /usr/share/man/man1/tcsh.1.gz (of link group csh) doesn't exist
Setting up libboost-context1.65.1:amd64 (1.65.1+dfsg-0ubuntu5) ...
Setting up libmpx2:amd64 (8.4.0-1ubuntu1~18.04) ...
Setting up libblas3:amd64 (3.7.1-4ubuntu1) ...
update-alternatives: using /usr/lib/x86_64-linux-gnu/blas/libblas.so.3 to provide /usr/lib/x86_64-linux-gnu/libblas.so.3 (libblas.so.3-x86_64-linux-gnu) in auto mode
Setting up gir1.2-glib-2.0:amd64 (1.56.1-1) ...
Setting up patch (2.7.6-2ubuntu1.1) ...
Setting up libglib2.0-data (2.56.4-0ubuntu0.18.04.6) ...
Setting up krb5-locales (1.16-2ubuntu0.1) ...
Setting up openmpi-common (2.1.1-8) ...
Setting up publicsuffix (20180223.1310-1) ...
Setting up autotools-dev (20180224.1) ...
Setting up xz-utils (5.2.2-1.3) ...
update-alternatives: using /usr/bin/xz to provide /usr/bin/lzma (lzma) in auto mode
update-alternatives: warning: skip creation of /usr/share/man/man1/lzma.1.gz because associated file /usr/share/man/man1/xz.1.gz (of link group lzma) doesn't exist
update-alternatives: warning: skip creation of /usr/share/man/man1/unlzma.1.gz because associated file /usr/share/man/man1/unxz.1.gz (of link group lzma) doesn't exist
update-alternatives: warning: skip creation of /usr/share/man/man1/lzcat.1.gz because associated file /usr/share/man/man1/xzcat.1.gz (of link group lzma) doesn't exist
update-alternatives: warning: skip creation of /usr/share/man/man1/lzmore.1.gz because associated file /usr/share/man/man1/xzmore.1.gz (of link group lzma) doesn't exist
update-alternatives: warning: skip creation of /usr/share/man/man1/lzless.1.gz because associated file /usr/share/man/man1/xzless.1.gz (of link group lzma) doesn't exist
update-alternatives: warning: skip creation of /usr/share/man/man1/lzdiff.1.gz because associated file /usr/share/man/man1/xzdiff.1.gz (of link group lzma) doesn't exist
update-alternatives: warning: skip creation of /usr/share/man/man1/lzcmp.1.gz because associated file /usr/share/man/man1/xzcmp.1.gz (of link group lzma) doesn't exist
update-alternatives: warning: skip creation of /usr/share/man/man1/lzgrep.1.gz because associated file /usr/share/man/man1/xzgrep.1.gz (of link group lzma) doesn't exist
update-alternatives: warning: skip creation of /usr/share/man/man1/lzegrep.1.gz because associated file /usr/share/man/man1/xzegrep.1.gz (of link group lzma) doesn't exist
update-alternatives: warning: skip creation of /usr/share/man/man1/lzfgrep.1.gz because associated file /usr/share/man/man1/xzfgrep.1.gz (of link group lzma) doesn't exist
Setting up libboost-thread1.65.1:amd64 (1.65.1+dfsg-0ubuntu5) ...
Setting up libheimbase1-heimdal:amd64 (7.5.0+dfsg-1) ...
Setting up libsuitesparseconfig5:amd64 (1:5.1.2-2) ...
Setting up libmetis5:amd64 (5.1.0.dfsg-5) ...
Setting up libfakeroot:amd64 (1.22-2ubuntu1) ...
Setting up libltdl7:amd64 (2.4.6-2) ...
Setting up openssl (1.1.1-1ubuntu2.1~18.04.6) ...
Setting up wget (1.19.4-1ubuntu2.2) ...
Setting up libsqlite3-0:amd64 (3.22.0-1ubuntu0.4) ...
Setting up libcolamd2:amd64 (1:5.1.2-2) ...
Setting up liblocale-gettext-perl (1.07-3build2) ...
Setting up libpciaccess0:amd64 (0.14-1) ...
Setting up libccolamd2:amd64 (1:5.1.2-2) ...
Setting up libfftw3-single3:amd64 (3.3.7-1) ...
Setting up shared-mime-info (1.9-2) ...
Setting up libboost-chrono1.65.1:amd64 (1.65.1+dfsg-0ubuntu5) ...
Setting up libpcrecpp0v5:amd64 (2:8.39-9) ...
Setting up libpcre32-3:amd64 (2:8.39-9) ...
Setting up libmpc3:amd64 (1.1.0-1) ...
Setting up icu-devtools (60.2-3ubuntu3.1) ...
Setting up libc-dev-bin (2.27-3ubuntu1.3) ...
Setting up libpcre16-3:amd64 (2:8.39-9) ...
Setting up libxdmcp6:amd64 (1:1.1.2-3) ...
Setting up libgdbm-compat4:amd64 (1.14.1-6) ...
Setting up ocl-icd-libopencl1:amd64 (2.2.11-1ubuntu1) ...
Setting up libkeyutils1:amd64 (1.5.9-9.2ubuntu2) ...
Setting up libboost-program-options1.65.1:amd64 (1.65.1+dfsg-0ubuntu5) ...
Setting up libsasl2-modules:amd64 (2.1.27~101-g0780600+dfsg-3ubuntu2.1) ...
Setting up libboost-numpy1.65.1 (1.65.1+dfsg-0ubuntu5) ...
Setting up libnl-3-200:amd64 (3.2.29-0ubuntu3) ...
Setting up ca-certificates (20201027ubuntu0.18.04.1) ...
debconf: unable to initialize frontend: Dialog
debconf: (TERM is not set, so the dialog frontend is not usable.)
debconf: falling back to frontend: Readline
Updating certificates in /etc/ssl/certs...
138 added, 0 removed; done.
Setting up manpages-dev (4.15-1) ...
Setting up libboost-test1.65.1:amd64 (1.65.1+dfsg-0ubuntu5) ...
Setting up libfftw3-long3:amd64 (3.3.7-1) ...
Setting up libglib2.0-bin (2.56.4-0ubuntu0.18.04.6) ...
Setting up libc6-dev:amd64 (2.27-3ubuntu1.3) ...
Setting up libgraphite2-dev:amd64 (1.3.11-2) ...
Setting up libassuan0:amd64 (2.5.1-2) ...
Setting up xdg-user-dirs (0.17-1ubuntu1) ...
Setting up locales (2.27-3ubuntu1.3) ...
debconf: unable to initialize frontend: Dialog
debconf: (TERM is not set, so the dialog frontend is not usable.)
debconf: falling back to frontend: Readline
Generating locales (this might take a while)...
Generation complete.
Setting up libboost-locale1.65.1:amd64 (1.65.1+dfsg-0ubuntu5) ...
Setting up libboost-random1.65.1:amd64 (1.65.1+dfsg-0ubuntu5) ...
Setting up libitm1:amd64 (8.4.0-1ubuntu1~18.04) ...
Setting up libx11-data (2:1.6.4-3ubuntu0.3) ...
Setting up libpython2.7-stdlib:amd64 (2.7.17-1~18.04ubuntu1.2) ...
Setting up libboost1.65-tools-dev (1.65.1+dfsg-0ubuntu5) ...
Setting up libxau6:amd64 (1:1.0.8-1ubuntu1) ...
Setting up libmpdec2:amd64 (2.4.2-1ubuntu1) ...
Setting up libcr-dev (0.8.5-2.3) ...
Setting up liblzo2-2:amd64 (2.08-1.2) ...
Setting up libboost-math1.65.1:amd64 (1.65.1+dfsg-0ubuntu5) ...
Setting up libsz2:amd64 (0.3.2-2) ...
Setting up libboost-regex1.65.1:amd64 (1.65.1+dfsg-0ubuntu5) ...
Setting up netbase (5.4) ...
Setting up zlib1g-dev:amd64 (1:1.2.11.dfsg-0ubuntu2) ...
Setting up libjpeg8:amd64 (8c-2ubuntu8) ...
Setting up libisl19:amd64 (0.19-1) ...
Setting up libjsoncpp1:amd64 (1.7.4-3) ...
Setting up libpython3.6-stdlib:amd64 (3.6.9-1~18.04ubuntu1.3) ...
Setting up binfmt-support (2.1.8-2) ...
mount: /proc/sys/fs/binfmt_misc: permission denied.
update-binfmts: warning: Couldn't mount the binfmt_misc filesystem on /proc/sys/fs/binfmt_misc.
mount: /proc/sys/fs/binfmt_misc: permission denied.
update-binfmts: warning: Couldn't mount the binfmt_misc filesystem on /proc/sys/fs/binfmt_misc.
mount: /proc/sys/fs/binfmt_misc: permission denied.
update-binfmts: warning: Couldn't mount the binfmt_misc filesystem on /proc/sys/fs/binfmt_misc.
invoke-rc.d: could not determine current runlevel
invoke-rc.d: policy-rc.d denied execution of start.
Setting up libboost-tools-dev (1.65.1.0ubuntu1) ...
Setting up libk5crypto3:amd64 (1.16-2ubuntu0.1) ...
Setting up libfftw3-bin (3.3.7-1) ...
Setting up libpcre3-dev:amd64 (2:8.39-9) ...
Setting up libmpich12:amd64 (3.3~a2-4) ...
Setting up python3.6 (3.6.9-1~18.04ubuntu1.3) ...
Setting up libltdl-dev:amd64 (2.4.6-2) ...
Setting up libwind0-heimdal:amd64 (7.5.0+dfsg-1) ...
Setting up libasan4:amd64 (7.5.0-3ubuntu1~18.04) ...
Setting up libgfortran4:amd64 (7.5.0-3ubuntu1~18.04) ...
Setting up libbinutils:amd64 (2.30-21ubuntu1~18.04.4) ...
Setting up libblas-dev:amd64 (3.7.1-4ubuntu1) ...
update-alternatives: using /usr/lib/x86_64-linux-gnu/blas/libblas.so to provide /usr/lib/x86_64-linux-gnu/libblas.so (libblas.so-x86_64-linux-gnu) in auto mode
Setting up libarchive13:amd64 (3.2.2-3.1ubuntu0.6) ...
Setting up libcilkrts5:amd64 (7.5.0-3ubuntu1~18.04) ...
Setting up libboost-numpy1.65-dev (1.65.1+dfsg-0ubuntu5) ...
Setting up libasn1-8-heimdal:amd64 (7.5.0+dfsg-1) ...
Setting up libubsan0:amd64 (7.5.0-3ubuntu1~18.04) ...
Setting up gpgconf (2.2.4-1ubuntu1.3) ...
Setting up liblapack3:amd64 (3.7.1-4ubuntu1) ...
update-alternatives: using /usr/lib/x86_64-linux-gnu/lapack/liblapack.so.3 to provide /usr/lib/x86_64-linux-gnu/liblapack.so.3 (liblapack.so.3-x86_64-linux-gnu) in auto mode
Setting up libboost-filesystem1.65.1:amd64 (1.65.1+dfsg-0ubuntu5) ...
Setting up librbio2:amd64 (1:5.1.2-2) ...
Setting up libcamd2:amd64 (1:5.1.2-2) ...
Setting up ksh (93u+20120801-3.1ubuntu1) ...
update-alternatives: using /bin/ksh93 to provide /bin/ksh (ksh) in auto mode
update-alternatives: warning: skip creation of /usr/share/man/man1/ksh.1.gz because associated file /usr/share/man/man1/ksh93.1.gz (of link group ksh) doesn't exist
mount: /proc/sys/fs/binfmt_misc: permission denied.
update-binfmts: warning: Couldn't mount the binfmt_misc filesystem on /proc/sys/fs/binfmt_misc.
Setting up libhcrypto4-heimdal:amd64 (7.5.0+dfsg-1) ...
Setting up libaec-dev:amd64 (0.3.2-2) ...
Setting up python2.7 (2.7.17-1~18.04ubuntu1.2) ...
Setting up libharfbuzz0b:amd64 (1.7.2-1ubuntu1) ...
Setting up libnl-route-3-200:amd64 (3.2.29-0ubuntu3) ...
Setting up libboost-type-erasure1.65.1:amd64 (1.65.1+dfsg-0ubuntu5) ...
Setting up libboost-graph1.65.1:amd64 (1.65.1+dfsg-0ubuntu5) ...
Setting up file (1:5.32-2ubuntu0.4) ...
Setting up fakeroot (1.22-2ubuntu1) ...
update-alternatives: using /usr/bin/fakeroot-sysv to provide /usr/bin/fakeroot (fakeroot) in auto mode
update-alternatives: warning: skip creation of /usr/share/man/man1/fakeroot.1.gz because associated file /usr/share/man/man1/fakeroot-sysv.1.gz (of link group fakeroot) doesn't exist
update-alternatives: warning: skip creation of /usr/share/man/man1/faked.1.gz because associated file /usr/share/man/man1/faked-sysv.1.gz (of link group fakeroot) doesn't exist
update-alternatives: warning: skip creation of /usr/share/man/es/man1/fakeroot.1.gz because associated file /usr/share/man/es/man1/fakeroot-sysv.1.gz (of link group fakeroot) doesn't exist
update-alternatives: warning: skip creation of /usr/share/man/es/man1/faked.1.gz because associated file /usr/share/man/es/man1/faked-sysv.1.gz (of link group fakeroot) doesn't exist
update-alternatives: warning: skip creation of /usr/share/man/fr/man1/fakeroot.1.gz because associated file /usr/share/man/fr/man1/fakeroot-sysv.1.gz (of link group fakeroot) doesn't exist
update-alternatives: warning: skip creation of /usr/share/man/fr/man1/faked.1.gz because associated file /usr/share/man/fr/man1/faked-sysv.1.gz (of link group fakeroot) doesn't exist
update-alternatives: warning: skip creation of /usr/share/man/sv/man1/fakeroot.1.gz because associated file /usr/share/man/sv/man1/fakeroot-sysv.1.gz (of link group fakeroot) doesn't exist
update-alternatives: warning: skip creation of /usr/share/man/sv/man1/faked.1.gz because associated file /usr/share/man/sv/man1/faked-sysv.1.gz (of link group fakeroot) doesn't exist
Setting up libsuperlu5:amd64 (5.2.1+dfsg1-3) ...
Setting up libhwloc5:amd64 (1.11.9-1) ...
Setting up libhx509-5-heimdal:amd64 (7.5.0+dfsg-1) ...
Setting up libgcc-7-dev:amd64 (7.5.0-3ubuntu1~18.04) ...
Setting up libboost-log1.65.1 (1.65.1+dfsg-0ubuntu5) ...
Setting up cpp-7 (7.5.0-3ubuntu1~18.04) ...
Setting up libstdc++-7-dev:amd64 (7.5.0-3ubuntu1~18.04) ...
Setting up libboost-coroutine1.65.1:amd64 (1.65.1+dfsg-0ubuntu5) ...
Setting up libpython-stdlib:amd64 (2.7.15~rc1-1) ...
Setting up libhwloc-plugins (1.11.9-1) ...
Setting up libamd2:amd64 (1:5.1.2-2) ...
Setting up libjpeg-turbo8-dev:amd64 (1.5.2-0ubuntu5.18.04.4) ...
Setting up libjpeg8-dev:amd64 (8c-2ubuntu8) ...
Setting up libsuperlu-dev:amd64 (5.2.1+dfsg1-3) ...
Setting up gir1.2-harfbuzz-0.0:amd64 (1.7.2-1ubuntu1) ...
Setting up libjpeg-dev:amd64 (8c-2ubuntu8) ...
Setting up libperl5.26:amd64 (5.26.1-6ubuntu0.5) ...
Setting up libboost-wave1.65.1:amd64 (1.65.1+dfsg-0ubuntu5) ...
Setting up gpgsm (2.2.4-1ubuntu1.3) ...
Setting up libpython2.7:amd64 (2.7.17-1~18.04ubuntu1.2) ...
Setting up libfftw3-dev:amd64 (3.3.7-1) ...
Setting up libgfortran-7-dev:amd64 (7.5.0-3ubuntu1~18.04) ...
Setting up gnupg-utils (2.2.4-1ubuntu1.3) ...
Setting up libboost-timer1.65.1:amd64 (1.65.1+dfsg-0ubuntu5) ...
Setting up libexpat1-dev:amd64 (2.2.5-3ubuntu0.2) ...
Setting up pinentry-curses (1.1.0-1) ...
Setting up libkrb5-3:amd64 (1.16-2ubuntu0.1) ...
Setting up libpython2.7-dev:amd64 (2.7.17-1~18.04ubuntu1.2) ...
Setting up libkrb5-26-heimdal:amd64 (7.5.0+dfsg-1) ...
Setting up libnuma-dev:amd64 (2.0.11-2.1ubuntu0.1) ...
Setting up libboost1.65-dev:amd64 (1.65.1+dfsg-0ubuntu5) ...
Setting up python2.7-dev (2.7.17-1~18.04ubuntu1.2) ...
Setting up libboost-numpy-dev (1.65.1.0ubuntu1) ...
Setting up libxcb1:amd64 (1.13-2~ubuntu18.04) ...
Setting up libharfbuzz-gobject0:amd64 (1.7.2-1ubuntu1) ...
Setting up libheimntlm0-heimdal:amd64 (7.5.0+dfsg-1) ...
Setting up python (2.7.15~rc1-1) ...
Setting up libboost-signals1.65-dev:amd64 (1.65.1+dfsg-0ubuntu5) ...
Setting up libboost-type-erasure1.65-dev:amd64 (1.65.1+dfsg-0ubuntu5) ...
Setting up gpg (2.2.4-1ubuntu1.3) ...
Setting up libpython3.6:amd64 (3.6.9-1~18.04ubuntu1.3) ...
Setting up libboost-signals-dev:amd64 (1.65.1.0ubuntu1) ...
Setting up libboost-locale1.65-dev:amd64 (1.65.1+dfsg-0ubuntu5) ...
Setting up binutils-x86-64-linux-gnu (2.30-21ubuntu1~18.04.4) ...
Setting up libboost-locale-dev:amd64 (1.65.1.0ubuntu1) ...
Setting up liblapack-dev:amd64 (3.7.1-4ubuntu1) ...
update-alternatives: using /usr/lib/x86_64-linux-gnu/lapack/liblapack.so to provide /usr/lib/x86_64-linux-gnu/liblapack.so (liblapack.so-x86_64-linux-gnu) in auto mode
Setting up hwloc-nox (1.11.9-1) ...
Setting up libpython3-stdlib:amd64 (3.6.7-1~18.04) ...
Setting up libibverbs1:amd64 (17.1-1ubuntu0.2) ...
Setting up cpp (4:7.4.0-1ubuntu2.3) ...
Setting up libboost-fiber1.65.1:amd64 (1.65.1+dfsg-0ubuntu5) ...
Setting up libpython-dev:amd64 (2.7.15~rc1-1) ...
Setting up libboost-program-options1.65-dev:amd64 (1.65.1+dfsg-0ubuntu5) ...
Setting up mpich (3.3~a2-4) ...
update-alternatives: using /usr/bin/mpirun.mpich to provide /usr/bin/mpirun (mpirun) in auto mode
update-alternatives: warning: skip creation of /usr/share/man/man1/mpirun.1.gz because associated file /usr/share/man/man1/mpirun.mpich.1.gz (of link group mpirun) doesn't exist
update-alternatives: warning: skip creation of /usr/share/man/man1/mpiexec.1.gz because associated file /usr/share/man/man1/mpiexec.mpich.1.gz (of link group mpirun) doesn't exist
Setting up libboost-stacktrace1.65-dev:amd64 (1.65.1+dfsg-0ubuntu5) ...
Setting up libboost-atomic1.65-dev:amd64 (1.65.1+dfsg-0ubuntu5) ...
Setting up libharfbuzz-icu0:amd64 (1.7.2-1ubuntu1) ...
Setting up python3 (3.6.7-1~18.04) ...
running python rtupdate hooks for python3.6...
running python post-rtupdate hooks for python3.6...
Setting up libboost-atomic-dev:amd64 (1.65.1.0ubuntu1) ...
Setting up libboost-test1.65-dev:amd64 (1.65.1+dfsg-0ubuntu5) ...
Setting up libhwloc-dev:amd64 (1.11.9-1) ...
Setting up python-dev (2.7.15~rc1-1) ...
Setting up libboost-stacktrace-dev:amd64 (1.65.1.0ubuntu1) ...
Setting up libicu-le-hb0:amd64 (1.0.3+git161113-4) ...
Setting up libx11-6:amd64 (2:1.6.4-3ubuntu0.3) ...
Setting up libboost-type-erasure-dev:amd64 (1.65.1.0ubuntu1) ...
Setting up gpg-agent (2.2.4-1ubuntu1.3) ...
Setting up libklu1:amd64 (1:5.1.2-2) ...
Setting up libboost-serialization1.65-dev:amd64 (1.65.1+dfsg-0ubuntu5) ...
Setting up librdmacm1:amd64 (17.1-1ubuntu0.2) ...
Setting up libboost-chrono1.65-dev:amd64 (1.65.1+dfsg-0ubuntu5) ...
Setting up gpg-wks-server (2.2.4-1ubuntu1.3) ...
Setting up libboost-exception1.65-dev:amd64 (1.65.1+dfsg-0ubuntu5) ...
Setting up libpython3.6-dev:amd64 (3.6.9-1~18.04ubuntu1.3) ...
Setting up libxmuu1:amd64 (2:1.1.2-2) ...
Setting up python-numpy (1:1.13.3-2ubuntu1) ...
Setting up libcholmod3:amd64 (1:5.1.2-2) ...
Setting up libgssapi-krb5-2:amd64 (1.16-2ubuntu0.1) ...
Setting up perl (5.26.1-6ubuntu0.5) ...
Setting up libfile-fcntllock-perl (0.22-3build2) ...
Setting up libboost-exception-dev:amd64 (1.65.1.0ubuntu1) ...
Setting up libboost-random1.65-dev:amd64 (1.65.1+dfsg-0ubuntu5) ...
Setting up libboost-timer1.65-dev:amd64 (1.65.1+dfsg-0ubuntu5) ...
Setting up ibverbs-providers:amd64 (17.1-1ubuntu0.2) ...
Setting up libboost-context1.65-dev:amd64 (1.65.1+dfsg-0ubuntu5) ...
Setting up libiculx60:amd64 (60.2-3ubuntu3.1) ...
Setting up libalgorithm-diff-perl (1.19.03-1) ...
Setting up libboost-context-dev:amd64 (1.65.1.0ubuntu1) ...
Setting up libboost-test-dev:amd64 (1.65.1.0ubuntu1) ...
Setting up binutils (2.30-21ubuntu1~18.04.4) ...
Setting up libboost-system1.65-dev:amd64 (1.65.1+dfsg-0ubuntu5) ...
Setting up libboost-dev:amd64 (1.65.1.0ubuntu1) ...
Setting up libboost-container1.65-dev:amd64 (1.65.1+dfsg-0ubuntu5) ...
Setting up libgssapi3-heimdal:amd64 (7.5.0+dfsg-1) ...
Setting up python3.6-dev (3.6.9-1~18.04ubuntu1.3) ...
Setting up python3-lib2to3 (3.6.9-1~18.04) ...
Setting up libboost-math1.65-dev:amd64 (1.65.1+dfsg-0ubuntu5) ...
Setting up openssh-client (1:7.6p1-4ubuntu0.3) ...
Setting up libboost-math-dev:amd64 (1.65.1.0ubuntu1) ...
Setting up libibverbs-dev:amd64 (17.1-1ubuntu0.2) ...
Setting up python3-distutils (3.6.9-1~18.04) ...
Setting up libspqr2:amd64 (1:5.1.2-2) ...
Setting up libboost-program-options-dev:amd64 (1.65.1.0ubuntu1) ...
Setting up libpython3-dev:amd64 (3.6.7-1~18.04) ...
Setting up libboost-serialization-dev:amd64 (1.65.1.0ubuntu1) ...
Setting up libboost-fiber1.65-dev:amd64 (1.65.1+dfsg-0ubuntu5) ...
Setting up libboost-coroutine1.65-dev:amd64 (1.65.1+dfsg-0ubuntu5) ...
Setting up libboost-graph1.65-dev:amd64 (1.65.1+dfsg-0ubuntu5) ...
Setting up libxext6:amd64 (2:1.3.3-1) ...
Setting up libfabric1 (1.5.3-1) ...
Setting up libglib2.0-dev-bin (2.56.4-0ubuntu0.18.04.6) ...
Setting up gcc-7 (7.5.0-3ubuntu1~18.04) ...
Setting up liberror-perl (0.17025-1) ...
Setting up libboost-date-time1.65-dev:amd64 (1.65.1+dfsg-0ubuntu5) ...
Setting up g++-7 (7.5.0-3ubuntu1~18.04) ...
Setting up libboost-chrono-dev:amd64 (1.65.1.0ubuntu1) ...
Setting up libboost-system-dev:amd64 (1.65.1.0ubuntu1) ...
Setting up libboost-graph-dev:amd64 (1.65.1.0ubuntu1) ...
Setting up libdpkg-perl (1.19.0.5ubuntu2.3) ...
Setting up libumfpack5:amd64 (1:5.1.2-2) ...
Setting up libboost-timer-dev:amd64 (1.65.1.0ubuntu1) ...
Setting up libboost-fiber-dev:amd64 (1.65.1.0ubuntu1) ...
Setting up gcc (4:7.4.0-1ubuntu2.3) ...
Setting up libboost-date-time-dev:amd64 (1.65.1.0ubuntu1) ...
Setting up libboost-filesystem1.65-dev:amd64 (1.65.1+dfsg-0ubuntu5) ...
Setting up libboost-container-dev:amd64 (1.65.1.0ubuntu1) ...
Setting up xauth (1:1.0.10-1) ...
Setting up libalgorithm-merge-perl (0.08-3) ...
Setting up libboost-random-dev:amd64 (1.65.1.0ubuntu1) ...
Setting up dpkg-dev (1.19.0.5ubuntu2.3) ...
Setting up libalgorithm-diff-xs-perl (0.04-5) ...
Setting up libboost-thread1.65-dev:amd64 (1.65.1+dfsg-0ubuntu5) ...
Setting up libldap-2.4-2:amd64 (2.4.45+dfsg-1ubuntu1.7) ...
Setting up libsuitesparse-dev:amd64 (1:5.1.2-2) ...
Setting up g++ (4:7.4.0-1ubuntu2.3) ...
update-alternatives: using /usr/bin/g++ to provide /usr/bin/c++ (c++) in auto mode
update-alternatives: warning: skip creation of /usr/share/man/man1/c++.1.gz because associated file /usr/share/man/man1/g++.1.gz (of link group c++) doesn't exist
Setting up gfortran-7 (7.5.0-3ubuntu1~18.04) ...
Setting up libopenmpi2:amd64 (2.1.1-8) ...
Setting up libboost-coroutine-dev:amd64 (1.65.1.0ubuntu1) ...
Setting up dirmngr (2.2.4-1ubuntu1.3) ...
Setting up dh-python (3.20180325ubuntu2) ...
Setting up libtool (2.4.6-2) ...
Setting up gfortran (4:7.4.0-1ubuntu2.3) ...
update-alternatives: using /usr/bin/gfortran to provide /usr/bin/f95 (f95) in auto mode
update-alternatives: warning: skip creation of /usr/share/man/man1/f95.1.gz because associated file /usr/share/man/man1/gfortran.1.gz (of link group f95) doesn't exist
update-alternatives: using /usr/bin/gfortran to provide /usr/bin/f77 (f77) in auto mode
update-alternatives: warning: skip creation of /usr/share/man/man1/f77.1.gz because associated file /usr/share/man/man1/gfortran.1.gz (of link group f77) doesn't exist
Setting up libhdf5-openmpi-100:amd64 (1.10.0-patch1+docs-4) ...
Setting up libboost-thread-dev:amd64 (1.65.1.0ubuntu1) ...
Setting up build-essential (12.4ubuntu1) ...
Setting up libboost-mpi1.65.1 (1.65.1+dfsg-0ubuntu5) ...
Setting up libcurl3-gnutls:amd64 (7.58.0-2ubuntu3.10) ...
Setting up libopenmpi-dev (2.1.1-8) ...
update-alternatives: using /usr/lib/x86_64-linux-gnu/openmpi/include to provide /usr/include/mpi (mpi) in auto mode
update-alternatives: warning: skip creation of /usr/share/man/man1/mpicc.1.gz because associated file /usr/share/man/man1/mpicc.openmpi.1.gz (of link group mpi) doesn't exist
update-alternatives: warning: skip creation of /usr/share/man/man1/mpic++.1.gz because associated file /usr/share/man/man1/mpic++.openmpi.1.gz (of link group mpi) doesn't exist
update-alternatives: warning: skip creation of /usr/share/man/man1/mpicxx.1.gz because associated file /usr/share/man/man1/mpicxx.openmpi.1.gz (of link group mpi) doesn't exist
update-alternatives: warning: skip creation of /usr/share/man/man1/mpiCC.1.gz because associated file /usr/share/man/man1/mpiCC.openmpi.1.gz (of link group mpi) doesn't exist
update-alternatives: warning: skip creation of /usr/share/man/man1/mpif77.1.gz because associated file /usr/share/man/man1/mpif77.openmpi.1.gz (of link group mpi) doesn't exist
update-alternatives: warning: skip creation of /usr/share/man/man1/mpif90.1.gz because associated file /usr/share/man/man1/mpif90.openmpi.1.gz (of link group mpi) doesn't exist
update-alternatives: warning: skip creation of /usr/share/man/man1/mpifort.1.gz because associated file /usr/share/man/man1/mpifort.openmpi.1.gz (of link group mpi) doesn't exist
Setting up libcurl4:amd64 (7.58.0-2ubuntu3.10) ...
Setting up libptscotch-6.0 (6.0.4.dfsg1-8) ...
Setting up libfftw3-mpi3:amd64 (3.3.7-1) ...
Setting up python3-dev (3.6.7-1~18.04) ...
Setting up libboost-wave1.65-dev:amd64 (1.65.1+dfsg-0ubuntu5) ...
Setting up libspooles2.2:amd64 (2.2-12build1) ...
Setting up libboost-filesystem-dev:amd64 (1.65.1.0ubuntu1) ...
Setting up gpg-wks-client (2.2.4-1ubuntu1.3) ...
Setting up openmpi-bin (2.1.1-8) ...
update-alternatives: using /usr/bin/mpirun.openmpi to provide /usr/bin/mpirun (mpirun) in auto mode
update-alternatives: warning: skip creation of /usr/share/man/man1/mpiexec.1.gz because associated file /usr/share/man/man1/mpiexec.openmpi.1.gz (of link group mpirun) doesn't exist
update-alternatives: warning: skip creation of /usr/share/man/man1/mpirun.1.gz because associated file /usr/share/man/man1/mpirun.openmpi.1.gz (of link group mpirun) doesn't exist
Setting up mpi-default-dev (1.10) ...
Setting up libhdf5-openmpi-dev (1.10.0-patch1+docs-4) ...
update-alternatives: using /usr/bin/h5pcc.openmpi to provide /usr/bin/h5pcc (h5pcc) in auto mode
update-alternatives: warning: skip creation of /usr/share/man/man1/h5pcc.1.gz because associated file /usr/share/man/man1/h5pcc.openmpi.1.gz (of link group h5pcc) doesn't exist
update-alternatives: warning: skip creation of /usr/share/man/man1/h5pfc.1.gz because associated file /usr/share/man/man1/h5pfc.openmpi.1.gz (of link group h5pcc) doesn't exist
update-alternatives: using /usr/lib/x86_64-linux-gnu/pkgconfig/hdf5-openmpi.pc to provide /usr/lib/x86_64-linux-gnu/pkgconfig/hdf5.pc (hdf5.pc) in auto mode
Setting up libmpich-dev (3.3~a2-4) ...
update-alternatives: renaming libmpi.so slave link from /usr/lib/x86_64-linux-gnu/libmpi.so to /usr/lib/libmpi.so
update-alternatives: renaming libmpi++.so slave link from /usr/lib/x86_64-linux-gnu/libmpi++.so to /usr/lib/libmpi++.so
Setting up pkg-config (0.29.1-0ubuntu2) ...
Setting up libboost-log1.65-dev (1.65.1+dfsg-0ubuntu5) ...
Setting up libscotch-dev (6.0.4.dfsg1-8) ...
Setting up libboost-python1.65-dev (1.65.1+dfsg-0ubuntu5) ...
Setting up libsuperlu-dist5 (5.3.0+dfsg1-1) ...
Setting up libboost-wave-dev:amd64 (1.65.1.0ubuntu1) ...
Setting up libspooles-dev:amd64 (2.2-12build1) ...
Setting up cmake (3.10.2-1ubuntu2.18.04.1) ...
Setting up git (1:2.17.1-1ubuntu0.7) ...
Setting up libboost-mpi1.65-dev (1.65.1+dfsg-0ubuntu5) ...
Setting up libboost-python-dev (1.65.1.0ubuntu1) ...
Setting up mpi-default-bin (1.10) ...
Setting up libfftw3-mpi-dev:amd64 (3.3.7-1) ...
Setting up libptscotch-dev (6.0.4.dfsg1-8) ...
Setting up libboost-graph-parallel1.65.1 (1.65.1+dfsg-0ubuntu5) ...
Setting up libscalapack-openmpi2.0 (2.0.2-4) ...
Setting up libeigen3-dev (3.3.4-4) ...
Setting up libboost-graph-parallel1.65-dev (1.65.1+dfsg-0ubuntu5) ...
Setting up libhypre-2.13.0:amd64 (2.13.0-2) ...
Setting up gnupg (2.2.4-1ubuntu1.3) ...
Setting up libhdf5-mpi-dev (1.10.0-patch1+docs-4) ...
Setting up libglib2.0-dev:amd64 (2.56.4-0ubuntu0.18.04.6) ...
Setting up libscalapack-openmpi-dev (2.0.2-4) ...
Setting up libboost-log-dev (1.65.1.0ubuntu1) ...
Setting up libboost-graph-parallel-dev (1.65.1.0ubuntu1) ...
Setting up libboost-mpi-dev (1.65.1.0ubuntu1) ...
Setting up libboost-mpi-python1.65.1 (1.65.1+dfsg-0ubuntu5) ...
Setting up libmumps-5.1.2:amd64 (5.1.2-4) ...
Setting up libhypre-dev:amd64 (2.13.0-2) ...
Setting up libscalapack-mpi-dev (2.0.2-4) ...
Setting up libmumps-dev:amd64 (5.1.2-4) ...
Setting up libboost-mpi-python1.65-dev (1.65.1+dfsg-0ubuntu5) ...
Setting up libpetsc3.7.7:amd64 (3.7.7+dfsg1-2build5) ...
update-alternatives: using /usr/lib/x86_64-linux-gnu/libpetsc_real.so.3.7.7 to provide /usr/lib/x86_64-linux-gnu/libpetsc.so.3.7 (libpetsc.so.3.7) in auto mode
update-alternatives: using /usr/lib/x86_64-linux-gnu/libpetsc_real.so.3.7.7 to provide /usr/lib/x86_64-linux-gnu/libpetsc_real.so.3.7 (libpetsc_real.so.3.7) in auto mode
Setting up libboost-mpi-python-dev (1.65.1.0ubuntu1) ...
Setting up libpetsc3.7.7-dev:amd64 (3.7.7+dfsg1-2build5) ...
update-alternatives: error: no alternatives for petsc
update-alternatives: using /usr/lib/petscdir/3.7.7/x86_64-linux-gnu-real to provide /usr/lib/petsc (petsc) in auto mode
update-alternatives: using /usr/lib/x86_64-linux-gnu/libpetsc_real.so.3.7.7 to provide /usr/lib/x86_64-linux-gnu/libpetsc_real.so (libpetsc_real.so) in auto mode
update-alternatives: using /usr/lib/petscdir/3.7.7/x86_64-linux-gnu-real to provide /usr/lib/petscdir/3.7 (petsc3.7) in auto mode
update-alternatives: using /usr/lib/petscdir/3.7.7/x86_64-linux-gnu-real to provide /usr/lib/petscdir/3.7-real (petsc3.7-real) in auto mode
Setting up libpetsc3.7-dev:amd64 (3.7.7+dfsg1-2build5) ...
Setting up petsc-dev (3.7.7+dfsg1-2build5) ...
Setting up libharfbuzz-dev:amd64 (1.7.2-1ubuntu1) ...
Setting up libicu-le-hb-dev:amd64 (1.0.3+git161113-4) ...
Setting up libicu-dev (60.2-3ubuntu3.1) ...
Setting up libxml2-dev:amd64 (2.9.4+dfsg1-6.1ubuntu1.3) ...
Setting up libboost-regex1.65-dev:amd64 (1.65.1+dfsg-0ubuntu5) ...
Setting up libboost-iostreams1.65-dev:amd64 (1.65.1+dfsg-0ubuntu5) ...
Setting up libboost-iostreams-dev:amd64 (1.65.1.0ubuntu1) ...
Setting up libboost-regex-dev:amd64 (1.65.1.0ubuntu1) ...
Setting up libboost-all-dev (1.65.1.0ubuntu1) ...
Processing triggers for libc-bin (2.27-3ubuntu1.2) ...
Processing triggers for ca-certificates (20201027ubuntu0.18.04.1) ...
Updating certificates in /etc/ssl/certs...
0 added, 0 removed; done.
Running hooks in /etc/ca-certificates/update.d...
done.
 ---> 556765de8b35
Removing intermediate container 6258e95c4da0
Step 3/22 : ARG CACHEBUST
 ---> Running in ac6692ca7f69
 ---> 4c0566af1c6f
Removing intermediate container ac6692ca7f69
Step 4/22 : RUN sed -i -e 's/# en_US.UTF-8 UTF-8/en_US.UTF-8 UTF-8/' /etc/locale.gen &&     locale-gen
 ---> Running in 37c7d2340b98
Generating locales (this might take a while)...
  en_US.UTF-8... done
Generation complete.
 ---> 630dd59f401b
Removing intermediate container 37c7d2340b98
Step 5/22 : ENV LANG en_US.UTF-8
 ---> Running in f7547024cff6
 ---> d7bb8a58c5a3
Removing intermediate container f7547024cff6
Step 6/22 : ENV LANGUAGE en_US:en
 ---> Running in cc337c17c896
 ---> e7ba1556bd03
Removing intermediate container cc337c17c896
Step 7/22 : ENV LC_ALL en_US.UTF-8
 ---> Running in 2effdc04eba1
 ---> d346ef7d9c82
Removing intermediate container 2effdc04eba1
Step 8/22 : RUN useradd -ms /bin/bash precice
 ---> Running in eb8761cebd48
 ---> 3ea425926a13
Removing intermediate container eb8761cebd48
Step 9/22 : USER precice
 ---> Running in d757fd184106
 ---> f8fbcbcc0b48
Removing intermediate container d757fd184106
Step 10/22 : WORKDIR /home/precice
 ---> ebe0815ba391
Removing intermediate container 2380aaa272f9
Step 11/22 : ENV CPLUS_INCLUDE_PATH "$CPLUS_INCLUDE_PATH:/usr/include/eigen3" CPATH "/usr/include/eigen3:${CPATH}" PETSC_DIR "/usr/lib/petscdir/3.6.2/" PETSC_ARCH "x86_64-linux-gnu-real"
 ---> Running in 93573add1d7c
 ---> 1fdd4ca2bf5d
Removing intermediate container 93573add1d7c
Step 12/22 : ARG branch=develop
 ---> Running in 06e0553be7f6
 ---> 859c3da5c1c2
Removing intermediate container 06e0553be7f6
Step 13/22 : RUN git clone --branch $branch https://github.com/precice/precice.git /home/precice/precice
 ---> Running in 640eee376343
[91mCloning into '/home/precice/precice'...
[0m ---> 4c6c3568a056
Removing intermediate container 640eee376343
Step 14/22 : ARG petsc_para=no
 ---> Running in 8048d8b02256
 ---> cfc1d8a50ca1
Removing intermediate container 8048d8b02256
Step 15/22 : ARG mpi_para=yes
 ---> Running in 797a7b19d089
 ---> 7cd17d1445be
Removing intermediate container 797a7b19d089
Step 16/22 : ARG python_para=no
 ---> Running in 211b60f5ad9e
 ---> c00fa8997087
Removing intermediate container 211b60f5ad9e
Step 17/22 : RUN mkdir /home/precice/precice-build &&     cd /home/precice/precice-build &&     cmake -DCMAKE_BUILD_TYPE=Debug           -DBUILD_SHARED_LIBS=ON           -DCMAKE_INSTALL_PREFIX=/usr/local           -DPRECICE_PETScMapping=$petsc_para           -DPRECICE_MPICommunication=$mpi_para           -DPRECICE_PythonActions=$python_para           -DCMAKE_CXX_COMPILER=/usr/bin/mpicxx.mpich           -DMPIEXEC_EXECUTABLE=/usr/bin/mpiexec.mpich           /home/precice/precice &&     make -j$(nproc) &&     make test
 ---> Running in 3c18f67097fd
-- The CXX compiler identification is GNU 7.5.0
-- Check for working CXX compiler: /usr/bin/mpicxx.mpich
-- Check for working CXX compiler: /usr/bin/mpicxx.mpich -- works
-- Detecting CXX compiler ABI info
-- Detecting CXX compiler ABI info - done
-- Detecting CXX compile features
-- Detecting CXX compile features - done
-- Performing Test CXX11_N2071_N2072
-- Performing Test CXX11_N2071_N2072 - Success
-- === CONFIGURATION ===
-- Library version to build: 2.1.1
-- Build configuration: Debug
-- Build shared libraries: ON
-- Target system: Linux-4.4.0-101-generic
-- Host system: Linux-4.4.0-101-generic
-- Library architecture: x86_64-linux-gnu
-- CXX compiler: /usr/bin/mpicxx.mpich
-- CXX compiler flags: <empty>
-- CXX linker: /usr/bin/ld
-- Install prefix: /usr/local
-- Source directory: /home/precice/precice
-- Binary directory: /home/precice/precice-build
-- Configure package generation: ON
-- Install tests/testfiles: OFF
-- Additional CTest MPI Flags: <empty>
[91m
[0m-- === ENABLED FEATURES ===
 * MPICommunication, Enables the MPI communication back-end.

   This enables the MPI communication back-end which is highly recommended on multi-node systems.
   See the documentation of the CMake module FindMPI to control its functionality.

   This feature can be enabled/disabled by setting the PRECICE_MPICommunication CMake option.

 * CBindings, Enables the native C bindings.

   preCICE provides native bindings for C, which are compiled into the library.
   This feature enables the compilation and installation of the bindings into the library.
   Note that we strongly recommend to compile with C bindings enabled for compatibility reasons.

   This feature can be enabled/disabled by setting the PRECICE_ENABLE_C CMake option.
  
 * FortranBindings, Enables the native Fortran bindings.

   preCICE provides native bindings for Fortran, which are compiled into the library.
   This feature enables the compilation and installation of the bindings into the library.
   Note that we strongly recommend to compile with Fortran bindings enabled for compatibility reasons.

   This feature can be enabled/disabled by setting the PRECICE_ENABLE_FORTRAN CMake option.
  

-- === DISABLED FEATURES ===
 * PETScMapping, Enables the PETSc-powered radial basic function mappings.

   This enables the PETSc-based variant of radial basis function mappings which can run in parallel,
   also across different compute nodes. This is highly recommended for large cases running in parallel.

   This feature can be enabled/disabled by setting the PRECICE_PETScMapping CMake option.
   Requires MPICommunication.
  
 * PythonActions, Enables the support for user-defined python actions.

   preCICE allows to manipulate coupling data at runtime using configurable actions.
   This feature enables the support for user-defined actions written in Python based on numpy.

   This feature can be enabled/disabled by setting the PRECICE_PythonActions CMake option.
  

-- === DEPENDENCIES ===
-- Looking for C++ include pthread.h
-- Looking for C++ include pthread.h - found
-- Looking for pthread_create
-- Looking for pthread_create - not found
-- Looking for pthread_create in pthreads
-- Looking for pthread_create in pthreads - not found
-- Looking for pthread_create in pthread
-- Looking for pthread_create in pthread - found
-- Found Threads: TRUE  
-- Boost version: 1.65.1
-- Found the following Boost libraries:
--   filesystem
--   log
--   log_setup
--   program_options
--   system
--   thread
--   unit_test_framework
--   date_time
--   regex
--   chrono
--   atomic
-- Found Eigen3: /usr/include/eigen3 (Required is at least version "3.2") 
-- Validating Eigen
-- Validating Eigen - success
-- Found LibXml2: /usr/lib/x86_64-linux-gnu/libxml2.so (found version "2.9.4") 
-- Validating LibXml2
-- Validating LibXml2 - success
-- Validating JSON
-- Validating JSON - success
-- Validating Prettyprint
-- Validating Prettyprint - success
-- Found MPI_CXX: /usr/bin/mpicxx.mpich (found version "3.1") 
-- Found MPI: TRUE (found version "3.1")  
[91m
[0m-- MPI Version: MPICH Version:	3.3a2
MPICH Release date:	Sun Nov 13 09:12:11 MST 2016
MPICH Device:	ch3:nemesis
MPICH configure:	--build=x86_64-linux-gnu --prefix=/usr --includedir=${prefix}/include --mandir=${prefix}/share/man --infodir=${prefix}/share/info --sysconfdir=/etc --localstatedir=/var --disable-silent-rules --libdir=${prefix}/lib/x86_64-linux-gnu --libexecdir=${prefix}/lib/x86_64-linux-gnu --disable-maintainer-mode --disable-dependency-tracking --with-libfabric --enable-shared --prefix=/usr --enable-fortran=all --disable-rpath --disable-wrapper-rpath --sysconfdir=/etc/mpich --libdir=/usr/lib/x86_64-linux-gnu --includedir=/usr/include/mpich --docdir=/usr/share/doc/mpich --with-hwloc-prefix=system --enable-checkpointing --with-hydra-ckpointlib=blcr CPPFLAGS= CFLAGS= CXXFLAGS= FFLAGS= FCFLAGS=
MPICH CC:	gcc  -g -O2 -fdebug-prefix-map=/build/mpich-O9at2o/mpich-3.3~a2=. -fstack-protector-strong -Wformat -Werror=format-security  -O2
MPICH CXX:	g++  -g -O2 -fdebug-prefix-map=/build/mpich-O9at2o/mpich-3.3~a2=. -fstack-protector-strong -Wformat -Werror=format-security -O2
MPICH F77:	gfortran  -g -O2 -fdebug-prefix-map=/build/mpich-O9at2o/mpich-3.3~a2=. -fstack-protector-strong -O2
MPICH FC:	gfortran  -g -O2 -fdebug-prefix-map=/build/mpich-O9at2o/mpich-3.3~a2=. -fstack-protector-strong -O2
-- PETSc support disabled
-- Python support disabled
-- === TARGETS & PACKAGES ===
-- Including test sources
-- Compressing manpage: /home/precice/precice-build/packaging/man1/binprecice.1
[91mDebian package generator disabled: Install prefix is not "/usr"
[0m-- Compressing changelog
-- === TESTS ===
-- Looking for a C compiler
[91m
[0m-- Looking for a C compiler - /usr/bin/cc
-- Looking for a Fortran compiler
-- Looking for a Fortran compiler - /usr/bin/f95
-- Test precice.acceleration
-- Test precice.action
-- Test precice.com
-- Test precice.com.mpiports
-- Test precice.cplscheme
-- Test precice.io
-- Test precice.m2n
-- Test precice.m2n.mpiports
-- Test precice.mapping
-- Test precice.mapping.petrbf - skipped
-- Test precice.math
-- Test precice.mesh
-- Test precice.partition
-- Test precice.interface
-- Test precice.serial
-- Test precice.parallel
-- Test precice.query
-- Test precice.testing
-- Test precice.utils
-- Test precice.xml
-- Test precice.solverdummy.build.cpp
-- Test precice.solverdummy.build.c
-- Test precice.solverdummy.build.fortran
-- Test precice.solverdummy.run.cpp-cpp
-- Test precice.solverdummy.run.c-c
-- Test precice.solverdummy.run.fortran-fortran
-- Test precice.solverdummy.run.cpp-c
-- Test precice.solverdummy.run.cpp-fortran
-- Test precice.solverdummy.run.c-fortran
-- Configuring done
-- Generating done
-- Build files have been written to: /home/precice/precice-build
Scanning dependencies of target GitRevision
-- Found Git: /usr/bin/git (found version "2.17.1") 
-- Revision status: v2.1.1-77-g641e5057
[  0%] Built target GitRevision
Scanning dependencies of target precice
[  0%] Building CXX object CMakeFiles/precice.dir/dummy.cpp.o
[  1%] Building CXX object CMakeFiles/precice.dir/src/precice/impl/versions.cpp.o
[  1%] Building CXX object CMakeFiles/precice.dir/src/acceleration/Acceleration.cpp.o
[  2%] Building CXX object CMakeFiles/precice.dir/src/acceleration/AitkenAcceleration.cpp.o
[  2%] Building CXX object CMakeFiles/precice.dir/src/acceleration/BaseQNAcceleration.cpp.o
[  3%] Building CXX object CMakeFiles/precice.dir/src/acceleration/BroydenAcceleration.cpp.o
[  3%] Building CXX object CMakeFiles/precice.dir/src/acceleration/ConstantRelaxationAcceleration.cpp.o
[  4%] Building CXX object CMakeFiles/precice.dir/src/acceleration/IQNILSAcceleration.cpp.o
[  4%] Building CXX object CMakeFiles/precice.dir/src/acceleration/MVQNAcceleration.cpp.o
[  5%] Building CXX object CMakeFiles/precice.dir/src/acceleration/config/AccelerationConfiguration.cpp.o
[  5%] Building CXX object CMakeFiles/precice.dir/src/acceleration/impl/ConstantPreconditioner.cpp.o
[  6%] Building CXX object CMakeFiles/precice.dir/src/acceleration/impl/ParallelMatrixOperations.cpp.o
[  6%] Building CXX object CMakeFiles/precice.dir/src/acceleration/impl/QRFactorization.cpp.o
[  7%] Building CXX object CMakeFiles/precice.dir/src/acceleration/impl/ResidualPreconditioner.cpp.o
[  7%] Building CXX object CMakeFiles/precice.dir/src/acceleration/impl/ResidualSumPreconditioner.cpp.o
[  8%] Building CXX object CMakeFiles/precice.dir/src/acceleration/impl/SVDFactorization.cpp.o
[  8%] Building CXX object CMakeFiles/precice.dir/src/acceleration/impl/ValuePreconditioner.cpp.o
[  9%] Building CXX object CMakeFiles/precice.dir/src/action/ComputeCurvatureAction.cpp.o
[  9%] Building CXX object CMakeFiles/precice.dir/src/action/PythonAction.cpp.o
[ 10%] Building CXX object CMakeFiles/precice.dir/src/action/RecorderAction.cpp.o
[ 10%] Building CXX object CMakeFiles/precice.dir/src/action/ScaleByAreaAction.cpp.o
[ 11%] Building CXX object CMakeFiles/precice.dir/src/action/ScaleByDtAction.cpp.o
[ 11%] Building CXX object CMakeFiles/precice.dir/src/action/SummationAction.cpp.o
[ 12%] Building CXX object CMakeFiles/precice.dir/src/action/config/ActionConfiguration.cpp.o
[ 12%] Building CXX object CMakeFiles/precice.dir/src/com/CommunicateBoundingBox.cpp.o
[ 13%] Building CXX object CMakeFiles/precice.dir/src/com/CommunicateMesh.cpp.o
[ 13%] Building CXX object CMakeFiles/precice.dir/src/com/Communication.cpp.o
[ 14%] Building CXX object CMakeFiles/precice.dir/src/com/ConnectionInfoPublisher.cpp.o
[ 14%] Building CXX object CMakeFiles/precice.dir/src/com/MPICommunication.cpp.o
[ 15%] Building CXX object CMakeFiles/precice.dir/src/com/MPIDirectCommunication.cpp.o
[ 15%] Building CXX object CMakeFiles/precice.dir/src/com/MPIPortsCommunication.cpp.o
[ 16%] Building CXX object CMakeFiles/precice.dir/src/com/MPIPortsCommunicationFactory.cpp.o
[ 16%] Building CXX object CMakeFiles/precice.dir/src/com/MPIRequest.cpp.o
[ 17%] Building CXX object CMakeFiles/precice.dir/src/com/MPISinglePortsCommunication.cpp.o
[ 17%] Building CXX object CMakeFiles/precice.dir/src/com/MPISinglePortsCommunicationFactory.cpp.o
[ 18%] Building CXX object CMakeFiles/precice.dir/src/com/Request.cpp.o
[ 18%] Building CXX object CMakeFiles/precice.dir/src/com/SocketCommunication.cpp.o
[ 19%] Building CXX object CMakeFiles/precice.dir/src/com/SocketCommunicationFactory.cpp.o
[ 19%] Building CXX object CMakeFiles/precice.dir/src/com/SocketRequest.cpp.o
[ 20%] Building CXX object CMakeFiles/precice.dir/src/com/SocketSendQueue.cpp.o
[ 20%] Building CXX object CMakeFiles/precice.dir/src/com/config/CommunicationConfiguration.cpp.o
[ 21%] Building CXX object CMakeFiles/precice.dir/src/cplscheme/BaseCouplingScheme.cpp.o
[ 21%] Building CXX object CMakeFiles/precice.dir/src/cplscheme/BiCouplingScheme.cpp.o
[ 22%] Building CXX object CMakeFiles/precice.dir/src/cplscheme/CompositionalCouplingScheme.cpp.o
[ 22%] Building CXX object CMakeFiles/precice.dir/src/cplscheme/Constants.cpp.o
[ 23%] Building CXX object CMakeFiles/precice.dir/src/cplscheme/CouplingScheme.cpp.o
[ 24%] Building CXX object CMakeFiles/precice.dir/src/cplscheme/MultiCouplingScheme.cpp.o
[ 24%] Building CXX object CMakeFiles/precice.dir/src/cplscheme/ParallelCouplingScheme.cpp.o
[ 25%] Building CXX object CMakeFiles/precice.dir/src/cplscheme/SerialCouplingScheme.cpp.o
[ 25%] Building CXX object CMakeFiles/precice.dir/src/cplscheme/config/CouplingSchemeConfiguration.cpp.o
[ 26%] Building CXX object CMakeFiles/precice.dir/src/cplscheme/impl/AbsoluteConvergenceMeasure.cpp.o
[ 26%] Building CXX object CMakeFiles/precice.dir/src/cplscheme/impl/MinIterationConvergenceMeasure.cpp.o
[ 27%] Building CXX object CMakeFiles/precice.dir/src/cplscheme/impl/RelativeConvergenceMeasure.cpp.o
[ 27%] Building CXX object CMakeFiles/precice.dir/src/cplscheme/impl/ResidualRelativeConvergenceMeasure.cpp.o
[ 28%] Building CXX object CMakeFiles/precice.dir/src/io/Constants.cpp.o
[ 28%] Building CXX object CMakeFiles/precice.dir/src/io/ExportVTK.cpp.o
[ 29%] Building CXX object CMakeFiles/precice.dir/src/io/ExportVTKXML.cpp.o
[ 29%] Building CXX object CMakeFiles/precice.dir/src/io/TXTReader.cpp.o
[ 30%] Building CXX object CMakeFiles/precice.dir/src/io/TXTTableWriter.cpp.o
[ 30%] Building CXX object CMakeFiles/precice.dir/src/io/TXTWriter.cpp.o
[ 31%] Building CXX object CMakeFiles/precice.dir/src/io/config/ExportConfiguration.cpp.o
[ 31%] Building CXX object CMakeFiles/precice.dir/src/logging/LogConfiguration.cpp.o
[ 32%] Building CXX object CMakeFiles/precice.dir/src/logging/Logger.cpp.o
[ 32%] Building CXX object CMakeFiles/precice.dir/src/logging/Tracer.cpp.o
[ 33%] Building CXX object CMakeFiles/precice.dir/src/logging/config/LogConfiguration.cpp.o
[ 33%] Building CXX object CMakeFiles/precice.dir/src/m2n/BoundM2N.cpp.o
[ 34%] Building CXX object CMakeFiles/precice.dir/src/m2n/GatherScatterComFactory.cpp.o
[ 34%] Building CXX object CMakeFiles/precice.dir/src/m2n/GatherScatterCommunication.cpp.o
[ 35%] Building CXX object CMakeFiles/precice.dir/src/m2n/M2N.cpp.o
[ 35%] Building CXX object CMakeFiles/precice.dir/src/m2n/PointToPointComFactory.cpp.o
[ 36%] Building CXX object CMakeFiles/precice.dir/src/m2n/PointToPointCommunication.cpp.o
[ 36%] Building CXX object CMakeFiles/precice.dir/src/m2n/config/M2NConfiguration.cpp.o
[ 37%] Building CXX object CMakeFiles/precice.dir/src/mapping/Mapping.cpp.o
[ 37%] Building CXX object CMakeFiles/precice.dir/src/mapping/NearestNeighborMapping.cpp.o
[ 38%] Building CXX object CMakeFiles/precice.dir/src/mapping/NearestProjectionMapping.cpp.o
[ 38%] Building CXX object CMakeFiles/precice.dir/src/mapping/config/MappingConfiguration.cpp.o
[ 39%] Building CXX object CMakeFiles/precice.dir/src/math/barycenter.cpp.o
[ 39%] Building CXX object CMakeFiles/precice.dir/src/math/geometry.cpp.o
[ 40%] Building CXX object CMakeFiles/precice.dir/src/mesh/BoundingBox.cpp.o
[ 40%] Building CXX object CMakeFiles/precice.dir/src/mesh/Data.cpp.o
[ 41%] Building CXX object CMakeFiles/precice.dir/src/mesh/Edge.cpp.o
[ 41%] Building CXX object CMakeFiles/precice.dir/src/mesh/Mesh.cpp.o
[ 42%] Building CXX object CMakeFiles/precice.dir/src/mesh/RTree.cpp.o
[ 42%] Building CXX object CMakeFiles/precice.dir/src/mesh/Triangle.cpp.o
[ 43%] Building CXX object CMakeFiles/precice.dir/src/mesh/Vertex.cpp.o
[ 43%] Building CXX object CMakeFiles/precice.dir/src/mesh/config/DataConfiguration.cpp.o
[ 44%] Building CXX object CMakeFiles/precice.dir/src/mesh/config/MeshConfiguration.cpp.o
[ 44%] Building CXX object CMakeFiles/precice.dir/src/partition/Partition.cpp.o
[ 45%] Building CXX object CMakeFiles/precice.dir/src/partition/ProvidedPartition.cpp.o
[ 45%] Building CXX object CMakeFiles/precice.dir/src/partition/ReceivedPartition.cpp.o
[ 46%] Building CXX object CMakeFiles/precice.dir/src/precice/SolverInterface.cpp.o
[ 46%] Building CXX object CMakeFiles/precice.dir/src/precice/config/Configuration.cpp.o
[ 47%] Building CXX object CMakeFiles/precice.dir/src/precice/config/ParticipantConfiguration.cpp.o
[ 47%] Building CXX object CMakeFiles/precice.dir/src/precice/config/SolverInterfaceConfiguration.cpp.o
[ 48%] Building CXX object CMakeFiles/precice.dir/src/precice/impl/DataContext.cpp.o
[ 49%] Building CXX object CMakeFiles/precice.dir/src/precice/impl/Participant.cpp.o
[ 49%] Building CXX object CMakeFiles/precice.dir/src/precice/impl/SolverInterfaceImpl.cpp.o
[ 50%] Building CXX object CMakeFiles/precice.dir/src/precice/impl/WatchPoint.cpp.o
[ 50%] Building CXX object CMakeFiles/precice.dir/src/query/FindClosest.cpp.o
[ 51%] Building CXX object CMakeFiles/precice.dir/src/query/FindClosestEdge.cpp.o
[ 51%] Building CXX object CMakeFiles/precice.dir/src/query/FindClosestTriangle.cpp.o
[ 52%] Building CXX object CMakeFiles/precice.dir/src/query/FindClosestVertex.cpp.o
[ 52%] Building CXX object CMakeFiles/precice.dir/src/utils/Dimensions.cpp.o
[ 53%] Building CXX object CMakeFiles/precice.dir/src/utils/EigenHelperFunctions.cpp.o
[ 53%] Building CXX object CMakeFiles/precice.dir/src/utils/Event.cpp.o
[ 54%] Building CXX object CMakeFiles/precice.dir/src/utils/EventUtils.cpp.o
[ 54%] Building CXX object CMakeFiles/precice.dir/src/utils/Helpers.cpp.o
[ 55%] Building CXX object CMakeFiles/precice.dir/src/utils/ManageUniqueIDs.cpp.o
[ 55%] Building CXX object CMakeFiles/precice.dir/src/utils/MasterSlave.cpp.o
[ 56%] Building CXX object CMakeFiles/precice.dir/src/utils/Parallel.cpp.o
[ 56%] Building CXX object CMakeFiles/precice.dir/src/utils/Petsc.cpp.o
[ 57%] Building CXX object CMakeFiles/precice.dir/src/utils/String.cpp.o
[ 57%] Building CXX object CMakeFiles/precice.dir/src/utils/TableWriter.cpp.o
[ 58%] Building CXX object CMakeFiles/precice.dir/src/utils/networking.cpp.o
[ 58%] Building CXX object CMakeFiles/precice.dir/src/utils/stacktrace.cpp.o
[ 59%] Building CXX object CMakeFiles/precice.dir/src/xml/ConfigParser.cpp.o
[ 59%] Building CXX object CMakeFiles/precice.dir/src/xml/Printer.cpp.o
[ 60%] Building CXX object CMakeFiles/precice.dir/src/xml/ValueParser.cpp.o
[ 60%] Building CXX object CMakeFiles/precice.dir/src/xml/XMLTag.cpp.o
[ 61%] Building CXX object CMakeFiles/precice.dir/extras/bindings/c/src/SolverInterfaceC.cpp.o
[ 61%] Building CXX object CMakeFiles/precice.dir/extras/bindings/fortran/src/SolverInterfaceFortran.cpp.o
[ 62%] Building CXX object CMakeFiles/precice.dir/extras/bindings/fortran/src/SolverInterfaceFASTEST.cpp.o
[ 62%] Linking CXX shared library libprecice.so
[ 62%] Built target precice
Scanning dependencies of target binprecice
[ 62%] Building CXX object CMakeFiles/binprecice.dir/src/drivers/main.cpp.o
Scanning dependencies of target testprecice
[ 62%] Building CXX object CMakeFiles/testprecice.dir/src/testing/main.cpp.o
[ 63%] Building CXX object CMakeFiles/testprecice.dir/src/acceleration/test/AccelerationMasterSlaveTest.cpp.o
[ 64%] Linking CXX executable binprecice
[ 64%] Built target binprecice
[ 64%] Building CXX object CMakeFiles/testprecice.dir/src/acceleration/test/ParallelMatrixOperationsTest.cpp.o
[ 65%] Building CXX object CMakeFiles/testprecice.dir/src/acceleration/test/PreconditionerTest.cpp.o
[ 65%] Building CXX object CMakeFiles/testprecice.dir/src/acceleration/test/QRFactorizationTest.cpp.o
[ 66%] Building CXX object CMakeFiles/testprecice.dir/src/action/tests/PythonActionTest.cpp.o
[ 66%] Building CXX object CMakeFiles/testprecice.dir/src/action/tests/ScaleActionTest.cpp.o
[ 67%] Building CXX object CMakeFiles/testprecice.dir/src/action/tests/SummationActionTest.cpp.o
[ 67%] Building CXX object CMakeFiles/testprecice.dir/src/com/tests/CommunicateBoundingBoxTest.cpp.o
[ 68%] Building CXX object CMakeFiles/testprecice.dir/src/com/tests/CommunicateMeshTest.cpp.o
[ 68%] Building CXX object CMakeFiles/testprecice.dir/src/com/tests/MPIDirectCommunicationTest.cpp.o
[ 69%] Building CXX object CMakeFiles/testprecice.dir/src/com/tests/MPIPortsCommunicationTest.cpp.o
[ 69%] Building CXX object CMakeFiles/testprecice.dir/src/com/tests/MPISinglePortsCommunicationTest.cpp.o
[ 70%] Building CXX object CMakeFiles/testprecice.dir/src/com/tests/SocketCommunicationTest.cpp.o
[ 70%] Building CXX object CMakeFiles/testprecice.dir/src/cplscheme/tests/AbsoluteConvergenceMeasureTest.cpp.o
[ 71%] Building CXX object CMakeFiles/testprecice.dir/src/cplscheme/tests/CompositionalCouplingSchemeTest.cpp.o
[ 71%] Building CXX object CMakeFiles/testprecice.dir/src/cplscheme/tests/DummyCouplingScheme.cpp.o
[ 72%] Building CXX object CMakeFiles/testprecice.dir/src/cplscheme/tests/ExplicitCouplingSchemeTest.cpp.o
[ 72%] Building CXX object CMakeFiles/testprecice.dir/src/cplscheme/tests/MinIterationConvergenceMeasureTest.cpp.o
[ 73%] Building CXX object CMakeFiles/testprecice.dir/src/cplscheme/tests/ParallelImplicitCouplingSchemeTest.cpp.o
[ 74%] Building CXX object CMakeFiles/testprecice.dir/src/cplscheme/tests/RelativeConvergenceMeasureTest.cpp.o
[ 74%] Building CXX object CMakeFiles/testprecice.dir/src/cplscheme/tests/ResidualRelativeConvergenceMeasureTest.cpp.o
[ 75%] Building CXX object CMakeFiles/testprecice.dir/src/cplscheme/tests/SerialImplicitCouplingSchemeTest.cpp.o
[ 75%] Building CXX object CMakeFiles/testprecice.dir/src/io/tests/ExportConfigurationTest.cpp.o
[ 76%] Building CXX object CMakeFiles/testprecice.dir/src/io/tests/ExportVTKTest.cpp.o
[ 76%] Building CXX object CMakeFiles/testprecice.dir/src/io/tests/ExportVTKXMLTest.cpp.o
[ 77%] Building CXX object CMakeFiles/testprecice.dir/src/io/tests/TXTTableWriterTest.cpp.o
[ 77%] Building CXX object CMakeFiles/testprecice.dir/src/io/tests/TXTWriterReaderTest.cpp.o
[ 78%] Building CXX object CMakeFiles/testprecice.dir/src/m2n/tests/GatherScatterCommunicationTest.cpp.o
[ 78%] Building CXX object CMakeFiles/testprecice.dir/src/m2n/tests/PointToPointCommunicationTest.cpp.o
[ 79%] Building CXX object CMakeFiles/testprecice.dir/src/mapping/tests/MappingConfigurationTest.cpp.o
[ 79%] Building CXX object CMakeFiles/testprecice.dir/src/mapping/tests/NearestNeighborMappingTest.cpp.o
[ 80%] Building CXX object CMakeFiles/testprecice.dir/src/mapping/tests/NearestProjectionMappingTest.cpp.o
[ 80%] Building CXX object CMakeFiles/testprecice.dir/src/mapping/tests/PetRadialBasisFctMappingTest.cpp.o
[ 81%] Building CXX object CMakeFiles/testprecice.dir/src/mapping/tests/RadialBasisFctMappingTest.cpp.o
[ 81%] Building CXX object CMakeFiles/testprecice.dir/src/math/tests/BarycenterTest.cpp.o
[ 82%] Building CXX object CMakeFiles/testprecice.dir/src/math/tests/DifferencesTest.cpp.o
[ 82%] Building CXX object CMakeFiles/testprecice.dir/src/math/tests/GeometryTest.cpp.o
[ 83%] Building CXX object CMakeFiles/testprecice.dir/src/mesh/tests/BoundingBoxTest.cpp.o
[ 83%] Building CXX object CMakeFiles/testprecice.dir/src/mesh/tests/DataConfigurationTest.cpp.o
[ 84%] Building CXX object CMakeFiles/testprecice.dir/src/mesh/tests/EdgeTest.cpp.o
[ 84%] Building CXX object CMakeFiles/testprecice.dir/src/mesh/tests/MeshTest.cpp.o
[ 85%] Building CXX object CMakeFiles/testprecice.dir/src/mesh/tests/RTreeAdapterTests.cpp.o
[ 85%] Building CXX object CMakeFiles/testprecice.dir/src/mesh/tests/RTreeTests.cpp.o
[ 86%] Building CXX object CMakeFiles/testprecice.dir/src/mesh/tests/TriangleTest.cpp.o
[ 86%] Building CXX object CMakeFiles/testprecice.dir/src/mesh/tests/VertexTest.cpp.o
[ 87%] Building CXX object CMakeFiles/testprecice.dir/src/partition/tests/ProvidedPartitionTest.cpp.o
[ 87%] Building CXX object CMakeFiles/testprecice.dir/src/partition/tests/ReceivedPartitionTest.cpp.o
[ 88%] Building CXX object CMakeFiles/testprecice.dir/src/precice/tests/ParallelTests.cpp.o
[ 88%] Building CXX object CMakeFiles/testprecice.dir/src/precice/tests/SerialTests.cpp.o
[ 89%] Building CXX object CMakeFiles/testprecice.dir/src/precice/tests/VersioningTests.cpp.o
[ 89%] Building CXX object CMakeFiles/testprecice.dir/src/precice/tests/WatchPointTest.cpp.o
[ 90%] Building CXX object CMakeFiles/testprecice.dir/src/query/tests/FindClosestTest.cpp.o
[ 90%] Building CXX object CMakeFiles/testprecice.dir/src/query/tests/FindClosestVertexVisitorTest.cpp.o
[ 91%] Building CXX object CMakeFiles/testprecice.dir/src/testing/TestContext.cpp.o
[ 91%] Building CXX object CMakeFiles/testprecice.dir/src/testing/Testing.cpp.o
[ 92%] Building CXX object CMakeFiles/testprecice.dir/src/testing/tests/ExampleTests.cpp.o
[ 92%] Building CXX object CMakeFiles/testprecice.dir/src/utils/tests/AlgorithmTest.cpp.o
[ 93%] Building CXX object CMakeFiles/testprecice.dir/src/utils/tests/DimensionsTest.cpp.o
[ 93%] Building CXX object CMakeFiles/testprecice.dir/src/utils/tests/EigenHelperFunctionsTest.cpp.o
[ 94%] Building CXX object CMakeFiles/testprecice.dir/src/utils/tests/ManageUniqueIDsTest.cpp.o
[ 94%] Building CXX object CMakeFiles/testprecice.dir/src/utils/tests/MultiLockTest.cpp.o
[ 95%] Building CXX object CMakeFiles/testprecice.dir/src/utils/tests/ParallelTest.cpp.o
[ 95%] Building CXX object CMakeFiles/testprecice.dir/src/utils/tests/PointerVectorTest.cpp.o
[ 96%] Building CXX object CMakeFiles/testprecice.dir/src/utils/tests/StatisticsTest.cpp.o
[ 96%] Building CXX object CMakeFiles/testprecice.dir/src/utils/tests/StringTest.cpp.o
[ 97%] Building CXX object CMakeFiles/testprecice.dir/src/xml/tests/ParserTest.cpp.o
[ 97%] Building CXX object CMakeFiles/testprecice.dir/src/xml/tests/PrinterTest.cpp.o
[ 98%] Building CXX object CMakeFiles/testprecice.dir/src/xml/tests/XMLTest.cpp.o
[100%] Linking CXX executable testprecice
[100%] Built target testprecice
Running tests...
Test project /home/precice/precice-build
      Start  1: precice.acceleration
 1/28 Test  #1: precice.acceleration ......................   Passed    5.12 sec
      Start  2: precice.action
 2/28 Test  #2: precice.action ............................   Passed    0.37 sec
      Start  3: precice.com
 3/28 Test  #3: precice.com ...............................   Passed    2.10 sec
      Start  4: precice.com.mpiports
 4/28 Test  #4: precice.com.mpiports ......................   Passed    1.74 sec
      Start  5: precice.cplscheme
 5/28 Test  #5: precice.cplscheme .........................   Passed    5.96 sec
      Start  6: precice.io
 6/28 Test  #6: precice.io ................................   Passed    0.37 sec
      Start  7: precice.m2n
 7/28 Test  #7: precice.m2n ...............................   Passed    1.14 sec
      Start  8: precice.m2n.mpiports
 8/28 Test  #8: precice.m2n.mpiports ......................   Passed    0.86 sec
      Start  9: precice.mapping
 9/28 Test  #9: precice.mapping ...........................   Passed    1.78 sec
      Start 10: precice.math
10/28 Test #10: precice.math ..............................   Passed    0.73 sec
      Start 11: precice.mesh
11/28 Test #11: precice.mesh ..............................   Passed    2.18 sec
      Start 12: precice.partition
12/28 Test #12: precice.partition .........................***Timeout  20.00 sec
      Start 13: precice.interface
13/28 Test #13: precice.interface .........................   Passed    0.24 sec
      Start 14: precice.serial
14/28 Test #14: precice.serial ............................   Passed   11.94 sec
      Start 15: precice.parallel
15/28 Test #15: precice.parallel ..........................   Passed    8.37 sec
      Start 16: precice.query
16/28 Test #16: precice.query .............................   Passed    0.52 sec
      Start 17: precice.testing
17/28 Test #17: precice.testing ...........................   Passed    0.61 sec
      Start 18: precice.utils
18/28 Test #18: precice.utils .............................   Passed    1.23 sec
      Start 19: precice.xml
19/28 Test #19: precice.xml ...............................   Passed    0.74 sec
      Start 20: precice.solverdummy.build.cpp
20/28 Test #20: precice.solverdummy.build.cpp .............   Passed    1.65 sec
      Start 21: precice.solverdummy.build.c
21/28 Test #21: precice.solverdummy.build.c ...............   Passed    0.97 sec
      Start 22: precice.solverdummy.build.fortran
22/28 Test #22: precice.solverdummy.build.fortran .........   Passed    1.36 sec
      Start 23: precice.solverdummy.run.cpp-cpp
23/28 Test #23: precice.solverdummy.run.cpp-cpp ...........   Passed    0.20 sec
      Start 24: precice.solverdummy.run.c-c
24/28 Test #24: precice.solverdummy.run.c-c ...............   Passed    0.20 sec
      Start 25: precice.solverdummy.run.fortran-fortran
25/28 Test #25: precice.solverdummy.run.fortran-fortran ...   Passed    0.20 sec
      Start 26: precice.solverdummy.run.cpp-c
26/28 Test #26: precice.solverdummy.run.cpp-c .............   Passed    0.20 sec
      Start 27: precice.solverdummy.run.cpp-fortran
27/28 Test #27: precice.solverdummy.run.cpp-fortran .......   Passed    0.21 sec
      Start 28: precice.solverdummy.run.c-fortran
28/28 Test #28: precice.solverdummy.run.c-fortran .........   Passed    0.22 sec

96% tests passed, 1 tests failed out of 28

Label Time Summary:
Solverdummy    =   5.21 sec*proc (9 tests)
mpiports       =   2.59 sec*proc (2 tests)

Total Test time (real) =  71.22 sec

The following tests FAILED:
	 12 - precice.partition (Timeout)
[91mErrors while running CTest
make: *** [test] Error 8
[0mMakefile:105: recipe for target 'test' failed
The command '/bin/sh -c mkdir /home/precice/precice-build &&     cd /home/precice/precice-build &&     cmake -DCMAKE_BUILD_TYPE=Debug           -DBUILD_SHARED_LIBS=ON           -DCMAKE_INSTALL_PREFIX=/usr/local           -DPRECICE_PETScMapping=$petsc_para           -DPRECICE_MPICommunication=$mpi_para           -DPRECICE_PythonActions=$python_para           -DCMAKE_CXX_COMPILER=/usr/bin/mpicxx.mpich           -DMPIEXEC_EXECUTABLE=/usr/bin/mpiexec.mpich           /home/precice/precice &&     make -j$(nproc) &&     make test' returned a non-zero code: 2
Building preCICE image with the following features: {'os': 'Ubuntu1804', 'installation': 'sudo'}
EXECUTING: docker build --network=host --file precice/Dockerfile.Ubuntu1804.sudo.mpich --tag precice/precice-ubuntu1804.sudo-develop --build-arg branch=develop --build-arg petsc_para=no .
Traceback (most recent call last):
  File "build_precice.py", line 44, in <module>
    namespace="")
  File "/home/travis/build/precice/systemtests/docker.py", line 31, in build_image
    subprocess.run(cmd, shell = True, check = True)
  File "/opt/python/3.6.3/lib/python3.6/subprocess.py", line 418, in run
    output=stdout, stderr=stderr)
subprocess.CalledProcessError: Command 'docker build --network=host --file precice/Dockerfile.Ubuntu1804.sudo.mpich --tag precice/precice-ubuntu1804.sudo-develop --build-arg branch=develop --build-arg petsc_para=no .' returned non-zero exit status 2.
travis_time:end:17de7ab7:start=1605096819114363213,finish=1605097412811787324,duration=593697424111,event=script[0K[31;1mThe command "python build_precice.py --dockerfile precice/Dockerfile.Ubuntu1804.sudo.mpich --docker-username $DOCKER_USERNAME" exited with 1.[0m
travis_time:start:0077a5e2[0K$ python push.py --precice precice/Dockerfile.Ubuntu1804.sudo.mpich
Cloning into 'precice_st_output'...
