travis_fold:start:worker_info[0K[33;1mWorker information[0m
hostname: e521b7b3-e2ea-422f-b57f-14a2c13b3e4d@1.worker-com-oss-6bfdccb59f-mbfmv.gce-production-3
version: v6.2.20-1-g3a987d6 https://github.com/travis-ci/worker/tree/3a987d61ed169c9539ad435d1a9b5f2d8c6ce4a6
instance: travis-job-995b0d04-05f2-401c-8660-d62441b01da7 travis-ci-ubuntu-1804-1609168422-6c7eba12 (via amqp)
startup: 6.111203988s
travis_fold:end:worker_info[0Ktravis_time:start:2353f69e[0Ktravis_time:end:2353f69e:start=1610380463607036725,finish=1610380463797329925,duration=190293200,event=no_world_writable_dirs[0Ktravis_time:start:0c43847c[0Ktravis_time:end:0c43847c:start=1610380463800745731,finish=1610380463804378480,duration=3632749,event=setup_filter[0Ktravis_time:start:2f2f4390[0Ktravis_time:end:2f2f4390:start=1610380463812045391,finish=1610380463819600129,duration=7554738,event=agent[0Ktravis_time:start:08720cda[0Ktravis_time:end:08720cda:start=1610380463822139770,finish=1610380463823854296,duration=1714526,event=check_unsupported[0Ktravis_time:start:0040c4f8[0Ktravis_fold:start:system_info[0K[33;1mBuild system information[0m
Build language: python
Build group: stable
Build dist: bionic
Build id: 212706926
Job id: 470542947
Runtime kernel version: 5.4.0-1032-gcp
travis-build version: 5d5d4288
[34m[1mBuild image provisioning date and time[0m
Mon Dec 28 15:53:02 UTC 2020
[34m[1mOperating System Details[0m
Distributor ID:	Ubuntu
Description:	Ubuntu 18.04.5 LTS
Release:	18.04
Codename:	bionic
[34m[1mSystemd Version[0m
systemd 237
[34m[1mCookbooks Version[0m
10a7b34 https://github.com/travis-ci/travis-cookbooks/tree/10a7b34
[34m[1mgit version[0m
git version 2.29.2
[34m[1mbash version[0m
GNU bash, version 4.4.20(1)-release (x86_64-pc-linux-gnu)
[34m[1mgcc version[0m
gcc (Ubuntu 7.5.0-3ubuntu1~18.04) 7.5.0
[34m[1mdocker version[0m
Client:
 Version:           18.06.0-ce
 API version:       1.38
 Go version:        go1.10.3
 Git commit:        0ffa825
 Built:             Wed Jul 18 19:09:54 2018
 OS/Arch:           linux/amd64
 Experimental:      false

Server:
 Engine:
  Version:          18.06.0-ce
  API version:      1.38 (minimum version 1.12)
  Go version:       go1.10.3
  Git commit:       0ffa825
  Built:            Wed Jul 18 19:07:56 2018
  OS/Arch:          linux/amd64
  Experimental:     false
[34m[1mclang version[0m
clang version 7.0.0 (tags/RELEASE_700/final)
[34m[1mjq version[0m
jq-1.5
[34m[1mbats version[0m
Bats 0.4.0
[34m[1mshellcheck version[0m
0.7.0
[34m[1mshfmt version[0m
v3.2.1
[34m[1mccache version[0m
3.4.1
[34m[1mcmake version[0m
cmake version 3.12.4
[34m[1mheroku version[0m
heroku/7.47.6 linux-x64 node-v12.16.2
[34m[1mimagemagick version[0m
Version: ImageMagick 6.9.7-4 Q16 x86_64 20170114 http://www.imagemagick.org
[34m[1mmd5deep version[0m
4.4
[34m[1mmercurial version[0m
version 4.8
[34m[1mmysql version[0m
mysql  Ver 14.14 Distrib 5.7.32, for Linux (x86_64) using  EditLine wrapper
[34m[1mopenssl version[0m
OpenSSL 1.1.1  11 Sep 2018
[34m[1mpacker version[0m
1.3.3
[34m[1mpostgresql client version[0m
psql (PostgreSQL) 11.10 (Ubuntu 11.10-1.pgdg18.04+1)
[34m[1mragel version[0m
Ragel State Machine Compiler version 6.10 March 2017
[34m[1msudo version[0m
1.8.21p2
[34m[1mgzip version[0m
gzip 1.6
[34m[1mzip version[0m
Zip 3.0
[34m[1mvim version[0m
VIM - Vi IMproved 8.0 (2016 Sep 12, compiled Oct 13 2020 15:49:09)
[34m[1miptables version[0m
iptables v1.6.1
[34m[1mcurl version[0m
curl 7.58.0 (x86_64-pc-linux-gnu) libcurl/7.58.0 OpenSSL/1.1.1 zlib/1.2.11 libidn2/2.0.4 libpsl/0.19.1 (+libidn2/2.0.4) nghttp2/1.30.0 librtmp/2.3
[34m[1mwget version[0m
GNU Wget 1.19.4 built on linux-gnu.
[34m[1mrsync version[0m
rsync  version 3.1.2  protocol version 31
[34m[1mgimme version[0m
v1.5.4
[34m[1mnvm version[0m
0.37.2
[34m[1mperlbrew version[0m
/home/travis/perl5/perlbrew/bin/perlbrew  - App::perlbrew/0.88
[34m[1mphpenv version[0m
rbenv 1.1.2-40-g62d7798
[34m[1mrvm version[0m
rvm 1.29.10 (latest) by Michal Papis, Piotr Kuczynski, Wayne E. Seguin [https://rvm.io]
[34m[1mdefault ruby version[0m
ruby 2.6.5p114 (2019-10-01 revision 67812) [x86_64-linux]
[34m[1mElasticSearch version[0m
5.5.0
[34m[1mInstalled Firefox version[0m
firefox 63.0.1
[34m[1mMongoDB version[0m
MongoDB 4.0.22
[34m[1mPhantomJS version[0m
2.1.1
[34m[1mPre-installed PostgreSQL versions[0m
9.3.25
9.4.26
9.5.24
9.6.20
[34m[1mRedis version[0m
redis-server 6.0.6
[34m[1mPre-installed Go versions[0m
1.11.1
[34m[1mant version[0m
Apache Ant(TM) version 1.10.5 compiled on March 28 2019
[34m[1mmvn version[0m
Apache Maven 3.6.3 (cecedd343002696d0abb50b32b541b8a6ba2883f)
[34m[1mgradle version[0m
Gradle 5.1.1!
[34m[1mlein version[0m
Leiningen 2.9.5 on Java 11.0.2 OpenJDK 64-Bit Server VM
[34m[1mPre-installed Node.js versions[0m
v10.16.0
v10.23.0
v11.15.0
v12.13.1
v12.20.0
v13.3.0
v14.15.3
v4.9.1
v6.17.1
v8.16.2
v8.17.0
v8.9
[34m[1mphpenv versions[0m
  system
  7.1
  7.1.33
  7.2
* 7.2.27 (set by /home/travis/.phpenv/version)
  7.3
  7.3.14
  7.4
  7.4.2
  hhvm
  hhvm-stable
[34m[1mcomposer --version[0m
Composer version 1.9.2 2020-01-14 16:30:31
[34m[1mPre-installed Ruby versions[0m
ruby-2.4.9
ruby-2.5.3
ruby-2.5.7
ruby-2.6.5
ruby-2.7.0
travis_fold:end:system_info[0K
travis_time:end:0040c4f8:start=1610380463826475355,finish=1610380463838300721,duration=11825366,event=show_system_info[0Ktravis_time:start:07699150[0Ktravis_time:end:07699150:start=1610380463842937765,finish=1610380463864216223,duration=21278458,event=rm_riak_source[0Ktravis_time:start:08630d1e[0Ktravis_time:end:08630d1e:start=1610380463867806613,finish=1610380463877007162,duration=9200549,event=fix_rwky_redis[0Ktravis_time:start:0972e9d2[0Ktravis_time:end:0972e9d2:start=1610380463880482472,finish=1610380464447438370,duration=566955898,event=wait_for_network[0Ktravis_time:start:01507adc[0Ktravis_time:end:01507adc:start=1610380464452144268,finish=1610380464707269787,duration=255125519,event=update_apt_keys[0Ktravis_time:start:1b5f76e7[0Ktravis_time:end:1b5f76e7:start=1610380464712492978,finish=1610380464767370855,duration=54877877,event=fix_hhvm_source[0Ktravis_time:start:0d4367c6[0Ktravis_time:end:0d4367c6:start=1610380464772081292,finish=1610380464775137980,duration=3056688,event=update_mongo_arch[0Ktravis_time:start:13a79d2e[0Ktravis_time:end:13a79d2e:start=1610380464778834226,finish=1610380464820037599,duration=41203373,event=fix_sudo_enabled_trusty[0Ktravis_time:start:043b75de[0Ktravis_time:end:043b75de:start=1610380464824388440,finish=1610380464826707781,duration=2319341,event=update_glibc[0Ktravis_time:start:29f9ab90[0Ktravis_time:end:29f9ab90:start=1610380464831046778,finish=1610380464839014086,duration=7967308,event=clean_up_path[0Ktravis_time:start:02713fa1[0Ktravis_time:end:02713fa1:start=1610380464843435847,finish=1610380464852135108,duration=8699261,event=fix_resolv_conf[0Ktravis_time:start:058a7c99[0Ktravis_time:end:058a7c99:start=1610380464856007581,finish=1610380464881282394,duration=25274813,event=fix_etc_hosts[0Ktravis_time:start:10b9d239[0Ktravis_time:end:10b9d239:start=1610380464885824032,finish=1610380464894027201,duration=8203169,event=fix_mvn_settings_xml[0Ktravis_time:start:134a4242[0Ktravis_time:end:134a4242:start=1610380464899141311,finish=1610380464908988373,duration=9847062,event=no_ipv6_localhost[0Ktravis_time:start:08bf4522[0Ktravis_time:end:08bf4522:start=1610380464913069773,finish=1610380464915807769,duration=2737996,event=fix_etc_mavenrc[0Ktravis_time:start:01b85f30[0Ktravis_time:end:01b85f30:start=1610380464920712738,finish=1610380464924255445,duration=3542707,event=fix_wwdr_certificate[0Ktravis_time:start:053ce72c[0Ktravis_time:end:053ce72c:start=1610380464928636176,finish=1610380464984092476,duration=55456300,event=put_localhost_first[0Ktravis_time:start:00d2fc00[0Ktravis_time:end:00d2fc00:start=1610380464987923672,finish=1610380464991576049,duration=3652377,event=home_paths[0Ktravis_time:start:052f751a[0Ktravis_time:end:052f751a:start=1610380464996123892,finish=1610380465010269048,duration=14145156,event=disable_initramfs[0Ktravis_time:start:0a375920[0Ktravis_time:end:0a375920:start=1610380465014466939,finish=1610380465188669874,duration=174202935,event=disable_ssh_roaming[0Ktravis_time:start:03a9eeb8[0Ktravis_time:end:03a9eeb8:start=1610380465193076911,finish=1610380465195868262,duration=2791351,event=debug_tools[0Ktravis_time:start:272d2ce3[0Ktravis_time:end:272d2ce3:start=1610380465199895468,finish=1610380465202884890,duration=2989422,event=uninstall_oclint[0Ktravis_time:start:1309d34b[0Ktravis_time:end:1309d34b:start=1610380465207419552,finish=1610380465210179497,duration=2759945,event=rvm_use[0Ktravis_time:start:03d19e10[0Ktravis_time:end:03d19e10:start=1610380465214522819,finish=1610380465222570119,duration=8047300,event=rm_etc_boto_cfg[0Ktravis_time:start:10502f94[0Ktravis_time:end:10502f94:start=1610380465226726736,finish=1610380465229094109,duration=2367373,event=rm_oraclejdk8_symlink[0Ktravis_time:start:21270e40[0Ktravis_time:end:21270e40:start=1610380465233452987,finish=1610380465325228145,duration=91775158,event=enable_i386[0Ktravis_time:start:0765c99c[0Ktravis_time:end:0765c99c:start=1610380465330095182,finish=1610380465334580900,duration=4485718,event=update_rubygems[0Ktravis_time:start:12f8fa1d[0Ktravis_time:end:12f8fa1d:start=1610380465339422504,finish=1610380466305591003,duration=966168499,event=ensure_path_components[0Ktravis_time:start:2ea43444[0Ktravis_time:end:2ea43444:start=1610380466310420860,finish=1610380466312864716,duration=2443856,event=redefine_curl[0Ktravis_time:start:1df3d0d8[0Ktravis_time:end:1df3d0d8:start=1610380466317397081,finish=1610380466419255164,duration=101858083,event=nonblock_pipe[0Ktravis_time:start:2418e5b9[0Ktravis_time:end:2418e5b9:start=1610380466423260157,finish=1610380472460466119,duration=6037205962,event=apt_get_update[0Ktravis_time:start:09ee9173[0Ktravis_time:end:09ee9173:start=1610380472464927051,finish=1610380472467292742,duration=2365691,event=deprecate_xcode_64[0Ktravis_time:start:10757082[0Ktravis_time:end:10757082:start=1610380472472480906,finish=1610380475244032486,duration=2771551580,event=update_heroku[0Ktravis_time:start:00a561f8[0Ktravis_time:end:00a561f8:start=1610380475248040969,finish=1610380475250820312,duration=2779343,event=shell_session_update[0Ktravis_time:start:0bb58018[0Ktravis_fold:start:docker_mtu_and_registry_mirrors[0Ktravis_fold:end:docker_mtu_and_registry_mirrors[0Ktravis_time:end:0bb58018:start=1610380475254745285,finish=1610380477645101739,duration=2390356454,event=set_docker_mtu_and_registry_mirrors[0Ktravis_time:start:07cf2b3c[0Ktravis_fold:start:resolvconf[0Ktravis_fold:end:resolvconf[0Ktravis_time:end:07cf2b3c:start=1610380477650277778,finish=1610380477735143583,duration=84865805,event=resolvconf[0Ktravis_time:start:03f77946[0Ktravis_time:end:03f77946:start=1610380477741168394,finish=1610380477883929004,duration=142760610,event=maven_central_mirror[0Ktravis_time:start:0c3308b8[0Ktravis_time:end:0c3308b8:start=1610380477887929330,finish=1610380477985899370,duration=97970040,event=maven_https[0Ktravis_time:start:19f977e7[0Ktravis_fold:start:services[0Ktravis_time:start:144a3122[0K$ sudo systemctl start docker
travis_time:end:144a3122:start=1610380477999245578,finish=1610380478012317419,duration=13071841,event=prepare[0Ktravis_fold:end:services[0Ktravis_time:end:144a3122:start=1610380477999245578,finish=1610380481018970417,duration=3019724839,event=services[0Ktravis_time:start:05572254[0Ktravis_time:end:05572254:start=1610380481024419659,finish=1610380481027624785,duration=3205126,event=fix_ps4[0Ktravis_time:start:12b106b3[0K
travis_fold:start:git.checkout[0Ktravis_time:start:0709d368[0K$ git clone --depth=50 --branch=develop https://github.com/precice/systemtests.git precice/systemtests
Cloning into 'precice/systemtests'...
travis_time:end:0709d368:start=1610380481036731366,finish=1610380488539502102,duration=7502770736,event=checkout[0K$ cd precice/systemtests
$ git checkout -qf aceeb756aa5fc0913dc7c8e792f8581bf3cbd517
travis_fold:end:git.checkout[0K
travis_time:end:0709d368:start=1610380481036731366,finish=1610380489656746416,duration=8620015050,event=checkout[0Ktravis_time:start:0587e997[0K
[33;1mSetting environment variables from repository settings[0m
$ export DOCKER_PASSWORD=[secure]
$ export PRECICE_BOT_EMAIL=[secure]
$ export GH_TOKEN=[secure]
$ export DOCKER_USERNAME=precice
$ export TRAVIS_ACCESS_TOKEN=[secure]

travis_time:end:0587e997:start=1610380489661654879,finish=1610380489671230413,duration=9575534,event=env[0Ktravis_time:start:1b7c53e8[0K$ source ~/virtualenv/python3.8/bin/activate
travis_time:end:1b7c53e8:start=1610380489675400266,finish=1610380489682184707,duration=6784441,event=[0K$ python --version
Python 3.8.1
$ pip --version
pip 20.3.3 from /home/travis/virtualenv/python3.8.1/lib/python3.8/site-packages/pip (python 3.8)
travis_fold:start:install[0Ktravis_time:start:36c3a396[0K$ pip install Jinja2
Collecting Jinja2
  Downloading Jinja2-2.11.2-py2.py3-none-any.whl (125 kB)
Collecting MarkupSafe>=0.23
  Downloading MarkupSafe-1.1.1-cp38-cp38-manylinux1_x86_64.whl (32 kB)
Installing collected packages: MarkupSafe, Jinja2
Successfully installed Jinja2-2.11.2 MarkupSafe-1.1.1
travis_time:end:36c3a396:start=1610380490155344981,finish=1610380491311912617,duration=1156567636,event=install[0Ktravis_fold:end:install[0Ktravis_time:start:06924528[0K$ python build_precice.py --dockerfile precice/Dockerfile.Arch --docker-username $DOCKER_USERNAME
WARNING! Your password will be stored unencrypted in /home/travis/.docker/config.json.
Configure a credential helper to remove this warning. See
https://docs.docker.com/engine/reference/commandline/login/#credentials-store

Login Succeeded
Sending build context to Docker daemon   5.12kB
Step 1/15 : FROM archlinux/archlinux
latest: Pulling from archlinux/archlinux
2961642cf429: Pulling fs layer
d0653400b51c: Pulling fs layer
d0653400b51c: Download complete
2961642cf429: Verifying Checksum
2961642cf429: Download complete
2961642cf429: Pull complete
d0653400b51c: Pull complete
Digest: sha256:4c4d083ea73eb76de29af6f340c3961ce4df0e5e10ef174122f4944d219c77cf
Status: Downloaded newer image for archlinux/archlinux:latest
 ---> 69dff44235f1
Step 2/15 : RUN pacman -Syu --quiet --noconfirm --needed base-devel boost eigen git cmake openmpi python3 python-numpy
 ---> Running in 4970f2d5de2e
:: Synchronizing package databases...
downloading core.db...
downloading extra.db...
downloading community.db...
[91mwarning: file-5.39-1 is up to date -- skipping
warning: findutils-4.7.0-2 is up to date -- skipping
warning: gawk-5.1.0-1 is up to date -- skipping
warning: gettext-0.21-1 is up to date -- skipping
warning: grep-3.6-1 is up to date -- skipping
warning: gzip-1.10-3 is up to date -- skipping
warning: pacman-5.2.2-1 is up to date -- skipping
warning: sed-4.8-1 is up to date -- skipping
[0m:: There are 16 members in group base-devel:
:: Repository core
   1) autoconf  2) automake  3) binutils  4) bison  5) fakeroot  6) flex  7) gcc  8) groff  9) libtool  10) m4  11) make  12) patch  13) pkgconf  14) sudo  15) texinfo  16) which

Enter a selection (default=all): 
:: Starting full system upgrade...
resolving dependencies...
looking for conflicting packages...

Packages (51) archlinux-keyring-20210110-1  blas-3.9.0-3  boost-libs-1.75.0-2  cblas-3.9.0-3  db-5.3.28-5  diffutils-3.7-3  dnssec-anchors-20190629-3  elfutils-0.182-1  gc-8.0.4-4  gdbm-1.19-1  guile-2.2.6-2  hwloc-2.2.0-1  jsoncpp-1.9.4-1  lapack-3.9.0-3  ldns-1.7.1-2  libedit-20191231_3.1-2  libmicrohttpd-0.9.72-1  libmpc-1.2.1-1  libnsl-1.3.0-1  libpciaccess-0.16-2  libuv-1.40.0-1  openssh-8.4p1-2  perl-5.32.0-3  perl-error-0.17029-2  perl-mailtools-2.21-4  perl-timedate-2.33-2  rhash-1.4.1-1  shared-mime-info-2.0+57+gc1d1c70-1  autoconf-2.70-1  automake-1.16.2-3  binutils-2.35.1-1  bison-3.7.2-1  boost-1.75.0-2  cmake-3.19.2-1  eigen-3.3.9-1  fakeroot-1.25.3-1  flex-2.6.4-3  gcc-10.2.0-4  git-2.30.0-1  groff-1.22.4-3  libtool-2.4.6+42+gb88cebd5-14  m4-1.4.18-3  make-4.3-3  openmpi-4.0.5-2  patch-2.7.6-8  pkgconf-1.7.3-1  python-3.9.1-1  python-numpy-1.19.5-1  sudo-1.9.4.p2-2  texinfo-6.7-3  which-2.21-5

Total Download Size:   145.96 MiB
Total Installed Size:  727.50 MiB
Net Upgrade Size:      726.21 MiB

:: Proceed with installation? [Y/n] 
:: Retrieving packages...
downloading m4-1.4.18-3-x86_64.pkg.tar.xz...
downloading diffutils-3.7-3-x86_64.pkg.tar.xz...
downloading gdbm-1.19-1-x86_64.pkg.tar.zst...
downloading db-5.3.28-5-x86_64.pkg.tar.xz...
downloading perl-5.32.0-3-x86_64.pkg.tar.zst...
downloading autoconf-2.70-1-any.pkg.tar.zst...
downloading automake-1.16.2-3-any.pkg.tar.zst...
downloading libmicrohttpd-0.9.72-1-x86_64.pkg.tar.zst...
downloading elfutils-0.182-1-x86_64.pkg.tar.zst...
downloading binutils-2.35.1-1-x86_64.pkg.tar.zst...
downloading bison-3.7.2-1-x86_64.pkg.tar.zst...
downloading fakeroot-1.25.3-1-x86_64.pkg.tar.zst...
downloading flex-2.6.4-3-x86_64.pkg.tar.xz...
downloading libmpc-1.2.1-1-x86_64.pkg.tar.zst...
downloading gcc-10.2.0-4-x86_64.pkg.tar.zst...
downloading groff-1.22.4-3-x86_64.pkg.tar.xz...
downloading libtool-2.4.6+42+gb88cebd5-14-x86_64.pkg.tar.zst...
downloading texinfo-6.7-3-x86_64.pkg.tar.zst...
downloading make-4.3-3-x86_64.pkg.tar.zst...
downloading patch-2.7.6-8-x86_64.pkg.tar.xz...
downloading pkgconf-1.7.3-1-x86_64.pkg.tar.zst...
downloading sudo-1.9.4.p2-2-x86_64.pkg.tar.zst...
downloading which-2.21-5-x86_64.pkg.tar.xz...
downloading libnsl-1.3.0-1-x86_64.pkg.tar.zst...
downloading libedit-20191231_3.1-2-x86_64.pkg.tar.zst...
downloading dnssec-anchors-20190629-3-any.pkg.tar.zst...
downloading ldns-1.7.1-2-x86_64.pkg.tar.xz...
downloading openssh-8.4p1-2-x86_64.pkg.tar.zst...
downloading archlinux-keyring-20210110-1-any.pkg.tar.zst...
downloading gc-8.0.4-4-x86_64.pkg.tar.zst...
downloading guile-2.2.6-2-x86_64.pkg.tar.zst...
downloading boost-libs-1.75.0-2-x86_64.pkg.tar.zst...
downloading boost-1.75.0-2-x86_64.pkg.tar.zst...
downloading eigen-3.3.9-1-any.pkg.tar.zst...
downloading perl-error-0.17029-2-any.pkg.tar.zst...
downloading perl-timedate-2.33-2-any.pkg.tar.zst...
downloading perl-mailtools-2.21-4-any.pkg.tar.zst...
downloading git-2.30.0-1-x86_64.pkg.tar.zst...
downloading shared-mime-info-2.0+57+gc1d1c70-1-x86_64.pkg.tar.zst...
downloading jsoncpp-1.9.4-1-x86_64.pkg.tar.zst...
downloading libuv-1.40.0-1-x86_64.pkg.tar.zst...
downloading rhash-1.4.1-1-x86_64.pkg.tar.zst...
downloading cmake-3.19.2-1-x86_64.pkg.tar.zst...
downloading libpciaccess-0.16-2-x86_64.pkg.tar.zst...
downloading hwloc-2.2.0-1-x86_64.pkg.tar.zst...
downloading openmpi-4.0.5-2-x86_64.pkg.tar.zst...
downloading python-3.9.1-1-x86_64.pkg.tar.zst...
downloading blas-3.9.0-3-x86_64.pkg.tar.zst...
downloading cblas-3.9.0-3-x86_64.pkg.tar.zst...
downloading lapack-3.9.0-3-x86_64.pkg.tar.zst...
downloading python-numpy-1.19.5-1-x86_64.pkg.tar.zst...
checking keyring...
checking package integrity...
loading package files...
checking for file conflicts...
:: Processing package changes...
installing m4...
installing diffutils...
installing gdbm...
installing db...
installing perl...
installing autoconf...
installing automake...
installing libmicrohttpd...
installing elfutils...
installing binutils...
installing bison...
installing fakeroot...
installing flex...
installing libmpc...
installing gcc...
Optional dependencies for gcc
    lib32-gcc-libs: for generating code for 32-bit ABI
installing groff...
Optional dependencies for groff
    netpbm: for use together with man -H command interaction in browsers
    psutils: for use together with man -H command interaction in browsers
    libxaw: for gxditview
    perl-file-homedir: for use with glilypond
installing libtool...
installing texinfo...
installing gc...
installing guile...
installing make...
installing patch...
Optional dependencies for patch
    ed: for patch -e functionality
installing pkgconf...
installing sudo...
installing which...
installing boost-libs...
Optional dependencies for boost-libs
    openmpi: for mpi support [pending]
installing boost...
Optional dependencies for boost
    python: for python bindings [pending]
installing eigen...
installing perl-error...
installing perl-timedate...
installing perl-mailtools...
installing git...
Optional dependencies for git
    tk: gitk and git gui
    perl-libwww: git svn
    perl-term-readkey: git svn and interactive.singlekey setting
    perl-mime-tools: git send-email
    perl-net-smtp-ssl: git send-email TLS support
    perl-authen-sasl: git send-email TLS support
    perl-mediawiki-api: git mediawiki support
    perl-datetime-format-iso8601: git mediawiki support
    perl-lwp-protocol-https: git mediawiki https support
    perl-cgi: gitweb (web interface) support
    python: git svn & git p4 [pending]
    subversion: git svn
    org.freedesktop.secrets: keyring credential helper
    libsecret: libsecret credential helper [installed]
installing shared-mime-info...
installing jsoncpp...
Optional dependencies for jsoncpp
    jsoncpp-doc: documentation
installing libnsl...
installing libuv...
installing rhash...
installing cmake...
Optional dependencies for cmake
    qt5-base: cmake-gui
installing libpciaccess...
installing hwloc...
Optional dependencies for hwloc
    cairo
    libxml2 [installed]
    pciutils [installed]
installing libedit...
installing dnssec-anchors...
installing ldns...
Optional dependencies for ldns
    libpcap: ldns-dpa tool [installed]
installing openssh...
Optional dependencies for openssh
    xorg-xauth: X11 forwarding
    x11-ssh-askpass: input passphrase in X
    libfido2: FIDO/U2F support
installing openmpi...
Optional dependencies for openmpi
    gcc-fortran: fortran support
installing python...
Optional dependencies for python
    python-setuptools
    python-pip
    sqlite [installed]
    mpdecimal: for decimal
    xz: for lzma [installed]
    tk: for tkinter
installing blas...
installing cblas...
installing lapack...
installing python-numpy...
Optional dependencies for python-numpy
    python-nose: testsuite
    openblas: faster linear algebra
upgrading archlinux-keyring...
==> Appending keys from archlinux.gpg...
==> Locally signing trusted keys in keyring...
  -> Locally signing key AB19265E5D7D20687D303246BA1DFB64FFF979E7...
==> ERROR: AB19265E5D7D20687D303246BA1DFB64FFF979E7 could not be locally signed.
  -> Locally signing key DDB867B92AA789C165EEFA799B729B06A680C281...
==> ERROR: DDB867B92AA789C165EEFA799B729B06A680C281 could not be locally signed.
  -> Locally signing key 0E8B644079F599DFC1DDC3973348882F6AC6A4C2...
==> ERROR: 0E8B644079F599DFC1DDC3973348882F6AC6A4C2 could not be locally signed.
  -> Locally signing key D8AFDDA07A5B6EDFA7D8CCDAD6D055F927843F1C...
==> ERROR: D8AFDDA07A5B6EDFA7D8CCDAD6D055F927843F1C could not be locally signed.
  -> Locally signing key 91FFE0700E80619CEB73235CA88E23E377514E00...
==> ERROR: 91FFE0700E80619CEB73235CA88E23E377514E00 could not be locally signed.
:: Running post-transaction hooks...
(1/6) Creating system user accounts...
Creating group git with gid 977.
Creating user git (git daemon user) with uid 977 and gid 977.
(2/6) Reloading system manager configuration...
  Skipped: Current root is not booted.
(3/6) Creating temporary files...
/usr/lib/tmpfiles.d/journal-nocow.conf:26: Failed to resolve specifier: uninitialized /etc detected, skipping
All rules containing unresolvable specifiers will be skipped.
(4/6) Arming ConditionNeedsUpdate...
(5/6) Warn about old perl modules
(6/6) Updating the MIME type database...
Removing intermediate container 4970f2d5de2e
 ---> 8c1c089fa0bc
Step 3/15 : ARG petsc_para=no
 ---> Running in 8631720ee1c7
Removing intermediate container 8631720ee1c7
 ---> 9a513f5a28c9
Step 4/15 : ARG mpi_para=yes
 ---> Running in 1376271235a9
Removing intermediate container 1376271235a9
 ---> 2724aeff28f5
Step 5/15 : ARG python_para=no
 ---> Running in 1106c6a1ab5a
Removing intermediate container 1106c6a1ab5a
 ---> 17bddf41b907
Step 6/15 : RUN useradd -ms /bin/bash precice
 ---> Running in 20e0a3d40737
Removing intermediate container 20e0a3d40737
 ---> 3e5cf5f67b61
Step 7/15 : USER precice
 ---> Running in f60a3f6e2bb5
Removing intermediate container f60a3f6e2bb5
 ---> 786db06b521d
Step 8/15 : WORKDIR /home/precice
 ---> Running in 0c95242012ea
Removing intermediate container 0c95242012ea
 ---> 3f90b6a32812
Step 9/15 : ARG CACHEBUST
 ---> Running in 6f5017c8ab5e
Removing intermediate container 6f5017c8ab5e
 ---> 6fc9dd465258
Step 10/15 : ARG branch=develop
 ---> Running in 5bc7d7139480
Removing intermediate container 5bc7d7139480
 ---> e3a7199a8177
Step 11/15 : RUN git clone --depth 1 --branch $branch https://github.com/precice/precice.git /home/precice/precice
 ---> Running in 81e185a0d8b3
[91mCloning into '/home/precice/precice'...
[0mRemoving intermediate container 81e185a0d8b3
 ---> f66d4e946b45
Step 12/15 : WORKDIR /home/precice/precice
 ---> Running in c702d626fefa
Removing intermediate container c702d626fefa
 ---> c08e59194160
Step 13/15 : RUN mkdir /home/precice/precice-build &&     cd /home/precice/precice-build &&     mkdir /home/precice/precice-install &&     cmake -DBUILD_SHARED_LIBS=ON           -DCMAKE_BUILD_TYPE=Debug           -DPRECICE_CTEST_MPI_FLAGS="--oversubscribe"           -DCMAKE_INSTALL_PREFIX=/home/precice/precice-install           -DPRECICE_PETScMapping=$petsc_para           -DPRECICE_MPICommunication=$mpi_para           -DPRECICE_PythonActions=$python_para           /home/precice/precice &&     make -j$(nproc) &&     make test_base &&     make install &&     rm -r /home/precice/precice-build
 ---> Running in 8be9e73b30bd
-- The CXX compiler identification is GNU 10.2.0
-- Detecting CXX compiler ABI info
-- Detecting CXX compiler ABI info - done
-- Check for working CXX compiler: /usr/sbin/c++ - skipped
-- Detecting CXX compile features
-- Detecting CXX compile features - done
-- Performing Test CXX11_N2071_N2072
-- Performing Test CXX11_N2071_N2072 - Success
-- === CONFIGURATION ===
-- Library version to build: 2.1.1
-- Build configuration: Debug
-- Build shared libraries: ON
-- Target system: Linux-5.4.0-1032-gcp
-- Host system: Linux-5.4.0-1032-gcp
-- Library architecture: <empty>
-- CXX compiler: /usr/sbin/c++
-- CXX compiler flags: <empty>
-- CXX linker: /usr/sbin/ld
-- Install prefix: /home/precice/precice-install
-- Source directory: /home/precice/precice
-- Binary directory: /home/precice/precice-build
-- Configure package generation: ON
-- Install tests/testfiles: OFF
[91m
[0m-- Additional CTest MPI Flags: --oversubscribe
-- === ENABLED FEATURES ===
 * MPICommunication, Enables the MPI communication back-end.

   This enables the MPI communication back-end which is highly recommended on multi-node systems.
   See the documentation of the CMake module FindMPI to control its functionality.

   This feature can be enabled/disabled by setting the PRECICE_MPICommunication CMake option.

 * CBindings, Enables the native C bindings.

   preCICE provides native bindings for C, which are compiled into the library.
   This feature enables the compilation and installation of the bindings into the library.
   Note that we strongly recommend to compile with C bindings enabled for compatibility reasons.

   This feature can be enabled/disabled by setting the PRECICE_ENABLE_C CMake option.
  
 * FortranBindings, Enables the native Fortran bindings.

   preCICE provides native bindings for Fortran, which are compiled into the library.
   This feature enables the compilation and installation of the bindings into the library.
   Note that we strongly recommend to compile with Fortran bindings enabled for compatibility reasons.

   This feature can be enabled/disabled by setting the PRECICE_ENABLE_FORTRAN CMake option.
  

-- === DISABLED FEATURES ===
 * PETScMapping, Enables the PETSc-powered radial basic function mappings.

   This enables the PETSc-based variant of radial basis function mappings which can run in parallel,
   also across different compute nodes. This is highly recommended for large cases running in parallel.

   This feature can be enabled/disabled by setting the PRECICE_PETScMapping CMake option.
   Requires MPICommunication.
  
 * PythonActions, Enables the support for user-defined python actions.

   preCICE allows to manipulate coupling data at runtime using configurable actions.
   This feature enables the support for user-defined actions written in Python based on numpy.

   This feature can be enabled/disabled by setting the PRECICE_PythonActions CMake option.
  

-- === DEPENDENCIES ===
-- Looking for C++ include pthread.h
-- Looking for C++ include pthread.h - found
-- Performing Test CMAKE_HAVE_LIBC_PTHREAD
-- Performing Test CMAKE_HAVE_LIBC_PTHREAD - Failed
-- Looking for pthread_create in pthreads
-- Looking for pthread_create in pthreads - not found
-- Looking for pthread_create in pthread
-- Looking for pthread_create in pthread - found
-- Found Threads: TRUE  
-- Found Boost: /usr/lib64/cmake/Boost-1.75.0/BoostConfig.cmake (found suitable version "1.75.0", minimum required is "1.65.1") found components: filesystem log log_setup program_options system thread unit_test_framework 
-- Found Eigen3: /usr/include/eigen3 (Required is at least version "3.2") 
-- Validating Eigen
-- Validating Eigen - success
-- Found LibXml2: /usr/lib/libxml2.so (found version "2.9.10") 
-- Validating LibXml2
-- Validating LibXml2 - success
-- Validating JSON
-- Validating JSON - success
-- Validating Prettyprint
-- Validating Prettyprint - success
-- Found MPI_CXX: /usr/lib/openmpi/libmpi_cxx.so (found version "3.1") 
-- Found MPI: TRUE (found version "3.1")  
-- MPI Version: Open MPI v4.0.5, package: Open MPI builduser@anthraxx-slave-4 Distribution, ident: 4.0.5, repo rev: v4.0.5, Aug 26, 2020
[91m
[0m-- PETSc support disabled
-- Python support disabled
-- === TARGETS & PACKAGES ===
-- Including test sources
-- Compressing manpage: /home/precice/precice-build/packaging/man1/binprecice.1
[91mDebian package generator disabled: Install prefix is not "/usr"
[0m-- Compressing changelog
[91m
[0m-- === TESTS ===
-- Looking for a C compiler
-- Looking for a C compiler - /usr/sbin/cc
-- Looking for a Fortran compiler
-- Looking for a Fortran compiler - NOTFOUND
-- Test precice.acceleration
-- Test precice.action
-- Test precice.com
-- Test precice.com.mpiports - skipped (OpenMPI)
-- Test precice.cplscheme
-- Test precice.io
-- Test precice.m2n
-- Test precice.m2n.mpiports - skipped (OpenMPI)
-- Test precice.mapping
-- Test precice.mapping.petrbf - skipped
-- Test precice.math
-- Test precice.mesh
-- Test precice.partition
-- Test precice.interface
-- Test precice.serial
-- Test precice.parallel
-- Test precice.query
-- Test precice.testing
-- Test precice.utils
-- Test precice.xml
-- Test precice.solverdummy.build.cpp
-- Test precice.solverdummy.build.c
-- Test precice.solverdummy.build.fortran - skipped
-- Test precice.solverdummy.run.cpp-cpp
-- Test precice.solverdummy.run.c-c
-- Test precice.solverdummy.run.fortran-fortran - skipped
-- Test precice.solverdummy.run.cpp-c
-- Test precice.solverdummy.run.cpp-fortran - skipped
-- Test precice.solverdummy.run.c-fortran - skipped
-- Configuring done
-- Generating done
-- Build files have been written to: /home/precice/precice-build
Scanning dependencies of target GitRevision
-- Found Git: /usr/sbin/git (found version "2.30.0") 
-- Revision status: Detection failed
[  0%] Built target GitRevision
Scanning dependencies of target precice
[  0%] Building CXX object CMakeFiles/precice.dir/src/precice/impl/versions.cpp.o
[  1%] Building CXX object CMakeFiles/precice.dir/src/acceleration/Acceleration.cpp.o
[  1%] Building CXX object CMakeFiles/precice.dir/src/acceleration/AitkenAcceleration.cpp.o
[  2%] Building CXX object CMakeFiles/precice.dir/src/acceleration/BaseQNAcceleration.cpp.o
[  2%] Building CXX object CMakeFiles/precice.dir/src/acceleration/BroydenAcceleration.cpp.o
[  3%] Building CXX object CMakeFiles/precice.dir/src/acceleration/ConstantRelaxationAcceleration.cpp.o
[  3%] Building CXX object CMakeFiles/precice.dir/src/acceleration/IQNILSAcceleration.cpp.o
[  4%] Building CXX object CMakeFiles/precice.dir/src/acceleration/MVQNAcceleration.cpp.o
[  4%] Building CXX object CMakeFiles/precice.dir/src/acceleration/config/AccelerationConfiguration.cpp.o
[  5%] Building CXX object CMakeFiles/precice.dir/src/acceleration/impl/ConstantPreconditioner.cpp.o
[  5%] Building CXX object CMakeFiles/precice.dir/src/acceleration/impl/ParallelMatrixOperations.cpp.o
[  6%] Building CXX object CMakeFiles/precice.dir/src/acceleration/impl/QRFactorization.cpp.o
[  6%] Building CXX object CMakeFiles/precice.dir/src/acceleration/impl/ResidualPreconditioner.cpp.o
[  7%] Building CXX object CMakeFiles/precice.dir/src/acceleration/impl/ResidualSumPreconditioner.cpp.o
[  7%] Building CXX object CMakeFiles/precice.dir/src/acceleration/impl/SVDFactorization.cpp.o
[  8%] Building CXX object CMakeFiles/precice.dir/src/acceleration/impl/ValuePreconditioner.cpp.o
[  8%] Building CXX object CMakeFiles/precice.dir/src/action/ComputeCurvatureAction.cpp.o
[  9%] Building CXX object CMakeFiles/precice.dir/src/action/PythonAction.cpp.o
[  9%] Building CXX object CMakeFiles/precice.dir/src/action/RecorderAction.cpp.o
[ 10%] Building CXX object CMakeFiles/precice.dir/src/action/ScaleByAreaAction.cpp.o
[ 10%] Building CXX object CMakeFiles/precice.dir/src/action/ScaleByDtAction.cpp.o
[ 11%] Building CXX object CMakeFiles/precice.dir/src/action/SummationAction.cpp.o
[ 11%] Building CXX object CMakeFiles/precice.dir/src/action/config/ActionConfiguration.cpp.o
[ 12%] Building CXX object CMakeFiles/precice.dir/src/com/CommunicateBoundingBox.cpp.o
[ 12%] Building CXX object CMakeFiles/precice.dir/src/com/CommunicateMesh.cpp.o
[ 13%] Building CXX object CMakeFiles/precice.dir/src/com/Communication.cpp.o
[ 13%] Building CXX object CMakeFiles/precice.dir/src/com/ConnectionInfoPublisher.cpp.o
[ 14%] Building CXX object CMakeFiles/precice.dir/src/com/MPICommunication.cpp.o
[ 14%] Building CXX object CMakeFiles/precice.dir/src/com/MPIDirectCommunication.cpp.o
[ 15%] Building CXX object CMakeFiles/precice.dir/src/com/MPIPortsCommunication.cpp.o
[ 15%] Building CXX object CMakeFiles/precice.dir/src/com/MPIPortsCommunicationFactory.cpp.o
[ 16%] Building CXX object CMakeFiles/precice.dir/src/com/MPIRequest.cpp.o
[ 16%] Building CXX object CMakeFiles/precice.dir/src/com/MPISinglePortsCommunication.cpp.o
[ 17%] Building CXX object CMakeFiles/precice.dir/src/com/MPISinglePortsCommunicationFactory.cpp.o
[ 17%] Building CXX object CMakeFiles/precice.dir/src/com/Request.cpp.o
[ 18%] Building CXX object CMakeFiles/precice.dir/src/com/SocketCommunication.cpp.o
[ 18%] Building CXX object CMakeFiles/precice.dir/src/com/SocketCommunicationFactory.cpp.o
[91mIn file included from /usr/include/boost/smart_ptr/detail/sp_thread_sleep.hpp:22,
                 from /usr/include/boost/smart_ptr/detail/yield_k.hpp:23,
                 from /usr/include/boost/smart_ptr/detail/spinlock_gcc_atomic.hpp:14,
                 from /usr/include/boost/smart_ptr/detail/spinlock.hpp:42,
                 from /usr/include/boost/smart_ptr/detail/spinlock_pool.hpp:25,
                 from /usr/include/boost/smart_ptr/shared_ptr.hpp:29,
                 from /usr/include/boost/shared_ptr.hpp:17,
                 from /usr/include/boost/date_time/time_clock.hpp:17,
                 from /usr/include/boost/date_time/posix_time/posix_time_types.hpp:10,
                 from /usr/include/boost/asio/time_traits.hpp:23,
                 from /usr/include/boost/asio/detail/timer_queue_ptime.hpp:22,
                 from /usr/include/boost/asio/detail/deadline_timer_service.hpp:29,
                 from /usr/include/boost/asio/basic_deadline_timer.hpp:25,
                 from /usr/include/boost/asio.hpp:25,
                 from /home/precice/precice/src/com/SocketCommunication.hpp:3,
                 from /home/precice/precice/src/com/SocketCommunication.cpp:1:
/usr/include/boost/bind.hpp:36:1: note: â€˜#pragma message: The practice of declaring the Bind placeholders (_1, _2, ...) in the global namespace is deprecated. Please use <boost/bind/bind.hpp> + using namespace boost::placeholders, or define BOOST_BIND_GLOBAL_PLACEHOLDERS to retain the current behavior.â€™
   36 | BOOST_PRAGMA_MESSAGE(
      | ^~~~~~~~~~~~~~~~~~~~
[0m[ 19%] Building CXX object CMakeFiles/precice.dir/src/com/SocketRequest.cpp.o
[ 19%] Building CXX object CMakeFiles/precice.dir/src/com/SocketSendQueue.cpp.o
[ 20%] Building CXX object CMakeFiles/precice.dir/src/com/config/CommunicationConfiguration.cpp.o
[ 20%] Building CXX object CMakeFiles/precice.dir/src/cplscheme/BaseCouplingScheme.cpp.o
[ 21%] Building CXX object CMakeFiles/precice.dir/src/cplscheme/BiCouplingScheme.cpp.o
[ 21%] Building CXX object CMakeFiles/precice.dir/src/cplscheme/CompositionalCouplingScheme.cpp.o
[ 22%] Building CXX object CMakeFiles/precice.dir/src/cplscheme/Constants.cpp.o
[ 22%] Building CXX object CMakeFiles/precice.dir/src/cplscheme/CouplingScheme.cpp.o
[ 23%] Building CXX object CMakeFiles/precice.dir/src/cplscheme/MultiCouplingScheme.cpp.o
[ 23%] Building CXX object CMakeFiles/precice.dir/src/cplscheme/ParallelCouplingScheme.cpp.o
[ 24%] Building CXX object CMakeFiles/precice.dir/src/cplscheme/SerialCouplingScheme.cpp.o
[ 24%] Building CXX object CMakeFiles/precice.dir/src/cplscheme/config/CouplingSchemeConfiguration.cpp.o
[ 25%] Building CXX object CMakeFiles/precice.dir/src/cplscheme/impl/AbsoluteConvergenceMeasure.cpp.o
[ 25%] Building CXX object CMakeFiles/precice.dir/src/cplscheme/impl/MinIterationConvergenceMeasure.cpp.o
[ 26%] Building CXX object CMakeFiles/precice.dir/src/cplscheme/impl/RelativeConvergenceMeasure.cpp.o
[ 26%] Building CXX object CMakeFiles/precice.dir/src/cplscheme/impl/ResidualRelativeConvergenceMeasure.cpp.o
[ 27%] Building CXX object CMakeFiles/precice.dir/src/io/Constants.cpp.o
[ 27%] Building CXX object CMakeFiles/precice.dir/src/io/ExportVTK.cpp.o
[ 28%] Building CXX object CMakeFiles/precice.dir/src/io/ExportVTKXML.cpp.o
[ 28%] Building CXX object CMakeFiles/precice.dir/src/io/TXTReader.cpp.o
[ 29%] Building CXX object CMakeFiles/precice.dir/src/io/TXTTableWriter.cpp.o
[ 29%] Building CXX object CMakeFiles/precice.dir/src/io/TXTWriter.cpp.o
[ 30%] Building CXX object CMakeFiles/precice.dir/src/io/config/ExportConfiguration.cpp.o
[ 30%] Building CXX object CMakeFiles/precice.dir/src/logging/LogConfiguration.cpp.o
[ 31%] Building CXX object CMakeFiles/precice.dir/src/logging/Logger.cpp.o
[ 31%] Building CXX object CMakeFiles/precice.dir/src/logging/Tracer.cpp.o
[ 32%] Building CXX object CMakeFiles/precice.dir/src/logging/config/LogConfiguration.cpp.o
[ 33%] Building CXX object CMakeFiles/precice.dir/src/m2n/BoundM2N.cpp.o
[ 33%] Building CXX object CMakeFiles/precice.dir/src/m2n/GatherScatterComFactory.cpp.o
[ 34%] Building CXX object CMakeFiles/precice.dir/src/m2n/GatherScatterCommunication.cpp.o
[ 34%] Building CXX object CMakeFiles/precice.dir/src/m2n/M2N.cpp.o
[ 35%] Building CXX object CMakeFiles/precice.dir/src/m2n/PointToPointComFactory.cpp.o
[ 35%] Building CXX object CMakeFiles/precice.dir/src/m2n/PointToPointCommunication.cpp.o
[ 36%] Building CXX object CMakeFiles/precice.dir/src/m2n/config/M2NConfiguration.cpp.o
[ 36%] Building CXX object CMakeFiles/precice.dir/src/mapping/Mapping.cpp.o
[ 37%] Building CXX object CMakeFiles/precice.dir/src/mapping/NearestNeighborMapping.cpp.o
[ 37%] Building CXX object CMakeFiles/precice.dir/src/mapping/NearestProjectionMapping.cpp.o
[ 38%] Building CXX object CMakeFiles/precice.dir/src/mapping/config/MappingConfiguration.cpp.o
[ 38%] Building CXX object CMakeFiles/precice.dir/src/math/barycenter.cpp.o
[ 39%] Building CXX object CMakeFiles/precice.dir/src/math/geometry.cpp.o
[ 39%] Building CXX object CMakeFiles/precice.dir/src/mesh/BoundingBox.cpp.o
[ 40%] Building CXX object CMakeFiles/precice.dir/src/mesh/Data.cpp.o
[ 40%] Building CXX object CMakeFiles/precice.dir/src/mesh/Edge.cpp.o
[ 41%] Building CXX object CMakeFiles/precice.dir/src/mesh/Mesh.cpp.o
[ 41%] Building CXX object CMakeFiles/precice.dir/src/mesh/RTree.cpp.o
[ 42%] Building CXX object CMakeFiles/precice.dir/src/mesh/Triangle.cpp.o
[ 42%] Building CXX object CMakeFiles/precice.dir/src/mesh/Vertex.cpp.o
[ 43%] Building CXX object CMakeFiles/precice.dir/src/mesh/config/DataConfiguration.cpp.o
[ 43%] Building CXX object CMakeFiles/precice.dir/src/mesh/config/MeshConfiguration.cpp.o
[ 44%] Building CXX object CMakeFiles/precice.dir/src/partition/Partition.cpp.o
[ 44%] Building CXX object CMakeFiles/precice.dir/src/partition/ProvidedPartition.cpp.o
[ 45%] Building CXX object CMakeFiles/precice.dir/src/partition/ReceivedPartition.cpp.o
[ 45%] Building CXX object CMakeFiles/precice.dir/src/precice/SolverInterface.cpp.o
[ 46%] Building CXX object CMakeFiles/precice.dir/src/precice/config/Configuration.cpp.o
[ 46%] Building CXX object CMakeFiles/precice.dir/src/precice/config/ParticipantConfiguration.cpp.o
[ 47%] Building CXX object CMakeFiles/precice.dir/src/precice/config/SolverInterfaceConfiguration.cpp.o
[ 47%] Building CXX object CMakeFiles/precice.dir/src/precice/impl/DataContext.cpp.o
[ 48%] Building CXX object CMakeFiles/precice.dir/src/precice/impl/Participant.cpp.o
[ 48%] Building CXX object CMakeFiles/precice.dir/src/precice/impl/SolverInterfaceImpl.cpp.o
[ 49%] Building CXX object CMakeFiles/precice.dir/src/precice/impl/WatchIntegral.cpp.o
[ 49%] Building CXX object CMakeFiles/precice.dir/src/precice/impl/WatchPoint.cpp.o
[ 50%] Building CXX object CMakeFiles/precice.dir/src/query/FindClosest.cpp.o
[ 50%] Building CXX object CMakeFiles/precice.dir/src/query/FindClosestEdge.cpp.o
[ 51%] Building CXX object CMakeFiles/precice.dir/src/query/FindClosestTriangle.cpp.o
[ 51%] Building CXX object CMakeFiles/precice.dir/src/query/FindClosestVertex.cpp.o
[ 52%] Building CXX object CMakeFiles/precice.dir/src/utils/Dimensions.cpp.o
[ 52%] Building CXX object CMakeFiles/precice.dir/src/utils/EigenHelperFunctions.cpp.o
[ 53%] Building CXX object CMakeFiles/precice.dir/src/utils/Event.cpp.o
[ 53%] Building CXX object CMakeFiles/precice.dir/src/utils/EventUtils.cpp.o
[ 54%] Building CXX object CMakeFiles/precice.dir/src/utils/Helpers.cpp.o
[ 54%] Building CXX object CMakeFiles/precice.dir/src/utils/ManageUniqueIDs.cpp.o
[ 55%] Building CXX object CMakeFiles/precice.dir/src/utils/MasterSlave.cpp.o
[ 55%] Building CXX object CMakeFiles/precice.dir/src/utils/Parallel.cpp.o
[ 56%] Building CXX object CMakeFiles/precice.dir/src/utils/Petsc.cpp.o
[ 56%] Building CXX object CMakeFiles/precice.dir/src/utils/String.cpp.o
[ 57%] Building CXX object CMakeFiles/precice.dir/src/utils/TableWriter.cpp.o
[ 57%] Building CXX object CMakeFiles/precice.dir/src/utils/networking.cpp.o
[ 58%] Building CXX object CMakeFiles/precice.dir/src/utils/stacktrace.cpp.o
[ 58%] Building CXX object CMakeFiles/precice.dir/src/xml/ConfigParser.cpp.o
[ 59%] Building CXX object CMakeFiles/precice.dir/src/xml/Printer.cpp.o
[ 59%] Building CXX object CMakeFiles/precice.dir/src/xml/ValueParser.cpp.o
[ 60%] Building CXX object CMakeFiles/precice.dir/src/xml/XMLTag.cpp.o
[ 60%] Building CXX object CMakeFiles/precice.dir/extras/bindings/c/src/SolverInterfaceC.cpp.o
[ 61%] Building CXX object CMakeFiles/precice.dir/extras/bindings/fortran/src/SolverInterfaceFortran.cpp.o
[ 61%] Building CXX object CMakeFiles/precice.dir/extras/bindings/fortran/src/SolverInterfaceFASTEST.cpp.o
[ 62%] Linking CXX shared library libprecice.so
[ 62%] Built target precice
Scanning dependencies of target binprecice
[ 62%] Building CXX object CMakeFiles/binprecice.dir/src/drivers/main.cpp.o
Scanning dependencies of target testprecice
[ 63%] Building CXX object CMakeFiles/testprecice.dir/src/testing/main.cpp.o
[ 63%] Building CXX object CMakeFiles/testprecice.dir/src/acceleration/test/AccelerationMasterSlaveTest.cpp.o
[ 64%] Linking CXX executable binprecice
[ 64%] Built target binprecice
[ 65%] Building CXX object CMakeFiles/testprecice.dir/src/acceleration/test/ParallelMatrixOperationsTest.cpp.o
[ 65%] Building CXX object CMakeFiles/testprecice.dir/src/acceleration/test/PreconditionerTest.cpp.o
[ 66%] Building CXX object CMakeFiles/testprecice.dir/src/acceleration/test/QRFactorizationTest.cpp.o
[ 67%] Building CXX object CMakeFiles/testprecice.dir/src/action/tests/PythonActionTest.cpp.o
[ 67%] Building CXX object CMakeFiles/testprecice.dir/src/action/tests/ScaleActionTest.cpp.o
[ 68%] Building CXX object CMakeFiles/testprecice.dir/src/action/tests/SummationActionTest.cpp.o
[ 68%] Building CXX object CMakeFiles/testprecice.dir/src/com/tests/CommunicateBoundingBoxTest.cpp.o
[ 69%] Building CXX object CMakeFiles/testprecice.dir/src/com/tests/CommunicateMeshTest.cpp.o
[ 69%] Building CXX object CMakeFiles/testprecice.dir/src/com/tests/MPIDirectCommunicationTest.cpp.o
[ 70%] Building CXX object CMakeFiles/testprecice.dir/src/com/tests/MPIPortsCommunicationTest.cpp.o
[ 70%] Building CXX object CMakeFiles/testprecice.dir/src/com/tests/MPISinglePortsCommunicationTest.cpp.o
[ 71%] Building CXX object CMakeFiles/testprecice.dir/src/com/tests/SocketCommunicationTest.cpp.o
[ 71%] Building CXX object CMakeFiles/testprecice.dir/src/cplscheme/tests/AbsoluteConvergenceMeasureTest.cpp.o
[ 72%] Building CXX object CMakeFiles/testprecice.dir/src/cplscheme/tests/CompositionalCouplingSchemeTest.cpp.o
[ 72%] Building CXX object CMakeFiles/testprecice.dir/src/cplscheme/tests/DummyCouplingScheme.cpp.o
[ 73%] Building CXX object CMakeFiles/testprecice.dir/src/cplscheme/tests/ExplicitCouplingSchemeTest.cpp.o
[ 73%] Building CXX object CMakeFiles/testprecice.dir/src/cplscheme/tests/MinIterationConvergenceMeasureTest.cpp.o
[ 74%] Building CXX object CMakeFiles/testprecice.dir/src/cplscheme/tests/ParallelImplicitCouplingSchemeTest.cpp.o
[ 74%] Building CXX object CMakeFiles/testprecice.dir/src/cplscheme/tests/RelativeConvergenceMeasureTest.cpp.o
[ 75%] Building CXX object CMakeFiles/testprecice.dir/src/cplscheme/tests/ResidualRelativeConvergenceMeasureTest.cpp.o
[ 75%] Building CXX object CMakeFiles/testprecice.dir/src/cplscheme/tests/SerialImplicitCouplingSchemeTest.cpp.o
[ 76%] Building CXX object CMakeFiles/testprecice.dir/src/io/tests/ExportConfigurationTest.cpp.o
[ 76%] Building CXX object CMakeFiles/testprecice.dir/src/io/tests/ExportVTKTest.cpp.o
[ 77%] Building CXX object CMakeFiles/testprecice.dir/src/io/tests/ExportVTKXMLTest.cpp.o
[ 77%] Building CXX object CMakeFiles/testprecice.dir/src/io/tests/TXTTableWriterTest.cpp.o
[ 78%] Building CXX object CMakeFiles/testprecice.dir/src/io/tests/TXTWriterReaderTest.cpp.o
[ 78%] Building CXX object CMakeFiles/testprecice.dir/src/m2n/tests/GatherScatterCommunicationTest.cpp.o
[ 79%] Building CXX object CMakeFiles/testprecice.dir/src/m2n/tests/PointToPointCommunicationTest.cpp.o
[ 79%] Building CXX object CMakeFiles/testprecice.dir/src/mapping/tests/MappingConfigurationTest.cpp.o
[ 80%] Building CXX object CMakeFiles/testprecice.dir/src/mapping/tests/NearestNeighborMappingTest.cpp.o
[ 80%] Building CXX object CMakeFiles/testprecice.dir/src/mapping/tests/NearestProjectionMappingTest.cpp.o
[ 81%] Building CXX object CMakeFiles/testprecice.dir/src/mapping/tests/PetRadialBasisFctMappingTest.cpp.o
[ 81%] Building CXX object CMakeFiles/testprecice.dir/src/mapping/tests/RadialBasisFctMappingTest.cpp.o
[ 82%] Building CXX object CMakeFiles/testprecice.dir/src/math/tests/BarycenterTest.cpp.o
[ 82%] Building CXX object CMakeFiles/testprecice.dir/src/math/tests/DifferencesTest.cpp.o
[ 83%] Building CXX object CMakeFiles/testprecice.dir/src/math/tests/GeometryTest.cpp.o
[ 83%] Building CXX object CMakeFiles/testprecice.dir/src/mesh/tests/BoundingBoxTest.cpp.o
[ 84%] Building CXX object CMakeFiles/testprecice.dir/src/mesh/tests/DataConfigurationTest.cpp.o
[ 84%] Building CXX object CMakeFiles/testprecice.dir/src/mesh/tests/EdgeTest.cpp.o
[ 85%] Building CXX object CMakeFiles/testprecice.dir/src/mesh/tests/MeshTest.cpp.o
[ 85%] Building CXX object CMakeFiles/testprecice.dir/src/mesh/tests/RTreeAdapterTests.cpp.o
[ 86%] Building CXX object CMakeFiles/testprecice.dir/src/mesh/tests/RTreeTests.cpp.o
[ 86%] Building CXX object CMakeFiles/testprecice.dir/src/mesh/tests/TriangleTest.cpp.o
[ 87%] Building CXX object CMakeFiles/testprecice.dir/src/mesh/tests/VertexTest.cpp.o
[ 87%] Building CXX object CMakeFiles/testprecice.dir/src/partition/tests/ProvidedPartitionTest.cpp.o
[ 88%] Building CXX object CMakeFiles/testprecice.dir/src/partition/tests/ReceivedPartitionTest.cpp.o
[ 88%] Building CXX object CMakeFiles/testprecice.dir/src/precice/tests/ParallelTests.cpp.o
[ 89%] Building CXX object CMakeFiles/testprecice.dir/src/precice/tests/SerialTests.cpp.o
[ 89%] Building CXX object CMakeFiles/testprecice.dir/src/precice/tests/VersioningTests.cpp.o
[ 90%] Building CXX object CMakeFiles/testprecice.dir/src/precice/tests/WatchIntegralTest.cpp.o
[ 90%] Building CXX object CMakeFiles/testprecice.dir/src/precice/tests/WatchPointTest.cpp.o
[ 91%] Building CXX object CMakeFiles/testprecice.dir/src/query/tests/FindClosestTest.cpp.o
[ 91%] Building CXX object CMakeFiles/testprecice.dir/src/query/tests/FindClosestVertexVisitorTest.cpp.o
[ 92%] Building CXX object CMakeFiles/testprecice.dir/src/testing/TestContext.cpp.o
[ 92%] Building CXX object CMakeFiles/testprecice.dir/src/testing/Testing.cpp.o
[ 93%] Building CXX object CMakeFiles/testprecice.dir/src/testing/tests/ExampleTests.cpp.o
[ 93%] Building CXX object CMakeFiles/testprecice.dir/src/utils/tests/AlgorithmTest.cpp.o
[ 94%] Building CXX object CMakeFiles/testprecice.dir/src/utils/tests/DimensionsTest.cpp.o
[ 94%] Building CXX object CMakeFiles/testprecice.dir/src/utils/tests/EigenHelperFunctionsTest.cpp.o
[ 95%] Building CXX object CMakeFiles/testprecice.dir/src/utils/tests/ManageUniqueIDsTest.cpp.o
[ 95%] Building CXX object CMakeFiles/testprecice.dir/src/utils/tests/MultiLockTest.cpp.o
[ 96%] Building CXX object CMakeFiles/testprecice.dir/src/utils/tests/ParallelTest.cpp.o
[ 96%] Building CXX object CMakeFiles/testprecice.dir/src/utils/tests/PointerVectorTest.cpp.o
[ 97%] Building CXX object CMakeFiles/testprecice.dir/src/utils/tests/StatisticsTest.cpp.o
[ 97%] Building CXX object CMakeFiles/testprecice.dir/src/utils/tests/StringTest.cpp.o
[ 98%] Building CXX object CMakeFiles/testprecice.dir/src/xml/tests/ParserTest.cpp.o
[ 98%] Building CXX object CMakeFiles/testprecice.dir/src/xml/tests/PrinterTest.cpp.o
[ 99%] Building CXX object CMakeFiles/testprecice.dir/src/xml/tests/XMLTest.cpp.o
[100%] Linking CXX executable testprecice
[100%] Built target testprecice
-- Found Git: /usr/sbin/git (found version "2.30.0") 
-- Revision status: Detection failed
[  0%] Built target GitRevision
[ 62%] Built target precice
[100%] Built target testprecice
Scanning dependencies of target test_base
UpdateCTestConfiguration  from :/home/precice/precice-build/DartConfiguration.tcl
UpdateCTestConfiguration  from :/home/precice/precice-build/DartConfiguration.tcl
Test project /home/precice/precice-build
Constructing a list of tests
Done constructing a list of tests
Updating test list for fixtures
Added 0 tests to meet fixture requirements
Checking test dependency graph...
Checking test dependency graph end
test 1
      Start  1: precice.acceleration

1: Test command: /usr/sbin/mpiexec "-n" "4" "--oversubscribe" "/home/precice/precice-build/testprecice" "--run_test=AccelerationTests"
1: Environment variables: 
1:  PRECICE_ROOT=/home/precice/precice
1:  OMPI_MCA_rmaps_base_oversubscribe=1
1: Test timeout computed to be: 20
1: This test suite runs on rank 0 of 4
1: This test suite runs on rank 3 of 4
1: Running 13 test cases...
1: Running 13 test cases...
1: This test suite runs on rank 1 of 4
1: Running 13 test cases...
1: This test suite runs on rank 2 of 4
1: Running 13 test cases...
1: 
1: [1;32;49m*** No errors detected
1: [0;39;49m
1: [1;32;49m*** No errors detected
1: [0;39;49m
1: [1;32;49m*** No errors detected
1: [0;39;49m
1: [1;32;49m*** No errors detected
1: [0;39;49m
 1/22 Test  #1: precice.acceleration ..............   Passed    0.34 sec
test 2
      Start  2: precice.action

2: Test command: /usr/sbin/mpiexec "-n" "4" "--oversubscribe" "/home/precice/precice-build/testprecice" "--run_test=ActionTests"
2: Environment variables: 
2:  PRECICE_ROOT=/home/precice/precice
2:  OMPI_MCA_rmaps_base_oversubscribe=1
2: Test timeout computed to be: 20
2: This test suite runs on rank 0 of 4
2: Running 7 test cases...
2: This test suite runs on rank 1 of 4
2: This test suite runs on rank 2 of 4
2: Running 7 test cases...
2: Running 7 test cases...
2: This test suite runs on rank 3 of 4
2: Running 7 test cases...
2: (0) 16:05:34 [config::ActionConfiguration]:302 in getTiming: [36mWARNING: [0mRegular-prior action timing is deprecated. Regular-prior will now revert to write-mapping-prior which performs the action before a write mapping and before the coupling update.
2: (0) 16:05:34 [config::ActionConfiguration]:302 in getTiming: [36mWARNING: [0mRegular-prior action timing is deprecated. Regular-prior will now revert to write-mapping-prior which performs the action before a write mapping and before the coupling update.
2: (0) 16:05:34 [config::ActionConfiguration]:302 in getTiming: [36mWARNING: [0mRegular-prior action timing is deprecated. Regular-prior will now revert to write-mapping-prior which performs the action before a write mapping and before the coupling update.
2: (0) 16:05:34 [config::ActionConfiguration]:302 in getTiming: [36mWARNING: [0mRegular-prior action timing is deprecated. Regular-prior will now revert to write-mapping-prior which performs the action before a write mapping and before the coupling update.
2: 
2: 
2: [1;32;49m*** No errors detected
2: [0;39;49m[1;32;49m*** No errors detected
2: [0;39;49m
2: [1;32;49m*** No errors detected
2: [0;39;49m(0) 16:05:34 [config::ActionConfiguration]:302 in getTiming: [36mWARNING: [0mRegular-prior action timing is deprecated. Regular-prior will now revert to write-mapping-prior which performs the action before a write mapping and before the coupling update.
2: 
2: [1;32;49m*** No errors detected
2: [0;39;49m
 2/22 Test  #2: precice.action ....................   Passed    0.29 sec
test 3
      Start  3: precice.com

3: Test command: /usr/sbin/mpiexec "-n" "4" "--oversubscribe" "/home/precice/precice-build/testprecice" "--run_test=CommunicationTests:!CommunicationTests/MPIPorts:!CommunicationTests/MPISinglePorts"
3: Environment variables: 
3:  PRECICE_ROOT=/home/precice/precice
3:  OMPI_MCA_rmaps_base_oversubscribe=1
3: Test timeout computed to be: 20
3: This test suite runs on rank 2 of 4
3: This test suite runs on rank 3 of 4
3: Running 15 test cases...
3: Running 15 test cases...
3: This test suite runs on rank 1 of 4
3: Running 15 test cases...
3: This test suite runs on rank 0 of 4
3: Running 15 test cases...
3: 
3: [1;32;49m*** No errors detected
3: [0;39;49m
3: [1;32;49m*** No errors detected
3: [0;39;49m
3: 
3: [1;32;49m*** No errors detected
3: [0;39;49m[1;32;49m*** No errors detected
3: [0;39;49m
 3/22 Test  #3: precice.com .......................   Passed    0.43 sec
test 4
      Start  4: precice.cplscheme

4: Test command: /usr/sbin/mpiexec "-n" "4" "--oversubscribe" "/home/precice/precice-build/testprecice" "--run_test=CplSchemeTests"
4: Environment variables: 
4:  PRECICE_ROOT=/home/precice/precice
4:  OMPI_MCA_rmaps_base_oversubscribe=1
4: Test timeout computed to be: 20
4: This test suite runs on rank 0 of 4
4: Running 43 test cases...
4: This test suite runs on rank 3 of 4
4: Running 43 test cases...
4: This test suite runs on rank 2 of 4
4: Running 43 test cases...
4: This test suite runs on rank 1 of 4
4: Running 43 test cases...
4: 
4: [1;32;49m*** No errors detected
4: [0;39;49m
4: [1;32;49m*** No errors detected
4: [0;39;49m
4: [1;32;49m*** No errors detected
4: [0;39;49m
4: [1;32;49m*** No errors detected
4: [0;39;49m
 4/22 Test  #4: precice.cplscheme .................   Passed    2.06 sec
test 5
      Start  5: precice.io

5: Test command: /usr/sbin/mpiexec "-n" "4" "--oversubscribe" "/home/precice/precice-build/testprecice" "--run_test=IOTests"
5: Environment variables: 
5:  PRECICE_ROOT=/home/precice/precice
5:  OMPI_MCA_rmaps_base_oversubscribe=1
5: Test timeout computed to be: 20
5: This test suite runs on rank 0 of 4
5: This test suite runs on rank 3 of 4
5: This test suite runs on rank 1 of 4
5: Running 7 test cases...
5: Running 7 test cases...
5: This test suite runs on rank 2 of 4
5: Running 7 test cases...
5: Running 7 test cases...
5: 
5: [1;32;49m
5: [1;32;49m*** No errors detected
5: [0;39;49m
5: [1;32;49m*** No errors detected
5: [0;39;49m
5: [1;32;49m*** No errors detected
5: [0;39;49m*** No errors detected
5: [0;39;49m
 5/22 Test  #5: precice.io ........................   Passed    0.24 sec
test 6
      Start  6: precice.m2n

6: Test command: /usr/sbin/mpiexec "-n" "4" "--oversubscribe" "/home/precice/precice-build/testprecice" "--run_test=M2NTests:!M2NTests/MPIPorts:!M2NTets/MPISinglePorts"
6: Environment variables: 
6:  PRECICE_ROOT=/home/precice/precice
6:  OMPI_MCA_rmaps_base_oversubscribe=1
6: Test timeout computed to be: 20
6: This test suite runs on rank 0 of 4
6: This test suite runs on rank 1 of 4
6: This test suite runs on rank 2 of 4
6: This test suite runs on rank 3 of 4
6: Running 8 test cases...
6: Running 8 test cases...
6: Running 8 test cases...
6: Running 8 test cases...
6: 
6: [1;32;49m*** No errors detected
6: [0;39;49m
6: [1;32;49m*** No errors detected
6: [0;39;49m
6: 
6: [1;32;49m*** No errors detected
6: [0;39;49m[1;32;49m*** No errors detected
6: [0;39;49m
 6/22 Test  #6: precice.m2n .......................   Passed    0.35 sec
test 7
      Start  7: precice.mapping

7: Test command: /usr/sbin/mpiexec "-n" "4" "--oversubscribe" "/home/precice/precice-build/testprecice" "--run_test=MappingTests:!MappingTests/PetRadialBasisFunctionMapping"
7: Environment variables: 
7:  PRECICE_ROOT=/home/precice/precice
7:  OMPI_MCA_rmaps_base_oversubscribe=1
7: Test timeout computed to be: 20
7: This test suite runs on rank 0 of 4
7: This test suite runs on rank 2 of 4
7: Running 36 test cases...
7: This test suite runs on rank 3 of 4
7: Running 36 test cases...
7: This test suite runs on rank 1 of 4
7: Running 36 test cases...
7: Running 36 test cases...
7: (0) 16:05:37 [mapping::NearestProjectionMapping]:157 in computeMapping: [36mWARNING: [0m3D Mesh "InMesh" does not contain triangles. Nearest projection mapping will map to primitives of lower dimension.
7: (0) 16:05:37 [mapping::NearestProjectionMapping]:157 in computeMapping: [36mWARNING: [0m3D Mesh "InMesh" does not contain triangles. Nearest projection mapping will map to primitives of lower dimension.
7: 
7: 
7: [1;32;49m*** No errors detected
7: [0;39;49m[1;32;49m*** No errors detected
7: [0;39;49m
7: [1;32;49m*** No errors detected
7: [0;39;49m
7: [1;32;49m*** No errors detected
7: [0;39;49m
 7/22 Test  #7: precice.mapping ...................   Passed    0.82 sec
test 8
      Start  8: precice.math

8: Test command: /usr/sbin/mpiexec "-n" "4" "--oversubscribe" "/home/precice/precice-build/testprecice" "--run_test=MathTests"
8: Environment variables: 
8:  PRECICE_ROOT=/home/precice/precice
8:  OMPI_MCA_rmaps_base_oversubscribe=1
8: Test timeout computed to be: 20
8: This test suite runs on rank 0 of 4
8: This test suite runs on rank 1 of 4
8: Running 19 test cases...
8: This test suite runs on rank 2 of 4
8: This test suite runs on rank 3 of 4
8: Running 19 test cases...
8: Running 19 test cases...
8: Running 19 test cases...
8: 
8: [1;32;49m*** No errors detected
8: [0;39;49m
8: [1;32;49m*** No errors detected
8: [0;39;49m
8: 
8: [1;32;49m*** No errors detected
8: [0;39;49m[1;32;49m*** No errors detected
8: [0;39;49m
 8/22 Test  #8: precice.math ......................   Passed    0.21 sec
test 9
      Start  9: precice.mesh

9: Test command: /usr/sbin/mpiexec "-n" "4" "--oversubscribe" "/home/precice/precice-build/testprecice" "--run_test=MeshTests"
9: Environment variables: 
9:  PRECICE_ROOT=/home/precice/precice
9:  OMPI_MCA_rmaps_base_oversubscribe=1
9: Test timeout computed to be: 20
9: This test suite runs on rank 0 of 4
9: This test suite runs on rank 1 of 4
9: This test suite runs on rank 2 of 4
9: Running 66 test cases...
9: Running 66 test cases...
9: Running 66 test cases...
9: This test suite runs on rank 3 of 4
9: Running 66 test cases...
9: 
9: 
9: [1;32;49m*** No errors detected
9: [0;39;49m[1;32;49m*** No errors detected
9: [0;39;49m
9: 
9: [1;32;49m*** No errors detected
9: [0;39;49m[1;32;49m*** No errors detected
9: [0;39;49m
 9/22 Test  #9: precice.mesh ......................   Passed    0.26 sec
test 10
      Start 10: precice.partition

10: Test command: /usr/sbin/mpiexec "-n" "4" "--oversubscribe" "/home/precice/precice-build/testprecice" "--run_test=PartitionTests"
10: Environment variables: 
10:  PRECICE_ROOT=/home/precice/precice
10:  OMPI_MCA_rmaps_base_oversubscribe=1
10: Test timeout computed to be: 20
10: This test suite runs on rank 0 of 4
10: Running 16 test cases...
10: This test suite runs on rank 3 of 4
10: Running 16 test cases...
10: This test suite runs on rank 1 of 4
10: Running 16 test cases...
10: This test suite runs on rank 2 of 4
10: Running 16 test cases...
10: (2) 16:05:38 [partition::ReceivedPartition]:607 in createOwnerInformation: [36mWARNING: [0m10 of 15 vertices of mesh mesh have been filtered out since they have no influence on the mapping.
10: (2) 16:05:38 [partition::ReceivedPartition]:607 in createOwnerInformation: [36mWARNING: [0m5 of 10 vertices of mesh mesh have been filtered out since they have no influence on the mapping.
10: (1) 16:05:38 [partition::ReceivedPartition]:607 in createOwnerInformation: [36mWARNING: [0m2 of 6 vertices of mesh SolidzMesh have been filtered out since they have no influence on the mapping.
10: (1) 16:05:39 [partition::ReceivedPartition]:607 in createOwnerInformation: [36mWARNING: [0m1 of 3 vertices of mesh NastinMesh have been filtered out since they have no influence on the mapping.
10: 
10: [1;32;49m*** No errors detected
10: [0;39;49m
10: [1;32;49m*** No errors detected
10: [0;39;49m
10: [1;32;49m*** No errors detected
10: [0;39;49m
10: [1;32;49m*** No errors detected
10: [0;39;49m
10/22 Test #10: precice.partition .................   Passed    0.51 sec
test 11
      Start 11: precice.interface

11: Test command: /usr/sbin/mpiexec "-n" "4" "--oversubscribe" "/home/precice/precice-build/testprecice" "--run_test=PreciceTests:!PreciceTests/Serial:!PreciceTests/Parallel"
11: Environment variables: 
11:  PRECICE_ROOT=/home/precice/precice
11:  OMPI_MCA_rmaps_base_oversubscribe=1
11: Test timeout computed to be: 20
11: This test suite runs on rank 1 of 4
11: This test suite runs on rank 3 of 4
11: This test suite runs on rank 0 of 4
11: Running 20 test cases...
11: Running 20 test cases...
11: Running 20 test cases...
11: This test suite runs on rank 2 of 4
11: Running 20 test cases...
11: (0) 16:05:39 [impl::WatchIntegral]:53 in initialize: [36mWARNING: [0mWatch-integral is configured with scaling option on; however, mesh rectangle does not contain connectivity information. Therefore, the integral will be calculated without scaling.
11: (0) 16:05:39 [impl::WatchIntegral]:53 in initialize: [36mWARNING: [0mWatch-integral is configured with scaling option on; however, mesh rectangle does not contain connectivity information. Therefore, the integral will be calculated without scaling.
11: (1) 16:05:39 [impl::WatchIntegral]:53 in initialize: [36mWARNING: [0mWatch-integral is configured with scaling option on; however, mesh rectangle does not contain connectivity information. Therefore, the integral will be calculated without scaling.
11: (3) 16:05:39 [impl::WatchIntegral]:53 in initialize: [36mWARNING: [0mWatch-integral is configured with scaling option on; however, mesh rectangle does not contain connectivity information. Therefore, the integral will be calculated without scaling.
11: (2) 16:05:39 [impl::WatchIntegral]:53 in initialize: [36mWARNING: [0mWatch-integral is configured with scaling option on; however, mesh rectangle does not contain connectivity information. Therefore, the integral will be calculated without scaling.
11: (0) 16:05:39 [impl::WatchIntegral]:53 in initialize: [36mWARNING: [0mWatch-integral is configured with scaling option on; however, mesh rectangle does not contain connectivity information. Therefore, the integral will be calculated without scaling.
11: (3) 16:05:39 [impl::WatchIntegral]:53 in initialize: [36mWARNING: [0mWatch-integral is configured with scaling option on; however, mesh rectangle does not contain connectivity information. Therefore, the integral will be calculated without scaling.
11: (2) 16:05:39 [impl::WatchIntegral]:53 in initialize: [36mWARNING: [0mWatch-integral is configured with scaling option on; however, mesh rectangle does not contain connectivity information. Therefore, the integral will be calculated without scaling.
11: (0) 16:05:39 [impl::WatchIntegral]:53 in initialize: [36mWARNING: [0mWatch-integral is configured with scaling option on; however, mesh rectangle does not contain connectivity information. Therefore, the integral will be calculated without scaling.
11: (1) 16:05:39 [impl::WatchIntegral]:53 in initialize: [36mWARNING: [0mWatch-integral is configured with scaling option on; however, mesh rectangle does not contain connectivity information. Therefore, the integral will be calculated without scaling.
11: (2) 16:05:39 [impl::WatchIntegral]:53 in initialize: [36mWARNING: [0mWatch-integral is configured with scaling option on; however, mesh rectangle does not contain connectivity information. Therefore, the integral will be calculated without scaling.
11: (1) 16:05:39 [impl::WatchIntegral]:53 in initialize: [36mWARNING: [0mWatch-integral is configured with scaling option on; however, mesh rectangle does not contain connectivity information. Therefore, the integral will be calculated without scaling.
11: (2) 16:05:39 [impl::WatchIntegral]:53 in initialize: [36mWARNING: [0mWatch-integral is configured with scaling option on; however, mesh rectangle does not contain connectivity information. Therefore, the integral will be calculated without scaling.
11: (1) 16:05:39 [impl::WatchIntegral]:53 in initialize: [36mWARNING: [0mWatch-integral is configured with scaling option on; however, mesh rectangle does not contain connectivity information. Therefore, the integral will be calculated without scaling.
11: 
11: [1;32;49m*** No errors detected
11: [0;39;49m
11: [1;32;49m*** No errors detected
11: [0;39;49m
11: [1;32;49m*** No errors detected
11: [0;39;49m
11: [1;32;49m*** No errors detected
11: [0;39;49m
11/22 Test #11: precice.interface .................   Passed    0.35 sec
test 12
      Start 12: precice.serial

12: Test command: /usr/sbin/mpiexec "-n" "4" "--oversubscribe" "/home/precice/precice-build/testprecice" "--run_test=PreciceTests/Serial"
12: Environment variables: 
12:  PRECICE_ROOT=/home/precice/precice
12:  OMPI_MCA_rmaps_base_oversubscribe=1
12: Test timeout computed to be: 60
12: This test suite runs on rank 2 of 4
12: This test suite runs on rank 3 of 4
12: This test suite runs on rank 1 of 4
12: This test suite runs on rank 0 of 4
12: Running 43 test cases...
12: Running 43 test cases...
12: Running 43 test cases...
12: Running 43 test cases...
12: (0) 16:05:39 [config::ActionConfiguration]:314 in getTiming: [36mWARNING: [0mon-exchange-post action timing is deprecated. on-exchange-post will now revert to read-mapping-prior which performs the action before a write mapping and before the coupling update.
12: (0) 16:05:39 [config::ActionConfiguration]:314 in getTiming: [36mWARNING: [0mon-exchange-post action timing is deprecated. on-exchange-post will now revert to read-mapping-prior which performs the action before a write mapping and before the coupling update.
12: (0) 16:05:40 [m2n::M2NConfiguration]:161 in xmlTagCallback: [36mWARNING: [0mpreCICE was compiled with OpenMPI and configured to use <m2n:mpi />, which can cause issues in connection build-up. Consider switching to sockets if you encounter problems.
12: (0) 16:05:40 [m2n::M2NConfiguration]:161 in xmlTagCallback: [36mWARNING: [0mpreCICE was compiled with OpenMPI and configured to use <m2n:mpi />, which can cause issues in connection build-up. Consider switching to sockets if you encounter problems.
12: (0) 16:05:42 [config::ActionConfiguration]:314 in getTiming: [36mWARNING: [0mon-exchange-post action timing is deprecated. on-exchange-post will now revert to read-mapping-prior which performs the action before a write mapping and before the coupling update.
12: (0) 16:05:42 [config::ActionConfiguration]:314 in getTiming: [36mWARNING: [0mon-exchange-post action timing is deprecated. on-exchange-post will now revert to read-mapping-prior which performs the action before a write mapping and before the coupling update.
12: (0) 16:05:42 [config::ActionConfiguration]:314 in getTiming: [36mWARNING: [0mon-exchange-post action timing is deprecated. on-exchange-post will now revert to read-mapping-prior which performs the action before a write mapping and before the coupling update.
12: (0) 16:05:42 [config::ActionConfiguration]:314 in getTiming: [36mWARNING: [0mon-exchange-post action timing is deprecated. on-exchange-post will now revert to read-mapping-prior which performs the action before a write mapping and before the coupling update.
12: (0) 16:05:42 [config::ActionConfiguration]:314 in getTiming: [36mWARNING: [0mon-exchange-post action timing is deprecated. on-exchange-post will now revert to read-mapping-prior which performs the action before a write mapping and before the coupling update.
12: (0) 16:05:42 [config::ActionConfiguration]:314 in getTiming: [36mWARNING: [0mon-exchange-post action timing is deprecated. on-exchange-post will now revert to read-mapping-prior which performs the action before a write mapping and before the coupling update.
12: (0) 16:05:43 [m2n::M2NConfiguration]:161 in xmlTagCallback: [36mWARNING: [0mpreCICE was compiled with OpenMPI and configured to use <m2n:mpi />, which can cause issues in connection build-up. Consider switching to sockets if you encounter problems.
12: (0) 16:05:43 [m2n::M2NConfiguration]:161 in xmlTagCallback: [36mWARNING: [0mpreCICE was compiled with OpenMPI and configured to use <m2n:mpi />, which can cause issues in connection build-up. Consider switching to sockets if you encounter problems.
12: (0) 16:05:46 [config::ActionConfiguration]:306 in getTiming: [36mWARNING: [0mRegular-post action timing is deprecated. Regular-post will now revert to read-mapping-prior which performs the action after the coupling update and before a read mapping.
12: (0) 16:05:46 [config::ActionConfiguration]:306 in getTiming: [36mWARNING: [0mRegular-post action timing is deprecated. Regular-post will now revert to read-mapping-prior which performs the action after the coupling update and before a read mapping.
12: (0) 16:05:46 [config::ActionConfiguration]:306 in getTiming: [36mWARNING: [0mRegular-post action timing is deprecated. Regular-post will now revert to read-mapping-prior which performs the action after the coupling update and before a read mapping.
12: (0) 16:05:47 [mapping::NearestProjectionMapping]:101 in computeMapping: [36mWARNING: [0m2D Mesh "MeshOne" does not contain edges. Nearest projection mapping falls back to nearest neighbor mapping.
12: 
12: [1;32;49m*** No errors detected
12: [0;39;49m
12: [1;32;49m*** No errors detected
12: [0;39;49m(0) 16:05:48 [mapping::NearestProjectionMapping]:101 in computeMapping: [36mWARNING: [0m2D Mesh "MeshOne" does not contain edges. Nearest projection mapping falls back to nearest neighbor mapping.
12: 
12: [1;32;49m*** No errors detected
12: [0;39;49m
12: [1;32;49m*** No errors detected
12: [0;39;49m
12/22 Test #12: precice.serial ....................   Passed    8.74 sec
test 13
      Start 13: precice.parallel

13: Test command: /usr/sbin/mpiexec "-n" "4" "--oversubscribe" "/home/precice/precice-build/testprecice" "--run_test=PreciceTests/Parallel"
13: Environment variables: 
13:  PRECICE_ROOT=/home/precice/precice
13:  OMPI_MCA_rmaps_base_oversubscribe=1
13: Test timeout computed to be: 60
13: This test suite runs on rank 0 of 4
13: This test suite runs on rank 1 of 4
13: Running 23 test cases...
13: Running 23 test cases...
13: This test suite runs on rank 3 of 4
13: This test suite runs on rank 2 of 4
13: Running 23 test cases...
13: Running 23 test cases...
13: (1) 16:05:49 [acceleration::QRFactorization]:397 in orthogonalize: [36mWARNING: [0mMatrix Q is not sufficiently orthogonal. Failed to rorthogonalize new column after 4 iterations. New column will be discarded. The least-squares system is very bad conditioned and the quasi-Newton will most probably fail to converge.
13: (0) 16:05:49 [acceleration::QRFactorization]:397 in orthogonalize: [36mWARNING: [0mMatrix Q is not sufficiently orthogonal. Failed to rorthogonalize new column after 4 iterations. New column will be discarded. The least-squares system is very bad conditioned and the quasi-Newton will most probably fail to converge.
13: (1) 16:05:49 [acceleration::QRFactorization]:397 in orthogonalize: [36mWARNING: [0mMatrix Q is not sufficiently orthogonal. Failed to rorthogonalize new column after 4 iterations. New column will be discarded. The least-squares system is very bad conditioned and the quasi-Newton will most probably fail to converge.
13: (0) 16:05:49 [acceleration::QRFactorization]:397 in orthogonalize: [36mWARNING: [0mMatrix Q is not sufficiently orthogonal. Failed to rorthogonalize new column after 4 iterations. New column will be discarded. The least-squares system is very bad conditioned and the quasi-Newton will most probably fail to converge.
13: (0) 16:05:49 [acceleration::QRFactorization]:397 in orthogonalize: [36mWARNING: [0mMatrix Q is not sufficiently orthogonal. Failed to rorthogonalize new column after 4 iterations. New column will be discarded. The least-squares system is very bad conditioned and the quasi-Newton will most probably fail to converge.
13: (1) 16:05:49 [acceleration::QRFactorization]:397 in orthogonalize: [36mWARNING: [0mMatrix Q is not sufficiently orthogonal. Failed to rorthogonalize new column after 4 iterations. New column will be discarded. The least-squares system is very bad conditioned and the quasi-Newton will most probably fail to converge.
13: (1) 16:05:49 [acceleration::QRFactorization]:397 in orthogonalize: [36mWARNING: [0mMatrix Q is not sufficiently orthogonal. Failed to rorthogonalize new column after 4 iterations. New column will be discarded. The least-squares system is very bad conditioned and the quasi-Newton will most probably fail to converge.
13: (0) 16:05:49 [acceleration::QRFactorization]:397 in orthogonalize: [36mWARNING: [0mMatrix Q is not sufficiently orthogonal. Failed to rorthogonalize new column after 4 iterations. New column will be discarded. The least-squares system is very bad conditioned and the quasi-Newton will most probably fail to converge.
13: (1) 16:05:49 [acceleration::QRFactorization]:397 in orthogonalize: [36mWARNING: [0mMatrix Q is not sufficiently orthogonal. Failed to rorthogonalize new column after 4 iterations. New column will be discarded. The least-squares system is very bad conditioned and the quasi-Newton will most probably fail to converge.
13: (0) 16:05:49 [acceleration::QRFactorization]:397 in orthogonalize: [36mWARNING: [0mMatrix Q is not sufficiently orthogonal. Failed to rorthogonalize new column after 4 iterations. New column will be discarded. The least-squares system is very bad conditioned and the quasi-Newton will most probably fail to converge.
13: (0) 16:05:49 [acceleration::QRFactorization]:397 in orthogonalize: [36mWARNING: [0mMatrix Q is not sufficiently orthogonal. Failed to rorthogonalize new column after 4 iterations. New column will be discarded. The least-squares system is very bad conditioned and the quasi-Newton will most probably fail to converge.
13: (1) 16:05:49 [acceleration::QRFactorization]:397 in orthogonalize: [36mWARNING: [0mMatrix Q is not sufficiently orthogonal. Failed to rorthogonalize new column after 4 iterations. New column will be discarded. The least-squares system is very bad conditioned and the quasi-Newton will most probably fail to converge.
13: (0) 16:05:49 [acceleration::QRFactorization]:397 in orthogonalize: [36mWARNING: [0mMatrix Q is not sufficiently orthogonal. Failed to rorthogonalize new column after 4 iterations. New column will be discarded. The least-squares system is very bad conditioned and the quasi-Newton will most probably fail to converge.
13: (1) 16:05:49 [acceleration::QRFactorization]:397 in orthogonalize: [36mWARNING: [0mMatrix Q is not sufficiently orthogonal. Failed to rorthogonalize new column after 4 iterations. New column will be discarded. The least-squares system is very bad conditioned and the quasi-Newton will most probably fail to converge.
13: (0) 16:05:49 [acceleration::QRFactorization]:397 in orthogonalize: [36mWARNING: [0mMatrix Q is not sufficiently orthogonal. Failed to rorthogonalize new column after 4 iterations. New column will be discarded. The least-squares system is very bad conditioned and the quasi-Newton will most probably fail to converge.
13: (1) 16:05:49 [acceleration::QRFactorization]:397 in orthogonalize: [36mWARNING: [0mMatrix Q is not sufficiently orthogonal. Failed to rorthogonalize new column after 4 iterations. New column will be discarded. The least-squares system is very bad conditioned and the quasi-Newton will most probably fail to converge.
13: (0) 16:05:49 [acceleration::QRFactorization]:397 in orthogonalize: [36mWARNING: [0mMatrix Q is not sufficiently orthogonal. Failed to rorthogonalize new column after 4 iterations. New column will be discarded. The least-squares system is very bad conditioned and the quasi-Newton will most probably fail to converge.
13: (1) 16:05:49 [acceleration::QRFactorization]:397 in orthogonalize: [36mWARNING: [0mMatrix Q is not sufficiently orthogonal. Failed to rorthogonalize new column after 4 iterations. New column will be discarded. The least-squares system is very bad conditioned and the quasi-Newton will most probably fail to converge.
13: (0) 16:05:49 [acceleration::QRFactorization]:397 in orthogonalize: [36mWARNING: [0mMatrix Q is not sufficiently orthogonal. Failed to rorthogonalize new column after 4 iterations. New column will be discarded. The least-squares system is very bad conditioned and the quasi-Newton will most probably fail to converge.
13: (1) 16:05:49 [acceleration::QRFactorization]:397 in orthogonalize: [36mWARNING: [0mMatrix Q is not sufficiently orthogonal. Failed to rorthogonalize new column after 4 iterations. New column will be discarded. The least-squares system is very bad conditioned and the quasi-Newton will most probably fail to converge.
13: (0) 16:05:49 [acceleration::QRFactorization]:397 in orthogonalize: [36mWARNING: [0mMatrix Q is not sufficiently orthogonal. Failed to rorthogonalize new column after 4 iterations. New column will be discarded. The least-squares system is very bad conditioned and the quasi-Newton will most probably fail to converge.
13: (1) 16:05:49 [acceleration::QRFactorization]:397 in orthogonalize: [36mWARNING: [0mMatrix Q is not sufficiently orthogonal. Failed to rorthogonalize new column after 4 iterations. New column will be discarded. The least-squares system is very bad conditioned and the quasi-Newton will most probably fail to converge.
13: (0) 16:05:49 [acceleration::QRFactorization]:397 in orthogonalize: [36mWARNING: [0mMatrix Q is not sufficiently orthogonal. Failed to rorthogonalize new column after 4 iterations. New column will be discarded. The least-squares system is very bad conditioned and the quasi-Newton will most probably fail to converge.
13: (1) 16:05:49 [acceleration::QRFactorization]:397 in orthogonalize: [36mWARNING: [0mMatrix Q is not sufficiently orthogonal. Failed to rorthogonalize new column after 4 iterations. New column will be discarded. The least-squares system is very bad conditioned and the quasi-Newton will most probably fail to converge.
13: (0) 16:05:50 [acceleration::BaseQNAcceleration]:216 in updateDifferenceMatrices: [36mWARNING: [0mThe number of columns in the least squares system exceeded half the number of unknowns at the interface. The system will probably become bad or ill-conditioned and the quasi-Newton acceleration may not converge. Maybe the number of allowed columns ("max-used-iterations") should be limited.
13: (1) 16:05:50 [acceleration::BaseQNAcceleration]:216 in updateDifferenceMatrices: [36mWARNING: [0mThe number of columns in the least squares system exceeded half the number of unknowns at the interface. The system will probably become bad or ill-conditioned and the quasi-Newton acceleration may not converge. Maybe the number of allowed columns ("max-used-iterations") should be limited.
13: (1) 16:05:50 [acceleration::QRFactorization]:397 in orthogonalize: [36mWARNING: [0mMatrix Q is not sufficiently orthogonal. Failed to rorthogonalize new column after 4 iterations. New column will be discarded. The least-squares system is very bad conditioned and the quasi-Newton will most probably fail to converge.
13: (0) 16:05:50 [acceleration::QRFactorization]:397 in orthogonalize: [36mWARNING: [0mMatrix Q is not sufficiently orthogonal. Failed to rorthogonalize new column after 4 iterations. New column will be discarded. The least-squares system is very bad conditioned and the quasi-Newton will most probably fail to converge.
13: (1) 16:05:50 [acceleration::BaseQNAcceleration]:216 in updateDifferenceMatrices: [36mWARNING: [0mThe number of columns in the least squares system exceeded half the number of unknowns at the interface. The system will probably become bad or ill-conditioned and the quasi-Newton acceleration may not converge. Maybe the number of allowed columns ("max-used-iterations") should be limited.
13: (0) 16:05:50 [acceleration::BaseQNAcceleration]:216 in updateDifferenceMatrices: [36mWARNING: [0mThe number of columns in the least squares system exceeded half the number of unknowns at the interface. The system will probably become bad or ill-conditioned and the quasi-Newton acceleration may not converge. Maybe the number of allowed columns ("max-used-iterations") should be limited.
13: (0) 16:05:50 [acceleration::QRFactorization]:397 in orthogonalize: [36mWARNING: [0mMatrix Q is not sufficiently orthogonal. Failed to rorthogonalize new column after 4 iterations. New column will be discarded. The least-squares system is very bad conditioned and the quasi-Newton will most probably fail to converge.
13: (1) 16:05:50 [acceleration::QRFactorization]:397 in orthogonalize: [36mWARNING: [0mMatrix Q is not sufficiently orthogonal. Failed to rorthogonalize new column after 4 iterations. New column will be discarded. The least-squares system is very bad conditioned and the quasi-Newton will most probably fail to converge.
13: (0) 16:05:50 [acceleration::QRFactorization]:397 in orthogonalize: [36mWARNING: [0mMatrix Q is not sufficiently orthogonal. Failed to rorthogonalize new column after 4 iterations. New column will be discarded. The least-squares system is very bad conditioned and the quasi-Newton will most probably fail to converge.
13: (1) 16:05:50 [acceleration::QRFactorization]:397 in orthogonalize: [36mWARNING: [0mMatrix Q is not sufficiently orthogonal. Failed to rorthogonalize new column after 4 iterations. New column will be discarded. The least-squares system is very bad conditioned and the quasi-Newton will most probably fail to converge.
13: (0) 16:05:50 [acceleration::BaseQNAcceleration]:216 in updateDifferenceMatrices: [36mWARNING: [0mThe number of columns in the least squares system exceeded half the number of unknowns at the interface. The system will probably become bad or ill-conditioned and the quasi-Newton acceleration may not converge. Maybe the number of allowed columns ("max-used-iterations") should be limited.
13: (1) 16:05:50 [acceleration::BaseQNAcceleration]:216 in updateDifferenceMatrices: [36mWARNING: [0mThe number of columns in the least squares system exceeded half the number of unknowns at the interface. The system will probably become bad or ill-conditioned and the quasi-Newton acceleration may not converge. Maybe the number of allowed columns ("max-used-iterations") should be limited.
13: (0) 16:05:50 [acceleration::QRFactorization]:397 in orthogonalize: [36mWARNING: [0mMatrix Q is not sufficiently orthogonal. Failed to rorthogonalize new column after 4 iterations. New column will be discarded. The least-squares system is very bad conditioned and the quasi-Newton will most probably fail to converge.
13: (1) 16:05:50 [acceleration::QRFactorization]:397 in orthogonalize: [36mWARNING: [0mMatrix Q is not sufficiently orthogonal. Failed to rorthogonalize new column after 4 iterations. New column will be discarded. The least-squares system is very bad conditioned and the quasi-Newton will most probably fail to converge.
13: (0) 16:05:50 [acceleration::QRFactorization]:397 in orthogonalize: [36mWARNING: [0mMatrix Q is not sufficiently orthogonal. Failed to rorthogonalize new column after 4 iterations. New column will be discarded. The least-squares system is very bad conditioned and the quasi-Newton will most probably fail to converge.
13: (1) 16:05:50 [acceleration::QRFactorization]:397 in orthogonalize: [36mWARNING: [0mMatrix Q is not sufficiently orthogonal. Failed to rorthogonalize new column after 4 iterations. New column will be discarded. The least-squares system is very bad conditioned and the quasi-Newton will most probably fail to converge.
13: (0) 16:05:50 [acceleration::BaseQNAcceleration]:216 in updateDifferenceMatrices: [36mWARNING: [0mThe number of columns in the least squares system exceeded half the number of unknowns at the interface. The system will probably become bad or ill-conditioned and the quasi-Newton acceleration may not converge. Maybe the number of allowed columns ("max-used-iterations") should be limited.
13: (1) 16:05:50 [acceleration::BaseQNAcceleration]:216 in updateDifferenceMatrices: [36mWARNING: [0mThe number of columns in the least squares system exceeded half the number of unknowns at the interface. The system will probably become bad or ill-conditioned and the quasi-Newton acceleration may not converge. Maybe the number of allowed columns ("max-used-iterations") should be limited.
13: (0) 16:05:50 [acceleration::QRFactorization]:397 in orthogonalize: [36mWARNING: [0mMatrix Q is not sufficiently orthogonal. Failed to rorthogonalize new column after 4 iterations. New column will be discarded. The least-squares system is very bad conditioned and the quasi-Newton will most probably fail to converge.
13: (1) 16:05:50 [acceleration::QRFactorization]:397 in orthogonalize: [36mWARNING: [0mMatrix Q is not sufficiently orthogonal. Failed to rorthogonalize new column after 4 iterations. New column will be discarded. The least-squares system is very bad conditioned and the quasi-Newton will most probably fail to converge.
13: (0) 16:05:50 [acceleration::BaseQNAcceleration]:216 in updateDifferenceMatrices: [36mWARNING: [0mThe number of columns in the least squares system exceeded half the number of unknowns at the interface. The system will probably become bad or ill-conditioned and the quasi-Newton acceleration may not converge. Maybe the number of allowed columns ("max-used-iterations") should be limited.
13: (1) 16:05:50 [acceleration::BaseQNAcceleration]:216 in updateDifferenceMatrices: [36mWARNING: [0mThe number of columns in the least squares system exceeded half the number of unknowns at the interface. The system will probably become bad or ill-conditioned and the quasi-Newton acceleration may not converge. Maybe the number of allowed columns ("max-used-iterations") should be limited.
13: (0) 16:05:50 [acceleration::QRFactorization]:397 in orthogonalize: [36mWARNING: [0mMatrix Q is not sufficiently orthogonal. Failed to rorthogonalize new column after 4 iterations. New column will be discarded. The least-squares system is very bad conditioned and the quasi-Newton will most probably fail to converge.
13: (1) 16:05:50 [acceleration::QRFactorization]:397 in orthogonalize: [36mWARNING: [0mMatrix Q is not sufficiently orthogonal. Failed to rorthogonalize new column after 4 iterations. New column will be discarded. The least-squares system is very bad conditioned and the quasi-Newton will most probably fail to converge.
13: (0) 16:05:50 [acceleration::BaseQNAcceleration]:216 in updateDifferenceMatrices: [36mWARNING: [0mThe number of columns in the least squares system exceeded half the number of unknowns at the interface. The system will probably become bad or ill-conditioned and the quasi-Newton acceleration may not converge. Maybe the number of allowed columns ("max-used-iterations") should be limited.
13: (1) 16:05:50 [acceleration::BaseQNAcceleration]:216 in updateDifferenceMatrices: [36mWARNING: [0mThe number of columns in the least squares system exceeded half the number of unknowns at the interface. The system will probably become bad or ill-conditioned and the quasi-Newton acceleration may not converge. Maybe the number of allowed columns ("max-used-iterations") should be limited.
13: (0) 16:05:50 [acceleration::BaseQNAcceleration]:216 in updateDifferenceMatrices: [36mWARNING: [0mThe number of columns in the least squares system exceeded half the number of unknowns at the interface. The system will probably become bad or ill-conditioned and the quasi-Newton acceleration may not converge. Maybe the number of allowed columns ("max-used-iterations") should be limited.
13: (1) 16:05:50 [acceleration::BaseQNAcceleration]:216 in updateDifferenceMatrices: [36mWARNING: [0mThe number of columns in the least squares system exceeded half the number of unknowns at the interface. The system will probably become bad or ill-conditioned and the quasi-Newton acceleration may not converge. Maybe the number of allowed columns ("max-used-iterations") should be limited.
13: (0) 16:05:50 [acceleration::QRFactorization]:397 in orthogonalize: [36mWARNING: [0mMatrix Q is not sufficiently orthogonal. Failed to rorthogonalize new column after 4 iterations. New column will be discarded. The least-squares system is very bad conditioned and the quasi-Newton will most probably fail to converge.
13: (1) 16:05:50 [acceleration::QRFactorization]:397 in orthogonalize: [36mWARNING: [0mMatrix Q is not sufficiently orthogonal. Failed to rorthogonalize new column after 4 iterations. New column will be discarded. The least-squares system is very bad conditioned and the quasi-Newton will most probably fail to converge.
13: (0) 16:05:50 [acceleration::BaseQNAcceleration]:216 in updateDifferenceMatrices: [36mWARNING: [0mThe number of columns in the least squares system exceeded half the number of unknowns at the interface. The system will probably become bad or ill-conditioned and the quasi-Newton acceleration may not converge. Maybe the number of allowed columns ("max-used-iterations") should be limited.
13: (1) 16:05:50 [acceleration::BaseQNAcceleration]:216 in updateDifferenceMatrices: [36mWARNING: [0mThe number of columns in the least squares system exceeded half the number of unknowns at the interface. The system will probably become bad or ill-conditioned and the quasi-Newton acceleration may not converge. Maybe the number of allowed columns ("max-used-iterations") should be limited.
13: (0) 16:05:50 [acceleration::QRFactorization]:397 in orthogonalize: [36mWARNING: [0mMatrix Q is not sufficiently orthogonal. Failed to rorthogonalize new column after 4 iterations. New column will be discarded. The least-squares system is very bad conditioned and the quasi-Newton will most probably fail to converge.
13: (1) 16:05:50 [acceleration::QRFactorization]:397 in orthogonalize: [36mWARNING: [0mMatrix Q is not sufficiently orthogonal. Failed to rorthogonalize new column after 4 iterations. New column will be discarded. The least-squares system is very bad conditioned and the quasi-Newton will most probably fail to converge.
13: (0) 16:05:50 [acceleration::QRFactorization]:397 in orthogonalize: [36mWARNING: [0mMatrix Q is not sufficiently orthogonal. Failed to rorthogonalize new column after 4 iterations. New column will be discarded. The least-squares system is very bad conditioned and the quasi-Newton will most probably fail to converge.
13: (1) 16:05:50 [acceleration::QRFactorization]:397 in orthogonalize: [36mWARNING: [0mMatrix Q is not sufficiently orthogonal. Failed to rorthogonalize new column after 4 iterations. New column will be discarded. The least-squares system is very bad conditioned and the quasi-Newton will most probably fail to converge.
13: (0) 16:05:50 [acceleration::BaseQNAcceleration]:216 in updateDifferenceMatrices: [36mWARNING: [0mThe number of columns in the least squares system exceeded half the number of unknowns at the interface. The system will probably become bad or ill-conditioned and the quasi-Newton acceleration may not converge. Maybe the number of allowed columns ("max-used-iterations") should be limited.
13: (1) 16:05:50 [acceleration::BaseQNAcceleration]:216 in updateDifferenceMatrices: [36mWARNING: [0mThe number of columns in the least squares system exceeded half the number of unknowns at the interface. The system will probably become bad or ill-conditioned and the quasi-Newton acceleration may not converge. Maybe the number of allowed columns ("max-used-iterations") should be limited.
13: (0) 16:05:50 [acceleration::QRFactorization]:397 in orthogonalize: [36mWARNING: [0mMatrix Q is not sufficiently orthogonal. Failed to rorthogonalize new column after 4 iterations. New column will be discarded. The least-squares system is very bad conditioned and the quasi-Newton will most probably fail to converge.
13: (1) 16:05:50 [acceleration::QRFactorization]:397 in orthogonalize: [36mWARNING: [0mMatrix Q is not sufficiently orthogonal. Failed to rorthogonalize new column after 4 iterations. New column will be discarded. The least-squares system is very bad conditioned and the quasi-Newton will most probably fail to converge.
13: (1) 16:05:50 [acceleration::QRFactorization]:397 in orthogonalize: [36mWARNING: [0mMatrix Q is not sufficiently orthogonal. Failed to rorthogonalize new column after 4 iterations. New column will be discarded. The least-squares system is very bad conditioned and the quasi-Newton will most probably fail to converge.
13: (0) 16:05:50 [acceleration::QRFactorization]:397 in orthogonalize: [36mWARNING: [0mMatrix Q is not sufficiently orthogonal. Failed to rorthogonalize new column after 4 iterations. New column will be discarded. The least-squares system is very bad conditioned and the quasi-Newton will most probably fail to converge.
13: (1) 16:05:50 [acceleration::BaseQNAcceleration]:216 in updateDifferenceMatrices: [36mWARNING: [0mThe number of columns in the least squares system exceeded half the number of unknowns at the interface. The system will probably become bad or ill-conditioned and the quasi-Newton acceleration may not converge. Maybe the number of allowed columns ("max-used-iterations") should be limited.
13: (0) 16:05:50 [acceleration::BaseQNAcceleration]:216 in updateDifferenceMatrices: [36mWARNING: [0mThe number of columns in the least squares system exceeded half the number of unknowns at the interface. The system will probably become bad or ill-conditioned and the quasi-Newton acceleration may not converge. Maybe the number of allowed columns ("max-used-iterations") should be limited.
13: (1) 16:05:50 [acceleration::QRFactorization]:397 in orthogonalize: [36mWARNING: [0mMatrix Q is not sufficiently orthogonal. Failed to rorthogonalize new column after 4 iterations. New column will be discarded. The least-squares system is very bad conditioned and the quasi-Newton will most probably fail to converge.
13: (0) 16:05:50 [acceleration::QRFactorization]:397 in orthogonalize: [36mWARNING: [0mMatrix Q is not sufficiently orthogonal. Failed to rorthogonalize new column after 4 iterations. New column will be discarded. The least-squares system is very bad conditioned and the quasi-Newton will most probably fail to converge.
13: (0) 16:05:50 [acceleration::BaseQNAcceleration]:216 in updateDifferenceMatrices: [36mWARNING: [0mThe number of columns in the least squares system exceeded half the number of unknowns at the interface. The system will probably become bad or ill-conditioned and the quasi-Newton acceleration may not converge. Maybe the number of allowed columns ("max-used-iterations") should be limited.
13: (1) 16:05:50 [acceleration::BaseQNAcceleration]:216 in updateDifferenceMatrices: [36mWARNING: [0mThe number of columns in the least squares system exceeded half the number of unknowns at the interface. The system will probably become bad or ill-conditioned and the quasi-Newton acceleration may not converge. Maybe the number of allowed columns ("max-used-iterations") should be limited.
13: (0) 16:05:50 [acceleration::QRFactorization]:397 in orthogonalize: [36mWARNING: [0mMatrix Q is not sufficiently orthogonal. Failed to rorthogonalize new column after 4 iterations. New column will be discarded. The least-squares system is very bad conditioned and the quasi-Newton will most probably fail to converge.
13: (1) 16:05:50 [acceleration::QRFactorization]:397 in orthogonalize: [36mWARNING: [0mMatrix Q is not sufficiently orthogonal. Failed to rorthogonalize new column after 4 iterations. New column will be discarded. The least-squares system is very bad conditioned and the quasi-Newton will most probably fail to converge.
13: (1) 16:05:50 [acceleration::QRFactorization]:397 in orthogonalize: [36mWARNING: [0mMatrix Q is not sufficiently orthogonal. Failed to rorthogonalize new column after 4 iterations. New column will be discarded. The least-squares system is very bad conditioned and the quasi-Newton will most probably fail to converge.
13: (0) 16:05:50 [acceleration::QRFactorization]:397 in orthogonalize: [36mWARNING: [0mMatrix Q is not sufficiently orthogonal. Failed to rorthogonalize new column after 4 iterations. New column will be discarded. The least-squares system is very bad conditioned and the quasi-Newton will most probably fail to converge.
13: (1) 16:05:50 [acceleration::QRFactorization]:397 in orthogonalize: [36mWARNING: [0mMatrix Q is not sufficiently orthogonal. Failed to rorthogonalize new column after 4 iterations. New column will be discarded. The least-squares system is very bad conditioned and the quasi-Newton will most probably fail to converge.
13: (0) 16:05:50 [acceleration::QRFactorization]:397 in orthogonalize: [36mWARNING: [0mMatrix Q is not sufficiently orthogonal. Failed to rorthogonalize new column after 4 iterations. New column will be discarded. The least-squares system is very bad conditioned and the quasi-Newton will most probably fail to converge.
13: (1) 16:05:50 [acceleration::QRFactorization]:397 in orthogonalize: [36mWARNING: [0mMatrix Q is not sufficiently orthogonal. Failed to rorthogonalize new column after 4 iterations. New column will be discarded. The least-squares system is very bad conditioned and the quasi-Newton will most probably fail to converge.
13: (0) 16:05:50 [acceleration::QRFactorization]:397 in orthogonalize: [36mWARNING: [0mMatrix Q is not sufficiently orthogonal. Failed to rorthogonalize new column after 4 iterations. New column will be discarded. The least-squares system is very bad conditioned and the quasi-Newton will most probably fail to converge.
13: (1) 16:05:50 [acceleration::QRFactorization]:397 in orthogonalize: [36mWARNING: [0mMatrix Q is not sufficiently orthogonal. Failed to rorthogonalize new column after 4 iterations. New column will be discarded. The least-squares system is very bad conditioned and the quasi-Newton will most probably fail to converge.
13: (0) 16:05:50 [acceleration::QRFactorization]:397 in orthogonalize: [36mWARNING: [0mMatrix Q is not sufficiently orthogonal. Failed to rorthogonalize new column after 4 iterations. New column will be discarded. The least-squares system is very bad conditioned and the quasi-Newton will most probably fail to converge.
13: (1) 16:05:50 [acceleration::QRFactorization]:397 in orthogonalize: [36mWARNING: [0mMatrix Q is not sufficiently orthogonal. Failed to rorthogonalize new column after 4 iterations. New column will be discarded. The least-squares system is very bad conditioned and the quasi-Newton will most probably fail to converge.
13: (0) 16:05:50 [acceleration::QRFactorization]:397 in orthogonalize: [36mWARNING: [0mMatrix Q is not sufficiently orthogonal. Failed to rorthogonalize new column after 4 iterations. New column will be discarded. The least-squares system is very bad conditioned and the quasi-Newton will most probably fail to converge.
13: (1) 16:05:50 [acceleration::QRFactorization]:397 in orthogonalize: [36mWARNING: [0mMatrix Q is not sufficiently orthogonal. Failed to rorthogonalize new column after 4 iterations. New column will be discarded. The least-squares system is very bad conditioned and the quasi-Newton will most probably fail to converge.
13: (0) 16:05:50 [acceleration::QRFactorization]:397 in orthogonalize: [36mWARNING: [0mMatrix Q is not sufficiently orthogonal. Failed to rorthogonalize new column after 4 iterations. New column will be discarded. The least-squares system is very bad conditioned and the quasi-Newton will most probably fail to converge.
13: (1) 16:05:50 [acceleration::QRFactorization]:397 in orthogonalize: [36mWARNING: [0mMatrix Q is not sufficiently orthogonal. Failed to rorthogonalize new column after 4 iterations. New column will be discarded. The least-squares system is very bad conditioned and the quasi-Newton will most probably fail to converge.
13: (0) 16:05:50 [acceleration::QRFactorization]:397 in orthogonalize: [36mWARNING: [0mMatrix Q is not sufficiently orthogonal. Failed to rorthogonalize new column after 4 iterations. New column will be discarded. The least-squares system is very bad conditioned and the quasi-Newton will most probably fail to converge.
13: (1) 16:05:50 [acceleration::QRFactorization]:397 in orthogonalize: [36mWARNING: [0mMatrix Q is not sufficiently orthogonal. Failed to rorthogonalize new column after 4 iterations. New column will be discarded. The least-squares system is very bad conditioned and the quasi-Newton will most probably fail to converge.
13: (0) 16:05:50 [acceleration::QRFactorization]:397 in orthogonalize: [36mWARNING: [0mMatrix Q is not sufficiently orthogonal. Failed to rorthogonalize new column after 4 iterations. New column will be discarded. The least-squares system is very bad conditioned and the quasi-Newton will most probably fail to converge.
13: (1) 16:05:51 [acceleration::BaseQNAcceleration]:216 in updateDifferenceMatrices: [36mWARNING: [0mThe number of columns in the least squares system exceeded half the number of unknowns at the interface. The system will probably become bad or ill-conditioned and the quasi-Newton acceleration may not converge. Maybe the number of allowed columns ("max-used-iterations") should be limited.
13: (0) 16:05:51 [acceleration::BaseQNAcceleration]:216 in updateDifferenceMatrices: [36mWARNING: [0mThe number of columns in the least squares system exceeded half the number of unknowns at the interface. The system will probably become bad or ill-conditioned and the quasi-Newton acceleration may not converge. Maybe the number of allowed columns ("max-used-iterations") should be limited.
13: (0) 16:05:51 [acceleration::QRFactorization]:397 in orthogonalize: [36mWARNING: [0mMatrix Q is not sufficiently orthogonal. Failed to rorthogonalize new column after 4 iterations. New column will be discarded. The least-squares system is very bad conditioned and the quasi-Newton will most probably fail to converge.
13: (1) 16:05:51 [acceleration::QRFactorization]:397 in orthogonalize: [36mWARNING: [0mMatrix Q is not sufficiently orthogonal. Failed to rorthogonalize new column after 4 iterations. New column will be discarded. The least-squares system is very bad conditioned and the quasi-Newton will most probably fail to converge.
13: (0) 16:05:51 [acceleration::QRFactorization]:397 in orthogonalize: [36mWARNING: [0mMatrix Q is not sufficiently orthogonal. Failed to rorthogonalize new column after 4 iterations. New column will be discarded. The least-squares system is very bad conditioned and the quasi-Newton will most probably fail to converge.
13: (1) 16:05:51 [acceleration::QRFactorization]:397 in orthogonalize: [36mWARNING: [0mMatrix Q is not sufficiently orthogonal. Failed to rorthogonalize new column after 4 iterations. New column will be discarded. The least-squares system is very bad conditioned and the quasi-Newton will most probably fail to converge.
13: (0) 16:05:51 [acceleration::BaseQNAcceleration]:216 in updateDifferenceMatrices: [36mWARNING: [0mThe number of columns in the least squares system exceeded half the number of unknowns at the interface. The system will probably become bad or ill-conditioned and the quasi-Newton acceleration may not converge. Maybe the number of allowed columns ("max-used-iterations") should be limited.
13: (1) 16:05:51 [acceleration::BaseQNAcceleration]:216 in updateDifferenceMatrices: [36mWARNING: [0mThe number of columns in the least squares system exceeded half the number of unknowns at the interface. The system will probably become bad or ill-conditioned and the quasi-Newton acceleration may not converge. Maybe the number of allowed columns ("max-used-iterations") should be limited.
13: (0) 16:05:51 [acceleration::QRFactorization]:397 in orthogonalize: [36mWARNING: [0mMatrix Q is not sufficiently orthogonal. Failed to rorthogonalize new column after 4 iterations. New column will be discarded. The least-squares system is very bad conditioned and the quasi-Newton will most probably fail to converge.
13: (1) 16:05:51 [acceleration::QRFactorization]:397 in orthogonalize: [36mWARNING: [0mMatrix Q is not sufficiently orthogonal. Failed to rorthogonalize new column after 4 iterations. New column will be discarded. The least-squares system is very bad conditioned and the quasi-Newton will most probably fail to converge.
13: (1) 16:05:51 [acceleration::QRFactorization]:397 in orthogonalize: [36mWARNING: [0mMatrix Q is not sufficiently orthogonal. Failed to rorthogonalize new column after 4 iterations. New column will be discarded. The least-squares system is very bad conditioned and the quasi-Newton will most probably fail to converge.
13: (0) 16:05:51 [acceleration::QRFactorization]:397 in orthogonalize: [36mWARNING: [0mMatrix Q is not sufficiently orthogonal. Failed to rorthogonalize new column after 4 iterations. New column will be discarded. The least-squares system is very bad conditioned and the quasi-Newton will most probably fail to converge.
13: (1) 16:05:51 [acceleration::BaseQNAcceleration]:216 in updateDifferenceMatrices: [36mWARNING: [0mThe number of columns in the least squares system exceeded half the number of unknowns at the interface. The system will probably become bad or ill-conditioned and the quasi-Newton acceleration may not converge. Maybe the number of allowed columns ("max-used-iterations") should be limited.
13: (0) 16:05:51 [acceleration::BaseQNAcceleration]:216 in updateDifferenceMatrices: [36mWARNING: [0mThe number of columns in the least squares system exceeded half the number of unknowns at the interface. The system will probably become bad or ill-conditioned and the quasi-Newton acceleration may not converge. Maybe the number of allowed columns ("max-used-iterations") should be limited.
13: (1) 16:05:51 [acceleration::QRFactorization]:397 in orthogonalize: [36mWARNING: [0mMatrix Q is not sufficiently orthogonal. Failed to rorthogonalize new column after 4 iterations. New column will be discarded. The least-squares system is very bad conditioned and the quasi-Newton will most probably fail to converge.
13: (0) 16:05:51 [acceleration::QRFactorization]:397 in orthogonalize: [36mWARNING: [0mMatrix Q is not sufficiently orthogonal. Failed to rorthogonalize new column after 4 iterations. New column will be discarded. The least-squares system is very bad conditioned and the quasi-Newton will most probably fail to converge.
13: (0) 16:05:51 [acceleration::BaseQNAcceleration]:216 in updateDifferenceMatrices: [36mWARNING: [0mThe number of columns in the least squares system exceeded half the number of unknowns at the interface. The system will probably become bad or ill-conditioned and the quasi-Newton acceleration may not converge. Maybe the number of allowed columns ("max-used-iterations") should be limited.
13: (1) 16:05:51 [acceleration::BaseQNAcceleration]:216 in updateDifferenceMatrices: [36mWARNING: [0mThe number of columns in the least squares system exceeded half the number of unknowns at the interface. The system will probably become bad or ill-conditioned and the quasi-Newton acceleration may not converge. Maybe the number of allowed columns ("max-used-iterations") should be limited.
13: (0) 16:05:51 [acceleration::QRFactorization]:397 in orthogonalize: [36mWARNING: [0mMatrix Q is not sufficiently orthogonal. Failed to rorthogonalize new column after 4 iterations. New column will be discarded. The least-squares system is very bad conditioned and the quasi-Newton will most probably fail to converge.
13: (1) 16:05:51 [acceleration::QRFactorization]:397 in orthogonalize: [36mWARNING: [0mMatrix Q is not sufficiently orthogonal. Failed to rorthogonalize new column after 4 iterations. New column will be discarded. The least-squares system is very bad conditioned and the quasi-Newton will most probably fail to converge.
13: (0) 16:05:51 [acceleration::BaseQNAcceleration]:216 in updateDifferenceMatrices: [36mWARNING: [0mThe number of columns in the least squares system exceeded half the number of unknowns at the interface. The system will probably become bad or ill-conditioned and the quasi-Newton acceleration may not converge. Maybe the number of allowed columns ("max-used-iterations") should be limited.
13: (1) 16:05:51 [acceleration::BaseQNAcceleration]:216 in updateDifferenceMatrices: [36mWARNING: [0mThe number of columns in the least squares system exceeded half the number of unknowns at the interface. The system will probably become bad or ill-conditioned and the quasi-Newton acceleration may not converge. Maybe the number of allowed columns ("max-used-iterations") should be limited.
13: (0) 16:05:51 [acceleration::QRFactorization]:397 in orthogonalize: [36mWARNING: [0mMatrix Q is not sufficiently orthogonal. Failed to rorthogonalize new column after 4 iterations. New column will be discarded. The least-squares system is very bad conditioned and the quasi-Newton will most probably fail to converge.
13: (1) 16:05:51 [acceleration::QRFactorization]:397 in orthogonalize: [36mWARNING: [0mMatrix Q is not sufficiently orthogonal. Failed to rorthogonalize new column after 4 iterations. New column will be discarded. The least-squares system is very bad conditioned and the quasi-Newton will most probably fail to converge.
13: (0) 16:05:51 [acceleration::BaseQNAcceleration]:216 in updateDifferenceMatrices: [36mWARNING: [0mThe number of columns in the least squares system exceeded half the number of unknowns at the interface. The system will probably become bad or ill-conditioned and the quasi-Newton acceleration may not converge. Maybe the number of allowed columns ("max-used-iterations") should be limited.
13: (1) 16:05:51 [acceleration::BaseQNAcceleration]:216 in updateDifferenceMatrices: [36mWARNING: [0mThe number of columns in the least squares system exceeded half the number of unknowns at the interface. The system will probably become bad or ill-conditioned and the quasi-Newton acceleration may not converge. Maybe the number of allowed columns ("max-used-iterations") should be limited.
13: (0) 16:05:51 [acceleration::QRFactorization]:397 in orthogonalize: [36mWARNING: [0mMatrix Q is not sufficiently orthogonal. Failed to rorthogonalize new column after 4 iterations. New column will be discarded. The least-squares system is very bad conditioned and the quasi-Newton will most probably fail to converge.
13: (1) 16:05:51 [acceleration::QRFactorization]:397 in orthogonalize: [36mWARNING: [0mMatrix Q is not sufficiently orthogonal. Failed to rorthogonalize new column after 4 iterations. New column will be discarded. The least-squares system is very bad conditioned and the quasi-Newton will most probably fail to converge.
13: (0) 16:05:51 [acceleration::BaseQNAcceleration]:216 in updateDifferenceMatrices: [36mWARNING: [0mThe number of columns in the least squares system exceeded half the number of unknowns at the interface. The system will probably become bad or ill-conditioned and the quasi-Newton acceleration may not converge. Maybe the number of allowed columns ("max-used-iterations") should be limited.
13: (1) 16:05:51 [acceleration::BaseQNAcceleration]:216 in updateDifferenceMatrices: [36mWARNING: [0mThe number of columns in the least squares system exceeded half the number of unknowns at the interface. The system will probably become bad or ill-conditioned and the quasi-Newton acceleration may not converge. Maybe the number of allowed columns ("max-used-iterations") should be limited.
13: (0) 16:05:51 [acceleration::QRFactorization]:397 in orthogonalize: [36mWARNING: [0mMatrix Q is not sufficiently orthogonal. Failed to rorthogonalize new column after 4 iterations. New column will be discarded. The least-squares system is very bad conditioned and the quasi-Newton will most probably fail to converge.
13: (1) 16:05:51 [acceleration::QRFactorization]:397 in orthogonalize: [36mWARNING: [0mMatrix Q is not sufficiently orthogonal. Failed to rorthogonalize new column after 4 iterations. New column will be discarded. The least-squares system is very bad conditioned and the quasi-Newton will most probably fail to converge.
13: (0) 16:05:51 [acceleration::QRFactorization]:397 in orthogonalize: [36mWARNING: [0mMatrix Q is not sufficiently orthogonal. Failed to rorthogonalize new column after 4 iterations. New column will be discarded. The least-squares system is very bad conditioned and the quasi-Newton will most probably fail to converge.
13: (1) 16:05:51 [acceleration::QRFactorization]:397 in orthogonalize: [36mWARNING: [0mMatrix Q is not sufficiently orthogonal. Failed to rorthogonalize new column after 4 iterations. New column will be discarded. The least-squares system is very bad conditioned and the quasi-Newton will most probably fail to converge.
13: (0) 16:05:51 [acceleration::QRFactorization]:397 in orthogonalize: [36mWARNING: [0mMatrix Q is not sufficiently orthogonal. Failed to rorthogonalize new column after 4 iterations. New column will be discarded. The least-squares system is very bad conditioned and the quasi-Newton will most probably fail to converge.
13: (1) 16:05:51 [acceleration::QRFactorization]:397 in orthogonalize: [36mWARNING: [0mMatrix Q is not sufficiently orthogonal. Failed to rorthogonalize new column after 4 iterations. New column will be discarded. The least-squares system is very bad conditioned and the quasi-Newton will most probably fail to converge.
13: (0) 16:05:51 [acceleration::QRFactorization]:397 in orthogonalize: [36mWARNING: [0mMatrix Q is not sufficiently orthogonal. Failed to rorthogonalize new column after 4 iterations. New column will be discarded. The least-squares system is very bad conditioned and the quasi-Newton will most probably fail to converge.
13: (1) 16:05:51 [acceleration::QRFactorization]:397 in orthogonalize: [36mWARNING: [0mMatrix Q is not sufficiently orthogonal. Failed to rorthogonalize new column after 4 iterations. New column will be discarded. The least-squares system is very bad conditioned and the quasi-Newton will most probably fail to converge.
13: (1) 16:05:51 [acceleration::QRFactorization]:397 in orthogonalize: [36mWARNING: [0mMatrix Q is not sufficiently orthogonal. Failed to rorthogonalize new column after 4 iterations. New column will be discarded. The least-squares system is very bad conditioned and the quasi-Newton will most probably fail to converge.
13: (0) 16:05:51 [acceleration::QRFactorization]:397 in orthogonalize: [36mWARNING: [0mMatrix Q is not sufficiently orthogonal. Failed to rorthogonalize new column after 4 iterations. New column will be discarded. The least-squares system is very bad conditioned and the quasi-Newton will most probably fail to converge.
13: (1) 16:05:51 [acceleration::QRFactorization]:397 in orthogonalize: [36mWARNING: [0mMatrix Q is not sufficiently orthogonal. Failed to rorthogonalize new column after 4 iterations. New column will be discarded. The least-squares system is very bad conditioned and the quasi-Newton will most probably fail to converge.
13: (0) 16:05:51 [acceleration::QRFactorization]:397 in orthogonalize: [36mWARNING: [0mMatrix Q is not sufficiently orthogonal. Failed to rorthogonalize new column after 4 iterations. New column will be discarded. The least-squares system is very bad conditioned and the quasi-Newton will most probably fail to converge.
13: (1) 16:05:51 [acceleration::QRFactorization]:397 in orthogonalize: [36mWARNING: [0mMatrix Q is not sufficiently orthogonal. Failed to rorthogonalize new column after 4 iterations. New column will be discarded. The least-squares system is very bad conditioned and the quasi-Newton will most probably fail to converge.
13: (0) 16:05:51 [acceleration::QRFactorization]:397 in orthogonalize: [36mWARNING: [0mMatrix Q is not sufficiently orthogonal. Failed to rorthogonalize new column after 4 iterations. New column will be discarded. The least-squares system is very bad conditioned and the quasi-Newton will most probably fail to converge.
13: (1) 16:05:51 [acceleration::QRFactorization]:397 in orthogonalize: [36mWARNING: [0mMatrix Q is not sufficiently orthogonal. Failed to rorthogonalize new column after 4 iterations. New column will be discarded. The least-squares system is very bad conditioned and the quasi-Newton will most probably fail to converge.
13: (0) 16:05:51 [acceleration::QRFactorization]:397 in orthogonalize: [36mWARNING: [0mMatrix Q is not sufficiently orthogonal. Failed to rorthogonalize new column after 4 iterations. New column will be discarded. The least-squares system is very bad conditioned and the quasi-Newton will most probably fail to converge.
13: (1) 16:05:51 [acceleration::QRFactorization]:397 in orthogonalize: [36mWARNING: [0mMatrix Q is not sufficiently orthogonal. Failed to rorthogonalize new column after 4 iterations. New column will be discarded. The least-squares system is very bad conditioned and the quasi-Newton will most probably fail to converge.
13: (0) 16:05:51 [acceleration::QRFactorization]:397 in orthogonalize: [36mWARNING: [0mMatrix Q is not sufficiently orthogonal. Failed to rorthogonalize new column after 4 iterations. New column will be discarded. The least-squares system is very bad conditioned and the quasi-Newton will most probably fail to converge.
13: (1) 16:05:51 [acceleration::QRFactorization]:397 in orthogonalize: [36mWARNING: [0mMatrix Q is not sufficiently orthogonal. Failed to rorthogonalize new column after 4 iterations. New column will be discarded. The least-squares system is very bad conditioned and the quasi-Newton will most probably fail to converge.
13: (0) 16:05:51 [acceleration::QRFactorization]:397 in orthogonalize: [36mWARNING: [0mMatrix Q is not sufficiently orthogonal. Failed to rorthogonalize new column after 4 iterations. New column will be discarded. The least-squares system is very bad conditioned and the quasi-Newton will most probably fail to converge.
13: (0) 16:05:51 [acceleration::QRFactorization]:397 in orthogonalize: [36mWARNING: [0mMatrix Q is not sufficiently orthogonal. Failed to rorthogonalize new column after 4 iterations. New column will be discarded. The least-squares system is very bad conditioned and the quasi-Newton will most probably fail to converge.
13: (1) 16:05:51 [acceleration::QRFactorization]:397 in orthogonalize: [36mWARNING: [0mMatrix Q is not sufficiently orthogonal. Failed to rorthogonalize new column after 4 iterations. New column will be discarded. The least-squares system is very bad conditioned and the quasi-Newton will most probably fail to converge.
13: (0) 16:05:51 [acceleration::QRFactorization]:397 in orthogonalize: [36mWARNING: [0mMatrix Q is not sufficiently orthogonal. Failed to rorthogonalize new column after 4 iterations. New column will be discarded. The least-squares system is very bad conditioned and the quasi-Newton will most probably fail to converge.
13: (1) 16:05:51 [acceleration::QRFactorization]:397 in orthogonalize: [36mWARNING: [0mMatrix Q is not sufficiently orthogonal. Failed to rorthogonalize new column after 4 iterations. New column will be discarded. The least-squares system is very bad conditioned and the quasi-Newton will most probably fail to converge.
13: (0) 16:05:51 [acceleration::QRFactorization]:397 in orthogonalize: [36mWARNING: [0mMatrix Q is not sufficiently orthogonal. Failed to rorthogonalize new column after 4 iterations. New column will be discarded. The least-squares system is very bad conditioned and the quasi-Newton will most probably fail to converge.
13: (1) 16:05:51 [acceleration::QRFactorization]:397 in orthogonalize: [36mWARNING: [0mMatrix Q is not sufficiently orthogonal. Failed to rorthogonalize new column after 4 iterations. New column will be discarded. The least-squares system is very bad conditioned and the quasi-Newton will most probably fail to converge.
13: (0) 16:05:52 [acceleration::BaseQNAcceleration]:216 in updateDifferenceMatrices: [36mWARNING: [0mThe number of columns in the least squares system exceeded half the number of unknowns at the interface. The system will probably become bad or ill-conditioned and the quasi-Newton acceleration may not converge. Maybe the number of allowed columns ("max-used-iterations") should be limited.
13: (1) 16:05:52 [acceleration::BaseQNAcceleration]:216 in updateDifferenceMatrices: [36mWARNING: [0mThe number of columns in the least squares system exceeded half the number of unknowns at the interface. The system will probably become bad or ill-conditioned and the quasi-Newton acceleration may not converge. Maybe the number of allowed columns ("max-used-iterations") should be limited.
13: (0) 16:05:52 [acceleration::QRFactorization]:397 in orthogonalize: [36mWARNING: [0mMatrix Q is not sufficiently orthogonal. Failed to rorthogonalize new column after 4 iterations. New column will be discarded. The least-squares system is very bad conditioned and the quasi-Newton will most probably fail to converge.
13: (1) 16:05:52 [acceleration::QRFactorization]:397 in orthogonalize: [36mWARNING: [0mMatrix Q is not sufficiently orthogonal. Failed to rorthogonalize new column after 4 iterations. New column will be discarded. The least-squares system is very bad conditioned and the quasi-Newton will most probably fail to converge.
13: (1) 16:05:52 [acceleration::QRFactorization]:397 in orthogonalize: [36mWARNING: [0mMatrix Q is not sufficiently orthogonal. Failed to rorthogonalize new column after 4 iterations. New column will be discarded. The least-squares system is very bad conditioned and the quasi-Newton will most probably fail to converge.
13: (0) 16:05:52 [acceleration::QRFactorization]:397 in orthogonalize: [36mWARNING: [0mMatrix Q is not sufficiently orthogonal. Failed to rorthogonalize new column after 4 iterations. New column will be discarded. The least-squares system is very bad conditioned and the quasi-Newton will most probably fail to converge.
13: (0) 16:05:52 [acceleration::BaseQNAcceleration]:216 in updateDifferenceMatrices: [36mWARNING: [0mThe number of columns in the least squares system exceeded half the number of unknowns at the interface. The system will probably become bad or ill-conditioned and the quasi-Newton acceleration may not converge. Maybe the number of allowed columns ("max-used-iterations") should be limited.
13: (1) 16:05:52 [acceleration::BaseQNAcceleration]:216 in updateDifferenceMatrices: [36mWARNING: [0mThe number of columns in the least squares system exceeded half the number of unknowns at the interface. The system will probably become bad or ill-conditioned and the quasi-Newton acceleration may not converge. Maybe the number of allowed columns ("max-used-iterations") should be limited.
13: (1) 16:05:52 [acceleration::QRFactorization]:397 in orthogonalize: [36mWARNING: [0mMatrix Q is not sufficiently orthogonal. Failed to rorthogonalize new column after 4 iterations. New column will be discarded. The least-squares system is very bad conditioned and the quasi-Newton will most probably fail to converge.
13: (0) 16:05:52 [acceleration::QRFactorization]:397 in orthogonalize: [36mWARNING: [0mMatrix Q is not sufficiently orthogonal. Failed to rorthogonalize new column after 4 iterations. New column will be discarded. The least-squares system is very bad conditioned and the quasi-Newton will most probably fail to converge.
13: (0) 16:05:52 [acceleration::QRFactorization]:397 in orthogonalize: [36mWARNING: [0mMatrix Q is not sufficiently orthogonal. Failed to rorthogonalize new column after 4 iterations. New column will be discarded. The least-squares system is very bad conditioned and the quasi-Newton will most probably fail to converge.
13: (1) 16:05:52 [acceleration::QRFactorization]:397 in orthogonalize: [36mWARNING: [0mMatrix Q is not sufficiently orthogonal. Failed to rorthogonalize new column after 4 iterations. New column will be discarded. The least-squares system is very bad conditioned and the quasi-Newton will most probably fail to converge.
13: (0) 16:05:52 [acceleration::BaseQNAcceleration]:216 in updateDifferenceMatrices: [36mWARNING: [0mThe number of columns in the least squares system exceeded half the number of unknowns at the interface. The system will probably become bad or ill-conditioned and the quasi-Newton acceleration may not converge. Maybe the number of allowed columns ("max-used-iterations") should be limited.
13: (1) 16:05:52 [acceleration::BaseQNAcceleration]:216 in updateDifferenceMatrices: [36mWARNING: [0mThe number of columns in the least squares system exceeded half the number of unknowns at the interface. The system will probably become bad or ill-conditioned and the quasi-Newton acceleration may not converge. Maybe the number of allowed columns ("max-used-iterations") should be limited.
13: (0) 16:05:52 [acceleration::QRFactorization]:397 in orthogonalize: [36mWARNING: [0mMatrix Q is not sufficiently orthogonal. Failed to rorthogonalize new column after 4 iterations. New column will be discarded. The least-squares system is very bad conditioned and the quasi-Newton will most probably fail to converge.
13: (1) 16:05:52 [acceleration::QRFactorization]:397 in orthogonalize: [36mWARNING: [0mMatrix Q is not sufficiently orthogonal. Failed to rorthogonalize new column after 4 iterations. New column will be discarded. The least-squares system is very bad conditioned and the quasi-Newton will most probably fail to converge.
13: (1) 16:05:52 [acceleration::QRFactorization]:397 in orthogonalize: [36mWARNING: [0mMatrix Q is not sufficiently orthogonal. Failed to rorthogonalize new column after 4 iterations. New column will be discarded. The least-squares system is very bad conditioned and the quasi-Newton will most probably fail to converge.
13: (0) 16:05:52 [acceleration::QRFactorization]:397 in orthogonalize: [36mWARNING: [0mMatrix Q is not sufficiently orthogonal. Failed to rorthogonalize new column after 4 iterations. New column will be discarded. The least-squares system is very bad conditioned and the quasi-Newton will most probably fail to converge.
13: (0) 16:05:52 [acceleration::BaseQNAcceleration]:216 in updateDifferenceMatrices: [36mWARNING: [0mThe number of columns in the least squares system exceeded half the number of unknowns at the interface. The system will probably become bad or ill-conditioned and the quasi-Newton acceleration may not converge. Maybe the number of allowed columns ("max-used-iterations") should be limited.
13: (1) 16:05:52 [acceleration::BaseQNAcceleration]:216 in updateDifferenceMatrices: [36mWARNING: [0mThe number of columns in the least squares system exceeded half the number of unknowns at the interface. The system will probably become bad or ill-conditioned and the quasi-Newton acceleration may not converge. Maybe the number of allowed columns ("max-used-iterations") should be limited.
13: (0) 16:05:52 [acceleration::QRFactorization]:397 in orthogonalize: [36mWARNING: [0mMatrix Q is not sufficiently orthogonal. Failed to rorthogonalize new column after 4 iterations. New column will be discarded. The least-squares system is very bad conditioned and the quasi-Newton will most probably fail to converge.
13: (1) 16:05:52 [acceleration::QRFactorization]:397 in orthogonalize: [36mWARNING: [0mMatrix Q is not sufficiently orthogonal. Failed to rorthogonalize new column after 4 iterations. New column will be discarded. The least-squares system is very bad conditioned and the quasi-Newton will most probably fail to converge.
13: (0) 16:05:52 [acceleration::QRFactorization]:397 in orthogonalize: [36mWARNING: [0mMatrix Q is not sufficiently orthogonal. Failed to rorthogonalize new column after 4 iterations. New column will be discarded. The least-squares system is very bad conditioned and the quasi-Newton will most probably fail to converge.
13: (1) 16:05:52 [acceleration::QRFactorization]:397 in orthogonalize: [36mWARNING: [0mMatrix Q is not sufficiently orthogonal. Failed to rorthogonalize new column after 4 iterations. New column will be discarded. The least-squares system is very bad conditioned and the quasi-Newton will most probably fail to converge.
13: (0) 16:05:52 [acceleration::BaseQNAcceleration]:216 in updateDifferenceMatrices: [36mWARNING: [0mThe number of columns in the least squares system exceeded half the number of unknowns at the interface. The system will probably become bad or ill-conditioned and the quasi-Newton acceleration may not converge. Maybe the number of allowed columns ("max-used-iterations") should be limited.
13: (1) 16:05:52 [acceleration::BaseQNAcceleration]:216 in updateDifferenceMatrices: [36mWARNING: [0mThe number of columns in the least squares system exceeded half the number of unknowns at the interface. The system will probably become bad or ill-conditioned and the quasi-Newton acceleration may not converge. Maybe the number of allowed columns ("max-used-iterations") should be limited.
13: (0) 16:05:52 [acceleration::BaseQNAcceleration]:216 in updateDifferenceMatrices: [36mWARNING: [0mThe number of columns in the least squares system exceeded half the number of unknowns at the interface. The system will probably become bad or ill-conditioned and the quasi-Newton acceleration may not converge. Maybe the number of allowed columns ("max-used-iterations") should be limited.
13: (1) 16:05:52 [acceleration::BaseQNAcceleration]:216 in updateDifferenceMatrices: [36mWARNING: [0mThe number of columns in the least squares system exceeded half the number of unknowns at the interface. The system will probably become bad or ill-conditioned and the quasi-Newton acceleration may not converge. Maybe the number of allowed columns ("max-used-iterations") should be limited.
13: (0) 16:05:52 [acceleration::QRFactorization]:397 in orthogonalize: [36mWARNING: [0mMatrix Q is not sufficiently orthogonal. Failed to rorthogonalize new column after 4 iterations. New column will be discarded. The least-squares system is very bad conditioned and the quasi-Newton will most probably fail to converge.
13: (1) 16:05:52 [acceleration::QRFactorization]:397 in orthogonalize: [36mWARNING: [0mMatrix Q is not sufficiently orthogonal. Failed to rorthogonalize new column after 4 iterations. New column will be discarded. The least-squares system is very bad conditioned and the quasi-Newton will most probably fail to converge.
13: (0) 16:05:52 [acceleration::BaseQNAcceleration]:216 in updateDifferenceMatrices: [36mWARNING: [0mThe number of columns in the least squares system exceeded half the number of unknowns at the interface. The system will probably become bad or ill-conditioned and the quasi-Newton acceleration may not converge. Maybe the number of allowed columns ("max-used-iterations") should be limited.
13: (1) 16:05:52 [acceleration::BaseQNAcceleration]:216 in updateDifferenceMatrices: [36mWARNING: [0mThe number of columns in the least squares system exceeded half the number of unknowns at the interface. The system will probably become bad or ill-conditioned and the quasi-Newton acceleration may not converge. Maybe the number of allowed columns ("max-used-iterations") should be limited.
13: (0) 16:05:52 [acceleration::BaseQNAcceleration]:216 in updateDifferenceMatrices: [36mWARNING: [0mThe number of columns in the least squares system exceeded half the number of unknowns at the interface. The system will probably become bad or ill-conditioned and the quasi-Newton acceleration may not converge. Maybe the number of allowed columns ("max-used-iterations") should be limited.
13: (1) 16:05:52 [acceleration::BaseQNAcceleration]:216 in updateDifferenceMatrices: [36mWARNING: [0mThe number of columns in the least squares system exceeded half the number of unknowns at the interface. The system will probably become bad or ill-conditioned and the quasi-Newton acceleration may not converge. Maybe the number of allowed columns ("max-used-iterations") should be limited.
13: (0) 16:05:52 [acceleration::BaseQNAcceleration]:216 in updateDifferenceMatrices: [36mWARNING: [0mThe number of columns in the least squares system exceeded half the number of unknowns at the interface. The system will probably become bad or ill-conditioned and the quasi-Newton acceleration may not converge. Maybe the number of allowed columns ("max-used-iterations") should be limited.
13: (1) 16:05:52 [acceleration::BaseQNAcceleration]:216 in updateDifferenceMatrices: [36mWARNING: [0mThe number of columns in the least squares system exceeded half the number of unknowns at the interface. The system will probably become bad or ill-conditioned and the quasi-Newton acceleration may not converge. Maybe the number of allowed columns ("max-used-iterations") should be limited.
13: (0) 16:05:52 [acceleration::QRFactorization]:397 in orthogonalize: [36mWARNING: [0mMatrix Q is not sufficiently orthogonal. Failed to rorthogonalize new column after 4 iterations. New column will be discarded. The least-squares system is very bad conditioned and the quasi-Newton will most probably fail to converge.
13: (1) 16:05:52 [acceleration::QRFactorization]:397 in orthogonalize: [36mWARNING: [0mMatrix Q is not sufficiently orthogonal. Failed to rorthogonalize new column after 4 iterations. New column will be discarded. The least-squares system is very bad conditioned and the quasi-Newton will most probably fail to converge.
13: (0) 16:05:52 [acceleration::QRFactorization]:397 in orthogonalize: [36mWARNING: [0mMatrix Q is not sufficiently orthogonal. Failed to rorthogonalize new column after 4 iterations. New column will be discarded. The least-squares system is very bad conditioned and the quasi-Newton will most probably fail to converge.
13: (1) 16:05:52 [acceleration::QRFactorization]:397 in orthogonalize: [36mWARNING: [0mMatrix Q is not sufficiently orthogonal. Failed to rorthogonalize new column after 4 iterations. New column will be discarded. The least-squares system is very bad conditioned and the quasi-Newton will most probably fail to converge.
13: (0) 16:05:52 [acceleration::BaseQNAcceleration]:216 in updateDifferenceMatrices: [36mWARNING: [0mThe number of columns in the least squares system exceeded half the number of unknowns at the interface. The system will probably become bad or ill-conditioned and the quasi-Newton acceleration may not converge. Maybe the number of allowed columns ("max-used-iterations") should be limited.
13: (1) 16:05:52 [acceleration::BaseQNAcceleration]:216 in updateDifferenceMatrices: [36mWARNING: [0mThe number of columns in the least squares system exceeded half the number of unknowns at the interface. The system will probably become bad or ill-conditioned and the quasi-Newton acceleration may not converge. Maybe the number of allowed columns ("max-used-iterations") should be limited.
13: (0) 16:05:52 [acceleration::QRFactorization]:397 in orthogonalize: [36mWARNING: [0mMatrix Q is not sufficiently orthogonal. Failed to rorthogonalize new column after 4 iterations. New column will be discarded. The least-squares system is very bad conditioned and the quasi-Newton will most probably fail to converge.
13: (1) 16:05:52 [acceleration::QRFactorization]:397 in orthogonalize: [36mWARNING: [0mMatrix Q is not sufficiently orthogonal. Failed to rorthogonalize new column after 4 iterations. New column will be discarded. The least-squares system is very bad conditioned and the quasi-Newton will most probably fail to converge.
13: (1) 16:05:53 [m2n::M2NConfiguration]:161 in xmlTagCallback: [36mWARNING: [0mpreCICE was compiled with OpenMPI and configured to use <m2n:mpi />, which can cause issues in connection build-up. Consider switching to sockets if you encounter problems.
13: (0) 16:05:53 [m2n::M2NConfiguration]:161 in xmlTagCallback: [36mWARNING: [0mpreCICE was compiled with OpenMPI and configured to use <m2n:mpi />, which can cause issues in connection build-up. Consider switching to sockets if you encounter problems.
13: (1) 16:05:53 [m2n::M2NConfiguration]:161 in xmlTagCallback: [36mWARNING: [0mpreCICE was compiled with OpenMPI and configured to use <m2n:mpi />, which can cause issues in connection build-up. Consider switching to sockets if you encounter problems.
13: (0) 16:05:53 [m2n::M2NConfiguration]:161 in xmlTagCallback: [36mWARNING: [0mpreCICE was compiled with OpenMPI and configured to use <m2n:mpi />, which can cause issues in connection build-up. Consider switching to sockets if you encounter problems.
13: (1) 16:05:53 [m2n::M2NConfiguration]:161 in xmlTagCallback: [36mWARNING: [0mpreCICE was compiled with OpenMPI and configured to use <m2n:mpi />, which can cause issues in connection build-up. Consider switching to sockets if you encounter problems.
13: (1) 16:05:53 [m2n::M2NConfiguration]:161 in xmlTagCallback: [36mWARNING: [0mpreCICE was compiled with OpenMPI and configured to use <m2n:mpi />, which can cause issues in connection build-up. Consider switching to sockets if you encounter problems.
13: (0) 16:05:53 [m2n::M2NConfiguration]:161 in xmlTagCallback: [36mWARNING: [0mpreCICE was compiled with OpenMPI and configured to use <m2n:mpi />, which can cause issues in connection build-up. Consider switching to sockets if you encounter problems.
13: (0) 16:05:53 [m2n::M2NConfiguration]:161 in xmlTagCallback: [36mWARNING: [0mpreCICE was compiled with OpenMPI and configured to use <m2n:mpi />, which can cause issues in connection build-up. Consider switching to sockets if you encounter problems.
13: (1) 16:05:53 [impl::SolverInterfaceImpl]:56 in preConnectSlaves: [36mWARNING: [0mTwo-level initialization is still in beta testing. Several edge cases are known to fail. Please report problems nevertheless.
13: (0) 16:05:53 [impl::SolverInterfaceImpl]:56 in preConnectSlaves: [36mWARNING: [0mTwo-level initialization is still in beta testing. Several edge cases are known to fail. Please report problems nevertheless.
13: (1) 16:05:53 [impl::SolverInterfaceImpl]:56 in preConnectSlaves: [36mWARNING: [0mTwo-level initialization is still in beta testing. Several edge cases are known to fail. Please report problems nevertheless.
13: (0) 16:05:53 [impl::SolverInterfaceImpl]:56 in preConnectSlaves: [36mWARNING: [0mTwo-level initialization is still in beta testing. Several edge cases are known to fail. Please report problems nevertheless.
13: (1) 16:05:53 [impl::SolverInterfaceImpl]:56 in preConnectSlaves: [36mWARNING: [0mTwo-level initialization is still in beta testing. Several edge cases are known to fail. Please report problems nevertheless.
13: (0) 16:05:53 [impl::SolverInterfaceImpl]:56 in preConnectSlaves: [36mWARNING: [0mTwo-level initialization is still in beta testing. Several edge cases are known to fail. Please report problems nevertheless.
13: (0) 16:05:53 [impl::SolverInterfaceImpl]:56 in preConnectSlaves: [36mWARNING: [0mTwo-level initialization is still in beta testing. Several edge cases are known to fail. Please report problems nevertheless.
13: (1) 16:05:53 [impl::SolverInterfaceImpl]:56 in preConnectSlaves: [36mWARNING: [0mTwo-level initialization is still in beta testing. Several edge cases are known to fail. Please report problems nevertheless.
13: (0) 16:05:53 [partition::ReceivedPartition]:607 in createOwnerInformation: [36mWARNING: [0m17 of 34 vertices of mesh Nodes have been filtered out since they have no influence on the mapping.
13: 
13: [1;32;49m*** No errors detected
13: [0;39;49m
13: [1;32;49m*** No errors detected
13: [0;39;49m
13: [1;32;49m*** No errors detected
13: [0;39;49m
13: [1;32;49m*** No errors detected
13: [0;39;49m
13/22 Test #13: precice.parallel ..................   Passed    6.05 sec
test 14
      Start 14: precice.query

14: Test command: /usr/sbin/mpiexec "-n" "4" "--oversubscribe" "/home/precice/precice-build/testprecice" "--run_test=QueryTests"
14: Environment variables: 
14:  PRECICE_ROOT=/home/precice/precice
14:  OMPI_MCA_rmaps_base_oversubscribe=1
14: Test timeout computed to be: 20
14: This test suite runs on rank 0 of 4
14: This test suite runs on rank 1 of 4
14: This test suite runs on rank 3 of 4
14: Running 13 test cases...
14: Running 13 test cases...
14: This test suite runs on rank 2 of 4
14: Running 13 test cases...
14: Running 13 test cases...
14: 
14: [1;32;49m*** No errors detected
14: [0;39;49m
14: [1;32;49m*** No errors detected
14: [0;39;49m
14: [1;32;49m*** No errors detected
14: [0;39;49m
14: [1;32;49m*** No errors detected
14: [0;39;49m
14/22 Test #14: precice.query .....................   Passed    0.26 sec
test 15
      Start 15: precice.testing

15: Test command: /usr/sbin/mpiexec "-n" "4" "--oversubscribe" "/home/precice/precice-build/testprecice" "--run_test=TestingTests"
15: Environment variables: 
15:  PRECICE_ROOT=/home/precice/precice
15:  OMPI_MCA_rmaps_base_oversubscribe=1
15: Test timeout computed to be: 20
15: This test suite runs on rank 0 of 4
15: This test suite runs on rank 1 of 4
15: Running 9 test cases...
15: This test suite runs on rank 3 of 4
15: This test suite runs on rank 2 of 4
15: Running 9 test cases...
15: Running 9 test cases...
15: Running 9 test cases...
15: 
15: [1;32;49m*** No errors detected
15: [0;39;49m
15: [1;32;49m*** No errors detected
15: [0;39;49m
15: [1;32;49m*** No errors detected
15: [0;39;49m
15: [1;32;49m*** No errors detected
15: [0;39;49m
15/22 Test #15: precice.testing ...................   Passed    0.21 sec
test 16
      Start 16: precice.utils

16: Test command: /usr/sbin/mpiexec "-n" "4" "--oversubscribe" "/home/precice/precice-build/testprecice" "--run_test=UtilsTests"
16: Environment variables: 
16:  PRECICE_ROOT=/home/precice/precice
16:  OMPI_MCA_rmaps_base_oversubscribe=1
16: Test timeout computed to be: 20
16: This test suite runs on rank 1 of 4
16: This test suite runs on rank 2 of 4
16: This test suite runs on rank 0 of 4
16: This test suite runs on rank 3 of 4
16: Running 29 test cases...
16: Running 29 test cases...
16: Running 29 test cases...
16: Running 29 test cases...
16: 
16: [1;32;49m*** No errors detected
16: [0;39;49m
16: [1;32;49m*** No errors detected
16: [0;39;49m
16: [1;32;49m*** No errors detected
16: [0;39;49m
16: [1;32;49m*** No errors detected
16: [0;39;49m
16/22 Test #16: precice.utils .....................   Passed    0.24 sec
test 17
      Start 17: precice.xml

17: Test command: /usr/sbin/mpiexec "-n" "4" "--oversubscribe" "/home/precice/precice-build/testprecice" "--run_test=XML"
17: Environment variables: 
17:  PRECICE_ROOT=/home/precice/precice
17:  OMPI_MCA_rmaps_base_oversubscribe=1
17: Test timeout computed to be: 20
17: This test suite runs on rank 1 of 4
17: This test suite runs on rank 0 of 4
17: Running 10 test cases...
17: This test suite runs on rank 3 of 4
17: Running 10 test cases...
17: Running 10 test cases...
17: This test suite runs on rank 2 of 4
17: Running 10 test cases...
17: 
17: [1;32;49m*** No errors detected
17: [0;39;49m
17: [1;32;49m*** No errors detected
17: [0;39;49m
17: [1;32;49m*** No errors detected
17: [0;39;49m
17: [1;32;49m*** No errors detected
17: [0;39;49m
17/22 Test #17: precice.xml .......................   Passed    0.77 sec
test 18
      Start 18: precice.solverdummy.build.cpp

18: Test command: /usr/bin/ctest "--build-and-test" "/home/precice/precice/examples/solverdummies/cpp" "/home/precice/precice-build/Solverdummies/cpp" "--build-generator" "Unix Makefiles" "--build-options" "-Dprecice_DIR=/home/precice/precice-build" "-DCMAKE_BUILD_TYPE=Debug" "-DCMAKE_CXX_COMPILER=/usr/sbin/c++" "-DCMAKE_C_COMPILER=/usr/sbin/cc" "-DCMAKE_Fortran_COMPILER=NOTFOUND"
18: Test timeout computed to be: 20
18: Internal cmake changing into directory: /home/precice/precice-build/Solverdummies/cpp
18: ======== CMake output     ======
18: The CXX compiler identification is GNU 10.2.0
18: Detecting CXX compiler ABI info
18: Detecting CXX compiler ABI info - done
18: Check for working CXX compiler: /usr/sbin/c++ - skipped
18: Detecting CXX compile features
18: Detecting CXX compile features - done
18: Looking for C++ include pthread.h
18: Looking for C++ include pthread.h - found
18: Performing Test CMAKE_HAVE_LIBC_PTHREAD
18: Performing Test CMAKE_HAVE_LIBC_PTHREAD - Failed
18: Looking for pthread_create in pthreads
18: Looking for pthread_create in pthreads - not found
18: Looking for pthread_create in pthread
18: Looking for pthread_create in pthread - found
18: Found Threads: TRUE  
18: Configuring done
18: Generating done
18: CMake Warning:
18:   Manually-specified variables were not used by the project:
18: 
18:     CMAKE_C_COMPILER
18:     CMAKE_Fortran_COMPILER
18: 
18: 
18: Build files have been written to: /home/precice/precice-build/Solverdummies/cpp
18: ======== End CMake output ======
18: Change Dir: /home/precice/precice-build/Solverdummies/cpp
18: 
18: Run Clean Command:/usr/sbin/make clean
18: make[4]: Entering directory '/home/precice/precice-build/Solverdummies/cpp'
18: make[5]: Entering directory '/home/precice/precice-build/Solverdummies/cpp'
18: make[6]: Entering directory '/home/precice/precice-build/Solverdummies/cpp'
18: make[6]: Leaving directory '/home/precice/precice-build/Solverdummies/cpp'
18: make[5]: Leaving directory '/home/precice/precice-build/Solverdummies/cpp'
18: make[4]: Leaving directory '/home/precice/precice-build/Solverdummies/cpp'
18: 
18: Run Build Command(s):/usr/sbin/make && make[4]: Entering directory '/home/precice/precice-build/Solverdummies/cpp'
18: make[5]: Entering directory '/home/precice/precice-build/Solverdummies/cpp'
18: make[6]: Entering directory '/home/precice/precice-build/Solverdummies/cpp'
18: Scanning dependencies of target solverdummy
18: make[6]: Leaving directory '/home/precice/precice-build/Solverdummies/cpp'
18: make[6]: Entering directory '/home/precice/precice-build/Solverdummies/cpp'
18: [ 50%] Building CXX object CMakeFiles/solverdummy.dir/solverdummy.cpp.o
18: [100%] Linking CXX executable solverdummy
18: make[6]: Leaving directory '/home/precice/precice-build/Solverdummies/cpp'
18: [100%] Built target solverdummy
18: make[5]: Leaving directory '/home/precice/precice-build/Solverdummies/cpp'
18: make[4]: Leaving directory '/home/precice/precice-build/Solverdummies/cpp'
18: 
18/22 Test #18: precice.solverdummy.build.cpp .....   Passed    1.44 sec
test 19
      Start 19: precice.solverdummy.build.c

19: Test command: /usr/bin/ctest "--build-and-test" "/home/precice/precice/examples/solverdummies/c" "/home/precice/precice-build/Solverdummies/c" "--build-generator" "Unix Makefiles" "--build-options" "-Dprecice_DIR=/home/precice/precice-build" "-DCMAKE_BUILD_TYPE=Debug" "-DCMAKE_CXX_COMPILER=/usr/sbin/c++" "-DCMAKE_C_COMPILER=/usr/sbin/cc" "-DCMAKE_Fortran_COMPILER=NOTFOUND"
19: Test timeout computed to be: 20
19: Internal cmake changing into directory: /home/precice/precice-build/Solverdummies/c
19: ======== CMake output     ======
19: The C compiler identification is GNU 10.2.0
19: Detecting C compiler ABI info
19: Detecting C compiler ABI info - done
19: Check for working C compiler: /usr/sbin/cc - skipped
19: Detecting C compile features
19: Detecting C compile features - done
19: Looking for pthread.h
19: Looking for pthread.h - found
19: Performing Test CMAKE_HAVE_LIBC_PTHREAD
19: Performing Test CMAKE_HAVE_LIBC_PTHREAD - Failed
19: Looking for pthread_create in pthreads
19: Looking for pthread_create in pthreads - not found
19: Looking for pthread_create in pthread
19: Looking for pthread_create in pthread - found
19: Found Threads: TRUE  
19: Configuring done
19: Generating done
19: CMake Warning:
19:   Manually-specified variables were not used by the project:
19: 
19:     CMAKE_CXX_COMPILER
19:     CMAKE_Fortran_COMPILER
19: 
19: 
19: Build files have been written to: /home/precice/precice-build/Solverdummies/c
19: ======== End CMake output ======
19: Change Dir: /home/precice/precice-build/Solverdummies/c
19: 
19: Run Clean Command:/usr/sbin/make clean
19: make[4]: Entering directory '/home/precice/precice-build/Solverdummies/c'
19: make[5]: Entering directory '/home/precice/precice-build/Solverdummies/c'
19: make[6]: Entering directory '/home/precice/precice-build/Solverdummies/c'
19: make[6]: Leaving directory '/home/precice/precice-build/Solverdummies/c'
19: make[5]: Leaving directory '/home/precice/precice-build/Solverdummies/c'
19: make[4]: Leaving directory '/home/precice/precice-build/Solverdummies/c'
19: 
19: Run Build Command(s):/usr/sbin/make && make[4]: Entering directory '/home/precice/precice-build/Solverdummies/c'
19: make[5]: Entering directory '/home/precice/precice-build/Solverdummies/c'
19: make[6]: Entering directory '/home/precice/precice-build/Solverdummies/c'
19: Scanning dependencies of target solverdummy
19: make[6]: Leaving directory '/home/precice/precice-build/Solverdummies/c'
19: make[6]: Entering directory '/home/precice/precice-build/Solverdummies/c'
19: [ 50%] Building C object CMakeFiles/solverdummy.dir/solverdummy.c.o
19: [100%] Linking C executable solverdummy
19: make[6]: Leaving directory '/home/precice/precice-build/Solverdummies/c'
19: [100%] Built target solverdummy
19: make[5]: Leaving directory '/home/precice/precice-build/Solverdummies/c'
19: make[4]: Leaving directory '/home/precice/precice-build/Solverdummies/c'
19: 
19/22 Test #19: precice.solverdummy.build.c .......   Passed    0.80 sec
test 20
      Start 20: precice.solverdummy.run.cpp-cpp

20: Test command: /usr/bin/cmake "-D" "WRAPPER=/home/precice/precice/cmake/runsolverdummies.sh" "-D" "DUMMY_A=/home/precice/precice-build/Solverdummies/cpp/solverdummy" "-D" "DUMMY_B=/home/precice/precice-build/Solverdummies/cpp/solverdummy" "-D" "DUMMY_RUN_DIR=/home/precice/precice-build/TestOutput/solverdummy.run.cpp-cpp" "-D" "DUMMY_CONFIG=/home/precice/precice/examples/solverdummies/precice-config.xml" "-P" "/home/precice/precice/cmake/runsolverdummies.cmake"
20: Test timeout computed to be: 60
20: DUMMY: Running solver dummy with preCICE config file "/home/precice/precice/examples/solverdummies/precice-config.xml", participant name "SolverOne", and mesh name "MeshOne".
20: preCICE:[0m This is preCICE version 2.1.1
20: preCICE:[0m Revision info: no-info [Git failed/Not a repository]
20: preCICE:[0m Configuring preCICE with configuration "/home/precice/precice/examples/solverdummies/precice-config.xml"
20: preCICE:[0m I am participant "SolverOne"
20: preCICE:[0m Setting up master communication to coupling partner/s
20: DUMMY: Running solver dummy with preCICE config file "/home/precice/precice/examples/solverdummies/precice-config.xml", participant name "SolverTwo", and mesh name "MeshTwo".
20: preCICE:[0m This is preCICE version 2.1.1
20: preCICE:[0m Revision info: no-info [Git failed/Not a repository]
20: preCICE:[0m Configuring preCICE with configuration "/home/precice/precice/examples/solverdummies/precice-config.xml"
20: preCICE:[0m I am participant "SolverTwo"
20: preCICE:[0m Setting up master communication to coupling partner/s
20: preCICE:[0m Masters are connected
20: preCICE:[0m Masters are connected
20: preCICE:[0m Setting up preliminary slaves communication to coupling partner/s
20: preCICE:[0m Prepare partition for mesh MeshOne
20: preCICE:[0m Setting up preliminary slaves communication to coupling partner/s
20: preCICE:[0m Receive global mesh MeshOne
20: preCICE:[0m Gather mesh MeshOne
20: preCICE:[0m Send global mesh MeshOne
20: preCICE:[0m Setting up slaves communication to coupling partner/s
20: preCICE:[0m Prepare partition for mesh MeshTwo
20: preCICE:[0m Setting up slaves communication to coupling partner/s
20: preCICE:[0m Slaves are connected
20: preCICE:[0m Slaves are connected
20: preCICE:[0m it 1 of 2 | dt# 1 of 2 | t 0 | dt 1 | max dt 1 | ongoing yes | dt complete no | write-iteration-checkpoint | 
20: preCICE:[0m Compute read mapping from mesh "MeshOne" to mesh "MeshTwo".
20: preCICE:[0m Mapping distance min:0 max:0 avg: 0 var: 0 cnt: 3
20: preCICE:[0m it 1 of 2 | dt# 1 of 2 | t 0 | dt 1 | max dt 1 | ongoing yes | dt complete no | write-iteration-checkpoint | 
20: DUMMY: Writing iteration checkpoint
20: preCICE:[0m Compute write mapping from mesh "MeshTwo" to mesh "MeshOne".
20: preCICE:[0m Mapping distance min:0 max:0 avg: 0 var: 0 cnt: 3
20: preCICE:[0m min iteration convergence measure: #it = 1 of 5, conv = false
20: DUMMY: Writing iteration checkpoint
20: preCICE:[0m it 2 of 2 | dt# 1 of 2 | t 0 | dt 1 | max dt 1 | ongoing yes | dt complete no | read-iteration-checkpoint | 
20: preCICE:[0m it 2 of 2 | dt# 1 of 2 | t 0 | dt 1 | max dt 1 | ongoing yes | dt complete no | read-iteration-checkpoint | 
20: DUMMY: Reading iteration checkpoint
20: preCICE:[0m min iteration convergence measure: #it = 2 of 5, conv = false
20: DUMMY: Reading iteration checkpoint
20: preCICE:[0m Time window completed
20: preCICE:[0m it 1 of 2 | dt# 2 of 2 | t 1 | dt 1 | max dt 1 | ongoing yes | dt complete yes | write-iteration-checkpoint | 
20: preCICE:[0m Time window completed
20: preCICE:[0m it 1 of 2 | dt# 2 of 2 | t 1 | dt 1 | max dt 1 | ongoing yes | dt complete yes | write-iteration-checkpoint | 
20: DUMMY: Advancing in time
20: DUMMY: Writing iteration checkpoint
20: preCICE:[0m min iteration convergence measure: #it = 1 of 5, conv = false
20: DUMMY: Advancing in time
20: DUMMY: Writing iteration checkpoint
20: preCICE:[0m it 2 of 2 | dt# 2 of 2 | t 1 | dt 1 | max dt 1 | ongoing yes | dt complete no | read-iteration-checkpoint | 
20: preCICE:[0m it 2 of 2 | dt# 2 of 2 | t 1 | dt 1 | max dt 1 | ongoing yes | dt complete no | read-iteration-checkpoint | 
20: DUMMY: Reading iteration checkpoint
20: preCICE:[0m min iteration convergence measure: #it = 2 of 5, conv = false
20: DUMMY: Reading iteration checkpoint
20: preCICE:[0m Time window completed
20: preCICE:[0m it 1 of 2 | dt# 3 of 2 | t 2 | dt 1 | max dt 1 | ongoing no | dt complete yes | 
20: preCICE:[0m Time window completed
20: preCICE:[0m it 1 of 2 | dt# 3 of 2 | t 2 | dt 1 | max dt 1 | ongoing no | dt complete yes | 
20: DUMMY: Advancing in time
20: DUMMY: Closing C++ solver dummy...
20: DUMMY: Advancing in time
20: DUMMY: Closing C++ solver dummy...
20/22 Test #20: precice.solverdummy.run.cpp-cpp ...   Passed    0.32 sec
test 21
      Start 21: precice.solverdummy.run.c-c

21: Test command: /usr/bin/cmake "-D" "WRAPPER=/home/precice/precice/cmake/runsolverdummies.sh" "-D" "DUMMY_A=/home/precice/precice-build/Solverdummies/c/solverdummy" "-D" "DUMMY_B=/home/precice/precice-build/Solverdummies/c/solverdummy" "-D" "DUMMY_RUN_DIR=/home/precice/precice-build/TestOutput/solverdummy.run.c-c" "-D" "DUMMY_CONFIG=/home/precice/precice/examples/solverdummies/precice-config.xml" "-P" "/home/precice/precice/cmake/runsolverdummies.cmake"
21: Test timeout computed to be: 60
21: DUMMY: Running solver dummy with preCICE config file "/home/precice/precice/examples/solverdummies/precice-config.xml", participant name "SolverOne", and mesh name "MeshOne".
21: preCICE:[0m This is preCICE version 2.1.1
21: preCICE:[0m Revision info: no-info [Git failed/Not a repository]
21: preCICE:[0m Configuring preCICE with configuration "/home/precice/precice/examples/solverdummies/precice-config.xml"
21: preCICE:[0m I am participant "SolverOne"
21: preCICE:[0m Setting up master communication to coupling partner/s
21: DUMMY: Running solver dummy with preCICE config file "/home/precice/precice/examples/solverdummies/precice-config.xml", participant name "SolverTwo", and mesh name "MeshTwo".
21: preCICE:[0m This is preCICE version 2.1.1
21: preCICE:[0m Revision info: no-info [Git failed/Not a repository]
21: preCICE:[0m Configuring preCICE with configuration "/home/precice/precice/examples/solverdummies/precice-config.xml"
21: preCICE:[0m I am participant "SolverTwo"
21: preCICE:[0m Setting up master communication to coupling partner/s
21: preCICE:[0m Masters are connected
21: preCICE:[0m Masters are connected
21: preCICE:[0m Setting up preliminary slaves communication to coupling partner/s
21: preCICE:[0m Receive global mesh MeshOne
21: preCICE:[0m Setting up preliminary slaves communication to coupling partner/s
21: preCICE:[0m Prepare partition for mesh MeshOne
21: preCICE:[0m Gather mesh MeshOne
21: preCICE:[0m Send global mesh MeshOne
21: preCICE:[0m Setting up slaves communication to coupling partner/s
21: preCICE:[0m Prepare partition for mesh MeshTwo
21: preCICE:[0m Setting up slaves communication to coupling partner/s
21: preCICE:[0m Slaves are connected
21: preCICE:[0m Slaves are connected
21: preCICE:[0m it 1 of 2 | dt# 1 of 2 | t 0 | dt 1 | max dt 1 | ongoing yes | dt complete no | write-iteration-checkpoint | 
21: preCICE:[0m Compute read mapping from mesh "MeshOne" to mesh "MeshTwo".
21: preCICE:[0m Mapping distance min:0 max:0 avg: 0 var: 0 cnt: 3
21: preCICE:[0m it 1 of 2 | dt# 1 of 2 | t 0 | dt 1 | max dt 1 | ongoing yes | dt complete no | write-iteration-checkpoint | 
21: DUMMY: Writing iteration checkpoint 
21: preCICE:[0m Compute write mapping from mesh "MeshTwo" to mesh "MeshOne".
21: preCICE:[0m Mapping distance min:0 max:0 avg: 0 var: 0 cnt: 3
21: preCICE:[0m min iteration convergence measure: #it = 1 of 5, conv = false
21: DUMMY: Writing iteration checkpoint 
21: preCICE:[0m it 2 of 2 | dt# 1 of 2 | t 0 | dt 1 | max dt 1 | ongoing yes | dt complete no | read-iteration-checkpoint | 
21: preCICE:[0m it 2 of 2 | dt# 1 of 2 | t 0 | dt 1 | max dt 1 | ongoing yes | dt complete no | read-iteration-checkpoint | 
21: DUMMY: Reading iteration checkpoint 
21: preCICE:[0m min iteration convergence measure: #it = 2 of 5, conv = false
21: DUMMY: Reading iteration checkpoint 
21: preCICE:[0m Time window completed
21: preCICE:[0m it 1 of 2 | dt# 2 of 2 | t 1 | dt 1 | max dt 1 | ongoing yes | dt complete yes | write-iteration-checkpoint | 
21: preCICE:[0m Time window completed
21: preCICE:[0m it 1 of 2 | dt# 2 of 2 | t 1 | dt 1 | max dt 1 | ongoing yes | dt complete yes | write-iteration-checkpoint | 
21: DUMMY: Advancing in time 
21: DUMMY: Writing iteration checkpoint 
21: preCICE:[0m min iteration convergence measure: #it = 1 of 5, conv = false
21: DUMMY: Advancing in time 
21: DUMMY: Writing iteration checkpoint 
21: preCICE:[0m it 2 of 2 | dt# 2 of 2 | t 1 | dt 1 | max dt 1 | ongoing yes | dt complete no | read-iteration-checkpoint | 
21: preCICE:[0m it 2 of 2 | dt# 2 of 2 | t 1 | dt 1 | max dt 1 | ongoing yes | dt complete no | read-iteration-checkpoint | 
21: DUMMY: Reading iteration checkpoint 
21: preCICE:[0m min iteration convergence measure: #it = 2 of 5, conv = false
21: DUMMY: Reading iteration checkpoint 
21: preCICE:[0m Time window completed
21: preCICE:[0m it 1 of 2 | dt# 3 of 2 | t 2 | dt 1 | max dt 1 | ongoing no | dt complete yes | 
21: preCICE:[0m Time window completed
21: preCICE:[0m it 1 of 2 | dt# 3 of 2 | t 2 | dt 1 | max dt 1 | ongoing no | dt complete yes | 
21: DUMMY: Advancing in time 
21: DUMMY: Closing C solver dummy... 
21: DUMMY: Advancing in time 
21: DUMMY: Closing C solver dummy... 
21/22 Test #21: precice.solverdummy.run.c-c .......   Passed    0.31 sec
test 22
      Start 22: precice.solverdummy.run.cpp-c

22: Test command: /usr/bin/cmake "-D" "WRAPPER=/home/precice/precice/cmake/runsolverdummies.sh" "-D" "DUMMY_A=/home/precice/precice-build/Solverdummies/cpp/solverdummy" "-D" "DUMMY_B=/home/precice/precice-build/Solverdummies/c/solverdummy" "-D" "DUMMY_RUN_DIR=/home/precice/precice-build/TestOutput/solverdummy.run.cpp-c" "-D" "DUMMY_CONFIG=/home/precice/precice/examples/solverdummies/precice-config.xml" "-P" "/home/precice/precice/cmake/runsolverdummies.cmake"
22: Test timeout computed to be: 60
22: DUMMY: Running solver dummy with preCICE config file "/home/precice/precice/examples/solverdummies/precice-config.xml", participant name "SolverOne", and mesh name "MeshOne".
22: preCICE:[0m This is preCICE version 2.1.1
22: preCICE:[0m Revision info: no-info [Git failed/Not a repository]
22: preCICE:[0m Configuring preCICE with configuration "/home/precice/precice/examples/solverdummies/precice-config.xml"
22: preCICE:[0m I am participant "SolverOne"
22: preCICE:[0m Setting up master communication to coupling partner/s
22: DUMMY: Running solver dummy with preCICE config file "/home/precice/precice/examples/solverdummies/precice-config.xml", participant name "SolverTwo", and mesh name "MeshTwo".
22: preCICE:[0m This is preCICE version 2.1.1
22: preCICE:[0m Revision info: no-info [Git failed/Not a repository]
22: preCICE:[0m Configuring preCICE with configuration "/home/precice/precice/examples/solverdummies/precice-config.xml"
22: preCICE:[0m I am participant "SolverTwo"
22: preCICE:[0m Setting up master communication to coupling partner/s
22: preCICE:[0m Masters are connected
22: preCICE:[0m Masters are connected
22: preCICE:[0m Setting up preliminary slaves communication to coupling partner/s
22: preCICE:[0m Receive global mesh MeshOne
22: preCICE:[0m Setting up preliminary slaves communication to coupling partner/s
22: preCICE:[0m Prepare partition for mesh MeshOne
22: preCICE:[0m Gather mesh MeshOne
22: preCICE:[0m Send global mesh MeshOne
22: preCICE:[0m Prepare partition for mesh MeshTwo
22: preCICE:[0m Setting up slaves communication to coupling partner/s
22: preCICE:[0m Setting up slaves communication to coupling partner/s
22: preCICE:[0m Slaves are connected
22: preCICE:[0m Slaves are connected
22: preCICE:[0m it 1 of 2 | dt# 1 of 2 | t 0 | dt 1 | max dt 1 | ongoing yes | dt complete no | write-iteration-checkpoint | 
22: preCICE:[0m Compute read mapping from mesh "MeshOne" to mesh "MeshTwo".
22: preCICE:[0m Mapping distance min:0 max:0 avg: 0 var: 0 cnt: 3
22: preCICE:[0m it 1 of 2 | dt# 1 of 2 | t 0 | dt 1 | max dt 1 | ongoing yes | dt complete no | write-iteration-checkpoint | 
22: DUMMY: Writing iteration checkpoint 
22: preCICE:[0m Compute write mapping from mesh "MeshTwo" to mesh "MeshOne".
22: preCICE:[0m Mapping distance min:0 max:0 avg: 0 var: 0 cnt: 3
22: preCICE:[0m min iteration convergence measure: #it = 1 of 5, conv = false
22: DUMMY: Writing iteration checkpoint
22: preCICE:[0m it 2 of 2 | dt# 1 of 2 | t 0 | dt 1 | max dt 1 | ongoing yes | dt complete no | read-iteration-checkpoint | 
22: preCICE:[0m it 2 of 2 | dt# 1 of 2 | t 0 | dt 1 | max dt 1 | ongoing yes | dt complete no | read-iteration-checkpoint | 
22: DUMMY: Reading iteration checkpoint 
22: preCICE:[0m min iteration convergence measure: #it = 2 of 5, conv = false
22: DUMMY: Reading iteration checkpoint
22: preCICE:[0m Time window completed
22: preCICE:[0m it 1 of 2 | dt# 2 of 2 | t 1 | dt 1 | max dt 1 | ongoing yes | dt complete yes | write-iteration-checkpoint | 
22: preCICE:[0m Time window completed
22: preCICE:[0m it 1 of 2 | dt# 2 of 2 | t 1 | dt 1 | max dt 1 | ongoing yes | dt complete yes | write-iteration-checkpoint | 
22: DUMMY: Advancing in time 
22: DUMMY: Writing iteration checkpoint 
22: preCICE:[0m min iteration convergence measure: #it = 1 of 5, conv = false
22: DUMMY: Advancing in time
22: DUMMY: Writing iteration checkpoint
22: preCICE:[0m it 2 of 2 | dt# 2 of 2 | t 1 | dt 1 | max dt 1 | ongoing yes | dt complete no | read-iteration-checkpoint | 
22: preCICE:[0m it 2 of 2 | dt# 2 of 2 | t 1 | dt 1 | max dt 1 | ongoing yes | dt complete no | read-iteration-checkpoint | 
22: DUMMY: Reading iteration checkpoint 
22: preCICE:[0m min iteration convergence measure: #it = 2 of 5, conv = false
22: DUMMY: Reading iteration checkpoint
22: preCICE:[0m Time window completed
22: preCICE:[0m it 1 of 2 | dt# 3 of 2 | t 2 | dt 1 | max dt 1 | ongoing no | dt complete yes | 
22: preCICE:[0m Time window completed
22: preCICE:[0m it 1 of 2 | dt# 3 of 2 | t 2 | dt 1 | max dt 1 | ongoing no | dt complete yes | 
22: DUMMY: Advancing in time 
22: DUMMY: Closing C solver dummy... 
22: DUMMY: Advancing in time
22: DUMMY: Closing C++ solver dummy...
22/22 Test #22: precice.solverdummy.run.cpp-c .....   Passed    0.30 sec

100% tests passed, 0 tests failed out of 22

Label Time Summary:
Solverdummy    =   3.16 sec*proc (5 tests)

Total Test time (real) =  25.32 sec
[100%] Built target test_base
-- Found Git: /usr/sbin/git (found version "2.30.0") 
-- Revision status: Detection failed
[  0%] Built target GitRevision
[ 62%] Built target precice
[ 63%] Built target binprecice
[100%] Built target testprecice
Install the project...
-- Install configuration: "Debug"
-- Installing: /home/precice/precice-install/lib/libprecice.so.2.1.1
-- Installing: /home/precice/precice-install/lib/libprecice.so.2
-- Set runtime path of "/home/precice/precice-install/lib/libprecice.so.2.1.1" to ""
-- Installing: /home/precice/precice-install/lib/libprecice.so
-- Installing: /home/precice/precice-install/include/precice/SolverInterface.hpp
-- Installing: /home/precice/precice-install/include/precice/SolverInterfaceC.h
-- Installing: /home/precice/precice-install/include/precice/SolverInterfaceFortran.hpp
-- Installing: /home/precice/precice-install/include/precice/SolverInterfaceFASTEST.hpp
-- Installing: /home/precice/precice-install/bin/binprecice
-- Set runtime path of "/home/precice/precice-install/bin/binprecice" to ""
-- Installing: /home/precice/precice-install/share/precice/examples
-- Installing: /home/precice/precice-install/share/precice/examples/solverdummies
-- Installing: /home/precice/precice-install/share/precice/examples/solverdummies/solverdummies.doxys
-- Installing: /home/precice/precice-install/share/precice/examples/solverdummies/c
-- Installing: /home/precice/precice-install/share/precice/examples/solverdummies/c/solverdummy.c
-- Installing: /home/precice/precice-install/share/precice/examples/solverdummies/c/CMakeLists.txt
-- Installing: /home/precice/precice-install/share/precice/examples/solverdummies/c/README.md
-- Installing: /home/precice/precice-install/share/precice/examples/solverdummies/precice-config.xml
-- Installing: /home/precice/precice-install/share/precice/examples/solverdummies/fortran
-- Installing: /home/precice/precice-install/share/precice/examples/solverdummies/fortran/CMakeLists.txt
-- Installing: /home/precice/precice-install/share/precice/examples/solverdummies/fortran/solverdummy.f90
-- Installing: /home/precice/precice-install/share/precice/examples/solverdummies/fortran/README.md
-- Installing: /home/precice/precice-install/share/precice/examples/solverdummies/README.md
-- Installing: /home/precice/precice-install/share/precice/examples/solverdummies/cpp
-- Installing: /home/precice/precice-install/share/precice/examples/solverdummies/cpp/CMakeLists.txt
-- Installing: /home/precice/precice-install/share/precice/examples/solverdummies/cpp/test.cmake
-- Installing: /home/precice/precice-install/share/precice/examples/solverdummies/cpp/README.md
-- Installing: /home/precice/precice-install/share/precice/examples/solverdummies/cpp/solverdummy.cpp
-- Installing: /home/precice/precice-install/lib/cmake/precice/preciceTargets.cmake
-- Installing: /home/precice/precice-install/lib/cmake/precice/preciceTargets-debug.cmake
-- Installing: /home/precice/precice-install/lib/cmake/precice/preciceConfig.cmake
-- Installing: /home/precice/precice-install/lib/cmake/precice/preciceConfigVersion.cmake
-- Installing: /home/precice/precice-install/share/man/man1
-- Installing: /home/precice/precice-install/share/man/man1/binprecice.1.gz
-- Installing: /home/precice/precice-install/lib/pkgconfig
-- Installing: /home/precice/precice-install/lib/pkgconfig/libprecice.pc
-- Installing: /home/precice/precice-install/share/doc/libprecice2/copyright
-- Installing: /home/precice/precice-install/share/lintian/overrides/libprecice2
-- Installing: /home/precice/precice-install/share/doc/libprecice2/changelog.gz
Removing intermediate container 8be9e73b30bd
 ---> a1a2f0ecee1c
Step 14/15 : ENV PRECICE_ROOT="/precice"
 ---> Running in de167c1233f6
Removing intermediate container de167c1233f6
 ---> bd24fa20744e
Step 15/15 : ENV LD_LIBRARY_PATH="$PRECICE_ROOT/build/last:${LD_LIBRARY_PATH}"     PKG_CONFIG_PATH="/precice/precice-install/lib/pkgconfig"     LIBRARY_PATH="$PRECICE_ROOT/build/last:${LIBRARY_PATH}"     CPATH="$PRECICE_ROOT/src:${CPATH}"     CPLUS_INCLUDE_PATH="$PRECICE_ROOT/src:${CPLUS_INCLUDE_PATH}"
 ---> Running in 3bb3d256a4cd
Removing intermediate container 3bb3d256a4cd
 ---> 551a684736c4
Successfully built 551a684736c4
Successfully tagged precice/precice-arch-develop:latest
Building preCICE image with the following features: {'os': 'Arch'}
EXECUTING: echo $DOCKER_PASSWORD | docker login -u $DOCKER_USERNAME --password-stdin && docker build --network=host --file precice/Dockerfile.Arch --tag precice/precice-arch-develop:latest --build-arg branch=develop --build-arg petsc_para=no .
travis_time:end:06924528:start=1610380491318079317,finish=1610381161445121958,duration=670127042641,event=script[0K[32;1mThe command "python build_precice.py --dockerfile precice/Dockerfile.Arch --docker-username $DOCKER_USERNAME" exited with 0.[0m
travis_time:start:23f32a91[0K$ python push_precice.py --dockerfile precice/Dockerfile.Arch --docker-username $DOCKER_USERNAME
WARNING! Your password will be stored unencrypted in /home/travis/.docker/config.json.
Configure a credential helper to remove this warning. See
https://docs.docker.com/engine/reference/commandline/login/#credentials-store

Login Succeeded
The push refers to repository [docker.io/precice/precice-arch-develop]
9c5fd475f27b: Preparing
24db2e8b00ac: Preparing
9f3d9bc6838a: Preparing
83de3425f7e9: Preparing
21d7edfed4c3: Preparing
74b67d209dfa: Preparing
74b67d209dfa: Waiting
21d7edfed4c3: Layer already exists
74b67d209dfa: Layer already exists
9f3d9bc6838a: Pushed
9c5fd475f27b: Pushed
24db2e8b00ac: Pushed
83de3425f7e9: Pushed
latest: digest: sha256:e26448cd4a0c370a76f81e540e442f577b459f3cb7753a51935e288d18436a7b size: 1582
EXECUTING: echo $DOCKER_PASSWORD | docker login -u $DOCKER_USERNAME --password-stdin && docker push precice/precice-arch-develop:latest
travis_time:end:23f32a91:start=1610381161452105225,finish=1610381212305311919,duration=50853206694,event=script[0K[32;1mThe command "python push_precice.py --dockerfile precice/Dockerfile.Arch --docker-username $DOCKER_USERNAME" exited with 0.[0m
travis_time:start:1f1de4c4[0K$ python push.py
Cloning into 'precice_st_output'...
Updating files:  16% (6885/41231)Updating files:  17% (7010/41231)Updating files:  18% (7422/41231)Updating files:  19% (7834/41231)Updating files:  20% (8247/41231)Updating files:  21% (8659/41231)Updating files:  22% (9071/41231)Updating files:  23% (9484/41231)Updating files:  24% (9896/41231)Updating files:  25% (10308/41231)Updating files:  26% (10721/41231)Updating files:  27% (11133/41231)Updating files:  28% (11545/41231)Updating files:  29% (11957/41231)Updating files:  30% (12370/41231)Updating files:  31% (12782/41231)Updating files:  32% (13194/41231)Updating files:  33% (13607/41231)Updating files:  33% (13825/41231)Updating files:  34% (14019/41231)Updating files:  35% (14431/41231)Updating files:  36% (14844/41231)Updating files:  37% (15256/41231)Updating files:  38% (15668/41231)Updating files:  39% (16081/41231)Updating files:  40% (16493/41231)Updating files:  41% (16905/41231)Updating files:  42% (17318/41231)Updating files:  43% (17730/41231)Updating files:  44% (18142/41231)Updating files:  45% (18554/41231)Updating files:  46% (18967/41231)Updating files:  46% (19370/41231)Updating files:  47% (19379/41231)Updating files:  48% (19791/41231)Updating files:  49% (20204/41231)Updating files:  50% (20616/41231)Updating files:  51% (21028/41231)Updating files:  52% (21441/41231)Updating files:  53% (21853/41231)Updating files:  54% (22265/41231)Updating files:  55% (22678/41231)Updating files:  56% (23090/41231)Updating files:  57% (23502/41231)Updating files:  58% (23914/41231)Updating files:  58% (23919/41231)Updating files:  59% (24327/41231)Updating files:  60% (24739/41231)Updating files:  61% (25151/41231)Updating files:  62% (25564/41231)Updating files:  63% (25976/41231)Updating files:  64% (26388/41231)Updating files:  65% (26801/41231)Updating files:  66% (27213/41231)Updating files:  67% (27625/41231)Updating files:  68% (28038/41231)Updating files:  69% (28450/41231)Updating files:  69% (28686/41231)Updating files:  70% (28862/41231)Updating files:  71% (29275/41231)Updating files:  71% (29282/41231)Updating files:  72% (29687/41231)Updating files:  72% (29986/41231)Updating files:  73% (30099/41231)Updating files:  74% (30511/41231)Updating files:  75% (30924/41231)Updating files:  76% (31336/41231)Updating files:  77% (31748/41231)Updating files:  78% (32161/41231)Updating files:  79% (32573/41231)Updating files:  80% (32985/41231)Updating files:  80% (33357/41231)Updating files:  81% (33398/41231)Updating files:  82% (33810/41231)Updating files:  83% (34222/41231)Updating files:  83% (34303/41231)Updating files:  83% (34615/41231)Updating files:  84% (34635/41231)Updating files:  84% (34851/41231)Updating files:  84% (34933/41231)Updating files:  85% (35047/41231)Updating files:  85% (35065/41231)Updating files:  85% (35134/41231)Updating files:  85% (35189/41231)Updating files:  85% (35261/41231)Updating files:  85% (35327/41231)Updating files:  85% (35364/41231)Updating files:  85% (35438/41231)Updating files:  86% (35459/41231)Updating files:  86% (35483/41231)Updating files:  86% (35553/41231)Updating files:  86% (35647/41231)Updating files:  86% (35685/41231)Updating files:  86% (35775/41231)Updating files:  86% (35852/41231)Updating files:  87% (35871/41231)Updating files:  87% (35931/41231)Updating files:  87% (35967/41231)Updating files:  87% (36047/41231)Updating files:  87% (36128/41231)Updating files:  87% (36212/41231)Updating files:  87% (36245/41231)Updating files:  88% (36284/41231)Updating files:  88% (36372/41231)Updating files:  88% (36411/41231)Updating files:  88% (36483/41231)Updating files:  88% (36554/41231)Updating files:  88% (36639/41231)Updating files:  88% (36689/41231)Updating files:  89% (36696/41231)Updating files:  89% (36816/41231)Updating files:  89% (36902/41231)Updating files:  89% (36948/41231)Updating files:  89% (37031/41231)Updating files:  90% (37108/41231)Updating files:  90% (37115/41231)Updating files:  90% (37229/41231)Updating files:  90% (37314/41231)Updating files:  90% (37432/41231)Updating files:  91% (37521/41231)Updating files:  91% (37526/41231)Updating files:  91% (37612/41231)Updating files:  91% (37664/41231)Updating files:  91% (37748/41231)Updating files:  91% (37853/41231)Updating files:  92% (37933/41231)Updating files:  92% (37959/41231)Updating files:  92% (38043/41231)Updating files:  93% (38345/41231)Updating files:  93% (38684/41231)Updating files:  94% (38758/41231)Updating files:  95% (39170/41231)Updating files:  95% (39281/41231)Updating files:  95% (39371/41231)Updating files:  95% (39518/41231)Updating files:  96% (39582/41231)Updating files:  96% (39606/41231)Updating files:  96% (39682/41231)Updating files:  96% (39769/41231)Updating files:  96% (39812/41231)Updating files:  96% (39940/41231)Updating files:  97% (39995/41231)Updating files:  97% (40025/41231)Updating files:  97% (40093/41231)Updating files:  97% (40161/41231)Updating files:  97% (40302/41231)Updating files:  97% (40383/41231)Updating files:  98% (40407/41231)Updating files:  98% (40438/41231)Updating files:  98% (40518/41231)Updating files:  98% (40605/41231)Updating files:  98% (40606/41231)Updating files:  98% (40688/41231)Updating files:  98% (40796/41231)Updating files:  99% (40819/41231)Updating files:  99% (40944/41231)